2018-05-08 16:58:52,352-EngineLOG-INFO-you had select Chrome browser.
2018-05-08 16:58:52,352-EngineLOG-INFO-The test server url is http://saas.ydm01.cn/
2018-05-08 16:58:58,252-EngineLOG-INFO-Starting Chrome browser
2018-05-08 16:59:04,775-EngineLOG-INFO-open url:http://saas.ydm01.cn/.
2018-05-08 16:59:05,983-EngineLOG-INFO-zhe window max
2018-05-08 16:59:05,984-EngineLOG-INFO-set implicitly wait 30 seconds
2018-05-08 16:59:17,229-EngineLOG-INFO-you had select Chrome browser.
2018-05-08 16:59:17,229-EngineLOG-INFO-The test server url is http://saas.ydm01.cn/
2018-05-08 16:59:22,470-EngineLOG-INFO-Starting Chrome browser
2018-05-08 16:59:27,273-EngineLOG-INFO-open url:http://saas.ydm01.cn/.
2018-05-08 16:59:28,474-EngineLOG-INFO-zhe window max
2018-05-08 16:59:28,477-EngineLOG-INFO-set implicitly wait 30 seconds
2018-05-08 16:59:44,542-Baselog-INFO-点击了一下元素
2018-05-08 16:59:44,793-Baselog-INFO-点击了一下元素
2018-05-08 16:59:50,423-EngineLOG-INFO-you had select Chrome browser.
2018-05-08 16:59:50,424-EngineLOG-INFO-The test server url is http://saas.ydm01.cn/
2018-05-08 16:59:56,196-EngineLOG-INFO-Starting Chrome browser
2018-05-08 17:00:02,987-EngineLOG-INFO-open url:http://saas.ydm01.cn/.
2018-05-08 17:00:04,198-EngineLOG-INFO-zhe window max
2018-05-08 17:00:04,201-EngineLOG-INFO-set implicitly wait 30 seconds
