2018-05-08 17:01:26,184-EngineLOG-INFO-you had select Chrome browser.
2018-05-08 17:01:26,184-EngineLOG-INFO-The test server url is http://saas.ydm01.cn/
2018-05-08 17:01:31,447-EngineLOG-INFO-Starting Chrome browser
2018-05-08 17:01:37,482-EngineLOG-INFO-open url:http://saas.ydm01.cn/.
2018-05-08 17:01:38,680-EngineLOG-INFO-zhe window max
2018-05-08 17:01:38,683-EngineLOG-INFO-set implicitly wait 30 seconds
2018-05-08 17:01:46,664-Baselog-INFO-点击了一下元素
2018-05-08 17:01:46,796-Baselog-INFO-点击了一下元素
2018-05-08 17:01:52,236-EngineLOG-INFO-you had select Chrome browser.
2018-05-08 17:01:52,236-EngineLOG-INFO-The test server url is http://saas.ydm01.cn/
2018-05-08 17:01:58,019-EngineLOG-INFO-Starting Chrome browser
2018-05-08 17:02:02,605-EngineLOG-INFO-open url:http://saas.ydm01.cn/.
2018-05-08 17:02:03,786-EngineLOG-INFO-zhe window max
2018-05-08 17:02:03,788-EngineLOG-INFO-set implicitly wait 30 seconds
2018-05-08 17:02:11,463-Baselog-INFO-点击了一下元素
2018-05-08 17:02:11,674-Baselog-INFO-点击了一下元素
2018-05-08 17:02:17,197-EngineLOG-INFO-you had select Chrome browser.
2018-05-08 17:02:17,197-EngineLOG-INFO-The test server url is http://saas.ydm01.cn/
2018-05-08 17:02:22,859-EngineLOG-INFO-Starting Chrome browser
2018-05-08 17:02:27,522-EngineLOG-INFO-open url:http://saas.ydm01.cn/.
2018-05-08 17:02:28,730-EngineLOG-INFO-zhe window max
2018-05-08 17:02:28,732-EngineLOG-INFO-set implicitly wait 30 seconds
2018-05-08 17:02:37,535-Baselog-INFO-点击了一下元素
2018-05-08 17:02:37,665-Baselog-INFO-点击了一下元素
