2018-05-18 16:50:31,302-EngineLOG-INFO-you had select Chrome browser.
2018-05-18 16:50:31,302-EngineLOG-INFO-The test server url is http://saas.ydm01.cn/
2018-05-18 16:50:37,105-EngineLOG-INFO-Starting Chrome browser
2018-05-18 16:50:41,087-EngineLOG-INFO-open url:http://saas.ydm01.cn/.
2018-05-18 16:50:42,197-EngineLOG-INFO-zhe window max
2018-05-18 16:50:42,204-EngineLOG-INFO-set implicitly wait 30 seconds
2018-05-18 16:50:50,378-Baselog-INFO-点击了一下元素
2018-05-18 16:50:50,508-Baselog-INFO-点击了一下元素
2018-05-18 16:50:53,041-Baselog-INFO-点击了一下元素
2018-05-18 16:50:53,289-Baselog-INFO-点击了一下元素
2018-05-18 16:50:54,682-Baselog-INFO-点击了一下元素
2018-05-18 16:50:54,761-Baselog-INFO-点击了一下元素
2018-05-18 16:50:56,393-Baselog-INFO-点击了一下元素
2018-05-18 16:50:56,431-Baselog-INFO-点击了一下元素
2018-05-18 16:50:57,703-Baselog-INFO-点击了一下元素
2018-05-18 16:50:57,749-Baselog-INFO-点击了一下元素
2018-05-18 16:50:59,013-Baselog-INFO-点击了一下元素
2018-05-18 16:50:59,050-Baselog-INFO-点击了一下元素
2018-05-18 16:51:00,324-Baselog-INFO-点击了一下元素
2018-05-18 16:51:00,364-Baselog-INFO-点击了一下元素
