2018-05-18 16:38:18,706-EngineLOG-INFO-you had select Chrome browser.
2018-05-18 16:38:18,707-EngineLOG-INFO-The test server url is http://saas.ydm01.cn/
2018-05-18 16:38:24,449-EngineLOG-INFO-Starting Chrome browser
2018-05-18 16:38:27,342-EngineLOG-INFO-open url:http://saas.ydm01.cn/.
2018-05-18 16:38:28,545-EngineLOG-INFO-zhe window max
2018-05-18 16:38:28,546-EngineLOG-INFO-set implicitly wait 30 seconds
2018-05-18 16:38:33,350-Baselog-INFO-点击了一下元素
2018-05-18 16:38:33,461-Baselog-INFO-点击了一下元素
2018-05-18 16:38:35,384-Baselog-INFO-点击了一下元素
2018-05-18 16:38:35,442-Baselog-INFO-点击了一下元素
2018-05-18 16:38:36,417-Baselog-INFO-点击了一下元素
2018-05-18 16:38:36,466-Baselog-INFO-点击了一下元素
2018-05-18 16:38:38,039-Baselog-INFO-点击了一下元素
2018-05-18 16:38:38,095-Baselog-INFO-点击了一下元素
2018-05-18 16:38:39,089-Baselog-INFO-点击了一下元素
2018-05-18 16:38:39,128-Baselog-INFO-点击了一下元素
2018-05-18 16:38:40,051-Baselog-INFO-点击了一下元素
2018-05-18 16:38:40,094-Baselog-INFO-点击了一下元素
2018-05-18 16:38:41,075-Baselog-INFO-点击了一下元素
2018-05-18 16:38:41,131-Baselog-INFO-点击了一下元素
