2018-05-08 17:27:41,298-EngineLOG-INFO-you had select Chrome browser.
2018-05-08 17:27:41,299-EngineLOG-INFO-The test server url is http://saas.ydm01.cn/
2018-05-08 17:27:46,671-EngineLOG-INFO-Starting Chrome browser
2018-05-08 17:27:51,361-EngineLOG-INFO-open url:http://saas.ydm01.cn/.
2018-05-08 17:27:52,578-EngineLOG-INFO-zhe window max
2018-05-08 17:27:52,581-EngineLOG-INFO-set implicitly wait 30 seconds
2018-05-08 17:28:00,858-Baselog-INFO-点击了一下元素
2018-05-08 17:28:01,098-Baselog-INFO-点击了一下元素
2018-05-08 17:28:03,892-Baselog-INFO-点击了一下元素
2018-05-08 17:28:03,943-Baselog-INFO-点击了一下元素
2018-05-08 17:28:06,513-Baselog-INFO-点击了一下元素
2018-05-08 17:28:06,744-Baselog-INFO-点击了一下元素
2018-05-08 17:28:08,023-Baselog-INFO-点击了一下元素
2018-05-08 17:28:08,061-Baselog-INFO-点击了一下元素
2018-05-08 17:28:09,473-Baselog-INFO-点击了一下元素
2018-05-08 17:28:09,513-Baselog-INFO-点击了一下元素
2018-05-08 17:28:10,744-Baselog-INFO-点击了一下元素
2018-05-08 17:28:10,832-Baselog-INFO-点击了一下元素
2018-05-08 17:28:12,515-Baselog-INFO-点击了一下元素
2018-05-08 17:28:12,552-Baselog-INFO-点击了一下元素
