2021-02-02 14:24:25,935-Baselog-INFO-com.android.packageinstaller:id/permission_allow_button
2021-02-02 14:24:27,173-Baselog-INFO-com.dengta.date:id/btn_user_privacy_policy_summary_agree
2021-02-02 14:24:31,461-Baselog-INFO-com.dengta.date:id/ll_login_select_cellphone_login_register
2021-02-02 14:24:34,898-Baselog-INFO-com.dengta.date:id/btn_login_sure
2021-02-02 14:24:36,561-Baselog-INFO-com.dengta.date:id/btn_inviteCode_cancel
2021-02-02 14:24:37,808-Baselog-INFO-com.dengta.date:id/iv_register_sex_girl
2021-02-02 14:24:39,071-Baselog-INFO-com.dengta.date:id/btn_register_sex_sure
2021-02-02 14:24:41,108-Baselog-INFO-com.dengta.date:id/ll_register_info_nickname
2021-02-02 14:24:42,844-Baselog-INFO-com.dengta.date:id/iv_register_avatar_set_avatar
2021-02-02 14:24:44,146-Baselog-INFO-com.dengta.date:id/tv_select_avatar_select_from_album
2021-02-02 14:24:45,307-Baselog-INFO-com.android.packageinstaller:id/permission_allow_button
2021-02-02 14:24:46,401-Baselog-INFO-com.android.packageinstaller:id/permission_allow_button
2021-02-02 14:24:47,573-Baselog-INFO-com.dengta.date:id/tvCheck
2021-02-02 14:24:49,060-Baselog-INFO-com.dengta.date:id/picture_send
2021-02-02 14:24:50,301-Baselog-INFO-com.dengta.date:id/menu_crop
2021-02-02 14:24:51,514-Baselog-INFO-com.dengta.date:id/btn_register_info_next_step
2021-02-02 14:24:52,746-Baselog-INFO-com.dengta.date:id/btn_sign_in
2021-02-02 14:24:57,224-Baselog-INFO-com.dengta.date:id/btn_confirm
2021-02-02 14:24:58,375-Baselog-INFO-com.dengta.date:id/item_short_video_avatar_civ
2021-02-02 14:24:59,724-Baselog-INFO-com.dengta.date:id/simpleDraweeView_user_info_avatar
2021-02-02 14:25:03,445-Baselog-INFO-com.dengta.date:id/frag_user_info_guardian_tv
2021-02-02 14:25:04,716-Baselog-INFO-com.dengta.date:id/iv_title_common_back
2021-02-02 14:25:05,916-Baselog-INFO-com.dengta.date:id/frag_detail_bottom_attention_ll
2021-02-02 14:25:07,245-Baselog-INFO-com.dengta.date:id/tv_commit
2021-02-02 14:25:09,129-Baselog-INFO-com.dengta.date:id/tv_commit
2021-02-02 14:25:11,585-Baselog-INFO-com.dengta.date:id/tv_commit
2021-02-02 14:25:13,321-Baselog-INFO-com.dengta.date:id/tv_commit
2021-02-02 14:25:14,478-Baselog-INFO-com.dengta.date:id/tv_commit
2021-02-02 14:25:15,655-Baselog-INFO-com.dengta.date:id/frag_user_info_guardian_tv
2021-02-02 14:25:16,944-Baselog-INFO-com.dengta.date:id/iv_title_common_back
2021-02-02 14:25:18,106-Baselog-INFO-com.dengta.date:id/frag_user_detail_followed_iv
2021-02-02 14:25:19,331-Baselog-INFO-com.dengta.date:id/dialog_comm_confirm_tv
2021-02-02 14:25:21,661-Baselog-INFO-com.dengta.date:id/home_page_video_search_iv
2021-02-02 14:25:24,007-Baselog-INFO-com.dengta.date:id/tv_video_search_search
2021-02-02 14:25:25,926-Baselog-INFO-com.dengta.date:id/frag_short_video_video_back_iv
2021-02-02 14:25:28,403-Baselog-INFO-com.dengta.date:id/tv_video_search_type
2021-02-02 14:25:29,615-Baselog-INFO-com.dengta.date:id/tv_video_search_title
2021-02-02 14:25:30,793-Baselog-INFO-com.dengta.date:id/tv_video_search_search
2021-02-02 14:25:32,017-Baselog-INFO-com.dengta.date:id/iv_item_user_detail_short_video_pic
2021-02-02 14:25:33,230-Baselog-INFO-com.dengta.date:id/frag_short_video_video_back_iv
2021-02-02 14:25:34,988-Baselog-INFO-com.dengta.date:id/iv_video_search_back
2021-02-02 14:25:36,577-Baselog-INFO-com.dengta.date:id/tem_short_video_like_svgiv
2021-02-02 14:25:37,878-Baselog-INFO-com.dengta.date:id/item_short_video_comment_tv
2021-02-02 14:25:40,652-Baselog-INFO-com.dengta.date:id/layout_comment_input_tv
2021-02-02 14:25:42,668-Baselog-INFO-com.dengta.date:id/layout_edit_comment_submit_tv
2021-02-02 14:25:44,761-Baselog-INFO-com.dengta.date:id/item_video_comment_like_iv
2021-02-02 14:25:47,973-Baselog-INFO-com.dengta.date:id/item_short_video_forward_tv
2021-02-02 14:25:50,516-Baselog-INFO-com.dengta.date:id/item_share_item_icon_iv
2021-02-02 14:25:54,711-Baselog-INFO-com.dengta.date:id/dialog_share_confirm_text_tv
2021-02-02 14:25:58,595-Baselog-INFO-com.dengta.date:id/btn_youth_mode_i_know
2021-02-02 14:26:00,974-Baselog-INFO-com.dengta.date:id/btn_open
2021-02-02 14:26:02,613-Baselog-INFO-com.android.packageinstaller:id/permission_allow_foreground_only_button
2021-02-02 14:26:06,138-Baselog-ERROR-Message: 

2021-02-02 14:26:08,382-Baselog-INFO-截图并保存至：F:\appium_jskj/screenshots/21020214021612247166.1382.png
2021-02-02 14:26:08,382-Baselog-INFO-com.dengta.date:id/iv_ta_live_live_like
2021-02-02 14:26:12,312-Baselog-ERROR-Message: 

2021-02-02 14:26:14,507-Baselog-INFO-截图并保存至：F:\appium_jskj/screenshots/21020214021612247172.3122003.png
2021-02-02 14:26:16,573-Baselog-INFO-com.dengta.date:id/iv_ta_live_start_live
2021-02-02 14:26:20,151-Baselog-ERROR-Message: 

2021-02-02 14:26:22,482-Baselog-INFO-截图并保存至：F:\appium_jskj/screenshots/21020214021612247180.1512.png
2021-02-02 14:26:22,482-Baselog-INFO-com.android.packageinstaller:id/permission_allow_button
2021-02-02 14:26:23,653-Baselog-INFO-com.dengta.date:id/btn_common_sure_no_bg_sure
2021-02-02 14:26:27,422-Baselog-ERROR-Message: 

2021-02-02 14:26:29,814-Baselog-INFO-截图并保存至：F:\appium_jskj/screenshots/21020214021612247187.4222.png
2021-02-02 14:26:33,772-Baselog-INFO-关闭app
