2021-02-01 16:54:29,564-Baselog-INFO-com.android.permissioncontroller:id/permission_allow_button
2021-02-01 16:54:30,171-Baselog-INFO-com.dengta.date:id/btn_user_privacy_policy_summary_agree
2021-02-01 16:54:31,578-Baselog-INFO-com.dengta.date:id/ll_login_select_cellphone_login_register
2021-02-01 16:54:34,367-Baselog-INFO-com.dengta.date:id/btn_login_sure
2021-02-01 16:54:35,552-Baselog-INFO-com.dengta.date:id/btn_inviteCode_cancel
2021-02-01 16:54:35,688-Baselog-INFO-com.dengta.date:id/iv_register_sex_girl
2021-02-01 16:54:37,450-Baselog-INFO-com.dengta.date:id/btn_register_sex_sure
2021-02-01 16:54:39,166-Baselog-INFO-com.dengta.date:id/ll_register_info_nickname
2021-02-01 16:54:39,884-Baselog-INFO-com.dengta.date:id/iv_register_avatar_set_avatar
2021-02-01 16:54:40,569-Baselog-INFO-com.dengta.date:id/tv_select_avatar_select_from_album
2021-02-01 16:54:41,334-Baselog-INFO-com.android.permissioncontroller:id/permission_allow_button
2021-02-01 16:54:42,571-Baselog-INFO-com.android.permissioncontroller:id/permission_allow_button
2021-02-01 16:54:43,479-Baselog-INFO-com.dengta.date:id/tvCheck
2021-02-01 16:54:44,999-Baselog-INFO-com.dengta.date:id/picture_send
2021-02-01 16:54:46,160-Baselog-INFO-com.dengta.date:id/menu_crop
2021-02-01 16:54:47,513-Baselog-INFO-com.dengta.date:id/btn_register_info_next_step
2021-02-01 16:54:48,688-Baselog-INFO-com.dengta.date:id/btn_sign_in
2021-02-01 16:54:50,907-Baselog-INFO-com.dengta.date:id/btn_confirm
2021-02-01 16:54:52,167-Baselog-INFO-com.dengta.date:id/item_short_video_avatar_civ
2021-02-01 16:54:52,802-Baselog-INFO-com.dengta.date:id/simpleDraweeView_user_info_avatar
2021-02-01 16:54:55,276-Baselog-INFO-com.dengta.date:id/frag_user_info_guardian_tv
2021-02-01 16:54:56,011-Baselog-INFO-com.dengta.date:id/iv_title_common_back
2021-02-01 16:54:56,785-Baselog-INFO-com.dengta.date:id/frag_detail_bottom_attention_ll
2021-02-01 16:54:58,835-Baselog-INFO-com.dengta.date:id/tv_commit
2021-02-01 16:54:59,634-Baselog-INFO-com.dengta.date:id/tv_commit
2021-02-01 16:55:01,886-Baselog-INFO-com.dengta.date:id/tv_commit
2021-02-01 16:55:02,607-Baselog-INFO-com.dengta.date:id/tv_commit
2021-02-01 16:55:03,867-Baselog-INFO-com.dengta.date:id/tv_commit
2021-02-01 16:55:03,947-Baselog-INFO-com.dengta.date:id/frag_user_info_guardian_tv
2021-02-01 16:55:04,633-Baselog-INFO-com.dengta.date:id/iv_title_common_back
2021-02-01 16:55:05,926-Baselog-INFO-com.dengta.date:id/frag_user_detail_followed_iv
2021-02-01 16:55:07,049-Baselog-INFO-com.dengta.date:id/dialog_comm_confirm_tv
2021-02-01 16:55:09,134-Baselog-INFO-com.dengta.date:id/home_page_video_search_iv
2021-02-01 16:55:11,169-Baselog-INFO-com.dengta.date:id/tv_video_search_search
2021-02-01 16:55:12,887-Baselog-INFO-com.dengta.date:id/frag_short_video_video_back_iv
2021-02-01 16:55:14,678-Baselog-INFO-com.dengta.date:id/tv_video_search_type
2021-02-01 16:55:16,440-Baselog-INFO-com.dengta.date:id/tv_video_search_title
2021-02-01 16:55:16,582-Baselog-INFO-com.dengta.date:id/tv_video_search_search
2021-02-01 16:55:18,486-Baselog-INFO-com.dengta.date:id/iv_item_user_detail_short_video_pic
2021-02-01 16:55:18,624-Baselog-INFO-com.dengta.date:id/frag_short_video_video_back_iv
2021-02-01 16:55:20,147-Baselog-INFO-com.dengta.date:id/iv_video_search_back
2021-02-01 16:55:21,270-Baselog-INFO-com.dengta.date:id/tem_short_video_like_svgiv
2021-02-01 16:55:22,352-Baselog-INFO-com.dengta.date:id/item_short_video_comment_tv
2021-02-01 16:55:23,072-Baselog-INFO-com.dengta.date:id/layout_comment_input_tv
2021-02-01 16:55:25,577-Baselog-INFO-com.dengta.date:id/layout_edit_comment_submit_tv
2021-02-01 16:55:28,069-Baselog-INFO-com.dengta.date:id/item_video_comment_like_iv
2021-02-01 16:55:31,129-Baselog-INFO-com.dengta.date:id/item_short_video_forward_tv
2021-02-01 16:55:31,339-Baselog-INFO-com.dengta.date:id/item_share_item_icon_iv
2021-02-01 16:55:35,073-Baselog-INFO-com.dengta.date:id/dialog_share_confirm_text_tv
2021-02-01 16:55:37,161-Baselog-INFO-com.dengta.date:id/btn_youth_mode_i_know
2021-02-01 16:55:38,400-Baselog-INFO-com.dengta.date:id/btn_open
2021-02-01 16:55:39,163-Baselog-INFO-com.android.permissioncontroller:id/permission_allow_foreground_only_button
2021-02-01 16:55:39,891-Baselog-INFO-com.dengta.date:id/iv_ta_live_live_like
2021-02-01 16:55:42,942-Baselog-INFO-com.dengta.date:id/iv_ta_live_start_live
2021-02-01 16:55:44,246-Baselog-INFO-com.android.permissioncontroller:id/permission_allow_button
2021-02-01 16:55:45,480-Baselog-INFO-com.dengta.date:id/btn_common_sure_no_bg_sure
2021-02-01 16:55:48,644-Baselog-INFO-com.dengta.date:id/img_bg_two
2021-02-01 16:55:49,246-Baselog-INFO-com.dengta.date:id/tv_select_avatar_select_from_album
2021-02-01 16:55:49,881-Baselog-INFO-com.dengta.date:id/tvCheck
2021-02-01 16:55:51,187-Baselog-INFO-com.dengta.date:id/picture_send
2021-02-01 16:55:53,450-Baselog-INFO-com.dengta.date:id/img_bg_three
2021-02-01 16:55:53,567-Baselog-INFO-com.dengta.date:id/tv_select_avatar_select_from_album
2021-02-01 16:55:54,164-Baselog-INFO-com.dengta.date:id/tvCheck
2021-02-01 16:55:55,486-Baselog-INFO-com.dengta.date:id/picture_send
2021-02-01 16:55:56,592-Baselog-INFO-com.dengta.date:id/btn_submit
2021-02-01 16:55:57,814-Baselog-INFO-com.dengta.date:id/btn_back
2021-02-01 16:55:58,815-Baselog-INFO-com.dengta.date:id/et_ta_live_search
2021-02-01 16:56:01,393-Baselog-INFO-com.dengta.date:id/tv_user_search_search
2021-02-01 16:56:03,167-Baselog-INFO-com.dengta.date:id/fl_item_homepage_list_avatar
2021-02-01 16:56:04,790-Baselog-INFO-com.dengta.date:id/iv_user_search_back
2021-02-01 16:56:05,580-Baselog-INFO-com.dengta.date:id/banner_general_blind_date
2021-02-01 16:56:06,883-Baselog-INFO-com.dengta.date:id/top_bar_left_iv
2021-02-01 16:56:09,462-Baselog-INFO-com.dengta.date:id/iv_ta_live_all_net_list
2021-02-01 16:56:10,695-Baselog-INFO-xpath=>//androidx.appcompat.app.ActionBar.Tab[@content-desc="上周榜"]/android.widget.TextView
2021-02-01 16:56:12,627-Baselog-ERROR-请输入一个正确的元素定位方式
2021-02-01 16:56:13,855-Baselog-INFO-截图并保存至：F:\appium_jskj/screenshots/21020116021612169772.627.png
2021-02-01 16:56:17,572-Baselog-INFO-关闭app
