2021-02-01 14:38:23,783-Baselog-INFO-com.android.permissioncontroller:id/permission_allow_button
2021-02-01 14:38:24,359-Baselog-INFO-com.dengta.date:id/btn_user_privacy_policy_summary_agree
2021-02-01 14:38:25,192-Baselog-INFO-com.dengta.date:id/ll_login_select_cellphone_login_register
2021-02-01 14:38:28,409-Baselog-INFO-com.dengta.date:id/btn_login_sure
2021-02-01 14:38:29,580-Baselog-INFO-com.dengta.date:id/btn_inviteCode_cancel
2021-02-01 14:38:29,723-Baselog-INFO-com.dengta.date:id/iv_register_sex_girl
2021-02-01 14:38:31,394-Baselog-INFO-com.dengta.date:id/btn_register_sex_sure
2021-02-01 14:38:33,153-Baselog-INFO-com.dengta.date:id/ll_register_info_nickname
2021-02-01 14:38:33,884-Baselog-INFO-com.dengta.date:id/iv_register_avatar_set_avatar
2021-02-01 14:38:34,536-Baselog-INFO-com.dengta.date:id/tv_select_avatar_select_from_album
2021-02-01 14:38:35,338-Baselog-INFO-com.android.permissioncontroller:id/permission_allow_button
2021-02-01 14:38:36,588-Baselog-INFO-com.android.permissioncontroller:id/permission_allow_button
2021-02-01 14:38:37,505-Baselog-INFO-com.dengta.date:id/tvCheck
2021-02-01 14:38:39,029-Baselog-INFO-com.dengta.date:id/picture_send
2021-02-01 14:38:40,199-Baselog-INFO-com.dengta.date:id/menu_crop
2021-02-01 14:38:41,672-Baselog-INFO-com.dengta.date:id/btn_register_info_next_step
2021-02-01 14:38:42,836-Baselog-INFO-com.dengta.date:id/btn_sign_in
2021-02-01 14:38:45,292-Baselog-INFO-com.dengta.date:id/btn_confirm
2021-02-01 14:38:46,016-Baselog-INFO-com.dengta.date:id/item_short_video_avatar_civ
2021-02-01 14:38:46,712-Baselog-INFO-com.dengta.date:id/simpleDraweeView_user_info_avatar
2021-02-01 14:38:47,884-Baselog-INFO-¹Ø±Õapp
