2021-02-03 15:39:55,976-Baselog-INFO-com.android.permissioncontroller:id/permission_allow_button
2021-02-03 15:39:57,026-Baselog-INFO-com.dengta.date:id/btn_user_privacy_policy_summary_agree
2021-02-03 15:39:57,914-Baselog-INFO-com.dengta.date:id/ll_login_select_cellphone_login_register
2021-02-03 15:40:00,162-Baselog-INFO-com.dengta.date:id/btn_login_sure
2021-02-03 15:40:01,967-Baselog-INFO-com.dengta.date:id/btn_inviteCode_cancel
2021-02-03 15:40:02,714-Baselog-INFO-com.dengta.date:id/iv_register_sex_girl
2021-02-03 15:40:04,247-Baselog-INFO-com.dengta.date:id/btn_register_sex_sure
2021-02-03 15:40:05,981-Baselog-INFO-com.dengta.date:id/ll_register_info_nickname
2021-02-03 15:40:07,223-Baselog-INFO-com.dengta.date:id/iv_register_avatar_set_avatar
2021-02-03 15:40:07,911-Baselog-INFO-com.dengta.date:id/tv_select_avatar_select_from_album
2021-02-03 15:40:08,678-Baselog-INFO-com.android.permissioncontroller:id/permission_allow_button
2021-02-03 15:40:09,426-Baselog-INFO-com.android.permissioncontroller:id/permission_allow_button
2021-02-03 15:40:10,334-Baselog-INFO-com.dengta.date:id/tvCheck
2021-02-03 15:40:11,388-Baselog-INFO-com.dengta.date:id/picture_send
2021-02-03 15:40:12,506-Baselog-INFO-com.dengta.date:id/menu_crop
2021-02-03 15:40:13,305-Baselog-INFO-com.dengta.date:id/btn_register_info_next_step
2021-02-03 15:40:14,478-Baselog-INFO-com.dengta.date:id/btn_sign_in
2021-02-03 15:40:16,195-Baselog-INFO-com.dengta.date:id/btn_confirm
2021-02-03 15:40:16,915-Baselog-INFO-com.dengta.date:id/item_short_video_avatar_civ
2021-02-03 15:40:17,732-Baselog-INFO-com.dengta.date:id/simpleDraweeView_user_info_avatar
2021-02-03 15:40:20,221-Baselog-INFO-com.dengta.date:id/frag_user_info_guardian_tv
2021-02-03 15:40:20,906-Baselog-INFO-com.dengta.date:id/iv_title_common_back
2021-02-03 15:40:21,759-Baselog-INFO-com.dengta.date:id/frag_detail_bottom_attention_ll
2021-02-03 15:40:23,301-Baselog-INFO-com.dengta.date:id/tv_commit
2021-02-03 15:40:24,138-Baselog-INFO-com.dengta.date:id/tv_commit
2021-02-03 15:40:26,061-Baselog-INFO-com.dengta.date:id/tv_commit
2021-02-03 15:40:27,306-Baselog-INFO-com.dengta.date:id/tv_commit
2021-02-03 15:40:28,533-Baselog-INFO-com.dengta.date:id/tv_commit
2021-02-03 15:40:29,159-Baselog-INFO-com.dengta.date:id/frag_user_info_guardian_tv
2021-02-03 15:40:29,880-Baselog-INFO-com.dengta.date:id/iv_title_common_back
2021-02-03 15:40:30,679-Baselog-INFO-com.dengta.date:id/frag_user_detail_followed_iv
2021-02-03 15:40:31,816-Baselog-INFO-com.dengta.date:id/dialog_comm_confirm_tv
2021-02-03 15:40:32,987-Baselog-INFO-com.dengta.date:id/home_page_video_search_iv
2021-02-03 15:40:34,409-Baselog-INFO-com.dengta.date:id/tv_video_search_search
2021-02-03 15:40:35,973-Baselog-INFO-com.dengta.date:id/frag_short_video_video_back_iv
2021-02-03 15:40:38,747-Baselog-INFO-com.dengta.date:id/tv_video_search_type
2021-02-03 15:40:39,897-Baselog-INFO-com.dengta.date:id/tv_video_search_title
2021-02-03 15:40:40,516-Baselog-INFO-com.dengta.date:id/tv_video_search_search
2021-02-03 15:40:42,409-Baselog-INFO-com.dengta.date:id/iv_item_user_detail_short_video_pic
2021-02-03 15:40:43,058-Baselog-INFO-com.dengta.date:id/frag_short_video_video_back_iv
2021-02-03 15:40:44,847-Baselog-INFO-com.dengta.date:id/iv_video_search_back
2021-02-03 15:40:46,037-Baselog-INFO-com.dengta.date:id/tem_short_video_like_svgiv
2021-02-03 15:40:47,119-Baselog-INFO-com.dengta.date:id/item_short_video_comment_tv
2021-02-03 15:40:47,816-Baselog-INFO-com.dengta.date:id/layout_comment_input_tv
2021-02-03 15:40:49,293-Baselog-INFO-com.dengta.date:id/layout_edit_comment_submit_tv
2021-02-03 15:40:51,219-Baselog-INFO-com.dengta.date:id/item_video_comment_like_iv
2021-02-03 15:40:53,240-Baselog-INFO-com.dengta.date:id/item_short_video_forward_tv
2021-02-03 15:40:53,925-Baselog-INFO-com.dengta.date:id/item_share_item_icon_iv
2021-02-03 15:40:57,634-Baselog-INFO-com.dengta.date:id/dialog_share_confirm_text_tv
2021-02-03 15:41:00,065-Baselog-INFO-com.dengta.date:id/btn_youth_mode_i_know
2021-02-03 15:41:01,854-Baselog-INFO-com.dengta.date:id/btn_open
2021-02-03 15:41:02,706-Baselog-INFO-com.android.permissioncontroller:id/permission_allow_foreground_only_button
2021-02-03 15:41:03,457-Baselog-INFO-com.dengta.date:id/iv_ta_live_live_like
2021-02-03 15:41:05,992-Baselog-INFO-com.dengta.date:id/iv_ta_live_start_live
2021-02-03 15:41:07,790-Baselog-INFO-com.android.permissioncontroller:id/permission_allow_button
2021-02-03 15:41:08,537-Baselog-INFO-com.dengta.date:id/btn_common_sure_no_bg_sure
2021-02-03 15:41:11,336-Baselog-INFO-com.dengta.date:id/img_bg_two
2021-02-03 15:41:12,437-Baselog-INFO-com.dengta.date:id/tv_select_avatar_select_from_album
2021-02-03 15:41:13,034-Baselog-INFO-com.dengta.date:id/tvCheck
2021-02-03 15:41:13,824-Baselog-INFO-com.dengta.date:id/picture_send
2021-02-03 15:41:14,939-Baselog-INFO-com.dengta.date:id/img_bg_three
2021-02-03 15:41:16,178-Baselog-INFO-com.dengta.date:id/tv_select_avatar_select_from_album
2021-02-03 15:41:16,826-Baselog-INFO-com.dengta.date:id/tvCheck
2021-02-03 15:41:17,612-Baselog-INFO-com.dengta.date:id/picture_send
2021-02-03 15:41:18,760-Baselog-INFO-com.dengta.date:id/btn_submit
2021-02-03 15:41:19,974-Baselog-INFO-com.dengta.date:id/btn_back
2021-02-03 15:41:21,098-Baselog-INFO-com.dengta.date:id/et_ta_live_search
2021-02-03 15:41:22,507-Baselog-INFO-com.dengta.date:id/tv_user_search_search
2021-02-03 15:41:24,177-Baselog-INFO-com.dengta.date:id/fl_item_homepage_list_avatar
2021-02-03 15:41:26,521-Baselog-INFO-com.dengta.date:id/iv_user_search_back
2021-02-03 15:41:27,177-Baselog-INFO-com.dengta.date:id/banner_general_blind_date
2021-02-03 15:41:28,411-Baselog-INFO-com.dengta.date:id/top_bar_left_iv
2021-02-03 15:41:30,185-Baselog-INFO-com.dengta.date:id/iv_ta_live_all_net_list
2021-02-03 15:41:31,370-Baselog-INFO-xpath=>//androidx.appcompat.app.ActionBar.Tab[@content-desc="上周榜"]/android.widget.TextView
2021-02-03 15:41:34,643-Baselog-INFO-xpath=>//androidx.appcompat.app.ActionBar.Tab[@content-desc="PK榜"]/android.view.ViewGroup
2021-02-03 15:41:36,224-Baselog-INFO-xpath=>//androidx.appcompat.app.ActionBar.Tab[@content-desc="富豪榜"]/android.view.ViewGroup
2021-02-03 15:41:38,376-Baselog-INFO-xpath=>//androidx.appcompat.app.ActionBar.Tab[@content-desc="上月榜"]/android.widget.TextView
2021-02-03 15:41:41,698-Baselog-INFO-com.dengta.date:id/iv_item_personal_live_pic
2021-02-03 15:41:42,559-Baselog-INFO-com.dengta.date:id/tv_live_top_group_status
2021-02-03 15:41:45,388-Baselog-INFO-com.dengta.date:id/iv_live_top_anchor_avatar
2021-02-03 15:41:46,051-Baselog-INFO-com.dengta.date:id/tv_other_user_info_manager
2021-02-03 15:41:46,789-Baselog-INFO-com.dengta.date:id/frag_report_rv
2021-02-03 15:41:47,586-Baselog-INFO-com.dengta.date:id/item_src_iv
2021-02-03 15:41:48,341-Baselog-INFO-com.dengta.date:id/tv_select_avatar_select_from_album
2021-02-03 15:41:49,048-Baselog-INFO-com.dengta.date:id/tvCheck
2021-02-03 15:41:49,810-Baselog-INFO-com.dengta.date:id/picture_send
2021-02-03 15:41:52,055-Baselog-INFO-com.dengta.date:id/frag_report_content_commit_tv
2021-02-03 15:41:53,343-Baselog-INFO-com.dengta.date:id/iv_other_user_info_noble_avatar
2021-02-03 15:41:55,804-Baselog-INFO-com.dengta.date:id/iv_live_top_anchor_avatar
2021-02-03 15:41:56,448-Baselog-INFO-com.dengta.date:id/iv_other_user_info_guard_avatar
2021-02-03 15:42:00,318-Baselog-ERROR-Message: 

2021-02-03 15:42:01,253-Baselog-INFO-截图并保存至：F:\appium_jskj/screenshots/21020315021612338120.3188.png
2021-02-03 15:42:05,273-Baselog-INFO-com.dengta.date:id/tv_other_user_info_ait_ta
2021-02-03 15:42:06,944-Baselog-INFO-com.dengta.date:id/tv_dialog_live_edit_comment_send
2021-02-03 15:42:08,064-Baselog-INFO-com.dengta.date:id/tv_live_top_members_count
2021-02-03 15:42:08,944-Baselog-INFO-com.dengta.date:id/iv_live_room_online_user_close
2021-02-03 15:42:09,515-Baselog-INFO-com.dengta.date:id/iv_reward_top
2021-02-03 15:42:10,165-Baselog-INFO-xpath=>//androidx.appcompat.app.ActionBar.Tab[@content-desc="贡献总榜"]/android.widget.TextView
2021-02-03 15:42:12,548-Baselog-INFO-com.dengta.date:id/tv_live_bottom_say_something
2021-02-03 15:42:13,635-Baselog-INFO-com.dengta.date:id/tv_dialog_live_edit_comment_send
2021-02-03 15:42:14,733-Baselog-INFO-com.dengta.date:id/iv_live_bottom_audience_share
2021-02-03 15:42:15,568-Baselog-INFO-com.dengta.date:id/tv_personal_live_share_wechat_friends
2021-02-03 15:42:18,507-Baselog-INFO-com.dengta.date:id/iv_live_bottom_audience_share
2021-02-03 15:42:19,106-Baselog-INFO-com.dengta.date:id/tv_personal_live_share_date_friends
2021-02-03 15:42:19,827-Baselog-INFO-xpath=>//androidx.appcompat.app.ActionBar.Tab[@content-desc="关注 2"]/android.widget.TextView
2021-02-03 15:42:20,879-Baselog-INFO-com.dengta.date:id/item_friend_select_cb
2021-02-03 15:42:21,597-Baselog-INFO-com.dengta.date:id/frag_friend_main_toolbar_complete_tv
2021-02-03 15:42:22,623-Baselog-INFO-com.dengta.date:id/iv_live_bottom_private_room
2021-02-03 15:42:23,689-Baselog-INFO-com.dengta.date:id/tv_apply_private_room_confirm_dialog_sure
2021-02-03 15:42:24,391-Baselog-INFO-com.dengta.date:id/iv_live_bottom_call
2021-02-03 15:42:25,139-Baselog-INFO-com.dengta.date:id/tv_apply_unapply_seat
2021-02-03 15:42:25,978-Baselog-INFO-com.dengta.date:id/iv_live_bottom_flower
2021-02-03 15:42:27,484-Baselog-INFO-com.dengta.date:id/btn_send_flower_handsel
2021-02-03 15:42:29,995-Baselog-INFO-com.dengta.date:id/iv_live_bottom_audience_gift
2021-02-03 15:42:30,674-Baselog-INFO-com.dengta.date:id/iv_send_personal_live_gift_item_icon
2021-02-03 15:42:32,166-Baselog-INFO-com.dengta.date:id/iv_live_top_close
2021-02-03 15:42:40,133-Baselog-INFO-com.dengta.date:id/tv_other_user_info_close
2021-02-03 15:42:43,685-Baselog-ERROR-Message: 

2021-02-03 15:42:45,681-Baselog-INFO-截图并保存至：F:\appium_jskj/screenshots/21020315021612338163.6857998.png
2021-02-03 15:42:45,682-Baselog-INFO-com.dengta.date:id/btn_start_live_open_live
2021-02-03 15:42:49,712-Baselog-ERROR-Message: 

2021-02-03 15:42:51,867-Baselog-INFO-截图并保存至：F:\appium_jskj/screenshots/21020315021612338169.7128.png
2021-02-03 15:42:52,016-Baselog-INFO-关闭app
