2021-02-01 17:19:01,500-Baselog-INFO-com.android.permissioncontroller:id/permission_allow_button
2021-02-01 17:19:02,128-Baselog-INFO-com.dengta.date:id/btn_user_privacy_policy_summary_agree
2021-02-01 17:19:03,519-Baselog-INFO-com.dengta.date:id/ll_login_select_cellphone_login_register
2021-02-01 17:19:06,174-Baselog-INFO-com.dengta.date:id/btn_login_sure
2021-02-01 17:19:07,447-Baselog-INFO-com.dengta.date:id/btn_inviteCode_cancel
2021-02-01 17:19:07,588-Baselog-INFO-com.dengta.date:id/iv_register_sex_girl
2021-02-01 17:19:09,259-Baselog-INFO-com.dengta.date:id/btn_register_sex_sure
2021-02-01 17:19:10,739-Baselog-INFO-com.dengta.date:id/ll_register_info_nickname
2021-02-01 17:19:11,457-Baselog-INFO-com.dengta.date:id/iv_register_avatar_set_avatar
2021-02-01 17:19:12,143-Baselog-INFO-com.dengta.date:id/tv_select_avatar_select_from_album
2021-02-01 17:19:13,444-Baselog-INFO-com.android.permissioncontroller:id/permission_allow_button
2021-02-01 17:19:14,681-Baselog-INFO-com.android.permissioncontroller:id/permission_allow_button
2021-02-01 17:19:15,590-Baselog-INFO-com.dengta.date:id/tvCheck
2021-02-01 17:19:17,111-Baselog-INFO-com.dengta.date:id/picture_send
2021-02-01 17:19:18,276-Baselog-INFO-com.dengta.date:id/menu_crop
2021-02-01 17:19:19,676-Baselog-INFO-com.dengta.date:id/btn_register_info_next_step
2021-02-01 17:19:20,848-Baselog-INFO-com.dengta.date:id/btn_sign_in
2021-02-01 17:19:22,636-Baselog-INFO-com.dengta.date:id/btn_confirm
2021-02-01 17:19:23,924-Baselog-INFO-com.dengta.date:id/item_short_video_avatar_civ
2021-02-01 17:19:24,577-Baselog-INFO-com.dengta.date:id/simpleDraweeView_user_info_avatar
2021-02-01 17:19:28,126-Baselog-INFO-com.dengta.date:id/frag_user_info_guardian_tv
2021-02-01 17:19:28,350-Baselog-INFO-com.dengta.date:id/iv_title_common_back
2021-02-01 17:19:29,131-Baselog-INFO-com.dengta.date:id/frag_detail_bottom_attention_ll
2021-02-01 17:19:31,310-Baselog-INFO-com.dengta.date:id/tv_commit
2021-02-01 17:19:32,187-Baselog-INFO-com.dengta.date:id/tv_commit
2021-02-01 17:19:33,694-Baselog-INFO-com.dengta.date:id/tv_commit
2021-02-01 17:19:34,404-Baselog-INFO-com.dengta.date:id/tv_commit
2021-02-01 17:19:35,177-Baselog-INFO-com.dengta.date:id/tv_commit
2021-02-01 17:19:35,782-Baselog-INFO-com.dengta.date:id/frag_user_info_guardian_tv
2021-02-01 17:19:36,486-Baselog-INFO-com.dengta.date:id/iv_title_common_back
2021-02-01 17:19:37,759-Baselog-INFO-com.dengta.date:id/frag_user_detail_followed_iv
2021-02-01 17:19:38,875-Baselog-INFO-com.dengta.date:id/dialog_comm_confirm_tv
2021-02-01 17:19:40,969-Baselog-INFO-com.dengta.date:id/home_page_video_search_iv
2021-02-01 17:19:42,536-Baselog-INFO-com.dengta.date:id/tv_video_search_search
2021-02-01 17:19:44,246-Baselog-INFO-com.dengta.date:id/frag_short_video_video_back_iv
2021-02-01 17:19:46,585-Baselog-INFO-com.dengta.date:id/tv_video_search_type
2021-02-01 17:19:47,756-Baselog-INFO-com.dengta.date:id/tv_video_search_title
2021-02-01 17:19:48,511-Baselog-INFO-com.dengta.date:id/tv_video_search_search
2021-02-01 17:19:50,399-Baselog-INFO-com.dengta.date:id/iv_item_user_detail_short_video_pic
2021-02-01 17:19:50,537-Baselog-INFO-com.dengta.date:id/frag_short_video_video_back_iv
2021-02-01 17:19:52,039-Baselog-INFO-com.dengta.date:id/iv_video_search_back
2021-02-01 17:19:53,200-Baselog-INFO-com.dengta.date:id/tem_short_video_like_svgiv
2021-02-01 17:19:54,302-Baselog-INFO-com.dengta.date:id/item_short_video_comment_tv
2021-02-01 17:19:55,023-Baselog-INFO-com.dengta.date:id/layout_comment_input_tv
2021-02-01 17:19:57,001-Baselog-INFO-com.dengta.date:id/layout_edit_comment_submit_tv
2021-02-01 17:19:58,931-Baselog-INFO-com.dengta.date:id/item_video_comment_like_iv
2021-02-01 17:20:00,958-Baselog-INFO-com.dengta.date:id/item_short_video_forward_tv
2021-02-01 17:20:01,452-Baselog-INFO-com.dengta.date:id/item_share_item_icon_iv
2021-02-01 17:20:05,185-Baselog-INFO-com.dengta.date:id/dialog_share_confirm_text_tv
2021-02-01 17:20:08,095-Baselog-INFO-com.dengta.date:id/btn_youth_mode_i_know
2021-02-01 17:20:08,868-Baselog-INFO-com.dengta.date:id/btn_open
2021-02-01 17:20:09,542-Baselog-INFO-com.android.permissioncontroller:id/permission_allow_foreground_only_button
2021-02-01 17:20:10,287-Baselog-INFO-com.dengta.date:id/iv_ta_live_live_like
2021-02-01 17:20:13,336-Baselog-INFO-com.dengta.date:id/iv_ta_live_start_live
2021-02-01 17:20:14,679-Baselog-INFO-com.android.permissioncontroller:id/permission_allow_button
2021-02-01 17:20:15,945-Baselog-INFO-com.dengta.date:id/btn_common_sure_no_bg_sure
2021-02-01 17:20:19,081-Baselog-INFO-com.dengta.date:id/img_bg_two
2021-02-01 17:20:19,700-Baselog-INFO-com.dengta.date:id/tv_select_avatar_select_from_album
2021-02-01 17:20:20,439-Baselog-INFO-com.dengta.date:id/tvCheck
2021-02-01 17:20:22,159-Baselog-INFO-com.dengta.date:id/picture_send
2021-02-01 17:20:23,289-Baselog-INFO-com.dengta.date:id/img_bg_three
2021-02-01 17:20:25,007-Baselog-INFO-com.dengta.date:id/tv_select_avatar_select_from_album
2021-02-01 17:20:25,644-Baselog-INFO-com.dengta.date:id/tvCheck
2021-02-01 17:20:26,934-Baselog-INFO-com.dengta.date:id/picture_send
2021-02-01 17:20:28,108-Baselog-INFO-com.dengta.date:id/btn_submit
2021-02-01 17:20:29,328-Baselog-INFO-com.dengta.date:id/btn_back
2021-02-01 17:20:30,902-Baselog-INFO-com.dengta.date:id/et_ta_live_search
2021-02-01 17:20:33,467-Baselog-INFO-com.dengta.date:id/tv_user_search_search
2021-02-01 17:20:35,348-Baselog-INFO-com.dengta.date:id/fl_item_homepage_list_avatar
2021-02-01 17:20:37,934-Baselog-INFO-com.dengta.date:id/iv_user_search_back
2021-02-01 17:20:38,088-Baselog-INFO-com.dengta.date:id/banner_general_blind_date
2021-02-01 17:20:39,356-Baselog-INFO-com.dengta.date:id/top_bar_left_iv
2021-02-01 17:20:41,550-Baselog-INFO-com.dengta.date:id/iv_ta_live_all_net_list
2021-02-01 17:20:42,804-Baselog-INFO-xpath=>//androidx.appcompat.app.ActionBar.Tab[@content-desc="上周榜"]/android.widget.TextView
2021-02-01 17:20:45,199-Baselog-INFO-xpath=>//androidx.appcompat.app.ActionBar.Tab[@content-desc="PK榜"]/android.view.ViewGroup
2021-02-01 17:20:47,295-Baselog-INFO-xpath=>//androidx.appcompat.app.ActionBar.Tab[@content-desc="富豪榜"]/android.view.ViewGroup
2021-02-01 17:20:49,028-Baselog-INFO-xpath=>//androidx.appcompat.app.ActionBar.Tab[@content-desc="上月榜"]/android.widget.TextView
2021-02-01 17:20:52,598-Baselog-INFO-com.dengta.date:id/iv_item_personal_live_pic
2021-02-01 17:20:52,966-Baselog-INFO-com.dengta.date:id/tv_live_top_group_status
2021-02-01 17:20:55,927-Baselog-INFO-com.dengta.date:id/iv_live_top_anchor_avatar
2021-02-01 17:20:56,031-Baselog-INFO-com.dengta.date:id/tv_other_user_info_manager
2021-02-01 17:20:56,772-Baselog-INFO-com.dengta.date:id/frag_report_rv
2021-02-01 17:20:57,572-Baselog-INFO-com.dengta.date:id/item_src_iv
2021-02-01 17:20:58,344-Baselog-INFO-com.dengta.date:id/tv_select_avatar_select_from_album
2021-02-01 17:20:58,971-Baselog-INFO-com.dengta.date:id/tvCheck
2021-02-01 17:21:00,262-Baselog-INFO-com.dengta.date:id/picture_send
2021-02-01 17:21:01,407-Baselog-INFO-com.dengta.date:id/frag_report_content_commit_tv
2021-02-01 17:21:03,831-Baselog-INFO-com.dengta.date:id/iv_other_user_info_noble_avatar
2021-02-01 17:21:07,414-Baselog-INFO-com.dengta.date:id/iv_live_top_anchor_avatar
2021-02-01 17:21:07,583-Baselog-INFO-com.dengta.date:id/iv_other_user_info_guard_avatar
2021-02-01 17:21:12,230-Baselog-INFO-com.dengta.date:id/tv_other_user_info_ait_ta
2021-02-01 17:21:13,911-Baselog-INFO-com.dengta.date:id/tv_dialog_live_edit_comment_send
2021-02-01 17:21:14,475-Baselog-INFO-com.dengta.date:id/tv_live_top_members_count
2021-02-01 17:21:15,865-Baselog-INFO-com.dengta.date:id/iv_live_room_online_user_close
2021-02-01 17:21:15,964-Baselog-INFO-com.dengta.date:id/iv_reward_top
2021-02-01 17:21:16,568-Baselog-INFO-xpath=>//androidx.appcompat.app.ActionBar.Tab[@content-desc="贡献总榜"]/android.widget.TextView
2021-02-01 17:21:19,235-Baselog-INFO-com.dengta.date:id/tv_live_bottom_say_something
2021-02-01 17:21:23,289-Baselog-INFO-关闭app
