2021-02-03 15:28:52,446-Baselog-INFO-com.android.permissioncontroller:id/permission_allow_button
2021-02-03 15:28:53,498-Baselog-INFO-com.dengta.date:id/btn_user_privacy_policy_summary_agree
2021-02-03 15:28:54,369-Baselog-INFO-com.dengta.date:id/ll_login_select_cellphone_login_register
2021-02-03 15:28:56,073-Baselog-INFO-com.dengta.date:id/btn_login_sure
2021-02-03 15:28:57,875-Baselog-INFO-com.dengta.date:id/btn_inviteCode_cancel
2021-02-03 15:28:58,505-Baselog-INFO-com.dengta.date:id/iv_register_sex_girl
2021-02-03 15:28:59,655-Baselog-INFO-com.dengta.date:id/btn_register_sex_sure
2021-02-03 15:29:00,764-Baselog-INFO-com.dengta.date:id/ll_register_info_nickname
2021-02-03 15:29:01,976-Baselog-INFO-com.dengta.date:id/iv_register_avatar_set_avatar
2021-02-03 15:29:02,665-Baselog-INFO-com.dengta.date:id/tv_select_avatar_select_from_album
2021-02-03 15:29:03,430-Baselog-INFO-com.android.permissioncontroller:id/permission_allow_button
2021-02-03 15:29:04,179-Baselog-INFO-com.android.permissioncontroller:id/permission_allow_button
2021-02-03 15:29:05,102-Baselog-INFO-com.dengta.date:id/tvCheck
2021-02-03 15:29:06,090-Baselog-INFO-com.dengta.date:id/picture_send
2021-02-03 15:29:07,225-Baselog-INFO-com.dengta.date:id/menu_crop
2021-02-03 15:29:08,059-Baselog-INFO-com.dengta.date:id/btn_register_info_next_step
2021-02-03 15:29:09,196-Baselog-INFO-com.dengta.date:id/btn_sign_in
2021-02-03 15:29:11,120-Baselog-INFO-com.dengta.date:id/btn_confirm
2021-02-03 15:29:11,888-Baselog-INFO-com.dengta.date:id/item_short_video_avatar_civ
2021-02-03 15:29:12,507-Baselog-INFO-com.dengta.date:id/simpleDraweeView_user_info_avatar
2021-02-03 15:29:15,866-Baselog-INFO-com.dengta.date:id/frag_user_info_guardian_tv
2021-02-03 15:29:16,606-Baselog-INFO-com.dengta.date:id/iv_title_common_back
2021-02-03 15:29:17,473-Baselog-INFO-com.dengta.date:id/frag_detail_bottom_attention_ll
2021-02-03 15:29:19,028-Baselog-INFO-com.dengta.date:id/tv_commit
2021-02-03 15:29:19,770-Baselog-INFO-com.dengta.date:id/tv_commit
2021-02-03 15:29:21,106-Baselog-INFO-com.dengta.date:id/tv_commit
2021-02-03 15:29:22,319-Baselog-INFO-com.dengta.date:id/tv_commit
2021-02-03 15:29:23,546-Baselog-INFO-com.dengta.date:id/tv_commit
2021-02-03 15:29:24,175-Baselog-INFO-com.dengta.date:id/frag_user_info_guardian_tv
2021-02-03 15:29:24,878-Baselog-INFO-com.dengta.date:id/iv_title_common_back
2021-02-03 15:29:25,697-Baselog-INFO-com.dengta.date:id/frag_user_detail_followed_iv
2021-02-03 15:29:26,817-Baselog-INFO-com.dengta.date:id/dialog_comm_confirm_tv
2021-02-03 15:29:27,991-Baselog-INFO-com.dengta.date:id/home_page_video_search_iv
2021-02-03 15:29:29,518-Baselog-INFO-com.dengta.date:id/tv_video_search_search
2021-02-03 15:29:31,223-Baselog-INFO-com.dengta.date:id/frag_short_video_video_back_iv
2021-02-03 15:29:33,437-Baselog-INFO-com.dengta.date:id/tv_video_search_type
2021-02-03 15:29:34,602-Baselog-INFO-com.dengta.date:id/tv_video_search_title
2021-02-03 15:29:35,324-Baselog-INFO-com.dengta.date:id/tv_video_search_search
2021-02-03 15:29:36,409-Baselog-INFO-com.dengta.date:id/iv_item_user_detail_short_video_pic
2021-02-03 15:29:37,260-Baselog-INFO-com.dengta.date:id/frag_short_video_video_back_iv
2021-02-03 15:29:38,883-Baselog-INFO-com.dengta.date:id/iv_video_search_back
2021-02-03 15:29:40,053-Baselog-INFO-com.dengta.date:id/tem_short_video_like_svgiv
2021-02-03 15:29:41,122-Baselog-INFO-com.dengta.date:id/item_short_video_comment_tv
2021-02-03 15:29:41,820-Baselog-INFO-com.dengta.date:id/layout_comment_input_tv
2021-02-03 15:29:43,741-Baselog-INFO-com.dengta.date:id/layout_edit_comment_submit_tv
2021-02-03 15:29:45,663-Baselog-INFO-com.dengta.date:id/item_video_comment_like_iv
2021-02-03 15:29:47,711-Baselog-INFO-com.dengta.date:id/item_short_video_forward_tv
2021-02-03 15:29:48,394-Baselog-INFO-com.dengta.date:id/item_share_item_icon_iv
2021-02-03 15:29:52,125-Baselog-INFO-com.dengta.date:id/dialog_share_confirm_text_tv
2021-02-03 15:29:54,511-Baselog-INFO-com.dengta.date:id/btn_youth_mode_i_know
2021-02-03 15:29:55,680-Baselog-INFO-com.dengta.date:id/btn_open
2021-02-03 15:29:56,346-Baselog-INFO-com.android.permissioncontroller:id/permission_allow_foreground_only_button
2021-02-03 15:29:57,096-Baselog-INFO-com.dengta.date:id/iv_ta_live_live_like
2021-02-03 15:29:59,631-Baselog-INFO-com.dengta.date:id/iv_ta_live_start_live
2021-02-03 15:30:01,481-Baselog-INFO-com.android.permissioncontroller:id/permission_allow_button
2021-02-03 15:30:02,647-Baselog-INFO-com.dengta.date:id/btn_common_sure_no_bg_sure
2021-02-03 15:30:05,453-Baselog-INFO-com.dengta.date:id/img_bg_two
2021-02-03 15:30:06,557-Baselog-INFO-com.dengta.date:id/tv_select_avatar_select_from_album
2021-02-03 15:30:07,177-Baselog-INFO-com.dengta.date:id/tvCheck
2021-02-03 15:30:07,962-Baselog-INFO-com.dengta.date:id/picture_send
2021-02-03 15:30:09,083-Baselog-INFO-com.dengta.date:id/img_bg_three
2021-02-03 15:30:10,308-Baselog-INFO-com.dengta.date:id/tv_select_avatar_select_from_album
2021-02-03 15:30:10,923-Baselog-INFO-com.dengta.date:id/tvCheck
2021-02-03 15:30:11,704-Baselog-INFO-com.dengta.date:id/picture_send
2021-02-03 15:30:12,828-Baselog-INFO-com.dengta.date:id/btn_submit
2021-02-03 15:30:14,046-Baselog-INFO-com.dengta.date:id/btn_back
2021-02-03 15:30:14,981-Baselog-INFO-com.dengta.date:id/et_ta_live_search
2021-02-03 15:30:16,379-Baselog-INFO-com.dengta.date:id/tv_user_search_search
2021-02-03 15:30:18,111-Baselog-INFO-com.dengta.date:id/fl_item_homepage_list_avatar
2021-02-03 15:30:19,381-Baselog-INFO-com.dengta.date:id/iv_user_search_back
2021-02-03 15:30:20,683-Baselog-INFO-com.dengta.date:id/banner_general_blind_date
2021-02-03 15:30:21,986-Baselog-INFO-com.dengta.date:id/top_bar_left_iv
2021-02-03 15:30:24,008-Baselog-INFO-com.dengta.date:id/iv_ta_live_all_net_list
2021-02-03 15:30:25,334-Baselog-INFO-xpath=>//androidx.appcompat.app.ActionBar.Tab[@content-desc="上周榜"]/android.widget.TextView
2021-02-03 15:30:28,479-Baselog-INFO-xpath=>//androidx.appcompat.app.ActionBar.Tab[@content-desc="PK榜"]/android.view.ViewGroup
2021-02-03 15:30:30,209-Baselog-INFO-xpath=>//androidx.appcompat.app.ActionBar.Tab[@content-desc="富豪榜"]/android.view.ViewGroup
2021-02-03 15:30:31,916-Baselog-INFO-xpath=>//androidx.appcompat.app.ActionBar.Tab[@content-desc="上月榜"]/android.widget.TextView
2021-02-03 15:30:35,647-Baselog-INFO-com.dengta.date:id/iv_item_personal_live_pic
2021-02-03 15:30:36,564-Baselog-INFO-com.dengta.date:id/tv_live_top_group_status
2021-02-03 15:30:39,396-Baselog-INFO-com.dengta.date:id/iv_live_top_anchor_avatar
2021-02-03 15:30:39,986-Baselog-INFO-com.dengta.date:id/tv_other_user_info_manager
2021-02-03 15:30:41,384-Baselog-INFO-com.dengta.date:id/frag_report_rv
2021-02-03 15:30:41,994-Baselog-INFO-com.dengta.date:id/item_src_iv
2021-02-03 15:30:42,751-Baselog-INFO-com.dengta.date:id/tv_select_avatar_select_from_album
2021-02-03 15:30:43,365-Baselog-INFO-com.dengta.date:id/tvCheck
2021-02-03 15:30:44,153-Baselog-INFO-com.dengta.date:id/picture_send
2021-02-03 15:30:45,257-Baselog-INFO-com.dengta.date:id/frag_report_content_commit_tv
2021-02-03 15:30:47,140-Baselog-INFO-com.dengta.date:id/iv_other_user_info_noble_avatar
2021-02-03 15:30:49,576-Baselog-INFO-com.dengta.date:id/iv_live_top_anchor_avatar
2021-02-03 15:30:50,238-Baselog-INFO-com.dengta.date:id/iv_other_user_info_guard_avatar
2021-02-03 15:30:54,022-Baselog-ERROR-Message: 

2021-02-03 15:30:54,945-Baselog-INFO-截图并保存至：F:\appium_jskj/screenshots/21020315021612337454.0228.png
2021-02-03 15:30:58,722-Baselog-INFO-com.dengta.date:id/tv_other_user_info_ait_ta
2021-02-03 15:30:59,858-Baselog-INFO-com.dengta.date:id/tv_dialog_live_edit_comment_send
2021-02-03 15:31:00,948-Baselog-INFO-com.dengta.date:id/tv_live_top_members_count
2021-02-03 15:31:02,089-Baselog-INFO-com.dengta.date:id/iv_live_room_online_user_close
2021-02-03 15:31:02,685-Baselog-INFO-com.dengta.date:id/iv_reward_top
2021-02-03 15:31:03,352-Baselog-INFO-xpath=>//androidx.appcompat.app.ActionBar.Tab[@content-desc="贡献总榜"]/android.widget.TextView
2021-02-03 15:31:06,765-Baselog-INFO-com.dengta.date:id/tv_live_bottom_say_something
2021-02-03 15:31:11,255-Baselog-ERROR-Message: 

2021-02-03 15:31:13,302-Baselog-INFO-截图并保存至：F:\appium_jskj/screenshots/21020315021612337471.2558.png
2021-02-03 15:31:17,438-Baselog-INFO-关闭app
