2021-02-02 14:28:09,028-Baselog-INFO-com.android.permissioncontroller:id/permission_allow_button
2021-02-02 14:28:10,108-Baselog-INFO-com.dengta.date:id/btn_user_privacy_policy_summary_agree
2021-02-02 14:28:11,263-Baselog-INFO-com.dengta.date:id/ll_login_select_cellphone_login_register
2021-02-02 14:28:13,782-Baselog-INFO-com.dengta.date:id/btn_login_sure
2021-02-02 14:28:16,067-Baselog-INFO-com.dengta.date:id/btn_inviteCode_cancel
2021-02-02 14:28:17,191-Baselog-INFO-com.dengta.date:id/iv_register_sex_girl
2021-02-02 14:28:18,815-Baselog-INFO-com.dengta.date:id/btn_register_sex_sure
2021-02-02 14:28:20,091-Baselog-INFO-com.dengta.date:id/ll_register_info_nickname
2021-02-02 14:28:21,838-Baselog-INFO-com.dengta.date:id/iv_register_avatar_set_avatar
2021-02-02 14:28:23,105-Baselog-INFO-com.dengta.date:id/tv_select_avatar_select_from_album
2021-02-02 14:28:24,277-Baselog-INFO-com.android.permissioncontroller:id/permission_allow_button
2021-02-02 14:28:25,356-Baselog-INFO-com.android.permissioncontroller:id/permission_allow_button
2021-02-02 14:28:26,517-Baselog-INFO-com.dengta.date:id/tvCheck
2021-02-02 14:28:27,663-Baselog-INFO-com.dengta.date:id/picture_send
2021-02-02 14:28:28,834-Baselog-INFO-com.dengta.date:id/menu_crop
2021-02-02 14:28:29,984-Baselog-INFO-com.dengta.date:id/btn_register_info_next_step
2021-02-02 14:28:31,158-Baselog-INFO-com.dengta.date:id/btn_sign_in
2021-02-02 14:28:32,956-Baselog-INFO-com.dengta.date:id/btn_confirm
2021-02-02 14:28:34,094-Baselog-INFO-com.dengta.date:id/item_short_video_avatar_civ
2021-02-02 14:28:35,228-Baselog-INFO-com.dengta.date:id/simpleDraweeView_user_info_avatar
2021-02-02 14:28:38,754-Baselog-INFO-com.dengta.date:id/frag_user_info_guardian_tv
2021-02-02 14:28:39,995-Baselog-INFO-com.dengta.date:id/iv_title_common_back
2021-02-02 14:28:41,159-Baselog-INFO-com.dengta.date:id/frag_detail_bottom_attention_ll
2021-02-02 14:28:42,458-Baselog-INFO-com.dengta.date:id/tv_commit
2021-02-02 14:28:43,779-Baselog-INFO-com.dengta.date:id/tv_commit
2021-02-02 14:28:45,610-Baselog-INFO-com.dengta.date:id/tv_commit
2021-02-02 14:28:47,326-Baselog-INFO-com.dengta.date:id/tv_commit
2021-02-02 14:28:48,476-Baselog-INFO-com.dengta.date:id/tv_commit
2021-02-02 14:28:49,614-Baselog-INFO-com.dengta.date:id/frag_user_info_guardian_tv
2021-02-02 14:28:50,855-Baselog-INFO-com.dengta.date:id/iv_title_common_back
2021-02-02 14:28:52,001-Baselog-INFO-com.dengta.date:id/frag_user_detail_followed_iv
2021-02-02 14:28:53,154-Baselog-INFO-com.dengta.date:id/dialog_comm_confirm_tv
2021-02-02 14:28:56,768-Baselog-INFO-com.dengta.date:id/home_page_video_search_iv
2021-02-02 14:28:58,157-Baselog-INFO-com.dengta.date:id/tv_video_search_search
2021-02-02 14:29:01,092-Baselog-INFO-com.dengta.date:id/frag_short_video_video_back_iv
2021-02-02 14:29:03,915-Baselog-INFO-com.dengta.date:id/tv_video_search_type
2021-02-02 14:29:05,672-Baselog-INFO-com.dengta.date:id/tv_video_search_title
2021-02-02 14:29:06,820-Baselog-INFO-com.dengta.date:id/tv_video_search_search
2021-02-02 14:29:08,900-Baselog-INFO-com.dengta.date:id/iv_item_user_detail_short_video_pic
2021-02-02 14:29:10,096-Baselog-INFO-com.dengta.date:id/frag_short_video_video_back_iv
2021-02-02 14:29:11,616-Baselog-INFO-com.dengta.date:id/iv_video_search_back
2021-02-02 14:29:12,751-Baselog-INFO-com.dengta.date:id/tem_short_video_like_svgiv
2021-02-02 14:29:14,570-Baselog-INFO-com.dengta.date:id/item_short_video_comment_tv
2021-02-02 14:29:15,721-Baselog-INFO-com.dengta.date:id/layout_comment_input_tv
2021-02-02 14:29:17,551-Baselog-INFO-com.dengta.date:id/layout_edit_comment_submit_tv
2021-02-02 14:29:19,493-Baselog-INFO-com.dengta.date:id/item_video_comment_like_iv
2021-02-02 14:29:23,498-Baselog-INFO-com.dengta.date:id/item_short_video_forward_tv
2021-02-02 14:29:24,710-Baselog-INFO-com.dengta.date:id/item_share_item_icon_iv
2021-02-02 14:29:28,826-Baselog-INFO-com.dengta.date:id/dialog_share_confirm_text_tv
2021-02-02 14:29:31,645-Baselog-INFO-com.dengta.date:id/btn_youth_mode_i_know
2021-02-02 14:29:33,794-Baselog-INFO-com.dengta.date:id/btn_open
2021-02-02 14:29:34,933-Baselog-INFO-com.android.permissioncontroller:id/permission_allow_foreground_only_button
2021-02-02 14:29:36,017-Baselog-INFO-com.dengta.date:id/iv_ta_live_live_like
2021-02-02 14:29:38,696-Baselog-INFO-com.dengta.date:id/iv_ta_live_start_live
2021-02-02 14:29:40,278-Baselog-INFO-com.android.permissioncontroller:id/permission_allow_button
2021-02-02 14:29:41,343-Baselog-INFO-com.dengta.date:id/btn_common_sure_no_bg_sure
2021-02-02 14:29:43,714-Baselog-INFO-com.dengta.date:id/img_bg_two
2021-02-02 14:29:45,307-Baselog-INFO-com.dengta.date:id/tv_select_avatar_select_from_album
2021-02-02 14:29:46,431-Baselog-INFO-com.dengta.date:id/tvCheck
2021-02-02 14:29:47,576-Baselog-INFO-com.dengta.date:id/picture_send
2021-02-02 14:29:49,807-Baselog-INFO-com.dengta.date:id/img_bg_three
2021-02-02 14:29:50,970-Baselog-INFO-com.dengta.date:id/tv_select_avatar_select_from_album
2021-02-02 14:29:52,125-Baselog-INFO-com.dengta.date:id/tvCheck
2021-02-02 14:29:53,295-Baselog-INFO-com.dengta.date:id/picture_send
2021-02-02 14:29:54,445-Baselog-INFO-com.dengta.date:id/btn_submit
2021-02-02 14:29:55,646-Baselog-INFO-com.dengta.date:id/btn_back
2021-02-02 14:29:56,802-Baselog-INFO-com.dengta.date:id/et_ta_live_search
2021-02-02 14:29:58,173-Baselog-INFO-com.dengta.date:id/tv_user_search_search
2021-02-02 14:29:59,952-Baselog-INFO-com.dengta.date:id/fl_item_homepage_list_avatar
2021-02-02 14:30:03,533-Baselog-INFO-com.dengta.date:id/iv_user_search_back
2021-02-02 14:30:04,706-Baselog-INFO-com.dengta.date:id/banner_general_blind_date
2021-02-02 14:30:05,927-Baselog-INFO-com.dengta.date:id/top_bar_left_iv
2021-02-02 14:30:08,066-Baselog-INFO-com.dengta.date:id/iv_ta_live_all_net_list
2021-02-02 14:30:09,235-Baselog-INFO-xpath=>//androidx.appcompat.app.ActionBar.Tab[@content-desc="上周榜"]/android.widget.TextView
2021-02-02 14:30:12,611-Baselog-INFO-xpath=>//androidx.appcompat.app.ActionBar.Tab[@content-desc="PK榜"]/android.view.ViewGroup
2021-02-02 14:30:14,661-Baselog-INFO-xpath=>//androidx.appcompat.app.ActionBar.Tab[@content-desc="富豪榜"]/android.view.ViewGroup
2021-02-02 14:30:16,650-Baselog-INFO-xpath=>//androidx.appcompat.app.ActionBar.Tab[@content-desc="上月榜"]/android.widget.TextView
2021-02-02 14:30:21,286-Baselog-INFO-com.dengta.date:id/iv_item_personal_live_pic
2021-02-02 14:30:22,489-Baselog-INFO-com.dengta.date:id/tv_live_top_group_status
2021-02-02 14:30:26,509-Baselog-ERROR-Message: 

2021-02-02 14:30:27,793-Baselog-INFO-截图并保存至：F:\appium_jskj/screenshots/21020214021612247426.5092.png
2021-02-02 14:30:27,793-Baselog-INFO-com.dengta.date:id/iv_live_top_anchor_avatar
2021-02-02 14:30:31,875-Baselog-ERROR-Message: 

2021-02-02 14:30:33,206-Baselog-INFO-截图并保存至：F:\appium_jskj/screenshots/21020214021612247431.8752.png
2021-02-02 14:30:33,206-Baselog-INFO-com.dengta.date:id/tv_other_user_info_manager
2021-02-02 14:30:37,107-Baselog-ERROR-Message: 

2021-02-02 14:30:38,797-Baselog-INFO-截图并保存至：F:\appium_jskj/screenshots/21020214021612247437.1072.png
2021-02-02 14:30:38,797-Baselog-INFO-com.dengta.date:id/frag_report_rv
2021-02-02 14:30:42,682-Baselog-ERROR-Message: 

2021-02-02 14:30:44,449-Baselog-INFO-截图并保存至：F:\appium_jskj/screenshots/21020214021612247442.6822.png
2021-02-02 14:30:44,449-Baselog-INFO-com.dengta.date:id/item_src_iv
2021-02-02 14:30:48,073-Baselog-ERROR-Message: 

2021-02-02 14:30:49,821-Baselog-INFO-截图并保存至：F:\appium_jskj/screenshots/21020214021612247448.0732002.png
2021-02-02 14:30:49,821-Baselog-INFO-com.dengta.date:id/tv_select_avatar_select_from_album
2021-02-02 14:30:54,102-Baselog-ERROR-Message: 

2021-02-02 14:30:55,921-Baselog-INFO-截图并保存至：F:\appium_jskj/screenshots/21020214021612247454.1022.png
2021-02-02 14:30:55,921-Baselog-INFO-com.dengta.date:id/tvCheck
2021-02-02 14:31:00,122-Baselog-ERROR-Message: 

2021-02-02 14:31:01,814-Baselog-INFO-截图并保存至：F:\appium_jskj/screenshots/21020214021612247460.1222.png
2021-02-02 14:31:01,814-Baselog-INFO-com.dengta.date:id/picture_send
2021-02-02 14:31:06,083-Baselog-ERROR-Message: 

2021-02-02 14:31:07,936-Baselog-INFO-截图并保存至：F:\appium_jskj/screenshots/21020214021612247466.0832.png
2021-02-02 14:31:07,936-Baselog-INFO-com.dengta.date:id/frag_report_content_commit_tv
2021-02-02 14:31:12,101-Baselog-ERROR-Message: 

2021-02-02 14:31:13,810-Baselog-INFO-截图并保存至：F:\appium_jskj/screenshots/21020214021612247472.1012.png
2021-02-02 14:31:18,852-Baselog-INFO-关闭app
