2021-02-02 14:21:35,736-Baselog-INFO-com.android.packageinstaller:id/permission_allow_button
2021-02-02 14:21:36,899-Baselog-INFO-com.dengta.date:id/btn_user_privacy_policy_summary_agree
2021-02-02 14:21:41,153-Baselog-INFO-com.dengta.date:id/ll_login_select_cellphone_login_register
2021-02-02 14:21:44,046-Baselog-INFO-com.dengta.date:id/btn_login_sure
2021-02-02 14:21:45,705-Baselog-INFO-com.dengta.date:id/btn_inviteCode_cancel
2021-02-02 14:21:46,888-Baselog-INFO-com.dengta.date:id/iv_register_sex_girl
2021-02-02 14:21:48,136-Baselog-INFO-com.dengta.date:id/btn_register_sex_sure
2021-02-02 14:21:50,101-Baselog-INFO-com.dengta.date:id/ll_register_info_nickname
2021-02-02 14:21:51,854-Baselog-INFO-com.dengta.date:id/iv_register_avatar_set_avatar
2021-02-02 14:21:53,043-Baselog-INFO-com.dengta.date:id/tv_select_avatar_select_from_album
2021-02-02 14:21:54,242-Baselog-INFO-com.android.packageinstaller:id/permission_allow_button
2021-02-02 14:21:55,328-Baselog-INFO-com.android.packageinstaller:id/permission_allow_button
2021-02-02 14:21:57,809-Baselog-INFO-com.dengta.date:id/tvCheck
2021-02-02 14:21:59,001-Baselog-INFO-com.dengta.date:id/picture_send
2021-02-02 14:22:00,239-Baselog-INFO-com.dengta.date:id/menu_crop
2021-02-02 14:22:01,411-Baselog-INFO-com.dengta.date:id/btn_register_info_next_step
2021-02-02 14:22:02,610-Baselog-INFO-com.dengta.date:id/btn_sign_in
2021-02-02 14:22:06,545-Baselog-INFO-com.dengta.date:id/btn_confirm
2021-02-02 14:22:07,732-Baselog-INFO-com.dengta.date:id/item_short_video_avatar_civ
2021-02-02 14:22:09,036-Baselog-INFO-com.dengta.date:id/simpleDraweeView_user_info_avatar
2021-02-02 14:22:12,810-Baselog-INFO-com.dengta.date:id/frag_user_info_guardian_tv
2021-02-02 14:22:14,084-Baselog-INFO-com.dengta.date:id/iv_title_common_back
2021-02-02 14:22:15,272-Baselog-INFO-com.dengta.date:id/frag_detail_bottom_attention_ll
2021-02-02 14:22:16,632-Baselog-INFO-com.dengta.date:id/tv_commit
2021-02-02 14:22:17,944-Baselog-INFO-com.dengta.date:id/tv_commit
2021-02-02 14:22:20,689-Baselog-INFO-com.dengta.date:id/tv_commit
2021-02-02 14:22:22,430-Baselog-INFO-com.dengta.date:id/tv_commit
2021-02-02 14:22:23,617-Baselog-INFO-com.dengta.date:id/tv_commit
2021-02-02 14:22:24,811-Baselog-INFO-com.dengta.date:id/frag_user_info_guardian_tv
2021-02-02 14:22:26,112-Baselog-INFO-com.dengta.date:id/iv_title_common_back
2021-02-02 14:22:27,330-Baselog-INFO-com.dengta.date:id/frag_user_detail_followed_iv
2021-02-02 14:22:28,578-Baselog-INFO-com.dengta.date:id/dialog_comm_confirm_tv
2021-02-02 14:22:30,908-Baselog-INFO-com.dengta.date:id/home_page_video_search_iv
2021-02-02 14:22:33,771-Baselog-INFO-com.dengta.date:id/tv_video_search_search
2021-02-02 14:22:35,793-Baselog-INFO-com.dengta.date:id/frag_short_video_video_back_iv
2021-02-02 14:22:38,874-Baselog-INFO-com.dengta.date:id/tv_video_search_type
2021-02-02 14:22:40,149-Baselog-INFO-com.dengta.date:id/tv_video_search_title
2021-02-02 14:22:41,374-Baselog-INFO-com.dengta.date:id/tv_video_search_search
2021-02-02 14:22:42,629-Baselog-INFO-com.dengta.date:id/iv_item_user_detail_short_video_pic
2021-02-02 14:22:43,840-Baselog-INFO-com.dengta.date:id/frag_short_video_video_back_iv
2021-02-02 14:22:45,785-Baselog-INFO-com.dengta.date:id/iv_video_search_back
2021-02-02 14:22:46,991-Baselog-INFO-com.dengta.date:id/tem_short_video_like_svgiv
2021-02-02 14:22:48,979-Baselog-INFO-com.dengta.date:id/item_short_video_comment_tv
2021-02-02 14:22:50,296-Baselog-INFO-com.dengta.date:id/layout_comment_input_tv
2021-02-02 14:22:51,827-Baselog-INFO-com.dengta.date:id/layout_edit_comment_submit_tv
2021-02-02 14:22:53,998-Baselog-INFO-com.dengta.date:id/item_video_comment_like_iv
2021-02-02 14:22:57,294-Baselog-INFO-com.dengta.date:id/item_short_video_forward_tv
2021-02-02 14:22:59,335-Baselog-INFO-com.dengta.date:id/item_share_item_icon_iv
2021-02-02 14:23:03,496-Baselog-INFO-com.dengta.date:id/dialog_share_confirm_text_tv
2021-02-02 14:23:07,749-Baselog-INFO-com.dengta.date:id/btn_youth_mode_i_know
2021-02-02 14:23:10,241-Baselog-INFO-com.dengta.date:id/btn_open
2021-02-02 14:23:11,384-Baselog-INFO-com.android.packageinstaller:id/permission_allow_foreground_only_button
2021-02-02 14:23:15,334-Baselog-ERROR-Message: 

2021-02-02 14:23:17,597-Baselog-INFO-截图并保存至：F:\appium_jskj/screenshots/21020214021612246995.3342001.png
2021-02-02 14:23:17,597-Baselog-INFO-com.dengta.date:id/iv_ta_live_live_like
2021-02-02 14:23:21,579-Baselog-ERROR-Message: 

2021-02-02 14:23:23,643-Baselog-INFO-截图并保存至：F:\appium_jskj/screenshots/21020214021612247001.5792.png
2021-02-02 14:23:25,729-Baselog-INFO-com.dengta.date:id/iv_ta_live_start_live
2021-02-02 14:23:29,262-Baselog-ERROR-Message: 

2021-02-02 14:23:31,474-Baselog-INFO-截图并保存至：F:\appium_jskj/screenshots/21020214021612247009.2632.png
2021-02-02 14:23:31,474-Baselog-INFO-com.android.packageinstaller:id/permission_allow_button
2021-02-02 14:23:32,610-Baselog-INFO-com.dengta.date:id/btn_common_sure_no_bg_sure
2021-02-02 14:23:36,471-Baselog-ERROR-Message: 

2021-02-02 14:23:38,906-Baselog-INFO-截图并保存至：F:\appium_jskj/screenshots/21020214021612247016.4712.png
2021-02-02 14:23:42,706-Baselog-INFO-关闭app
