2021-02-01 14:49:53,739-Baselog-INFO-com.android.permissioncontroller:id/permission_allow_button
2021-02-01 14:49:54,302-Baselog-INFO-com.dengta.date:id/btn_user_privacy_policy_summary_agree
2021-02-01 14:49:55,724-Baselog-INFO-com.dengta.date:id/ll_login_select_cellphone_login_register
2021-02-01 14:49:58,831-Baselog-INFO-com.dengta.date:id/btn_login_sure
2021-02-01 14:50:00,118-Baselog-INFO-com.dengta.date:id/btn_inviteCode_cancel
2021-02-01 14:50:00,273-Baselog-INFO-com.dengta.date:id/iv_register_sex_girl
2021-02-01 14:50:02,062-Baselog-INFO-com.dengta.date:id/btn_register_sex_sure
2021-02-01 14:50:03,790-Baselog-INFO-com.dengta.date:id/ll_register_info_nickname
2021-02-01 14:50:04,503-Baselog-INFO-com.dengta.date:id/iv_register_avatar_set_avatar
2021-02-01 14:50:05,171-Baselog-INFO-com.dengta.date:id/tv_select_avatar_select_from_album
2021-02-01 14:50:05,819-Baselog-INFO-com.android.permissioncontroller:id/permission_allow_button
2021-02-01 14:50:07,071-Baselog-INFO-com.android.permissioncontroller:id/permission_allow_button
2021-02-01 14:50:07,993-Baselog-INFO-com.dengta.date:id/tvCheck
2021-02-01 14:50:09,496-Baselog-INFO-com.dengta.date:id/picture_send
2021-02-01 14:50:10,639-Baselog-INFO-com.dengta.date:id/menu_crop
2021-02-01 14:50:11,986-Baselog-INFO-com.dengta.date:id/btn_register_info_next_step
2021-02-01 14:50:13,158-Baselog-INFO-com.dengta.date:id/btn_sign_in
2021-02-01 14:50:14,878-Baselog-INFO-com.dengta.date:id/btn_confirm
2021-02-01 14:50:15,609-Baselog-INFO-com.dengta.date:id/item_short_video_avatar_civ
2021-02-01 14:50:16,400-Baselog-INFO-com.dengta.date:id/simpleDraweeView_user_info_avatar
2021-02-01 14:50:17,723-Baselog-INFO-¹Ø±Õapp
