2021-02-02 11:22:11,224-Baselog-INFO-com.android.permissioncontroller:id/permission_allow_button
2021-02-02 11:22:12,802-Baselog-INFO-com.dengta.date:id/btn_user_privacy_policy_summary_agree
2021-02-02 11:22:13,992-Baselog-INFO-com.dengta.date:id/ll_login_select_cellphone_login_register
2021-02-02 11:22:24,587-Baselog-INFO-com.dengta.date:id/btn_login_sure
2021-02-02 11:22:26,259-Baselog-INFO-com.dengta.date:id/btn_inviteCode_cancel
2021-02-02 11:22:27,477-Baselog-INFO-com.dengta.date:id/iv_register_sex_girl
2021-02-02 11:22:29,214-Baselog-INFO-com.dengta.date:id/btn_register_sex_sure
2021-02-02 11:22:32,101-Baselog-INFO-com.dengta.date:id/ll_register_info_nickname
2021-02-02 11:22:33,878-Baselog-INFO-com.dengta.date:id/iv_register_avatar_set_avatar
2021-02-02 11:22:35,100-Baselog-INFO-com.dengta.date:id/tv_select_avatar_select_from_album
2021-02-02 11:22:36,301-Baselog-INFO-com.android.permissioncontroller:id/permission_allow_button
2021-02-02 11:22:43,188-Baselog-INFO-com.android.permissioncontroller:id/permission_allow_button
2021-02-02 11:22:44,856-Baselog-INFO-com.dengta.date:id/tvCheck
2021-02-02 11:22:46,093-Baselog-INFO-com.dengta.date:id/picture_send
2021-02-02 11:22:47,293-Baselog-INFO-com.dengta.date:id/menu_crop
2021-02-02 11:22:48,631-Baselog-INFO-com.dengta.date:id/btn_register_info_next_step
2021-02-02 11:22:49,857-Baselog-INFO-com.dengta.date:id/btn_sign_in
2021-02-02 11:22:51,907-Baselog-INFO-com.dengta.date:id/btn_confirm
2021-02-02 11:22:53,227-Baselog-INFO-com.dengta.date:id/item_short_video_avatar_civ
2021-02-02 11:22:54,478-Baselog-INFO-com.dengta.date:id/simpleDraweeView_user_info_avatar
2021-02-02 11:22:58,050-Baselog-INFO-com.dengta.date:id/frag_user_info_guardian_tv
2021-02-02 11:22:59,340-Baselog-INFO-com.dengta.date:id/iv_title_common_back
2021-02-02 11:23:01,579-Baselog-INFO-com.dengta.date:id/frag_detail_bottom_attention_ll
2021-02-02 11:23:10,442-Baselog-INFO-com.dengta.date:id/tv_commit
2021-02-02 11:23:12,272-Baselog-INFO-com.dengta.date:id/tv_commit
2021-02-02 11:23:14,702-Baselog-INFO-com.dengta.date:id/tv_commit
2021-02-02 11:23:16,467-Baselog-INFO-com.dengta.date:id/tv_commit
2021-02-02 11:23:17,656-Baselog-INFO-com.dengta.date:id/tv_commit
2021-02-02 11:23:18,856-Baselog-INFO-com.dengta.date:id/frag_user_info_guardian_tv
2021-02-02 11:23:20,092-Baselog-INFO-com.dengta.date:id/iv_title_common_back
2021-02-02 11:23:21,327-Baselog-INFO-com.dengta.date:id/frag_user_detail_followed_iv
2021-02-02 11:23:22,582-Baselog-INFO-com.dengta.date:id/dialog_comm_confirm_tv
2021-02-02 11:23:25,241-Baselog-INFO-com.dengta.date:id/home_page_video_search_iv
2021-02-02 11:23:27,239-Baselog-INFO-com.dengta.date:id/tv_video_search_search
2021-02-02 11:23:30,022-Baselog-INFO-com.dengta.date:id/frag_short_video_video_back_iv
2021-02-02 11:23:33,026-Baselog-INFO-com.dengta.date:id/tv_video_search_type
2021-02-02 11:23:34,209-Baselog-INFO-com.dengta.date:id/tv_video_search_title
2021-02-02 11:23:35,380-Baselog-INFO-com.dengta.date:id/tv_video_search_search
2021-02-02 11:23:36,692-Baselog-INFO-com.dengta.date:id/iv_item_user_detail_short_video_pic
2021-02-02 11:23:38,267-Baselog-INFO-com.dengta.date:id/frag_short_video_video_back_iv
2021-02-02 11:23:39,877-Baselog-INFO-com.dengta.date:id/iv_video_search_back
2021-02-02 11:23:41,224-Baselog-INFO-com.dengta.date:id/tem_short_video_like_svgiv
2021-02-02 11:23:42,597-Baselog-INFO-com.dengta.date:id/item_short_video_comment_tv
2021-02-02 11:23:44,539-Baselog-INFO-com.dengta.date:id/layout_comment_input_tv
2021-02-02 11:23:46,299-Baselog-INFO-com.dengta.date:id/layout_edit_comment_submit_tv
2021-02-02 11:23:48,867-Baselog-INFO-com.dengta.date:id/item_video_comment_like_iv
2021-02-02 11:23:53,055-Baselog-INFO-com.dengta.date:id/item_short_video_forward_tv
2021-02-02 11:23:54,339-Baselog-INFO-com.dengta.date:id/item_share_item_icon_iv
2021-02-02 11:25:16,851-Baselog-INFO-com.dengta.date:id/dialog_share_confirm_text_tv
2021-02-02 11:25:20,867-Baselog-INFO-com.dengta.date:id/btn_youth_mode_i_know
2021-02-02 11:25:22,671-Baselog-INFO-com.dengta.date:id/btn_open
2021-02-02 11:25:23,869-Baselog-INFO-com.android.permissioncontroller:id/permission_allow_foreground_only_button
2021-02-02 11:25:24,990-Baselog-INFO-com.dengta.date:id/iv_ta_live_live_like
2021-02-02 11:25:28,020-Baselog-INFO-com.dengta.date:id/iv_ta_live_start_live
2021-02-02 11:25:29,433-Baselog-INFO-com.android.permissioncontroller:id/permission_allow_button
2021-02-02 11:25:30,550-Baselog-INFO-com.dengta.date:id/btn_common_sure_no_bg_sure
2021-02-02 11:25:33,616-Baselog-INFO-com.dengta.date:id/img_bg_two
2021-02-02 11:25:35,248-Baselog-INFO-com.dengta.date:id/tv_select_avatar_select_from_album
2021-02-02 11:25:36,403-Baselog-INFO-com.dengta.date:id/tvCheck
2021-02-02 11:25:37,586-Baselog-INFO-com.dengta.date:id/picture_send
2021-02-02 11:25:38,773-Baselog-INFO-com.dengta.date:id/img_bg_three
2021-02-02 11:25:40,698-Baselog-INFO-com.dengta.date:id/tv_select_avatar_select_from_album
2021-02-02 11:25:41,869-Baselog-INFO-com.dengta.date:id/tvCheck
2021-02-02 11:25:43,087-Baselog-INFO-com.dengta.date:id/picture_send
2021-02-02 11:25:44,327-Baselog-INFO-com.dengta.date:id/btn_submit
2021-02-02 11:25:45,599-Baselog-INFO-com.dengta.date:id/btn_back
2021-02-02 11:25:46,800-Baselog-INFO-com.dengta.date:id/et_ta_live_search
2021-02-02 11:25:48,773-Baselog-INFO-com.dengta.date:id/tv_user_search_search
2021-02-02 11:25:50,612-Baselog-INFO-com.dengta.date:id/fl_item_homepage_list_avatar
2021-02-02 11:25:54,283-Baselog-INFO-com.dengta.date:id/iv_user_search_back
2021-02-02 11:25:55,508-Baselog-INFO-com.dengta.date:id/banner_general_blind_date
2021-02-02 11:25:56,869-Baselog-INFO-com.dengta.date:id/top_bar_left_iv
2021-02-02 11:25:58,844-Baselog-INFO-com.dengta.date:id/iv_ta_live_all_net_list
2021-02-02 11:26:00,109-Baselog-INFO-xpath=>//androidx.appcompat.app.ActionBar.Tab[@content-desc="上周榜"]/android.widget.TextView
2021-02-02 11:26:04,169-Baselog-INFO-xpath=>//androidx.appcompat.app.ActionBar.Tab[@content-desc="PK榜"]/android.view.ViewGroup
2021-02-02 11:26:06,953-Baselog-INFO-xpath=>//androidx.appcompat.app.ActionBar.Tab[@content-desc="富豪榜"]/android.view.ViewGroup
2021-02-02 11:26:08,902-Baselog-INFO-xpath=>//androidx.appcompat.app.ActionBar.Tab[@content-desc="上月榜"]/android.widget.TextView
2021-02-02 11:26:13,568-Baselog-INFO-com.dengta.date:id/iv_item_personal_live_pic
2021-02-02 11:26:15,033-Baselog-INFO-com.dengta.date:id/tv_live_top_group_status
2021-02-02 11:26:17,043-Baselog-INFO-com.dengta.date:id/iv_live_top_anchor_avatar
2021-02-02 11:26:18,226-Baselog-INFO-com.dengta.date:id/tv_other_user_info_manager
2021-02-02 11:26:19,549-Baselog-INFO-com.dengta.date:id/frag_report_rv
2021-02-02 11:26:20,732-Baselog-INFO-com.dengta.date:id/item_src_iv
2021-02-02 11:26:22,057-Baselog-INFO-com.dengta.date:id/tv_select_avatar_select_from_album
2021-02-02 11:26:23,539-Baselog-INFO-com.dengta.date:id/tvCheck
2021-02-02 11:26:24,724-Baselog-INFO-com.dengta.date:id/picture_send
2021-02-02 11:26:27,003-Baselog-INFO-com.dengta.date:id/frag_report_content_commit_tv
2021-02-02 11:26:29,347-Baselog-INFO-com.dengta.date:id/iv_other_user_info_noble_avatar
2021-02-02 11:26:33,191-Baselog-INFO-com.dengta.date:id/iv_live_top_anchor_avatar
2021-02-02 11:26:34,373-Baselog-INFO-com.dengta.date:id/iv_other_user_info_guard_avatar
2021-02-02 11:26:38,252-Baselog-INFO-com.dengta.date:id/tv_other_user_info_ait_ta
2021-02-02 11:26:39,946-Baselog-INFO-com.dengta.date:id/tv_dialog_live_edit_comment_send
2021-02-02 11:26:41,553-Baselog-INFO-com.dengta.date:id/tv_live_top_members_count
2021-02-02 11:26:42,808-Baselog-INFO-com.dengta.date:id/iv_live_room_online_user_close
2021-02-02 11:26:44,010-Baselog-INFO-com.dengta.date:id/iv_reward_top
2021-02-02 11:26:45,930-Baselog-INFO-xpath=>//androidx.appcompat.app.ActionBar.Tab[@content-desc="贡献总榜"]/android.widget.TextView
2021-02-02 11:26:50,026-Baselog-INFO-com.dengta.date:id/tv_live_bottom_say_something
2021-02-02 11:26:54,523-Baselog-ERROR-Message: 

2021-02-02 11:26:57,975-Baselog-INFO-截图并保存至：F:\appium_jskj/screenshots/21020211021612236414.5232.png
2021-02-02 11:27:02,217-Baselog-INFO-关闭app
