2021-02-03 15:26:57,965-Baselog-INFO-com.android.permissioncontroller:id/permission_allow_button
2021-02-03 15:26:58,549-Baselog-INFO-com.dengta.date:id/btn_user_privacy_policy_summary_agree
2021-02-03 15:26:59,970-Baselog-INFO-com.dengta.date:id/ll_login_select_cellphone_login_register
2021-02-03 15:27:02,890-Baselog-INFO-com.dengta.date:id/btn_login_sure
2021-02-03 15:27:04,194-Baselog-INFO-com.dengta.date:id/btn_inviteCode_cancel
2021-02-03 15:27:04,357-Baselog-INFO-com.dengta.date:id/iv_register_sex_girl
2021-02-03 15:27:06,295-Baselog-INFO-com.dengta.date:id/btn_register_sex_sure
2021-02-03 15:27:07,466-Baselog-INFO-com.dengta.date:id/ll_register_info_nickname
2021-02-03 15:27:08,199-Baselog-INFO-com.dengta.date:id/iv_register_avatar_set_avatar
2021-02-03 15:27:08,873-Baselog-INFO-com.dengta.date:id/tv_select_avatar_select_from_album
2021-02-03 15:27:09,670-Baselog-INFO-com.android.permissioncontroller:id/permission_allow_button
2021-02-03 15:27:10,934-Baselog-INFO-com.android.permissioncontroller:id/permission_allow_button
2021-02-03 15:27:11,840-Baselog-INFO-com.dengta.date:id/tvCheck
2021-02-03 15:27:13,380-Baselog-INFO-com.dengta.date:id/picture_send
2021-02-03 15:27:14,516-Baselog-INFO-com.dengta.date:id/menu_crop
2021-02-03 15:27:15,935-Baselog-INFO-com.dengta.date:id/btn_register_info_next_step
2021-02-03 15:27:17,059-Baselog-INFO-com.dengta.date:id/btn_sign_in
2021-02-03 15:27:19,627-Baselog-INFO-com.dengta.date:id/btn_confirm
2021-02-03 15:27:20,575-Baselog-INFO-com.dengta.date:id/item_short_video_avatar_civ
2021-02-03 15:27:20,966-Baselog-INFO-com.dengta.date:id/simpleDraweeView_user_info_avatar
2021-02-03 15:27:24,034-Baselog-INFO-com.dengta.date:id/frag_user_info_guardian_tv
2021-02-03 15:27:24,270-Baselog-INFO-com.dengta.date:id/iv_title_common_back
2021-02-03 15:27:25,082-Baselog-INFO-com.dengta.date:id/frag_detail_bottom_attention_ll
2021-02-03 15:27:27,182-Baselog-INFO-com.dengta.date:id/tv_commit
2021-02-03 15:27:27,973-Baselog-INFO-com.dengta.date:id/tv_commit
2021-02-03 15:27:29,561-Baselog-INFO-com.dengta.date:id/tv_commit
2021-02-03 15:27:30,274-Baselog-INFO-com.dengta.date:id/tv_commit
2021-02-03 15:27:31,044-Baselog-INFO-com.dengta.date:id/tv_commit
2021-02-03 15:27:31,802-Baselog-INFO-com.dengta.date:id/frag_user_info_guardian_tv
2021-02-03 15:27:32,519-Baselog-INFO-com.dengta.date:id/iv_title_common_back
2021-02-03 15:27:33,350-Baselog-INFO-com.dengta.date:id/frag_user_detail_followed_iv
2021-02-03 15:27:34,471-Baselog-INFO-com.dengta.date:id/dialog_comm_confirm_tv
2021-02-03 15:27:35,806-Baselog-INFO-com.dengta.date:id/home_page_video_search_iv
2021-02-03 15:27:37,699-Baselog-INFO-com.dengta.date:id/tv_video_search_search
2021-02-03 15:27:39,302-Baselog-INFO-com.dengta.date:id/frag_short_video_video_back_iv
2021-02-03 15:27:41,006-Baselog-INFO-com.dengta.date:id/tv_video_search_type
2021-02-03 15:27:42,173-Baselog-INFO-com.dengta.date:id/tv_video_search_title
2021-02-03 15:27:42,907-Baselog-INFO-com.dengta.date:id/tv_video_search_search
2021-02-03 15:27:43,991-Baselog-INFO-com.dengta.date:id/iv_item_user_detail_short_video_pic
2021-02-03 15:27:45,070-Baselog-INFO-com.dengta.date:id/frag_short_video_video_back_iv
2021-02-03 15:27:46,720-Baselog-INFO-com.dengta.date:id/iv_video_search_back
2021-02-03 15:27:47,872-Baselog-INFO-com.dengta.date:id/tem_short_video_like_svgiv
2021-02-03 15:27:49,476-Baselog-INFO-com.dengta.date:id/item_short_video_comment_tv
2021-02-03 15:27:50,176-Baselog-INFO-com.dengta.date:id/layout_comment_input_tv
2021-02-03 15:27:52,143-Baselog-INFO-com.dengta.date:id/layout_edit_comment_submit_tv
2021-02-03 15:27:54,051-Baselog-INFO-com.dengta.date:id/item_video_comment_like_iv
2021-02-03 15:27:56,096-Baselog-INFO-com.dengta.date:id/item_short_video_forward_tv
2021-02-03 15:27:56,328-Baselog-INFO-com.dengta.date:id/item_share_item_icon_iv
2021-02-03 15:28:00,129-Baselog-INFO-com.dengta.date:id/dialog_share_confirm_text_tv
2021-02-03 15:28:04,870-Baselog-INFO-¹Ø±Õapp
