2021-02-01 17:36:22,572-Baselog-INFO-com.android.permissioncontroller:id/permission_allow_button
2021-02-01 17:36:23,166-Baselog-INFO-com.dengta.date:id/btn_user_privacy_policy_summary_agree
2021-02-01 17:36:24,575-Baselog-INFO-com.dengta.date:id/ll_login_select_cellphone_login_register
2021-02-01 17:36:27,195-Baselog-INFO-com.dengta.date:id/btn_login_sure
2021-02-01 17:36:28,483-Baselog-INFO-com.dengta.date:id/btn_inviteCode_cancel
2021-02-01 17:36:28,627-Baselog-INFO-com.dengta.date:id/iv_register_sex_girl
2021-02-01 17:36:29,796-Baselog-INFO-com.dengta.date:id/btn_register_sex_sure
2021-02-01 17:36:31,407-Baselog-INFO-com.dengta.date:id/ll_register_info_nickname
2021-02-01 17:36:32,161-Baselog-INFO-com.dengta.date:id/iv_register_avatar_set_avatar
2021-02-01 17:36:32,844-Baselog-INFO-com.dengta.date:id/tv_select_avatar_select_from_album
2021-02-01 17:36:34,145-Baselog-INFO-com.android.permissioncontroller:id/permission_allow_button
2021-02-01 17:36:35,398-Baselog-INFO-com.android.permissioncontroller:id/permission_allow_button
2021-02-01 17:36:36,304-Baselog-INFO-com.dengta.date:id/tvCheck
2021-02-01 17:36:37,831-Baselog-INFO-com.dengta.date:id/picture_send
2021-02-01 17:36:39,003-Baselog-INFO-com.dengta.date:id/menu_crop
2021-02-01 17:36:40,336-Baselog-INFO-com.dengta.date:id/btn_register_info_next_step
2021-02-01 17:36:41,532-Baselog-INFO-com.dengta.date:id/btn_sign_in
2021-02-01 17:36:44,441-Baselog-INFO-com.dengta.date:id/btn_confirm
2021-02-01 17:36:44,521-Baselog-INFO-com.dengta.date:id/item_short_video_avatar_civ
2021-02-01 17:36:45,174-Baselog-INFO-com.dengta.date:id/simpleDraweeView_user_info_avatar
2021-02-01 17:36:48,639-Baselog-INFO-com.dengta.date:id/frag_user_info_guardian_tv
2021-02-01 17:36:48,841-Baselog-INFO-com.dengta.date:id/iv_title_common_back
2021-02-01 17:36:50,148-Baselog-INFO-com.dengta.date:id/frag_detail_bottom_attention_ll
2021-02-01 17:36:52,217-Baselog-INFO-com.dengta.date:id/tv_commit
2021-02-01 17:36:53,099-Baselog-INFO-com.dengta.date:id/tv_commit
2021-02-01 17:36:54,555-Baselog-INFO-com.dengta.date:id/tv_commit
2021-02-01 17:36:55,289-Baselog-INFO-com.dengta.date:id/tv_commit
2021-02-01 17:36:56,176-Baselog-INFO-com.dengta.date:id/tv_commit
2021-02-01 17:36:56,947-Baselog-INFO-com.dengta.date:id/frag_user_info_guardian_tv
2021-02-01 17:36:57,631-Baselog-INFO-com.dengta.date:id/iv_title_common_back
2021-02-01 17:36:58,401-Baselog-INFO-com.dengta.date:id/frag_user_detail_followed_iv
2021-02-01 17:36:59,540-Baselog-INFO-com.dengta.date:id/dialog_comm_confirm_tv
2021-02-01 17:37:02,747-Baselog-INFO-com.dengta.date:id/home_page_video_search_iv
2021-02-01 17:37:03,649-Baselog-INFO-com.dengta.date:id/tv_video_search_search
2021-02-01 17:37:05,365-Baselog-INFO-com.dengta.date:id/frag_short_video_video_back_iv
2021-02-01 17:37:07,052-Baselog-INFO-com.dengta.date:id/tv_video_search_type
2021-02-01 17:37:08,209-Baselog-INFO-com.dengta.date:id/tv_video_search_title
2021-02-01 17:37:08,963-Baselog-INFO-com.dengta.date:id/tv_video_search_search
2021-02-01 17:37:10,848-Baselog-INFO-com.dengta.date:id/iv_item_user_detail_short_video_pic
2021-02-01 17:37:10,988-Baselog-INFO-com.dengta.date:id/frag_short_video_video_back_iv
2021-02-01 17:37:12,512-Baselog-INFO-com.dengta.date:id/iv_video_search_back
2021-02-01 17:37:13,684-Baselog-INFO-com.dengta.date:id/tem_short_video_like_svgiv
2021-02-01 17:37:14,766-Baselog-INFO-com.dengta.date:id/item_short_video_comment_tv
2021-02-01 17:37:15,470-Baselog-INFO-com.dengta.date:id/layout_comment_input_tv
2021-02-01 17:37:17,480-Baselog-INFO-com.dengta.date:id/layout_edit_comment_submit_tv
2021-02-01 17:37:19,907-Baselog-INFO-com.dengta.date:id/item_video_comment_like_iv
2021-02-01 17:37:22,940-Baselog-INFO-com.dengta.date:id/item_short_video_forward_tv
2021-02-01 17:37:23,136-Baselog-INFO-com.dengta.date:id/item_share_item_icon_iv
2021-02-01 17:37:26,889-Baselog-INFO-com.dengta.date:id/dialog_share_confirm_text_tv
2021-02-01 17:37:30,199-Baselog-INFO-com.dengta.date:id/btn_youth_mode_i_know
2021-02-01 17:37:30,969-Baselog-INFO-com.dengta.date:id/btn_open
2021-02-01 17:37:31,636-Baselog-INFO-com.android.permissioncontroller:id/permission_allow_foreground_only_button
2021-02-01 17:37:32,371-Baselog-INFO-com.dengta.date:id/iv_ta_live_live_like
2021-02-01 17:37:35,411-Baselog-INFO-com.dengta.date:id/iv_ta_live_start_live
2021-02-01 17:37:36,799-Baselog-INFO-com.android.permissioncontroller:id/permission_allow_button
2021-02-01 17:37:37,511-Baselog-INFO-com.dengta.date:id/btn_common_sure_no_bg_sure
2021-02-01 17:37:41,121-Baselog-INFO-com.dengta.date:id/img_bg_two
2021-02-01 17:37:41,753-Baselog-INFO-com.dengta.date:id/tv_select_avatar_select_from_album
2021-02-01 17:37:42,369-Baselog-INFO-com.dengta.date:id/tvCheck
2021-02-01 17:37:43,689-Baselog-INFO-com.dengta.date:id/picture_send
2021-02-01 17:37:44,831-Baselog-INFO-com.dengta.date:id/img_bg_three
2021-02-01 17:37:46,036-Baselog-INFO-com.dengta.date:id/tv_select_avatar_select_from_album
2021-02-01 17:37:46,671-Baselog-INFO-com.dengta.date:id/tvCheck
2021-02-01 17:37:47,992-Baselog-INFO-com.dengta.date:id/picture_send
2021-02-01 17:37:49,128-Baselog-INFO-com.dengta.date:id/btn_submit
2021-02-01 17:37:50,887-Baselog-INFO-com.dengta.date:id/btn_back
2021-02-01 17:37:52,411-Baselog-INFO-com.dengta.date:id/et_ta_live_search
2021-02-01 17:37:55,486-Baselog-INFO-com.dengta.date:id/tv_user_search_search
2021-02-01 17:37:57,176-Baselog-INFO-com.dengta.date:id/fl_item_homepage_list_avatar
2021-02-01 17:37:59,782-Baselog-INFO-com.dengta.date:id/iv_user_search_back
2021-02-01 17:37:59,927-Baselog-INFO-com.dengta.date:id/banner_general_blind_date
2021-02-01 17:38:01,564-Baselog-INFO-com.dengta.date:id/top_bar_left_iv
2021-02-01 17:38:03,776-Baselog-INFO-com.dengta.date:id/iv_ta_live_all_net_list
2021-02-01 17:38:05,046-Baselog-INFO-xpath=>//androidx.appcompat.app.ActionBar.Tab[@content-desc="上周榜"]/android.widget.TextView
2021-02-01 17:38:08,154-Baselog-INFO-xpath=>//androidx.appcompat.app.ActionBar.Tab[@content-desc="PK榜"]/android.view.ViewGroup
2021-02-01 17:38:09,868-Baselog-INFO-xpath=>//androidx.appcompat.app.ActionBar.Tab[@content-desc="富豪榜"]/android.view.ViewGroup
2021-02-01 17:38:11,119-Baselog-INFO-xpath=>//androidx.appcompat.app.ActionBar.Tab[@content-desc="上月榜"]/android.widget.TextView
2021-02-01 17:38:14,745-Baselog-INFO-com.dengta.date:id/iv_item_personal_live_pic
2021-02-01 17:38:15,085-Baselog-INFO-com.dengta.date:id/tv_live_top_group_status
2021-02-01 17:38:18,499-Baselog-INFO-com.dengta.date:id/iv_live_top_anchor_avatar
2021-02-01 17:38:18,664-Baselog-INFO-com.dengta.date:id/tv_other_user_info_manager
2021-02-01 17:38:19,404-Baselog-INFO-com.dengta.date:id/frag_report_rv
2021-02-01 17:38:20,206-Baselog-INFO-com.dengta.date:id/item_src_iv
2021-02-01 17:38:20,940-Baselog-INFO-com.dengta.date:id/tv_select_avatar_select_from_album
2021-02-01 17:38:21,559-Baselog-INFO-com.dengta.date:id/tvCheck
2021-02-01 17:38:22,880-Baselog-INFO-com.dengta.date:id/picture_send
2021-02-01 17:38:24,026-Baselog-INFO-com.dengta.date:id/frag_report_content_commit_tv
2021-02-01 17:38:26,388-Baselog-INFO-com.dengta.date:id/iv_other_user_info_noble_avatar
2021-02-01 17:38:29,916-Baselog-INFO-com.dengta.date:id/iv_live_top_anchor_avatar
2021-02-01 17:38:30,080-Baselog-INFO-com.dengta.date:id/iv_other_user_info_guard_avatar
2021-02-01 17:38:35,151-Baselog-INFO-com.dengta.date:id/tv_other_user_info_ait_ta
2021-02-01 17:38:36,311-Baselog-INFO-com.dengta.date:id/tv_dialog_live_edit_comment_send
2021-02-01 17:38:36,905-Baselog-INFO-com.dengta.date:id/tv_live_top_members_count
2021-02-01 17:38:38,308-Baselog-INFO-com.dengta.date:id/iv_live_room_online_user_close
2021-02-01 17:38:38,393-Baselog-INFO-com.dengta.date:id/iv_reward_top
2021-02-01 17:38:39,030-Baselog-INFO-xpath=>//androidx.appcompat.app.ActionBar.Tab[@content-desc="贡献总榜"]/android.widget.TextView
2021-02-01 17:38:41,730-Baselog-INFO-com.dengta.date:id/tv_live_bottom_say_something
2021-02-01 17:38:43,108-Baselog-INFO-com.dengta.date:id/tv_dialog_live_edit_comment_send
2021-02-01 17:38:43,684-Baselog-INFO-com.dengta.date:id/iv_live_bottom_audience_share
2021-02-01 17:38:44,555-Baselog-INFO-com.dengta.date:id/tv_personal_live_share_wechat_friends
2021-02-01 17:38:48,016-Baselog-INFO-com.dengta.date:id/iv_live_bottom_audience_share
2021-02-01 17:38:48,137-Baselog-INFO-com.dengta.date:id/tv_personal_live_share_date_friends
2021-02-01 17:38:48,822-Baselog-INFO-xpath=>//androidx.appcompat.app.ActionBar.Tab[@content-desc="关注 2"]/android.widget.TextView
2021-02-01 17:38:49,811-Baselog-INFO-com.dengta.date:id/item_friend_select_cb
2021-02-01 17:38:50,567-Baselog-INFO-com.dengta.date:id/frag_friend_main_toolbar_complete_tv
2021-02-01 17:38:51,585-Baselog-INFO-com.dengta.date:id/iv_live_bottom_private_room
2021-02-01 17:38:53,190-Baselog-INFO-com.dengta.date:id/tv_apply_private_room_confirm_dialog_sure
2021-02-01 17:38:54,427-Baselog-INFO-com.dengta.date:id/iv_live_bottom_call
2021-02-01 17:38:55,539-Baselog-INFO-com.dengta.date:id/tv_apply_unapply_seat
2021-02-01 17:38:56,368-Baselog-INFO-com.dengta.date:id/iv_live_bottom_flower
2021-02-01 17:38:57,914-Baselog-INFO-com.dengta.date:id/btn_send_flower_handsel
2021-02-01 17:39:04,440-Baselog-INFO-关闭app
