2021-02-03 18:38:44,617-Baselog-INFO-com.android.permissioncontroller:id/permission_allow_button
2021-02-03 18:38:45,261-Baselog-INFO-com.dengta.date:id/btn_user_privacy_policy_summary_agree
2021-02-03 18:38:46,181-Baselog-INFO-com.dengta.date:id/ll_login_select_cellphone_login_register
2021-02-03 18:38:48,433-Baselog-INFO-com.dengta.date:id/btn_login_sure
2021-02-03 18:38:49,524-Baselog-INFO-com.dengta.date:id/btn_inviteCode_cancel
2021-02-03 18:38:50,333-Baselog-INFO-com.dengta.date:id/iv_register_sex_girl
2021-02-03 18:38:51,499-Baselog-INFO-com.android.packageinstaller:id/permission_allow_button
2021-02-03 18:38:55,256-Baselog-INFO-com.dengta.date:id/btn_user_privacy_policy_summary_agree
2021-02-03 18:38:56,569-Baselog-INFO-com.dengta.date:id/btn_register_sex_sure
2021-02-03 18:38:58,320-Baselog-INFO-com.dengta.date:id/ll_register_info_nickname
2021-02-03 18:38:59,520-Baselog-INFO-com.dengta.date:id/iv_register_avatar_set_avatar
2021-02-03 18:39:00,208-Baselog-INFO-com.dengta.date:id/tv_select_avatar_select_from_album
2021-02-03 18:39:00,972-Baselog-INFO-com.android.permissioncontroller:id/permission_allow_button
2021-02-03 18:39:01,723-Baselog-INFO-com.android.permissioncontroller:id/permission_allow_button
2021-02-03 18:39:02,851-Baselog-INFO-com.dengta.date:id/tvCheck
2021-02-03 18:39:03,898-Baselog-INFO-com.dengta.date:id/picture_send
2021-02-03 18:39:05,053-Baselog-INFO-com.dengta.date:id/menu_crop
2021-02-03 18:39:05,855-Baselog-INFO-com.dengta.date:id/btn_register_info_next_step
2021-02-03 18:39:07,025-Baselog-INFO-com.dengta.date:id/btn_sign_in
2021-02-03 18:39:09,019-Baselog-INFO-com.dengta.date:id/btn_confirm
2021-02-03 18:39:09,819-Baselog-INFO-com.dengta.date:id/ll_login_select_cellphone_login_register
2021-02-03 18:39:11,887-Baselog-INFO-com.dengta.date:id/btn_login_sure
2021-02-03 18:39:13,091-Baselog-INFO-com.dengta.date:id/item_short_video_avatar_civ
2021-02-03 18:39:13,761-Baselog-INFO-com.dengta.date:id/simpleDraweeView_user_info_avatar
2021-02-03 18:39:16,351-Baselog-INFO-com.dengta.date:id/frag_user_info_guardian_tv
2021-02-03 18:39:17,091-Baselog-INFO-com.dengta.date:id/iv_title_common_back
2021-02-03 18:39:17,921-Baselog-INFO-com.dengta.date:id/frag_detail_bottom_attention_ll
2021-02-03 18:39:19,505-Baselog-INFO-com.dengta.date:id/tv_commit
2021-02-03 18:39:20,252-Baselog-INFO-com.dengta.date:id/tv_commit
2021-02-03 18:39:22,110-Baselog-INFO-com.dengta.date:id/tv_commit
2021-02-03 18:39:23,322-Baselog-INFO-com.dengta.date:id/tv_commit
2021-02-03 18:39:24,190-Baselog-INFO-com.dengta.date:id/tv_commit
2021-02-03 18:39:24,892-Baselog-INFO-com.dengta.date:id/frag_user_info_guardian_tv
2021-02-03 18:39:25,598-Baselog-INFO-com.dengta.date:id/iv_title_common_back
2021-02-03 18:39:26,396-Baselog-INFO-com.dengta.date:id/frag_user_detail_followed_iv
2021-02-03 18:39:27,503-Baselog-INFO-com.dengta.date:id/dialog_comm_confirm_tv
2021-02-03 18:39:29,687-Baselog-INFO-com.dengta.date:id/home_page_video_search_iv
2021-02-03 18:39:30,720-Baselog-INFO-com.dengta.date:id/tv_video_search_search
2021-02-03 18:39:32,890-Baselog-INFO-com.android.packageinstaller:id/permission_allow_button
2021-02-03 18:39:37,003-Baselog-INFO-¹Ø±Õapp
2021-02-03 18:39:37,454-Baselog-INFO-¹Ø±Õapp
