2021-02-01 15:22:16,927-Baselog-INFO-com.android.permissioncontroller:id/permission_allow_button
2021-02-01 15:22:17,520-Baselog-INFO-com.dengta.date:id/btn_user_privacy_policy_summary_agree
2021-02-01 15:22:18,396-Baselog-INFO-com.dengta.date:id/ll_login_select_cellphone_login_register
2021-02-01 15:22:22,099-Baselog-INFO-com.dengta.date:id/btn_login_sure
2021-02-01 15:22:23,401-Baselog-INFO-com.dengta.date:id/btn_inviteCode_cancel
2021-02-01 15:22:23,561-Baselog-INFO-com.dengta.date:id/iv_register_sex_girl
2021-02-01 15:22:25,236-Baselog-INFO-com.dengta.date:id/btn_register_sex_sure
2021-02-01 15:22:26,392-Baselog-INFO-com.dengta.date:id/ll_register_info_nickname
2021-02-01 15:22:27,136-Baselog-INFO-com.dengta.date:id/iv_register_avatar_set_avatar
2021-02-01 15:22:27,823-Baselog-INFO-com.dengta.date:id/tv_select_avatar_select_from_album
2021-02-01 15:22:29,144-Baselog-INFO-com.android.permissioncontroller:id/permission_allow_button
2021-02-01 15:22:30,408-Baselog-INFO-com.android.permissioncontroller:id/permission_allow_button
2021-02-01 15:22:31,318-Baselog-INFO-com.dengta.date:id/tvCheck
2021-02-01 15:22:32,816-Baselog-INFO-com.dengta.date:id/picture_send
2021-02-01 15:22:33,977-Baselog-INFO-com.dengta.date:id/menu_crop
2021-02-01 15:22:35,407-Baselog-INFO-com.dengta.date:id/btn_register_info_next_step
2021-02-01 15:22:36,618-Baselog-INFO-com.dengta.date:id/btn_sign_in
2021-02-01 15:22:38,816-Baselog-INFO-com.dengta.date:id/btn_confirm
2021-02-01 15:22:39,536-Baselog-INFO-com.dengta.date:id/item_short_video_avatar_civ
2021-02-01 15:22:40,172-Baselog-INFO-com.dengta.date:id/simpleDraweeView_user_info_avatar
2021-02-01 15:22:43,516-Baselog-INFO-com.dengta.date:id/frag_user_info_guardian_tv
2021-02-01 15:22:43,529-Baselog-ERROR-Message: An unknown server-side error occurred while processing the command. Original error: Could not proxy command to remote server. Original error: Error: read ECONNRESET

2021-02-01 15:22:43,600-Baselog-INFO-¹Ø±Õapp
