2021-02-01 14:34:17,676-Baselog-INFO-com.android.permissioncontroller:id/permission_allow_button
2021-02-01 14:34:18,259-Baselog-INFO-com.dengta.date:id/btn_user_privacy_policy_summary_agree
2021-02-01 14:34:19,094-Baselog-INFO-com.dengta.date:id/ll_login_select_cellphone_login_register
2021-02-01 14:34:22,193-Baselog-INFO-com.dengta.date:id/btn_login_sure
2021-02-01 14:34:23,484-Baselog-INFO-com.dengta.date:id/btn_inviteCode_cancel
2021-02-01 14:34:23,641-Baselog-INFO-com.dengta.date:id/iv_register_sex_girl
2021-02-01 14:34:25,411-Baselog-INFO-com.dengta.date:id/btn_register_sex_sure
2021-02-01 14:34:27,144-Baselog-INFO-com.dengta.date:id/ll_register_info_nickname
2021-02-01 14:34:27,884-Baselog-INFO-com.dengta.date:id/iv_register_avatar_set_avatar
2021-02-01 14:34:28,672-Baselog-INFO-com.dengta.date:id/tv_select_avatar_select_from_album
2021-02-01 14:34:29,473-Baselog-INFO-com.android.permissioncontroller:id/permission_allow_button
2021-02-01 14:34:30,740-Baselog-INFO-com.android.permissioncontroller:id/permission_allow_button
2021-02-01 14:34:31,661-Baselog-INFO-com.dengta.date:id/tvCheck
2021-02-01 14:34:33,142-Baselog-INFO-com.dengta.date:id/picture_send
2021-02-01 14:34:34,303-Baselog-INFO-com.dengta.date:id/menu_crop
2021-02-01 14:34:35,648-Baselog-INFO-com.dengta.date:id/btn_register_info_next_step
2021-02-01 14:34:36,820-Baselog-INFO-com.dengta.date:id/btn_sign_in
2021-02-01 14:34:38,605-Baselog-INFO-com.dengta.date:id/btn_confirm
2021-02-01 14:34:39,875-Baselog-INFO-com.dengta.date:id/item_short_video_avatar_civ
2021-02-01 14:34:40,496-Baselog-INFO-com.dengta.date:id/simpleDraweeView_user_info_avatar
2021-02-01 14:34:41,644-Baselog-INFO-com.dengta.date:id/frag_user_info_guardian_tv
2021-02-01 14:34:45,448-Baselog-ERROR-Message: 

2021-02-01 14:34:46,303-Baselog-INFO-截图并保存至：F:\appium_jskj/screenshots/21020114021612161285.4499998.png
2021-02-01 14:34:46,303-Baselog-INFO-com.dengta.date:id/iv_title_common_back
2021-02-01 14:34:50,878-Baselog-ERROR-Message: 

2021-02-01 14:34:51,894-Baselog-INFO-截图并保存至：F:\appium_jskj/screenshots/21020114021612161290.879.png
2021-02-01 14:34:51,894-Baselog-INFO-com.dengta.date:id/frag_detail_bottom_attention_ll
2021-02-01 14:34:53,568-Baselog-INFO-com.dengta.date:id/tv_commit
2021-02-01 14:34:54,327-Baselog-INFO-com.dengta.date:id/tv_commit
2021-02-01 14:34:55,798-Baselog-INFO-com.dengta.date:id/tv_commit
2021-02-01 14:34:56,495-Baselog-INFO-com.dengta.date:id/tv_commit
2021-02-01 14:34:57,280-Baselog-INFO-com.dengta.date:id/tv_commit
2021-02-01 14:34:57,979-Baselog-INFO-com.dengta.date:id/frag_user_info_guardian_tv
2021-02-01 14:34:58,703-Baselog-INFO-com.dengta.date:id/iv_title_common_back
2021-02-01 14:34:59,470-Baselog-INFO-com.dengta.date:id/frag_user_detail_followed_iv
2021-02-01 14:35:00,603-Baselog-INFO-com.dengta.date:id/dialog_comm_confirm_tv
2021-02-01 14:35:02,007-Baselog-INFO-com.dengta.date:id/home_page_video_search_iv
2021-02-01 14:35:04,131-Baselog-INFO-com.dengta.date:id/tv_video_search_search
2021-02-01 14:35:05,811-Baselog-INFO-com.dengta.date:id/frag_short_video_video_back_iv
2021-02-01 14:35:08,638-Baselog-INFO-com.dengta.date:id/tv_video_search_type
2021-02-01 14:35:08,799-Baselog-INFO-com.dengta.date:id/tv_video_search_title
2021-02-01 14:35:09,431-Baselog-INFO-com.dengta.date:id/tv_video_search_search
2021-02-01 14:35:11,459-Baselog-INFO-com.dengta.date:id/iv_item_user_detail_short_video_pic
2021-02-01 14:35:32,500-Baselog-INFO-com.dengta.date:id/tem_short_video_like_svgiv
2021-02-01 14:35:36,315-Baselog-ERROR-Message: 

2021-02-01 14:35:38,444-Baselog-INFO-截图并保存至：F:\appium_jskj/screenshots/21020114021612161336.315.png
2021-02-01 14:36:40,576-Baselog-INFO-com.dengta.date:id/item_short_video_comment_tv
2021-02-01 14:36:44,388-Baselog-ERROR-Message: 

2021-02-01 14:36:46,753-Baselog-INFO-截图并保存至：F:\appium_jskj/screenshots/21020114021612161404.389.png
2021-02-01 14:36:46,753-Baselog-INFO-com.dengta.date:id/layout_comment_input_tv
2021-02-01 14:36:50,558-Baselog-ERROR-Message: 

2021-02-01 14:36:52,756-Baselog-INFO-截图并保存至：F:\appium_jskj/screenshots/21020114021612161410.559.png
2021-02-01 14:36:56,705-Baselog-INFO-关闭app
