2021-02-04 19:37:59,880-Baselog-INFO-com.android.permissioncontroller:id/permission_allow_button
2021-02-04 19:38:00,509-Baselog-INFO-com.dengta.date:id/btn_user_privacy_policy_summary_agree
2021-02-04 19:38:01,461-Baselog-INFO-com.dengta.date:id/ll_login_select_cellphone_login_register
2021-02-04 19:38:03,077-Baselog-INFO-com.dengta.date:id/btn_login_sure
2021-02-04 19:38:04,829-Baselog-INFO-com.dengta.date:id/btn_inviteCode_cancel
2021-02-04 19:38:05,456-Baselog-INFO-com.dengta.date:id/iv_register_sex_girl
2021-02-04 19:38:07,277-Baselog-INFO-com.android.packageinstaller:id/permission_allow_button
2021-02-04 19:38:11,124-Baselog-INFO-com.dengta.date:id/btn_user_privacy_policy_summary_agree
2021-02-04 19:38:24,279-Baselog-INFO-截图并保存至：F:\appium_jskj/screenshots/21020419021612438702.4234002.png
2021-02-04 19:38:24,279-Baselog-ERROR-Message: None

2021-02-04 19:38:26,134-Baselog-INFO-截图并保存至：F:\appium_jskj/screenshots/21020419021612438704.2794.png
2021-02-04 19:38:26,135-Baselog-INFO-com.dengta.date:id/btn_register_sex_sure
2021-02-04 19:38:27,857-Baselog-INFO-com.dengta.date:id/ll_register_info_nickname
2021-02-04 19:38:29,087-Baselog-INFO-com.dengta.date:id/iv_register_avatar_set_avatar
2021-02-04 19:38:29,775-Baselog-INFO-com.dengta.date:id/tv_select_avatar_select_from_album
2021-02-04 19:38:30,541-Baselog-INFO-com.android.permissioncontroller:id/permission_allow_button
2021-02-04 19:38:31,275-Baselog-INFO-com.android.permissioncontroller:id/permission_allow_button
2021-02-04 19:38:32,182-Baselog-INFO-com.dengta.date:id/tvCheck
2021-02-04 19:38:33,148-Baselog-INFO-com.dengta.date:id/picture_send
2021-02-04 19:38:34,286-Baselog-INFO-com.dengta.date:id/menu_crop
2021-02-04 19:38:35,205-Baselog-INFO-com.dengta.date:id/btn_register_info_next_step
2021-02-04 19:38:36,334-Baselog-INFO-com.dengta.date:id/btn_sign_in
2021-02-04 19:38:38,199-Baselog-INFO-com.dengta.date:id/btn_confirm
2021-02-04 19:38:38,971-Baselog-INFO-com.dengta.date:id/iv_recharge_activities_close
2021-02-04 19:38:39,623-Baselog-INFO-com.dengta.date:id/ll_login_select_cellphone_login_register
2021-02-04 19:38:53,196-Baselog-INFO-截图并保存至：F:\appium_jskj/screenshots/21020419021612438731.2964.png
2021-02-04 19:38:53,196-Baselog-ERROR-Message: None

2021-02-04 19:38:55,063-Baselog-INFO-截图并保存至：F:\appium_jskj/screenshots/21020419021612438733.1964002.png
2021-02-04 19:39:11,835-Baselog-INFO-com.dengta.date:id/btn_login_sure
2021-02-04 19:39:12,985-Baselog-INFO-com.dengta.date:id/item_short_video_avatar_civ
2021-02-04 19:39:13,717-Baselog-INFO-com.dengta.date:id/simpleDraweeView_user_info_avatar
2021-02-04 19:39:16,289-Baselog-INFO-com.dengta.date:id/frag_user_info_guardian_tv
2021-02-04 19:39:17,026-Baselog-INFO-com.dengta.date:id/iv_title_common_back
2021-02-04 19:39:17,878-Baselog-INFO-com.dengta.date:id/frag_detail_bottom_attention_ll
2021-02-04 19:39:19,430-Baselog-INFO-com.dengta.date:id/tv_commit
2021-02-04 19:39:20,307-Baselog-INFO-com.dengta.date:id/tv_commit
2021-02-04 19:39:21,793-Baselog-INFO-com.dengta.date:id/tv_commit
2021-02-04 19:39:23,009-Baselog-INFO-com.dengta.date:id/tv_commit
2021-02-04 19:39:23,794-Baselog-INFO-com.dengta.date:id/tv_commit
2021-02-04 19:39:24,498-Baselog-INFO-com.dengta.date:id/frag_user_info_guardian_tv
2021-02-04 19:39:25,236-Baselog-INFO-com.dengta.date:id/iv_title_common_back
2021-02-04 19:39:26,052-Baselog-INFO-com.dengta.date:id/frag_user_detail_followed_iv
2021-02-04 19:39:27,177-Baselog-INFO-com.dengta.date:id/dialog_comm_confirm_tv
2021-02-04 19:39:28,478-Baselog-INFO-com.dengta.date:id/home_page_video_search_iv
2021-02-04 19:39:29,940-Baselog-INFO-com.dengta.date:id/tv_video_search_search
2021-02-04 19:39:31,120-Baselog-INFO-com.android.packageinstaller:id/permission_allow_button
2021-02-04 19:39:35,642-Baselog-INFO-关闭app
2021-02-04 19:39:36,177-Baselog-INFO-关闭app
