2021-02-03 18:03:25,225-Baselog-INFO-com.android.permissioncontroller:id/permission_allow_button
2021-02-03 18:03:25,860-Baselog-INFO-com.dengta.date:id/btn_user_privacy_policy_summary_agree
2021-02-03 18:03:26,779-Baselog-INFO-com.dengta.date:id/ll_login_select_cellphone_login_register
2021-02-03 18:03:29,435-Baselog-INFO-com.dengta.date:id/btn_login_sure
2021-02-03 18:03:31,137-Baselog-INFO-com.dengta.date:id/btn_inviteCode_cancel
2021-02-03 18:03:31,785-Baselog-INFO-com.dengta.date:id/iv_register_sex_girl
2021-02-03 18:03:32,918-Baselog-INFO-com.android.packageinstaller:id/permission_allow_button
2021-02-03 18:03:36,628-Baselog-INFO-com.dengta.date:id/btn_user_privacy_policy_summary_agree
2021-02-03 18:03:37,896-Baselog-INFO-com.dengta.date:id/btn_register_sex_sure
2021-02-03 18:03:40,178-Baselog-INFO-com.dengta.date:id/ll_register_info_nickname
2021-02-03 18:03:41,387-Baselog-INFO-com.dengta.date:id/iv_register_avatar_set_avatar
2021-02-03 18:03:42,053-Baselog-INFO-com.dengta.date:id/tv_select_avatar_select_from_album
2021-02-03 18:03:42,818-Baselog-INFO-com.android.permissioncontroller:id/permission_allow_button
2021-02-03 18:03:43,568-Baselog-INFO-com.android.permissioncontroller:id/permission_allow_button
2021-02-03 18:03:44,493-Baselog-INFO-com.dengta.date:id/tvCheck
2021-02-03 18:03:45,510-Baselog-INFO-com.dengta.date:id/picture_send
2021-02-03 18:03:46,718-Baselog-INFO-com.dengta.date:id/menu_crop
2021-02-03 18:03:47,618-Baselog-INFO-com.dengta.date:id/btn_register_info_next_step
2021-02-03 18:03:48,773-Baselog-INFO-com.dengta.date:id/btn_sign_in
2021-02-03 18:03:50,777-Baselog-INFO-com.dengta.date:id/btn_confirm
2021-02-03 18:03:51,481-Baselog-INFO-com.dengta.date:id/ll_login_select_cellphone_login_register
2021-02-03 18:03:53,530-Baselog-INFO-com.dengta.date:id/btn_login_sure
2021-02-03 18:03:55,106-Baselog-INFO-com.dengta.date:id/item_short_video_avatar_civ
2021-02-03 18:03:55,798-Baselog-INFO-com.dengta.date:id/simpleDraweeView_user_info_avatar
2021-02-03 18:03:57,665-Baselog-INFO-com.dengta.date:id/frag_user_info_guardian_tv
2021-02-03 18:03:58,958-Baselog-INFO-com.dengta.date:id/iv_title_common_back
2021-02-03 18:03:59,791-Baselog-INFO-com.dengta.date:id/frag_detail_bottom_attention_ll
2021-02-03 18:04:02,204-Baselog-INFO-com.dengta.date:id/tv_commit
2021-02-03 18:04:03,073-Baselog-INFO-com.dengta.date:id/tv_commit
2021-02-03 18:04:04,914-Baselog-INFO-com.dengta.date:id/tv_commit
2021-02-03 18:04:06,131-Baselog-INFO-com.dengta.date:id/tv_commit
2021-02-03 18:04:06,881-Baselog-INFO-com.dengta.date:id/tv_commit
2021-02-03 18:04:07,736-Baselog-INFO-com.dengta.date:id/frag_user_info_guardian_tv
2021-02-03 18:04:08,438-Baselog-INFO-com.dengta.date:id/iv_title_common_back
2021-02-03 18:04:09,460-Baselog-INFO-com.dengta.date:id/frag_user_detail_followed_iv
2021-02-03 18:04:10,580-Baselog-INFO-com.dengta.date:id/dialog_comm_confirm_tv
2021-02-03 18:04:11,867-Baselog-INFO-com.dengta.date:id/home_page_video_search_iv
2021-02-03 18:04:13,802-Baselog-INFO-com.dengta.date:id/tv_video_search_search
2021-02-03 18:04:14,979-Baselog-INFO-com.android.packageinstaller:id/permission_allow_button
2021-02-03 18:04:16,785-Baselog-INFO-com.dengta.date:id/btn_youth_mode_i_know
2021-02-03 18:04:18,221-Baselog-INFO-com.dengta.date:id/btn_open
2021-02-03 18:04:19,253-Baselog-INFO-com.android.packageinstaller:id/permission_allow_button
2021-02-03 18:04:20,181-Baselog-INFO-com.dengta.date:id/frag_short_video_video_back_iv
2021-02-03 18:04:22,573-Baselog-INFO-com.dengta.date:id/tv_video_search_type
2021-02-03 18:04:24,331-Baselog-INFO-com.dengta.date:id/tv_video_search_title
2021-02-03 18:04:24,944-Baselog-INFO-com.dengta.date:id/tv_video_search_search
2021-02-03 18:04:26,044-Baselog-INFO-com.dengta.date:id/iv_item_user_detail_short_video_pic
2021-02-03 18:04:27,238-Baselog-INFO-com.dengta.date:id/frag_short_video_video_back_iv
2021-02-03 18:04:28,568-Baselog-INFO-com.dengta.date:id/iv_video_search_back
2021-02-03 18:04:29,724-Baselog-INFO-com.dengta.date:id/tem_short_video_like_svgiv
2021-02-03 18:04:30,791-Baselog-INFO-com.dengta.date:id/item_short_video_comment_tv
2021-02-03 18:04:31,494-Baselog-INFO-com.dengta.date:id/layout_comment_input_tv
2021-02-03 18:04:33,195-Baselog-INFO-com.dengta.date:id/layout_edit_comment_submit_tv
2021-02-03 18:04:35,098-Baselog-INFO-com.dengta.date:id/item_video_comment_like_iv
2021-02-03 18:04:37,622-Baselog-INFO-com.dengta.date:id/item_short_video_forward_tv
2021-02-03 18:04:38,334-Baselog-INFO-com.dengta.date:id/item_share_item_icon_iv
2021-02-03 18:04:42,067-Baselog-INFO-com.dengta.date:id/dialog_share_confirm_text_tv
2021-02-03 18:04:45,093-Baselog-INFO-com.dengta.date:id/btn_youth_mode_i_know
2021-02-03 18:04:45,742-Baselog-INFO-com.dengta.date:id/btn_open
2021-02-03 18:04:46,377-Baselog-INFO-com.android.permissioncontroller:id/permission_allow_foreground_only_button
2021-02-03 18:04:47,127-Baselog-INFO-com.dengta.date:id/iv_ta_live_live_like
2021-02-03 18:04:49,664-Baselog-INFO-com.dengta.date:id/iv_ta_live_start_live
2021-02-03 18:04:51,696-Baselog-INFO-com.android.packageinstaller:id/permission_allow_button
2021-02-03 18:04:52,508-Baselog-INFO-com.android.packageinstaller:id/permission_allow_button
2021-02-03 18:04:53,437-Baselog-INFO-com.android.packageinstaller:id/permission_allow_button
2021-02-03 18:04:54,314-Baselog-INFO-com.dengta.date:id/iv_ta_live_start_live
2021-02-03 18:04:55,010-Baselog-INFO-com.android.permissioncontroller:id/permission_allow_button
2021-02-03 18:04:55,757-Baselog-INFO-com.dengta.date:id/btn_common_sure_no_bg_sure
2021-02-03 18:05:01,258-Baselog-INFO-com.dengta.date:id/img_bg_two
2021-02-03 18:05:02,819-Baselog-INFO-com.dengta.date:id/tv_select_avatar_select_from_album
2021-02-03 18:05:03,438-Baselog-INFO-com.dengta.date:id/tvCheck
2021-02-03 18:05:05,242-Baselog-INFO-com.dengta.date:id/picture_send
2021-02-03 18:05:05,880-Baselog-INFO-com.dengta.date:id/img_bg_three
2021-02-03 18:05:07,083-Baselog-INFO-com.dengta.date:id/tv_select_avatar_select_from_album
2021-02-03 18:05:07,716-Baselog-INFO-com.dengta.date:id/tvCheck
2021-02-03 18:05:08,502-Baselog-INFO-com.dengta.date:id/picture_send
2021-02-03 18:05:10,715-Baselog-INFO-com.dengta.date:id/btn_submit
2021-02-03 18:05:11,344-Baselog-INFO-com.dengta.date:id/btn_back
2021-02-03 18:05:13,401-Baselog-INFO-com.dengta.date:id/et_ta_live_search
2021-02-03 18:05:15,251-Baselog-INFO-com.dengta.date:id/tv_user_search_search
2021-02-03 18:05:17,438-Baselog-INFO-com.dengta.date:id/fl_item_homepage_list_avatar
2021-02-03 18:05:19,744-Baselog-INFO-com.dengta.date:id/iv_user_search_back
2021-02-03 18:05:20,377-Baselog-INFO-com.dengta.date:id/banner_general_blind_date
2021-02-03 18:05:21,611-Baselog-INFO-com.dengta.date:id/top_bar_left_iv
2021-02-03 18:05:23,919-Baselog-INFO-com.dengta.date:id/iv_ta_live_all_net_list
2021-02-03 18:05:25,105-Baselog-INFO-xpath=>//androidx.appcompat.app.ActionBar.Tab[@content-desc="上周榜"]/android.widget.TextView
2021-02-03 18:05:28,795-Baselog-INFO-xpath=>//androidx.appcompat.app.ActionBar.Tab[@content-desc="PK榜"]/android.view.ViewGroup
2021-02-03 18:05:30,443-Baselog-INFO-xpath=>//androidx.appcompat.app.ActionBar.Tab[@content-desc="富豪榜"]/android.view.ViewGroup
2021-02-03 18:05:32,446-Baselog-INFO-xpath=>//androidx.appcompat.app.ActionBar.Tab[@content-desc="上月榜"]/android.widget.TextView
2021-02-03 18:05:36,531-Baselog-INFO-com.dengta.date:id/btn_i_know
2021-02-03 18:05:37,239-Baselog-INFO-com.dengta.date:id/et_start_live_title
2021-02-03 18:05:39,818-Baselog-INFO-com.dengta.date:id/tv_start_live_theme
2021-02-03 18:05:40,989-Baselog-INFO-com.dengta.date:id/tv_theme_content
2021-02-03 18:05:41,817-Baselog-INFO-com.dengta.date:id/btn_commit
2021-02-03 18:05:53,587-Baselog-INFO-关闭app
2021-02-03 18:05:54,032-Baselog-INFO-关闭app
