2021-02-01 17:32:13,089-Baselog-INFO-com.android.permissioncontroller:id/permission_allow_button
2021-02-01 17:32:13,703-Baselog-INFO-com.dengta.date:id/btn_user_privacy_policy_summary_agree
2021-02-01 17:32:15,142-Baselog-INFO-com.dengta.date:id/ll_login_select_cellphone_login_register
2021-02-01 17:32:18,199-Baselog-INFO-com.dengta.date:id/btn_login_sure
2021-02-01 17:32:19,467-Baselog-INFO-com.dengta.date:id/btn_inviteCode_cancel
2021-02-01 17:32:19,628-Baselog-INFO-com.dengta.date:id/iv_register_sex_girl
2021-02-01 17:32:21,558-Baselog-INFO-com.dengta.date:id/btn_register_sex_sure
2021-02-01 17:32:22,716-Baselog-INFO-com.dengta.date:id/ll_register_info_nickname
2021-02-01 17:32:23,447-Baselog-INFO-com.dengta.date:id/iv_register_avatar_set_avatar
2021-02-01 17:32:24,147-Baselog-INFO-com.dengta.date:id/tv_select_avatar_select_from_album
2021-02-01 17:32:24,915-Baselog-INFO-com.android.permissioncontroller:id/permission_allow_button
2021-02-01 17:32:26,148-Baselog-INFO-com.android.permissioncontroller:id/permission_allow_button
2021-02-01 17:32:27,055-Baselog-INFO-com.dengta.date:id/tvCheck
2021-02-01 17:32:28,592-Baselog-INFO-com.dengta.date:id/picture_send
2021-02-01 17:32:29,772-Baselog-INFO-com.dengta.date:id/menu_crop
2021-02-01 17:32:31,220-Baselog-INFO-com.dengta.date:id/btn_register_info_next_step
2021-02-01 17:32:32,376-Baselog-INFO-com.dengta.date:id/btn_sign_in
2021-02-01 17:32:34,631-Baselog-INFO-com.dengta.date:id/btn_confirm
2021-02-01 17:32:35,887-Baselog-INFO-com.dengta.date:id/item_short_video_avatar_civ
2021-02-01 17:32:36,519-Baselog-INFO-com.dengta.date:id/simpleDraweeView_user_info_avatar
2021-02-01 17:32:39,865-Baselog-INFO-com.dengta.date:id/frag_user_info_guardian_tv
2021-02-01 17:32:40,055-Baselog-INFO-com.dengta.date:id/iv_title_common_back
2021-02-01 17:32:40,790-Baselog-INFO-com.dengta.date:id/frag_detail_bottom_attention_ll
2021-02-01 17:32:42,863-Baselog-INFO-com.dengta.date:id/tv_commit
2021-02-01 17:32:43,735-Baselog-INFO-com.dengta.date:id/tv_commit
2021-02-01 17:32:45,747-Baselog-INFO-com.dengta.date:id/tv_commit
2021-02-01 17:32:46,476-Baselog-INFO-com.dengta.date:id/tv_commit
2021-02-01 17:32:47,712-Baselog-INFO-com.dengta.date:id/tv_commit
2021-02-01 17:32:47,796-Baselog-INFO-com.dengta.date:id/frag_user_info_guardian_tv
2021-02-01 17:32:48,480-Baselog-INFO-com.dengta.date:id/iv_title_common_back
2021-02-01 17:32:49,233-Baselog-INFO-com.dengta.date:id/frag_user_detail_followed_iv
2021-02-01 17:32:50,352-Baselog-INFO-com.dengta.date:id/dialog_comm_confirm_tv
2021-02-01 17:32:52,479-Baselog-INFO-com.dengta.date:id/home_page_video_search_iv
2021-02-01 17:32:53,887-Baselog-INFO-com.dengta.date:id/tv_video_search_search
2021-02-01 17:32:55,506-Baselog-INFO-com.dengta.date:id/frag_short_video_video_back_iv
2021-02-01 17:32:57,196-Baselog-INFO-com.dengta.date:id/tv_video_search_type
2021-02-01 17:32:58,855-Baselog-INFO-com.dengta.date:id/tv_video_search_title
2021-02-01 17:32:59,006-Baselog-INFO-com.dengta.date:id/tv_video_search_search
2021-02-01 17:33:01,302-Baselog-INFO-com.dengta.date:id/iv_item_user_detail_short_video_pic
2021-02-01 17:33:01,411-Baselog-INFO-com.dengta.date:id/frag_short_video_video_back_iv
2021-02-01 17:33:03,431-Baselog-INFO-com.dengta.date:id/iv_video_search_back
2021-02-01 17:33:04,605-Baselog-INFO-com.dengta.date:id/tem_short_video_like_svgiv
2021-02-01 17:33:05,674-Baselog-INFO-com.dengta.date:id/item_short_video_comment_tv
2021-02-01 17:33:06,375-Baselog-INFO-com.dengta.date:id/layout_comment_input_tv
2021-02-01 17:33:08,313-Baselog-INFO-com.dengta.date:id/layout_edit_comment_submit_tv
2021-02-01 17:33:10,719-Baselog-INFO-com.dengta.date:id/item_video_comment_like_iv
2021-02-01 17:33:13,792-Baselog-INFO-com.dengta.date:id/item_short_video_forward_tv
2021-02-01 17:33:13,988-Baselog-INFO-com.dengta.date:id/item_share_item_icon_iv
2021-02-01 17:33:17,743-Baselog-INFO-com.dengta.date:id/dialog_share_confirm_text_tv
2021-02-01 17:33:20,697-Baselog-INFO-com.dengta.date:id/btn_youth_mode_i_know
2021-02-01 17:33:21,470-Baselog-INFO-com.dengta.date:id/btn_open
2021-02-01 17:33:22,236-Baselog-INFO-com.android.permissioncontroller:id/permission_allow_foreground_only_button
2021-02-01 17:33:23,003-Baselog-INFO-com.dengta.date:id/iv_ta_live_live_like
2021-02-01 17:33:26,040-Baselog-INFO-com.dengta.date:id/iv_ta_live_start_live
2021-02-01 17:33:27,526-Baselog-INFO-com.android.permissioncontroller:id/permission_allow_button
2021-02-01 17:33:28,756-Baselog-INFO-com.dengta.date:id/btn_common_sure_no_bg_sure
2021-02-01 17:33:31,427-Baselog-INFO-com.dengta.date:id/img_bg_two
2021-02-01 17:33:32,041-Baselog-INFO-com.dengta.date:id/tv_select_avatar_select_from_album
2021-02-01 17:33:32,674-Baselog-INFO-com.dengta.date:id/tvCheck
2021-02-01 17:33:33,961-Baselog-INFO-com.dengta.date:id/picture_send
2021-02-01 17:33:36,191-Baselog-INFO-com.dengta.date:id/img_bg_three
2021-02-01 17:33:36,355-Baselog-INFO-com.dengta.date:id/tv_select_avatar_select_from_album
2021-02-01 17:33:36,974-Baselog-INFO-com.dengta.date:id/tvCheck
2021-02-01 17:33:38,279-Baselog-INFO-com.dengta.date:id/picture_send
2021-02-01 17:33:39,417-Baselog-INFO-com.dengta.date:id/btn_submit
2021-02-01 17:33:40,635-Baselog-INFO-com.dengta.date:id/btn_back
2021-02-01 17:33:42,128-Baselog-INFO-com.dengta.date:id/et_ta_live_search
2021-02-01 17:33:45,152-Baselog-INFO-com.dengta.date:id/tv_user_search_search
2021-02-01 17:33:46,913-Baselog-INFO-com.dengta.date:id/fl_item_homepage_list_avatar
2021-02-01 17:33:48,536-Baselog-INFO-com.dengta.date:id/iv_user_search_back
2021-02-01 17:33:49,325-Baselog-INFO-com.dengta.date:id/banner_general_blind_date
2021-02-01 17:33:50,611-Baselog-INFO-com.dengta.date:id/top_bar_left_iv
2021-02-01 17:33:52,674-Baselog-INFO-com.dengta.date:id/iv_ta_live_all_net_list
2021-02-01 17:33:53,924-Baselog-INFO-xpath=>//androidx.appcompat.app.ActionBar.Tab[@content-desc="上周榜"]/android.widget.TextView
2021-02-01 17:33:57,272-Baselog-INFO-xpath=>//androidx.appcompat.app.ActionBar.Tab[@content-desc="PK榜"]/android.view.ViewGroup
2021-02-01 17:33:59,148-Baselog-INFO-xpath=>//androidx.appcompat.app.ActionBar.Tab[@content-desc="富豪榜"]/android.view.ViewGroup
2021-02-01 17:34:00,430-Baselog-INFO-xpath=>//androidx.appcompat.app.ActionBar.Tab[@content-desc="上月榜"]/android.widget.TextView
2021-02-01 17:34:03,108-Baselog-INFO-com.dengta.date:id/iv_item_personal_live_pic
2021-02-01 17:34:04,052-Baselog-INFO-com.dengta.date:id/tv_live_top_group_status
2021-02-01 17:34:06,690-Baselog-INFO-com.dengta.date:id/iv_live_top_anchor_avatar
2021-02-01 17:34:07,662-Baselog-INFO-com.dengta.date:id/tv_other_user_info_manager
2021-02-01 17:34:08,383-Baselog-INFO-com.dengta.date:id/frag_report_rv
2021-02-01 17:34:09,702-Baselog-INFO-com.dengta.date:id/item_src_iv
2021-02-01 17:34:10,457-Baselog-INFO-com.dengta.date:id/tv_select_avatar_select_from_album
2021-02-01 17:34:11,089-Baselog-INFO-com.dengta.date:id/tvCheck
2021-02-01 17:34:12,427-Baselog-INFO-com.dengta.date:id/picture_send
2021-02-01 17:34:14,672-Baselog-INFO-com.dengta.date:id/frag_report_content_commit_tv
2021-02-01 17:34:15,957-Baselog-INFO-com.dengta.date:id/iv_other_user_info_noble_avatar
2021-02-01 17:34:19,457-Baselog-INFO-com.dengta.date:id/iv_live_top_anchor_avatar
2021-02-01 17:34:19,625-Baselog-INFO-com.dengta.date:id/iv_other_user_info_guard_avatar
2021-02-01 17:34:24,748-Baselog-INFO-com.dengta.date:id/tv_other_user_info_ait_ta
2021-02-01 17:34:26,443-Baselog-INFO-com.dengta.date:id/tv_dialog_live_edit_comment_send
2021-02-01 17:34:27,692-Baselog-INFO-com.dengta.date:id/tv_live_top_members_count
2021-02-01 17:34:28,486-Baselog-INFO-com.dengta.date:id/iv_live_room_online_user_close
2021-02-01 17:34:28,593-Baselog-INFO-com.dengta.date:id/iv_reward_top
2021-02-01 17:34:29,225-Baselog-INFO-xpath=>//androidx.appcompat.app.ActionBar.Tab[@content-desc="贡献总榜"]/android.widget.TextView
2021-02-01 17:34:31,875-Baselog-INFO-com.dengta.date:id/tv_live_bottom_say_something
2021-02-01 17:34:33,282-Baselog-INFO-com.dengta.date:id/tv_dialog_live_edit_comment_send
2021-02-01 17:34:33,880-Baselog-INFO-com.dengta.date:id/iv_live_bottom_audience_share
2021-02-01 17:34:34,683-Baselog-INFO-com.dengta.date:id/tv_personal_live_share_wechat_friends
2021-02-01 17:34:38,142-Baselog-INFO-com.dengta.date:id/iv_live_bottom_audience_share
2021-02-01 17:34:38,246-Baselog-INFO-com.dengta.date:id/tv_personal_live_share_date_friends
2021-02-01 17:34:38,967-Baselog-INFO-xpath=>//androidx.appcompat.app.ActionBar.Tab[@content-desc="关注 2"]/android.widget.TextView
2021-02-01 17:34:39,868-Baselog-INFO-com.dengta.date:id/item_friend_select_cb
2021-02-01 17:34:40,588-Baselog-INFO-com.dengta.date:id/frag_friend_main_toolbar_complete_tv
2021-02-01 17:34:41,624-Baselog-INFO-com.dengta.date:id/iv_live_bottom_private_room
2021-02-01 17:34:43,302-Baselog-INFO-com.dengta.date:id/tv_apply_private_room_confirm_dialog_sure
2021-02-01 17:34:43,382-Baselog-INFO-com.dengta.date:id/iv_live_bottom_call
2021-02-01 17:34:44,017-Baselog-INFO-com.dengta.date:id/iv_live_bottom_flower
2021-02-01 17:34:47,900-Baselog-ERROR-Message: 

2021-02-01 17:34:48,881-Baselog-INFO-截图并保存至：F:\appium_jskj/screenshots/21020117021612172087.9.png
2021-02-01 17:34:48,881-Baselog-INFO-com.dengta.date:id/btn_send_flower_handsel
2021-02-01 17:34:52,641-Baselog-ERROR-Message: 

2021-02-01 17:34:53,615-Baselog-INFO-截图并保存至：F:\appium_jskj/screenshots/21020117021612172092.642.png
2021-02-01 17:34:57,967-Baselog-INFO-关闭app
