2021-02-03 15:17:00,308-Baselog-INFO-com.android.permissioncontroller:id/permission_allow_button
2021-02-03 15:17:01,888-Baselog-INFO-com.dengta.date:id/btn_user_privacy_policy_summary_agree
2021-02-03 15:17:03,178-Baselog-INFO-com.dengta.date:id/ll_login_select_cellphone_login_register
2021-02-03 15:17:05,640-Baselog-INFO-com.dengta.date:id/btn_login_sure
2021-02-03 15:17:08,100-Baselog-INFO-com.dengta.date:id/btn_inviteCode_cancel
2021-02-03 15:17:09,232-Baselog-INFO-com.dengta.date:id/iv_register_sex_girl
2021-02-03 15:17:10,382-Baselog-INFO-com.dengta.date:id/btn_register_sex_sure
2021-02-03 15:17:12,230-Baselog-INFO-com.dengta.date:id/ll_register_info_nickname
2021-02-03 15:17:14,041-Baselog-INFO-com.dengta.date:id/iv_register_avatar_set_avatar
2021-02-03 15:17:15,178-Baselog-INFO-com.dengta.date:id/tv_select_avatar_select_from_album
2021-02-03 15:17:16,345-Baselog-INFO-com.android.permissioncontroller:id/permission_allow_button
2021-02-03 15:17:17,411-Baselog-INFO-com.android.permissioncontroller:id/permission_allow_button
2021-02-03 15:17:18,549-Baselog-INFO-com.dengta.date:id/tvCheck
2021-02-03 15:17:19,720-Baselog-INFO-com.dengta.date:id/picture_send
2021-02-03 15:17:20,894-Baselog-INFO-com.dengta.date:id/menu_crop
2021-02-03 15:17:22,041-Baselog-INFO-com.dengta.date:id/btn_register_info_next_step
2021-02-03 15:17:23,281-Baselog-INFO-com.dengta.date:id/btn_sign_in
2021-02-03 15:17:25,572-Baselog-INFO-com.dengta.date:id/btn_confirm
2021-02-03 15:17:26,655-Baselog-INFO-com.dengta.date:id/item_short_video_avatar_civ
2021-02-03 15:17:27,822-Baselog-INFO-com.dengta.date:id/simpleDraweeView_user_info_avatar
2021-02-03 15:17:30,314-Baselog-INFO-com.dengta.date:id/frag_user_info_guardian_tv
2021-02-03 15:17:31,516-Baselog-INFO-com.dengta.date:id/iv_title_common_back
2021-02-03 15:17:32,668-Baselog-INFO-com.dengta.date:id/frag_detail_bottom_attention_ll
2021-02-03 15:17:34,019-Baselog-INFO-com.dengta.date:id/tv_commit
2021-02-03 15:17:35,813-Baselog-INFO-com.dengta.date:id/tv_commit
2021-02-03 15:17:38,142-Baselog-INFO-com.dengta.date:id/tv_commit
2021-02-03 15:17:39,869-Baselog-INFO-com.dengta.date:id/tv_commit
2021-02-03 15:17:41,004-Baselog-INFO-com.dengta.date:id/tv_commit
2021-02-03 15:17:42,176-Baselog-INFO-com.dengta.date:id/frag_user_info_guardian_tv
2021-02-03 15:17:43,360-Baselog-INFO-com.dengta.date:id/iv_title_common_back
2021-02-03 15:17:44,511-Baselog-INFO-com.dengta.date:id/frag_user_detail_followed_iv
2021-02-03 15:17:45,663-Baselog-INFO-com.dengta.date:id/dialog_comm_confirm_tv
2021-02-03 15:17:47,251-Baselog-INFO-com.dengta.date:id/home_page_video_search_iv
2021-02-03 15:17:49,662-Baselog-INFO-com.dengta.date:id/tv_video_search_search
2021-02-03 15:17:51,513-Baselog-INFO-com.dengta.date:id/frag_short_video_video_back_iv
2021-02-03 15:17:54,770-Baselog-INFO-com.dengta.date:id/tv_video_search_type
2021-02-03 15:17:55,953-Baselog-INFO-com.dengta.date:id/tv_video_search_title
2021-02-03 15:17:57,089-Baselog-INFO-com.dengta.date:id/tv_video_search_search
2021-02-03 15:17:58,225-Baselog-INFO-com.dengta.date:id/iv_item_user_detail_short_video_pic
2021-02-03 15:17:59,401-Baselog-INFO-com.dengta.date:id/frag_short_video_video_back_iv
2021-02-03 15:18:01,135-Baselog-INFO-com.dengta.date:id/iv_video_search_back
2021-02-03 15:18:03,241-Baselog-INFO-com.dengta.date:id/tem_short_video_like_svgiv
2021-02-03 15:18:04,428-Baselog-INFO-com.dengta.date:id/item_short_video_comment_tv
2021-02-03 15:18:06,214-Baselog-INFO-com.dengta.date:id/layout_comment_input_tv
2021-02-03 15:18:08,031-Baselog-INFO-com.dengta.date:id/layout_edit_comment_submit_tv
2021-02-03 15:18:09,962-Baselog-INFO-com.dengta.date:id/item_video_comment_like_iv
2021-02-03 15:18:12,984-Baselog-INFO-com.dengta.date:id/item_short_video_forward_tv
2021-02-03 15:18:14,205-Baselog-INFO-com.dengta.date:id/item_share_item_icon_iv
2021-02-03 15:18:18,320-Baselog-INFO-com.dengta.date:id/dialog_share_confirm_text_tv
2021-02-03 15:18:20,916-Baselog-INFO-com.dengta.date:id/btn_youth_mode_i_know
2021-02-03 15:18:23,046-Baselog-INFO-com.dengta.date:id/btn_open
2021-02-03 15:18:24,159-Baselog-INFO-com.android.permissioncontroller:id/permission_allow_foreground_only_button
2021-02-03 15:18:25,225-Baselog-INFO-com.dengta.date:id/iv_ta_live_live_like
2021-02-03 15:18:27,252-Baselog-INFO-com.dengta.date:id/iv_ta_live_start_live
2021-02-03 15:18:29,492-Baselog-INFO-com.android.permissioncontroller:id/permission_allow_button
2021-02-03 15:18:30,576-Baselog-INFO-com.dengta.date:id/btn_common_sure_no_bg_sure
2021-02-03 15:18:33,433-Baselog-INFO-com.dengta.date:id/img_bg_two
2021-02-03 15:18:35,018-Baselog-INFO-com.dengta.date:id/tv_select_avatar_select_from_album
2021-02-03 15:18:36,156-Baselog-INFO-com.dengta.date:id/tvCheck
2021-02-03 15:18:37,310-Baselog-INFO-com.dengta.date:id/picture_send
2021-02-03 15:18:39,626-Baselog-INFO-com.dengta.date:id/img_bg_three
2021-02-03 15:18:40,766-Baselog-INFO-com.dengta.date:id/tv_select_avatar_select_from_album
2021-02-03 15:18:41,906-Baselog-INFO-com.dengta.date:id/tvCheck
2021-02-03 15:18:43,057-Baselog-INFO-com.dengta.date:id/picture_send
2021-02-03 15:18:44,192-Baselog-INFO-com.dengta.date:id/btn_submit
2021-02-03 15:18:45,395-Baselog-INFO-com.dengta.date:id/btn_back
2021-02-03 15:18:46,477-Baselog-INFO-com.dengta.date:id/et_ta_live_search
2021-02-03 15:18:47,784-Baselog-INFO-com.dengta.date:id/tv_user_search_search
2021-02-03 15:18:49,596-Baselog-INFO-com.dengta.date:id/fl_item_homepage_list_avatar
2021-02-03 15:18:52,209-Baselog-INFO-com.dengta.date:id/iv_user_search_back
2021-02-03 15:18:53,367-Baselog-INFO-com.dengta.date:id/banner_general_blind_date
2021-02-03 15:18:54,550-Baselog-INFO-com.dengta.date:id/top_bar_left_iv
2021-02-03 15:18:56,641-Baselog-INFO-com.dengta.date:id/iv_ta_live_all_net_list
2021-02-03 15:18:57,805-Baselog-INFO-xpath=>//androidx.appcompat.app.ActionBar.Tab[@content-desc="上周榜"]/android.widget.TextView
2021-02-03 15:19:00,802-Baselog-INFO-xpath=>//androidx.appcompat.app.ActionBar.Tab[@content-desc="PK榜"]/android.view.ViewGroup
2021-02-03 15:19:03,156-Baselog-INFO-xpath=>//androidx.appcompat.app.ActionBar.Tab[@content-desc="富豪榜"]/android.view.ViewGroup
2021-02-03 15:19:05,228-Baselog-INFO-xpath=>//androidx.appcompat.app.ActionBar.Tab[@content-desc="上月榜"]/android.widget.TextView
2021-02-03 15:19:08,777-Baselog-INFO-com.dengta.date:id/iv_item_personal_live_pic
2021-02-03 15:19:09,986-Baselog-INFO-com.dengta.date:id/tv_live_top_group_status
2021-02-03 15:19:17,909-Baselog-INFO-com.dengta.date:id/iv_live_top_anchor_avatar
2021-02-03 15:19:19,060-Baselog-INFO-com.dengta.date:id/tv_other_user_info_manager
2021-02-03 15:19:20,179-Baselog-INFO-com.dengta.date:id/frag_report_rv
2021-02-03 15:19:21,294-Baselog-INFO-com.dengta.date:id/item_src_iv
2021-02-03 15:19:22,465-Baselog-INFO-com.dengta.date:id/tv_select_avatar_select_from_album
2021-02-03 15:19:23,601-Baselog-INFO-com.dengta.date:id/tvCheck
2021-02-03 15:19:24,753-Baselog-INFO-com.dengta.date:id/picture_send
2021-02-03 15:19:25,890-Baselog-INFO-com.dengta.date:id/frag_report_content_commit_tv
2021-02-03 15:19:27,249-Baselog-INFO-com.dengta.date:id/iv_other_user_info_noble_avatar
2021-02-03 15:19:29,973-Baselog-INFO-com.dengta.date:id/iv_live_top_anchor_avatar
2021-02-03 15:19:31,136-Baselog-INFO-com.dengta.date:id/iv_other_user_info_guard_avatar
2021-02-03 15:19:34,801-Baselog-ERROR-Message: 

2021-02-03 15:19:35,731-Baselog-INFO-截图并保存至：F:\appium_jskj/screenshots/21020315021612336774.8018.png
2021-02-03 15:19:40,981-Baselog-INFO-com.dengta.date:id/tv_other_user_info_ait_ta
2021-02-03 15:19:44,914-Baselog-ERROR-Message: 

2021-02-03 15:19:46,074-Baselog-INFO-截图并保存至：F:\appium_jskj/screenshots/21020315021612336784.9148002.png
2021-02-03 15:19:50,130-Baselog-INFO-关闭app
