2021-02-04 19:51:51,101-Baselog-INFO-com.android.permissioncontroller:id/permission_allow_button
2021-02-04 19:51:51,735-Baselog-INFO-com.dengta.date:id/btn_user_privacy_policy_summary_agree
2021-02-04 19:51:52,687-Baselog-INFO-com.dengta.date:id/ll_login_select_cellphone_login_register
2021-02-04 19:51:54,421-Baselog-INFO-com.dengta.date:id/btn_login_sure
2021-02-04 19:51:56,194-Baselog-INFO-com.dengta.date:id/btn_inviteCode_cancel
2021-02-04 19:51:56,864-Baselog-INFO-com.dengta.date:id/iv_register_sex_girl
2021-02-04 19:51:58,035-Baselog-INFO-com.android.packageinstaller:id/permission_allow_button
2021-02-04 19:52:01,762-Baselog-INFO-com.dengta.date:id/btn_user_privacy_policy_summary_agree
2021-02-04 19:52:15,723-Baselog-INFO-截图并保存至：F:\appium_jskj/screenshots/21020419021612439533.5794003.png
2021-02-04 19:52:15,723-Baselog-ERROR-Message: None

2021-02-04 19:52:17,821-Baselog-INFO-截图并保存至：F:\appium_jskj/screenshots/21020419021612439535.7234.png
2021-02-04 19:52:17,821-Baselog-INFO-com.dengta.date:id/btn_register_sex_sure
2021-02-04 19:52:19,547-Baselog-INFO-com.dengta.date:id/ll_register_info_nickname
2021-02-04 19:52:20,771-Baselog-INFO-com.dengta.date:id/iv_register_avatar_set_avatar
2021-02-04 19:52:21,458-Baselog-INFO-com.dengta.date:id/tv_select_avatar_select_from_album
2021-02-04 19:52:22,225-Baselog-INFO-com.android.permissioncontroller:id/permission_allow_button
2021-02-04 19:52:22,957-Baselog-INFO-com.android.permissioncontroller:id/permission_allow_button
2021-02-04 19:52:23,876-Baselog-INFO-com.dengta.date:id/tvCheck
2021-02-04 19:52:24,865-Baselog-INFO-com.dengta.date:id/picture_send
2021-02-04 19:52:26,038-Baselog-INFO-com.dengta.date:id/menu_crop
2021-02-04 19:52:26,833-Baselog-INFO-com.dengta.date:id/btn_register_info_next_step
2021-02-04 19:52:28,010-Baselog-INFO-com.dengta.date:id/btn_sign_in
2021-02-04 19:52:29,676-Baselog-INFO-com.dengta.date:id/btn_confirm
2021-02-04 19:52:30,462-Baselog-INFO-com.dengta.date:id/iv_recharge_activities_close
2021-02-04 19:52:31,098-Baselog-INFO-com.dengta.date:id/ll_login_select_cellphone_login_register
2021-02-04 19:52:33,750-Baselog-INFO-com.dengta.date:id/btn_login_sure
2021-02-04 19:52:34,919-Baselog-INFO-com.dengta.date:id/item_short_video_avatar_civ
2021-02-04 19:52:35,608-Baselog-INFO-com.dengta.date:id/simpleDraweeView_user_info_avatar
2021-02-04 19:52:38,113-Baselog-INFO-com.dengta.date:id/frag_user_info_guardian_tv
2021-02-04 19:52:38,818-Baselog-INFO-com.dengta.date:id/iv_title_common_back
2021-02-04 19:52:39,637-Baselog-INFO-com.dengta.date:id/frag_detail_bottom_attention_ll
2021-02-04 19:52:41,176-Baselog-INFO-com.dengta.date:id/tv_commit
2021-02-04 19:52:41,941-Baselog-INFO-com.dengta.date:id/tv_commit
2021-02-04 19:52:43,834-Baselog-INFO-com.dengta.date:id/tv_commit
2021-02-04 19:52:45,049-Baselog-INFO-com.dengta.date:id/tv_commit
2021-02-04 19:52:46,284-Baselog-INFO-com.dengta.date:id/tv_commit
2021-02-04 19:52:46,919-Baselog-INFO-com.dengta.date:id/frag_user_info_guardian_tv
2021-02-04 19:52:47,625-Baselog-INFO-com.dengta.date:id/iv_title_common_back
2021-02-04 19:52:49,414-Baselog-INFO-com.dengta.date:id/frag_user_detail_followed_iv
2021-02-04 19:52:50,062-Baselog-INFO-com.dengta.date:id/dialog_comm_confirm_tv
2021-02-04 19:52:51,686-Baselog-INFO-com.dengta.date:id/home_page_video_search_iv
2021-02-04 19:52:53,061-Baselog-INFO-com.dengta.date:id/tv_video_search_search
2021-02-04 19:52:54,289-Baselog-INFO-com.dengta.date:id/iv_recharge_activities_close
2021-02-04 19:53:06,884-Baselog-INFO-截图并保存至：F:\appium_jskj/screenshots/21020419021612439586.1284.png
2021-02-04 19:53:06,884-Baselog-ERROR-Message: None

2021-02-04 19:53:07,601-Baselog-INFO-截图并保存至：F:\appium_jskj/screenshots/21020419021612439586.8854.png
2021-02-04 19:53:07,601-Baselog-INFO-com.android.packageinstaller:id/permission_allow_button
2021-02-04 19:53:11,819-Baselog-INFO-关闭app
2021-02-04 19:53:12,314-Baselog-INFO-关闭app
