2021-02-01 15:11:47,803-Baselog-INFO-com.android.permissioncontroller:id/permission_allow_button
2021-02-01 15:11:48,403-Baselog-INFO-com.dengta.date:id/btn_user_privacy_policy_summary_agree
2021-02-01 15:11:49,791-Baselog-INFO-com.dengta.date:id/ll_login_select_cellphone_login_register
2021-02-01 15:11:52,812-Baselog-INFO-com.dengta.date:id/btn_login_sure
2021-02-01 15:11:54,084-Baselog-INFO-com.dengta.date:id/btn_inviteCode_cancel
2021-02-01 15:11:54,255-Baselog-INFO-com.dengta.date:id/iv_register_sex_girl
2021-02-01 15:11:55,507-Baselog-INFO-com.dengta.date:id/btn_register_sex_sure
2021-02-01 15:11:57,751-Baselog-INFO-com.dengta.date:id/ll_register_info_nickname
2021-02-01 15:11:58,503-Baselog-INFO-com.dengta.date:id/iv_register_avatar_set_avatar
2021-02-01 15:11:59,156-Baselog-INFO-com.dengta.date:id/tv_select_avatar_select_from_album
2021-02-01 15:11:59,935-Baselog-INFO-com.android.permissioncontroller:id/permission_allow_button
2021-02-01 15:12:01,287-Baselog-INFO-com.android.permissioncontroller:id/permission_allow_button
2021-02-01 15:12:02,192-Baselog-INFO-com.dengta.date:id/tvCheck
2021-02-01 15:12:03,712-Baselog-INFO-com.dengta.date:id/picture_send
2021-02-01 15:12:05,253-Baselog-INFO-com.dengta.date:id/menu_crop
2021-02-01 15:12:06,072-Baselog-INFO-com.dengta.date:id/btn_register_info_next_step
2021-02-01 15:12:07,273-Baselog-INFO-com.dengta.date:id/btn_sign_in
2021-02-01 15:12:09,145-Baselog-INFO-com.dengta.date:id/btn_confirm
2021-02-01 15:12:10,448-Baselog-INFO-com.dengta.date:id/item_short_video_avatar_civ
2021-02-01 15:12:11,115-Baselog-INFO-com.dengta.date:id/simpleDraweeView_user_info_avatar
2021-02-01 15:12:14,284-Baselog-INFO-com.dengta.date:id/frag_user_info_guardian_tv
2021-02-01 15:12:14,505-Baselog-INFO-com.dengta.date:id/iv_title_common_back
2021-02-01 15:12:15,860-Baselog-INFO-com.dengta.date:id/frag_detail_bottom_attention_ll
2021-02-01 15:12:17,969-Baselog-INFO-com.dengta.date:id/tv_commit
2021-02-01 15:12:19,276-Baselog-INFO-com.dengta.date:id/tv_commit
2021-02-01 15:12:21,212-Baselog-INFO-com.dengta.date:id/tv_commit
2021-02-01 15:12:21,943-Baselog-INFO-com.dengta.date:id/tv_commit
2021-02-01 15:12:22,806-Baselog-INFO-com.dengta.date:id/tv_commit
2021-02-01 15:12:23,412-Baselog-INFO-com.dengta.date:id/frag_user_info_guardian_tv
2021-02-01 15:12:24,119-Baselog-INFO-com.dengta.date:id/iv_title_common_back
2021-02-01 15:12:24,916-Baselog-INFO-com.dengta.date:id/frag_user_detail_followed_iv
2021-02-01 15:12:26,049-Baselog-INFO-com.dengta.date:id/dialog_comm_confirm_tv
2021-02-01 15:12:28,886-Baselog-INFO-com.dengta.date:id/home_page_video_search_iv
2021-02-01 15:12:30,480-Baselog-INFO-com.dengta.date:id/tv_video_search_search
2021-02-01 15:12:32,118-Baselog-INFO-com.dengta.date:id/frag_short_video_video_back_iv
2021-02-01 15:12:33,900-Baselog-INFO-com.dengta.date:id/tv_video_search_type
2021-02-01 15:12:35,063-Baselog-INFO-com.dengta.date:id/tv_video_search_title
2021-02-01 15:12:35,815-Baselog-INFO-com.dengta.date:id/tv_video_search_search
2021-02-01 15:12:36,939-Baselog-INFO-com.dengta.date:id/iv_item_user_detail_short_video_pic
2021-02-01 15:12:37,812-Baselog-INFO-com.dengta.date:id/tem_short_video_like_svgiv
2021-02-01 15:12:41,833-Baselog-ERROR-Message: 

2021-02-01 15:12:44,347-Baselog-INFO-截图并保存至：F:\appium_jskj/screenshots/21020115021612163561.8339999.png
2021-02-01 15:12:44,348-Baselog-INFO-com.dengta.date:id/item_short_video_comment_tv
2021-02-01 15:12:48,148-Baselog-ERROR-Message: 

2021-02-01 15:12:50,187-Baselog-INFO-截图并保存至：F:\appium_jskj/screenshots/21020115021612163568.148.png
2021-02-01 15:12:50,187-Baselog-INFO-com.dengta.date:id/layout_comment_input_tv
2021-02-01 15:12:53,817-Baselog-ERROR-Message: 

2021-02-01 15:12:56,200-Baselog-INFO-截图并保存至：F:\appium_jskj/screenshots/21020115021612163573.8179998.png
2021-02-01 15:13:00,253-Baselog-INFO-关闭app
