2021-02-01 17:27:56,012-Baselog-INFO-com.android.permissioncontroller:id/permission_allow_button
2021-02-01 17:27:56,632-Baselog-INFO-com.dengta.date:id/btn_user_privacy_policy_summary_agree
2021-02-01 17:27:58,006-Baselog-INFO-com.dengta.date:id/ll_login_select_cellphone_login_register
2021-02-01 17:28:01,447-Baselog-INFO-com.dengta.date:id/btn_login_sure
2021-02-01 17:28:02,751-Baselog-INFO-com.dengta.date:id/btn_inviteCode_cancel
2021-02-01 17:28:02,911-Baselog-INFO-com.dengta.date:id/iv_register_sex_girl
2021-02-01 17:28:04,634-Baselog-INFO-com.dengta.date:id/btn_register_sex_sure
2021-02-01 17:28:06,380-Baselog-INFO-com.dengta.date:id/ll_register_info_nickname
2021-02-01 17:28:07,094-Baselog-INFO-com.dengta.date:id/iv_register_avatar_set_avatar
2021-02-01 17:28:07,761-Baselog-INFO-com.dengta.date:id/tv_select_avatar_select_from_album
2021-02-01 17:28:09,048-Baselog-INFO-com.android.permissioncontroller:id/permission_allow_button
2021-02-01 17:28:10,284-Baselog-INFO-com.android.permissioncontroller:id/permission_allow_button
2021-02-01 17:28:11,210-Baselog-INFO-com.dengta.date:id/tvCheck
2021-02-01 17:28:12,712-Baselog-INFO-com.dengta.date:id/picture_send
2021-02-01 17:28:13,856-Baselog-INFO-com.dengta.date:id/menu_crop
2021-02-01 17:28:15,308-Baselog-INFO-com.dengta.date:id/btn_register_info_next_step
2021-02-01 17:28:16,486-Baselog-INFO-com.dengta.date:id/btn_sign_in
2021-02-01 17:28:19,734-Baselog-INFO-com.dengta.date:id/btn_confirm
2021-02-01 17:28:19,844-Baselog-INFO-com.dengta.date:id/item_short_video_avatar_civ
2021-02-01 17:28:20,475-Baselog-INFO-com.dengta.date:id/simpleDraweeView_user_info_avatar
2021-02-01 17:28:23,802-Baselog-INFO-com.dengta.date:id/frag_user_info_guardian_tv
2021-02-01 17:28:24,043-Baselog-INFO-com.dengta.date:id/iv_title_common_back
2021-02-01 17:28:25,329-Baselog-INFO-com.dengta.date:id/frag_detail_bottom_attention_ll
2021-02-01 17:28:27,391-Baselog-INFO-com.dengta.date:id/tv_commit
2021-02-01 17:28:28,702-Baselog-INFO-com.dengta.date:id/tv_commit
2021-02-01 17:28:30,152-Baselog-INFO-com.dengta.date:id/tv_commit
2021-02-01 17:28:30,884-Baselog-INFO-com.dengta.date:id/tv_commit
2021-02-01 17:28:31,671-Baselog-INFO-com.dengta.date:id/tv_commit
2021-02-01 17:28:32,393-Baselog-INFO-com.dengta.date:id/frag_user_info_guardian_tv
2021-02-01 17:28:33,128-Baselog-INFO-com.dengta.date:id/iv_title_common_back
2021-02-01 17:28:33,863-Baselog-INFO-com.dengta.date:id/frag_user_detail_followed_iv
2021-02-01 17:28:34,964-Baselog-INFO-com.dengta.date:id/dialog_comm_confirm_tv
2021-02-01 17:28:38,184-Baselog-INFO-com.dengta.date:id/home_page_video_search_iv
2021-02-01 17:28:39,590-Baselog-INFO-com.dengta.date:id/tv_video_search_search
2021-02-01 17:28:41,328-Baselog-INFO-com.dengta.date:id/frag_short_video_video_back_iv
2021-02-01 17:28:44,071-Baselog-INFO-com.dengta.date:id/tv_video_search_type
2021-02-01 17:28:44,220-Baselog-INFO-com.dengta.date:id/tv_video_search_title
2021-02-01 17:28:44,977-Baselog-INFO-com.dengta.date:id/tv_video_search_search
2021-02-01 17:28:46,830-Baselog-INFO-com.dengta.date:id/iv_item_user_detail_short_video_pic
2021-02-01 17:28:46,947-Baselog-INFO-com.dengta.date:id/frag_short_video_video_back_iv
2021-02-01 17:28:48,552-Baselog-INFO-com.dengta.date:id/iv_video_search_back
2021-02-01 17:28:49,730-Baselog-INFO-com.dengta.date:id/tem_short_video_like_svgiv
2021-02-01 17:28:50,811-Baselog-INFO-com.dengta.date:id/item_short_video_comment_tv
2021-02-01 17:28:51,563-Baselog-INFO-com.dengta.date:id/layout_comment_input_tv
2021-02-01 17:28:53,534-Baselog-INFO-com.dengta.date:id/layout_edit_comment_submit_tv
2021-02-01 17:28:55,996-Baselog-INFO-com.dengta.date:id/item_video_comment_like_iv
2021-02-01 17:28:59,017-Baselog-INFO-com.dengta.date:id/item_short_video_forward_tv
2021-02-01 17:28:59,236-Baselog-INFO-com.dengta.date:id/item_share_item_icon_iv
2021-02-01 17:29:02,966-Baselog-INFO-com.dengta.date:id/dialog_share_confirm_text_tv
2021-02-01 17:29:05,871-Baselog-INFO-com.dengta.date:id/btn_youth_mode_i_know
2021-02-01 17:29:06,523-Baselog-INFO-com.dengta.date:id/btn_open
2021-02-01 17:29:07,142-Baselog-INFO-com.android.permissioncontroller:id/permission_allow_foreground_only_button
2021-02-01 17:29:07,911-Baselog-INFO-com.dengta.date:id/iv_ta_live_live_like
2021-02-01 17:29:10,672-Baselog-INFO-com.dengta.date:id/iv_ta_live_start_live
2021-02-01 17:29:12,332-Baselog-INFO-com.android.permissioncontroller:id/permission_allow_button
2021-02-01 17:29:13,563-Baselog-INFO-com.dengta.date:id/btn_common_sure_no_bg_sure
2021-02-01 17:29:17,342-Baselog-INFO-com.dengta.date:id/img_bg_two
2021-02-01 17:29:17,950-Baselog-INFO-com.dengta.date:id/tv_select_avatar_select_from_album
2021-02-01 17:29:18,585-Baselog-INFO-com.dengta.date:id/tvCheck
2021-02-01 17:29:19,889-Baselog-INFO-com.dengta.date:id/picture_send
2021-02-01 17:29:21,046-Baselog-INFO-com.dengta.date:id/img_bg_three
2021-02-01 17:29:22,785-Baselog-INFO-com.dengta.date:id/tv_select_avatar_select_from_album
2021-02-01 17:29:23,407-Baselog-INFO-com.dengta.date:id/tvCheck
2021-02-01 17:29:24,692-Baselog-INFO-com.dengta.date:id/picture_send
2021-02-01 17:29:26,921-Baselog-INFO-com.dengta.date:id/btn_submit
2021-02-01 17:29:27,052-Baselog-INFO-com.dengta.date:id/btn_back
2021-02-01 17:29:28,623-Baselog-INFO-com.dengta.date:id/et_ta_live_search
2021-02-01 17:29:32,263-Baselog-INFO-com.dengta.date:id/tv_user_search_search
2021-02-01 17:29:33,973-Baselog-INFO-com.dengta.date:id/fl_item_homepage_list_avatar
2021-02-01 17:29:36,577-Baselog-INFO-com.dengta.date:id/iv_user_search_back
2021-02-01 17:29:36,740-Baselog-INFO-com.dengta.date:id/banner_general_blind_date
2021-02-01 17:29:38,013-Baselog-INFO-com.dengta.date:id/top_bar_left_iv
2021-02-01 17:29:40,032-Baselog-INFO-com.dengta.date:id/iv_ta_live_all_net_list
2021-02-01 17:29:41,839-Baselog-INFO-xpath=>//androidx.appcompat.app.ActionBar.Tab[@content-desc="上周榜"]/android.widget.TextView
2021-02-01 17:29:44,302-Baselog-INFO-xpath=>//androidx.appcompat.app.ActionBar.Tab[@content-desc="PK榜"]/android.view.ViewGroup
2021-02-01 17:29:46,478-Baselog-INFO-xpath=>//androidx.appcompat.app.ActionBar.Tab[@content-desc="富豪榜"]/android.view.ViewGroup
2021-02-01 17:29:48,316-Baselog-INFO-xpath=>//androidx.appcompat.app.ActionBar.Tab[@content-desc="上月榜"]/android.widget.TextView
2021-02-01 17:29:51,899-Baselog-INFO-com.dengta.date:id/iv_item_personal_live_pic
2021-02-01 17:29:52,297-Baselog-INFO-com.dengta.date:id/tv_live_top_group_status
2021-02-01 17:29:55,167-Baselog-INFO-com.dengta.date:id/iv_live_top_anchor_avatar
2021-02-01 17:29:55,311-Baselog-INFO-com.dengta.date:id/tv_other_user_info_manager
2021-02-01 17:29:56,055-Baselog-INFO-com.dengta.date:id/frag_report_rv
2021-02-01 17:29:57,368-Baselog-INFO-com.dengta.date:id/item_src_iv
2021-02-01 17:29:58,126-Baselog-INFO-com.dengta.date:id/tv_select_avatar_select_from_album
2021-02-01 17:29:58,855-Baselog-INFO-com.dengta.date:id/tvCheck
2021-02-01 17:30:00,160-Baselog-INFO-com.dengta.date:id/picture_send
2021-02-01 17:30:01,401-Baselog-INFO-com.dengta.date:id/frag_report_content_commit_tv
2021-02-01 17:30:03,822-Baselog-INFO-com.dengta.date:id/iv_other_user_info_noble_avatar
2021-02-01 17:30:07,365-Baselog-INFO-com.dengta.date:id/iv_live_top_anchor_avatar
2021-02-01 17:30:07,543-Baselog-INFO-com.dengta.date:id/iv_other_user_info_guard_avatar
2021-02-01 17:30:12,649-Baselog-INFO-com.dengta.date:id/tv_other_user_info_ait_ta
2021-02-01 17:30:13,796-Baselog-INFO-com.dengta.date:id/tv_dialog_live_edit_comment_send
2021-02-01 17:30:14,371-Baselog-INFO-com.dengta.date:id/tv_live_top_members_count
2021-02-01 17:30:15,809-Baselog-INFO-com.dengta.date:id/iv_live_room_online_user_close
2021-02-01 17:30:15,912-Baselog-INFO-com.dengta.date:id/iv_reward_top
2021-02-01 17:30:16,515-Baselog-INFO-xpath=>//androidx.appcompat.app.ActionBar.Tab[@content-desc="贡献总榜"]/android.widget.TextView
2021-02-01 17:30:19,995-Baselog-INFO-com.dengta.date:id/tv_live_bottom_say_something
2021-02-01 17:30:21,425-Baselog-INFO-com.dengta.date:id/tv_dialog_live_edit_comment_send
2021-02-01 17:30:22,001-Baselog-INFO-com.dengta.date:id/iv_live_bottom_audience_share
2021-02-01 17:30:22,881-Baselog-INFO-com.dengta.date:id/tv_personal_live_share_wechat_friends
2021-02-01 17:30:26,348-Baselog-INFO-com.dengta.date:id/iv_live_bottom_audience_share
2021-02-01 17:30:26,449-Baselog-INFO-com.dengta.date:id/tv_personal_live_share_date_friends
2021-02-01 17:30:27,059-Baselog-INFO-accessibility_id=>关注 2
2021-02-01 17:30:30,086-Baselog-ERROR-Message: 

2021-02-01 17:30:30,448-Baselog-INFO-截图并保存至：F:\appium_jskj/screenshots/21020117021612171830.0860002.png
2021-02-01 17:30:30,448-Baselog-INFO-com.dengta.date:id/item_friend_select_cb
2021-02-01 17:30:34,228-Baselog-ERROR-Message: 

2021-02-01 17:30:34,618-Baselog-INFO-截图并保存至：F:\appium_jskj/screenshots/21020117021612171834.2289999.png
2021-02-01 17:30:34,619-Baselog-INFO-com.dengta.date:id/frag_friend_main_toolbar_complete_tv
2021-02-01 17:30:35,222-Baselog-INFO-com.dengta.date:id/iv_live_bottom_private_room
2021-02-01 17:30:38,968-Baselog-ERROR-Message: 

2021-02-01 17:30:39,351-Baselog-INFO-截图并保存至：F:\appium_jskj/screenshots/21020117021612171838.9689999.png
2021-02-01 17:30:39,351-Baselog-INFO-com.dengta.date:id/tv_apply_private_room_confirm_dialog_sure
2021-02-01 17:30:43,127-Baselog-ERROR-Message: 

2021-02-01 17:30:43,516-Baselog-INFO-截图并保存至：F:\appium_jskj/screenshots/21020117021612171843.127.png
2021-02-01 17:30:43,516-Baselog-INFO-com.dengta.date:id/iv_live_bottom_call
2021-02-01 17:30:47,295-Baselog-ERROR-Message: 

2021-02-01 17:30:47,683-Baselog-INFO-截图并保存至：F:\appium_jskj/screenshots/21020117021612171847.295.png
2021-02-01 17:30:47,683-Baselog-INFO-com.dengta.date:id/iv_live_bottom_flower
2021-02-01 17:30:51,449-Baselog-ERROR-Message: 

2021-02-01 17:30:51,830-Baselog-INFO-截图并保存至：F:\appium_jskj/screenshots/21020117021612171851.4499998.png
2021-02-01 17:30:51,830-Baselog-INFO-com.dengta.date:id/btn_send_flower_handsel
2021-02-01 17:30:55,592-Baselog-ERROR-Message: 

2021-02-01 17:30:55,977-Baselog-INFO-截图并保存至：F:\appium_jskj/screenshots/21020117021612171855.593.png
2021-02-01 17:31:00,403-Baselog-INFO-关闭app
