2021-02-03 18:33:46,172-Baselog-INFO-com.android.permissioncontroller:id/permission_allow_button
2021-02-03 18:33:46,805-Baselog-INFO-com.dengta.date:id/btn_user_privacy_policy_summary_agree
2021-02-03 18:33:47,726-Baselog-INFO-com.dengta.date:id/ll_login_select_cellphone_login_register
2021-02-03 18:33:50,011-Baselog-INFO-com.dengta.date:id/btn_login_sure
2021-02-03 18:33:51,831-Baselog-INFO-com.dengta.date:id/btn_inviteCode_cancel
2021-02-03 18:33:52,475-Baselog-INFO-com.dengta.date:id/iv_register_sex_girl
2021-02-03 18:33:53,627-Baselog-INFO-com.android.packageinstaller:id/permission_allow_button
2021-02-03 18:33:57,376-Baselog-INFO-com.dengta.date:id/btn_user_privacy_policy_summary_agree
2021-02-03 18:33:58,608-Baselog-INFO-com.dengta.date:id/btn_register_sex_sure
2021-02-03 18:34:00,351-Baselog-INFO-com.dengta.date:id/ll_register_info_nickname
2021-02-03 18:34:01,586-Baselog-INFO-com.dengta.date:id/iv_register_avatar_set_avatar
2021-02-03 18:34:02,738-Baselog-INFO-com.dengta.date:id/tv_select_avatar_select_from_album
2021-02-03 18:34:03,472-Baselog-INFO-com.android.permissioncontroller:id/permission_allow_button
2021-02-03 18:34:04,222-Baselog-INFO-com.android.permissioncontroller:id/permission_allow_button
2021-02-03 18:34:05,147-Baselog-INFO-com.dengta.date:id/tvCheck
2021-02-03 18:34:06,134-Baselog-INFO-com.dengta.date:id/picture_send
2021-02-03 18:34:07,289-Baselog-INFO-com.dengta.date:id/menu_crop
2021-02-03 18:34:08,088-Baselog-INFO-com.dengta.date:id/btn_register_info_next_step
2021-02-03 18:34:09,275-Baselog-INFO-com.dengta.date:id/btn_sign_in
2021-02-03 18:34:13,100-Baselog-INFO-com.dengta.date:id/btn_confirm
2021-02-03 18:34:13,823-Baselog-INFO-com.dengta.date:id/ll_login_select_cellphone_login_register
2021-02-03 18:34:16,302-Baselog-INFO-com.dengta.date:id/btn_login_sure
2021-02-03 18:34:17,510-Baselog-INFO-com.dengta.date:id/item_short_video_avatar_civ
2021-02-03 18:34:18,219-Baselog-INFO-com.dengta.date:id/simpleDraweeView_user_info_avatar
2021-02-03 18:34:20,745-Baselog-INFO-com.dengta.date:id/frag_user_info_guardian_tv
2021-02-03 18:34:21,448-Baselog-INFO-com.dengta.date:id/iv_title_common_back
2021-02-03 18:34:22,349-Baselog-INFO-com.dengta.date:id/frag_detail_bottom_attention_ll
2021-02-03 18:34:23,871-Baselog-INFO-com.dengta.date:id/tv_commit
2021-02-03 18:34:25,111-Baselog-INFO-com.dengta.date:id/tv_commit
2021-02-03 18:34:27,053-Baselog-INFO-com.dengta.date:id/tv_commit
2021-02-03 18:34:28,247-Baselog-INFO-com.dengta.date:id/tv_commit
2021-02-03 18:34:29,118-Baselog-INFO-com.dengta.date:id/tv_commit
2021-02-03 18:34:29,703-Baselog-INFO-com.dengta.date:id/frag_user_info_guardian_tv
2021-02-03 18:34:30,415-Baselog-INFO-com.dengta.date:id/iv_title_common_back
2021-02-03 18:34:31,223-Baselog-INFO-com.dengta.date:id/frag_user_detail_followed_iv
2021-02-03 18:34:32,376-Baselog-INFO-com.dengta.date:id/dialog_comm_confirm_tv
2021-02-03 18:34:33,551-Baselog-INFO-com.dengta.date:id/home_page_video_search_iv
2021-02-03 18:34:35,614-Baselog-INFO-com.dengta.date:id/tv_video_search_search
2021-02-03 18:34:37,780-Baselog-INFO-com.android.packageinstaller:id/permission_allow_button
2021-02-03 18:34:40,212-Baselog-INFO-com.dengta.date:id/btn_youth_mode_i_know
2021-02-03 18:34:41,493-Baselog-INFO-com.dengta.date:id/btn_open
2021-02-03 18:34:42,409-Baselog-INFO-com.android.packageinstaller:id/permission_allow_button
2021-02-03 18:34:43,296-Baselog-INFO-com.dengta.date:id/frag_short_video_video_back_iv
2021-02-03 18:34:46,086-Baselog-INFO-com.dengta.date:id/tv_video_search_type
2021-02-03 18:34:47,240-Baselog-INFO-com.dengta.date:id/tv_video_search_title
2021-02-03 18:34:47,956-Baselog-INFO-com.dengta.date:id/tv_video_search_search
2021-02-03 18:34:49,076-Baselog-INFO-com.dengta.date:id/iv_item_user_detail_short_video_pic
2021-02-03 18:34:49,948-Baselog-INFO-com.dengta.date:id/frag_short_video_video_back_iv
2021-02-03 18:34:52,688-Baselog-INFO-com.dengta.date:id/iv_video_search_back
2021-02-03 18:34:53,325-Baselog-INFO-com.dengta.date:id/tem_short_video_like_svgiv
2021-02-03 18:34:54,410-Baselog-INFO-com.dengta.date:id/item_short_video_comment_tv
2021-02-03 18:34:55,095-Baselog-INFO-com.dengta.date:id/layout_comment_input_tv
2021-02-03 18:34:56,622-Baselog-INFO-com.dengta.date:id/layout_edit_comment_submit_tv
2021-02-03 18:34:58,545-Baselog-INFO-com.dengta.date:id/item_video_comment_like_iv
2021-02-03 18:35:00,538-Baselog-INFO-com.dengta.date:id/item_short_video_forward_tv
2021-02-03 18:35:01,216-Baselog-INFO-com.dengta.date:id/item_share_item_icon_iv
2021-02-03 18:35:04,949-Baselog-INFO-com.dengta.date:id/dialog_share_confirm_text_tv
2021-02-03 18:35:06,764-Baselog-INFO-com.dengta.date:id/btn_youth_mode_i_know
2021-02-03 18:35:08,474-Baselog-INFO-com.dengta.date:id/btn_open
2021-02-03 18:35:09,087-Baselog-INFO-com.android.permissioncontroller:id/permission_allow_foreground_only_button
2021-02-03 18:35:09,822-Baselog-INFO-com.dengta.date:id/iv_ta_live_live_like
2021-02-03 18:35:12,355-Baselog-INFO-com.dengta.date:id/iv_ta_live_start_live
2021-02-03 18:35:13,057-Baselog-INFO-com.android.packageinstaller:id/permission_allow_button
2021-02-03 18:35:13,844-Baselog-INFO-com.android.packageinstaller:id/permission_allow_button
2021-02-03 18:35:14,777-Baselog-INFO-com.android.packageinstaller:id/permission_allow_button
2021-02-03 18:35:15,593-Baselog-INFO-com.dengta.date:id/iv_ta_live_start_live
2021-02-03 18:35:17,107-Baselog-INFO-com.android.permissioncontroller:id/permission_allow_button
2021-02-03 18:35:17,832-Baselog-INFO-com.dengta.date:id/btn_common_sure_no_bg_sure
2021-02-03 18:35:20,644-Baselog-INFO-com.dengta.date:id/img_bg_two
2021-02-03 18:35:21,752-Baselog-INFO-com.dengta.date:id/tv_select_avatar_select_from_album
2021-02-03 18:35:22,351-Baselog-INFO-com.dengta.date:id/tvCheck
2021-02-03 18:35:23,151-Baselog-INFO-com.dengta.date:id/picture_send
2021-02-03 18:35:25,351-Baselog-INFO-com.dengta.date:id/img_bg_three
2021-02-03 18:35:25,964-Baselog-INFO-com.dengta.date:id/tv_select_avatar_select_from_album
2021-02-03 18:35:26,602-Baselog-INFO-com.dengta.date:id/tvCheck
2021-02-03 18:35:28,410-Baselog-INFO-com.dengta.date:id/picture_send
2021-02-03 18:35:29,040-Baselog-INFO-com.dengta.date:id/btn_submit
2021-02-03 18:35:30,275-Baselog-INFO-com.dengta.date:id/btn_back
2021-02-03 18:35:31,532-Baselog-INFO-com.dengta.date:id/et_ta_live_search
2021-02-03 18:35:32,952-Baselog-INFO-com.dengta.date:id/tv_user_search_search
2021-02-03 18:35:34,614-Baselog-INFO-com.dengta.date:id/fl_item_homepage_list_avatar
2021-02-03 18:35:36,941-Baselog-INFO-com.dengta.date:id/iv_user_search_back
2021-02-03 18:35:37,589-Baselog-INFO-com.dengta.date:id/banner_general_blind_date
2021-02-03 18:35:38,790-Baselog-INFO-com.dengta.date:id/top_bar_left_iv
2021-02-03 18:35:40,798-Baselog-INFO-com.dengta.date:id/iv_ta_live_all_net_list
2021-02-03 18:35:41,938-Baselog-INFO-xpath=>//androidx.appcompat.app.ActionBar.Tab[@content-desc="上周榜"]/android.widget.TextView
2021-02-03 18:35:45,184-Baselog-INFO-xpath=>//androidx.appcompat.app.ActionBar.Tab[@content-desc="PK榜"]/android.view.ViewGroup
2021-02-03 18:35:46,768-Baselog-INFO-xpath=>//androidx.appcompat.app.ActionBar.Tab[@content-desc="富豪榜"]/android.view.ViewGroup
2021-02-03 18:35:48,955-Baselog-INFO-xpath=>//androidx.appcompat.app.ActionBar.Tab[@content-desc="上月榜"]/android.widget.TextView
2021-02-03 18:35:52,452-Baselog-INFO-com.dengta.date:id/btn_i_know
2021-02-03 18:35:53,196-Baselog-INFO-com.dengta.date:id/et_start_live_title
2021-02-03 18:35:56,139-Baselog-INFO-com.dengta.date:id/tv_start_live_theme
2021-02-03 18:35:57,328-Baselog-INFO-com.dengta.date:id/tv_theme_content
2021-02-03 18:35:58,183-Baselog-INFO-com.dengta.date:id/btn_commit
2021-02-03 18:35:59,113-Baselog-INFO-com.dengta.date:id/btn_start_live_open_live
2021-02-03 18:35:59,794-Baselog-INFO-com.dengta.date:id/iv_live_bottom_more
2021-02-03 18:36:03,410-Baselog-INFO-com.dengta.date:id/tv_personal_live_tool_box_beauty
2021-02-03 18:36:05,506-Baselog-INFO-com.dengta.date:id/iv_live_bottom_more
2021-02-03 18:36:06,247-Baselog-INFO-com.dengta.date:id/iv_personal_live_tool_box_fee_setting_anim
2021-02-03 18:36:06,921-Baselog-INFO-com.dengta.date:id/iv_personal_live_fee_setting_apply_seat_arrow
2021-02-03 18:36:07,628-Baselog-INFO-com.dengta.date:id/btn_confirm
2021-02-03 18:36:08,394-Baselog-INFO-com.dengta.date:id/tv_personal_live_base_alert_dialog_positive
2021-02-03 18:36:09,090-Baselog-INFO-com.dengta.date:id/title_img
2021-02-03 18:36:11,765-Baselog-INFO-com.dengta.date:id/iv_item_personal_live_pic
2021-02-03 18:36:12,633-Baselog-INFO-com.dengta.date:id/tv_live_top_group_status
2021-02-03 18:36:15,517-Baselog-INFO-com.dengta.date:id/iv_live_top_anchor_avatar
2021-02-03 18:36:16,160-Baselog-INFO-com.dengta.date:id/tv_other_user_info_manager
2021-02-03 18:36:16,902-Baselog-INFO-com.dengta.date:id/frag_report_rv
2021-02-03 18:36:17,677-Baselog-INFO-com.dengta.date:id/item_src_iv
2021-02-03 18:36:18,430-Baselog-INFO-com.dengta.date:id/tv_select_avatar_select_from_album
2021-02-03 18:36:19,051-Baselog-INFO-com.dengta.date:id/tvCheck
2021-02-03 18:36:19,831-Baselog-INFO-com.dengta.date:id/picture_send
2021-02-03 18:36:20,952-Baselog-INFO-com.dengta.date:id/frag_report_content_commit_tv
2021-02-03 18:36:22,798-Baselog-INFO-com.dengta.date:id/iv_other_user_info_noble_avatar
2021-02-03 18:36:25,255-Baselog-INFO-com.dengta.date:id/iv_live_top_anchor_avatar
2021-02-03 18:36:25,917-Baselog-INFO-com.dengta.date:id/iv_other_user_info_guard_avatar
2021-02-03 18:36:28,484-Baselog-INFO-com.dengta.date:id/tv_other_user_info_ait_ta
2021-02-03 18:36:29,691-Baselog-INFO-com.dengta.date:id/tv_dialog_live_edit_comment_send
2021-02-03 18:36:30,798-Baselog-INFO-com.dengta.date:id/tv_live_top_members_count
2021-02-03 18:36:31,692-Baselog-INFO-com.dengta.date:id/iv_live_room_online_user_close
2021-02-03 18:36:32,284-Baselog-INFO-com.dengta.date:id/iv_reward_top
2021-02-03 18:36:32,899-Baselog-INFO-xpath=>//androidx.appcompat.app.ActionBar.Tab[@content-desc="贡献总榜"]/android.widget.TextView
2021-02-03 18:36:35,319-Baselog-INFO-com.dengta.date:id/tv_live_bottom_say_something
2021-02-03 18:36:36,504-Baselog-INFO-com.dengta.date:id/tv_dialog_live_edit_comment_send
2021-02-03 18:36:37,597-Baselog-INFO-com.dengta.date:id/iv_live_bottom_audience_share
2021-02-03 18:36:38,449-Baselog-INFO-com.dengta.date:id/tv_personal_live_share_wechat_friends
2021-02-03 18:36:41,395-Baselog-INFO-com.dengta.date:id/iv_live_bottom_audience_share
2021-02-03 18:36:42,505-Baselog-INFO-com.dengta.date:id/tv_personal_live_share_date_friends
2021-02-03 18:36:43,200-Baselog-INFO-xpath=>//androidx.appcompat.app.ActionBar.Tab[@content-desc="关注 2"]/android.widget.TextView
2021-02-03 18:36:44,249-Baselog-INFO-com.dengta.date:id/item_friend_select_cb
2021-02-03 18:36:44,986-Baselog-INFO-com.dengta.date:id/frag_friend_main_toolbar_complete_tv
2021-02-03 18:36:45,988-Baselog-INFO-com.dengta.date:id/iv_live_bottom_call
2021-02-03 18:36:47,074-Baselog-INFO-com.dengta.date:id/tv_apply_unapply_seat
2021-02-03 18:36:48,364-Baselog-INFO-com.dengta.date:id/ll_live_audience_apply_call
2021-02-03 18:36:49,122-Baselog-INFO-com.dengta.date:id/tv_user_info_common_status
2021-02-03 18:36:51,034-Baselog-INFO-com.dengta.date:id/iv_switch_camera
2021-02-03 18:36:52,491-Baselog-INFO-com.dengta.date:id/iv_audience_close_video
2021-02-03 18:36:53,196-Baselog-INFO-com.dengta.date:id/tv_personal_live_base_alert_dialog_positive
2021-02-03 18:37:08,606-Baselog-INFO-关闭app
2021-02-03 18:37:09,067-Baselog-INFO-关闭app
