2021-02-03 17:52:10,697-Baselog-INFO-com.android.permissioncontroller:id/permission_allow_button
2021-02-03 17:52:11,331-Baselog-INFO-com.dengta.date:id/btn_user_privacy_policy_summary_agree
2021-02-03 17:52:12,251-Baselog-INFO-com.dengta.date:id/ll_login_select_cellphone_login_register
2021-02-03 17:52:14,388-Baselog-INFO-com.dengta.date:id/btn_login_sure
2021-02-03 17:52:16,059-Baselog-INFO-com.dengta.date:id/btn_inviteCode_cancel
2021-02-03 17:52:16,688-Baselog-INFO-com.dengta.date:id/iv_register_sex_girl
2021-02-03 17:52:17,910-Baselog-INFO-com.dengta.date:id/btn_register_sex_sure
2021-02-03 17:52:19,647-Baselog-INFO-com.dengta.date:id/ll_register_info_nickname
2021-02-03 17:52:20,873-Baselog-INFO-com.dengta.date:id/iv_register_avatar_set_avatar
2021-02-03 17:52:21,524-Baselog-INFO-com.dengta.date:id/tv_select_avatar_select_from_album
2021-02-03 17:52:22,158-Baselog-INFO-com.android.permissioncontroller:id/permission_allow_button
2021-02-03 17:52:22,925-Baselog-INFO-com.android.permissioncontroller:id/permission_allow_button
2021-02-03 17:52:23,864-Baselog-INFO-com.dengta.date:id/tvCheck
2021-02-03 17:52:24,874-Baselog-INFO-com.dengta.date:id/picture_send
2021-02-03 17:52:26,099-Baselog-INFO-com.dengta.date:id/menu_crop
2021-02-03 17:52:26,910-Baselog-INFO-com.dengta.date:id/btn_register_info_next_step
2021-02-03 17:52:28,068-Baselog-INFO-com.dengta.date:id/btn_sign_in
2021-02-03 17:52:30,076-Baselog-INFO-com.dengta.date:id/btn_confirm
2021-02-03 17:52:30,793-Baselog-INFO-com.dengta.date:id/item_short_video_avatar_civ
2021-02-03 17:52:31,428-Baselog-INFO-com.dengta.date:id/simpleDraweeView_user_info_avatar
2021-02-03 17:52:34,184-Baselog-INFO-com.dengta.date:id/frag_user_info_guardian_tv
2021-02-03 17:52:34,898-Baselog-INFO-com.dengta.date:id/iv_title_common_back
2021-02-03 17:52:35,717-Baselog-INFO-com.dengta.date:id/frag_detail_bottom_attention_ll
2021-02-03 17:52:37,256-Baselog-INFO-com.dengta.date:id/tv_commit
2021-02-03 17:52:38,128-Baselog-INFO-com.dengta.date:id/tv_commit
2021-02-03 17:52:40,028-Baselog-INFO-com.dengta.date:id/tv_commit
2021-02-03 17:52:41,238-Baselog-INFO-com.dengta.date:id/tv_commit
2021-02-03 17:52:42,442-Baselog-INFO-com.dengta.date:id/tv_commit
2021-02-03 17:52:43,075-Baselog-INFO-com.dengta.date:id/frag_user_info_guardian_tv
2021-02-03 17:52:43,812-Baselog-INFO-com.dengta.date:id/iv_title_common_back
2021-02-03 17:52:44,600-Baselog-INFO-com.dengta.date:id/frag_user_detail_followed_iv
2021-02-03 17:52:45,739-Baselog-INFO-com.dengta.date:id/dialog_comm_confirm_tv
2021-02-03 17:52:46,895-Baselog-INFO-com.dengta.date:id/home_page_video_search_iv
2021-02-03 17:52:48,308-Baselog-INFO-com.dengta.date:id/tv_video_search_search
2021-02-03 17:52:50,056-Baselog-INFO-com.dengta.date:id/frag_short_video_video_back_iv
2021-02-03 17:52:52,883-Baselog-INFO-com.dengta.date:id/tv_video_search_type
2021-02-03 17:52:54,022-Baselog-INFO-com.dengta.date:id/tv_video_search_title
2021-02-03 17:52:54,762-Baselog-INFO-com.dengta.date:id/tv_video_search_search
2021-02-03 17:52:56,650-Baselog-INFO-com.dengta.date:id/iv_item_user_detail_short_video_pic
2021-02-03 17:52:57,306-Baselog-INFO-com.dengta.date:id/frag_short_video_video_back_iv
2021-02-03 17:52:58,961-Baselog-INFO-com.dengta.date:id/iv_video_search_back
2021-02-03 17:53:00,136-Baselog-INFO-com.dengta.date:id/tem_short_video_like_svgiv
2021-02-03 17:53:01,201-Baselog-INFO-com.dengta.date:id/item_short_video_comment_tv
2021-02-03 17:53:01,888-Baselog-INFO-com.dengta.date:id/layout_comment_input_tv
2021-02-03 17:53:03,443-Baselog-INFO-com.dengta.date:id/layout_edit_comment_submit_tv
2021-02-03 17:53:05,390-Baselog-INFO-com.dengta.date:id/item_video_comment_like_iv
2021-02-03 17:53:07,492-Baselog-INFO-com.dengta.date:id/item_short_video_forward_tv
2021-02-03 17:53:08,266-Baselog-INFO-com.dengta.date:id/item_share_item_icon_iv
2021-02-03 17:53:12,014-Baselog-INFO-com.dengta.date:id/dialog_share_confirm_text_tv
2021-02-03 17:53:14,571-Baselog-INFO-com.dengta.date:id/btn_youth_mode_i_know
2021-02-03 17:53:16,262-Baselog-INFO-com.dengta.date:id/btn_open
2021-02-03 17:53:17,014-Baselog-INFO-com.android.permissioncontroller:id/permission_allow_foreground_only_button
2021-02-03 17:53:17,766-Baselog-INFO-com.dengta.date:id/iv_ta_live_live_like
2021-02-03 17:53:20,306-Baselog-INFO-com.dengta.date:id/iv_ta_live_start_live
2021-02-03 17:53:22,124-Baselog-INFO-com.android.permissioncontroller:id/permission_allow_button
2021-02-03 17:53:22,853-Baselog-INFO-com.dengta.date:id/btn_common_sure_no_bg_sure
2021-02-03 17:53:24,636-Baselog-INFO-com.dengta.date:id/img_bg_two
2021-02-03 17:53:25,769-Baselog-INFO-com.dengta.date:id/tv_select_avatar_select_from_album
2021-02-03 17:53:26,370-Baselog-INFO-com.dengta.date:id/tvCheck
2021-02-03 17:53:27,158-Baselog-INFO-com.dengta.date:id/picture_send
2021-02-03 17:53:28,283-Baselog-INFO-com.dengta.date:id/img_bg_three
2021-02-03 17:53:29,501-Baselog-INFO-com.dengta.date:id/tv_select_avatar_select_from_album
2021-02-03 17:53:30,119-Baselog-INFO-com.dengta.date:id/tvCheck
2021-02-03 17:53:30,905-Baselog-INFO-com.dengta.date:id/picture_send
2021-02-03 17:53:32,047-Baselog-INFO-com.dengta.date:id/btn_submit
2021-02-03 17:53:33,282-Baselog-INFO-com.dengta.date:id/btn_back
2021-02-03 17:53:34,270-Baselog-INFO-com.dengta.date:id/et_ta_live_search
2021-02-03 17:53:36,195-Baselog-INFO-com.dengta.date:id/tv_user_search_search
2021-02-03 17:53:38,098-Baselog-INFO-com.dengta.date:id/fl_item_homepage_list_avatar
2021-02-03 17:53:40,455-Baselog-INFO-com.dengta.date:id/iv_user_search_back
2021-02-03 17:53:41,212-Baselog-INFO-com.dengta.date:id/banner_general_blind_date
2021-02-03 17:53:42,484-Baselog-INFO-com.dengta.date:id/top_bar_left_iv
2021-02-03 17:53:44,513-Baselog-INFO-com.dengta.date:id/iv_ta_live_all_net_list
2021-02-03 17:53:45,717-Baselog-INFO-xpath=>//androidx.appcompat.app.ActionBar.Tab[@content-desc="上周榜"]/android.widget.TextView
2021-02-03 17:53:49,248-Baselog-INFO-xpath=>//androidx.appcompat.app.ActionBar.Tab[@content-desc="PK榜"]/android.view.ViewGroup
2021-02-03 17:53:50,735-Baselog-INFO-xpath=>//androidx.appcompat.app.ActionBar.Tab[@content-desc="富豪榜"]/android.view.ViewGroup
2021-02-03 17:53:52,575-Baselog-INFO-xpath=>//androidx.appcompat.app.ActionBar.Tab[@content-desc="上月榜"]/android.widget.TextView
2021-02-03 17:53:56,516-Baselog-INFO-com.android.packageinstaller:id/permission_allow_button
2021-02-03 17:53:56,541-Baselog-ERROR-Message: A session is either terminated or not started

2021-02-03 17:53:56,705-Baselog-INFO-关闭app
