2021-02-02 11:15:30,841-Baselog-INFO-com.android.permissioncontroller:id/permission_allow_button
2021-02-02 11:15:32,039-Baselog-INFO-com.dengta.date:id/btn_user_privacy_policy_summary_agree
2021-02-02 11:15:33,920-Baselog-INFO-com.dengta.date:id/ll_login_select_cellphone_login_register
2021-02-02 11:15:59,653-Baselog-ERROR-Message: An unknown server-side error occurred while processing the command. Original error: Could not proxy command to remote server. Original error: Error: socket hang up

2021-02-02 11:15:59,734-Baselog-INFO-关闭app
2021-02-02 11:16:02,724-Baselog-INFO-com.android.permissioncontroller:id/permission_allow_button
2021-02-02 11:16:04,242-Baselog-INFO-com.dengta.date:id/btn_user_privacy_policy_summary_agree
2021-02-02 11:16:05,462-Baselog-INFO-com.dengta.date:id/ll_login_select_cellphone_login_register
2021-02-02 11:16:24,709-Baselog-INFO-com.dengta.date:id/btn_login_sure
2021-02-02 11:16:26,436-Baselog-INFO-com.dengta.date:id/btn_inviteCode_cancel
2021-02-02 11:16:27,615-Baselog-INFO-com.dengta.date:id/iv_register_sex_girl
2021-02-02 11:16:29,307-Baselog-INFO-com.dengta.date:id/btn_register_sex_sure
2021-02-02 11:16:31,684-Baselog-INFO-com.dengta.date:id/ll_register_info_nickname
2021-02-02 11:16:33,481-Baselog-INFO-com.dengta.date:id/iv_register_avatar_set_avatar
2021-02-02 11:16:34,688-Baselog-INFO-com.dengta.date:id/tv_select_avatar_select_from_album
2021-02-02 11:16:36,289-Baselog-INFO-com.android.permissioncontroller:id/permission_allow_button
2021-02-02 11:16:37,424-Baselog-INFO-com.android.permissioncontroller:id/permission_allow_button
2021-02-02 11:16:39,064-Baselog-INFO-com.dengta.date:id/tvCheck
2021-02-02 11:16:40,286-Baselog-INFO-com.dengta.date:id/picture_send
2021-02-02 11:16:41,484-Baselog-INFO-com.dengta.date:id/menu_crop
2021-02-02 11:16:43,055-Baselog-INFO-com.dengta.date:id/btn_register_info_next_step
2021-02-02 11:16:44,271-Baselog-INFO-com.dengta.date:id/btn_sign_in
2021-02-02 11:17:18,469-Baselog-INFO-com.dengta.date:id/btn_confirm
2021-02-02 11:17:21,059-Baselog-INFO-com.dengta.date:id/item_short_video_avatar_civ
2021-02-02 11:17:22,427-Baselog-INFO-com.dengta.date:id/simpleDraweeView_user_info_avatar
2021-02-02 11:17:26,383-Baselog-INFO-com.dengta.date:id/frag_user_info_guardian_tv
2021-02-02 11:17:27,656-Baselog-INFO-com.dengta.date:id/iv_title_common_back
2021-02-02 11:17:28,854-Baselog-INFO-com.dengta.date:id/frag_detail_bottom_attention_ll
2021-02-02 11:17:30,256-Baselog-INFO-com.dengta.date:id/tv_commit
2021-02-02 11:17:32,196-Baselog-INFO-com.dengta.date:id/tv_commit
2021-02-02 11:17:34,646-Baselog-INFO-com.dengta.date:id/tv_commit
2021-02-02 11:17:36,402-Baselog-INFO-com.dengta.date:id/tv_commit
2021-02-02 11:17:37,637-Baselog-INFO-com.dengta.date:id/tv_commit
2021-02-02 11:17:39,342-Baselog-INFO-com.dengta.date:id/frag_user_info_guardian_tv
2021-02-02 11:17:40,683-Baselog-INFO-com.dengta.date:id/iv_title_common_back
2021-02-02 11:17:42,801-Baselog-INFO-com.dengta.date:id/frag_user_detail_followed_iv
2021-02-02 11:17:44,073-Baselog-INFO-com.dengta.date:id/dialog_comm_confirm_tv
2021-02-02 11:17:48,139-Baselog-INFO-com.dengta.date:id/home_page_video_search_iv
2021-02-02 11:17:51,579-Baselog-INFO-com.dengta.date:id/tv_video_search_search
2021-02-02 11:17:53,696-Baselog-INFO-com.dengta.date:id/frag_short_video_video_back_iv
2021-02-02 11:17:56,834-Baselog-INFO-com.dengta.date:id/tv_video_search_type
2021-02-02 11:17:58,055-Baselog-INFO-com.dengta.date:id/tv_video_search_title
2021-02-02 11:17:59,736-Baselog-INFO-com.dengta.date:id/tv_video_search_search
2021-02-02 11:18:00,944-Baselog-INFO-com.dengta.date:id/iv_item_user_detail_short_video_pic
2021-02-02 11:18:02,151-Baselog-INFO-com.dengta.date:id/frag_short_video_video_back_iv
2021-02-02 11:18:03,733-Baselog-INFO-com.dengta.date:id/iv_video_search_back
2021-02-02 11:18:04,923-Baselog-INFO-com.dengta.date:id/tem_short_video_like_svgiv
2021-02-02 11:18:06,156-Baselog-INFO-com.dengta.date:id/item_short_video_comment_tv
2021-02-02 11:18:41,430-Baselog-INFO-com.dengta.date:id/layout_comment_input_tv
2021-02-02 11:18:42,827-Baselog-INFO-com.dengta.date:id/layout_edit_comment_submit_tv
2021-02-02 11:18:44,843-Baselog-INFO-com.dengta.date:id/item_video_comment_like_iv
2021-02-02 11:18:48,320-Baselog-INFO-com.dengta.date:id/item_short_video_forward_tv
2021-02-02 11:18:49,571-Baselog-INFO-com.dengta.date:id/item_share_item_icon_iv
2021-02-02 11:18:53,746-Baselog-INFO-com.dengta.date:id/dialog_share_confirm_text_tv
2021-02-02 11:18:57,495-Baselog-INFO-com.dengta.date:id/btn_youth_mode_i_know
2021-02-02 11:18:59,286-Baselog-INFO-com.dengta.date:id/btn_open
2021-02-02 11:19:00,502-Baselog-INFO-com.android.permissioncontroller:id/permission_allow_foreground_only_button
2021-02-02 11:19:01,691-Baselog-INFO-com.dengta.date:id/iv_ta_live_live_like
2021-02-02 11:19:04,669-Baselog-INFO-com.dengta.date:id/iv_ta_live_start_live
2021-02-02 11:19:05,997-Baselog-INFO-com.android.permissioncontroller:id/permission_allow_button
2021-02-02 11:19:07,553-Baselog-INFO-com.dengta.date:id/btn_common_sure_no_bg_sure
2021-02-02 11:19:10,042-Baselog-INFO-com.dengta.date:id/img_bg_two
2021-02-02 11:19:11,736-Baselog-INFO-com.dengta.date:id/tv_select_avatar_select_from_album
2021-02-02 11:19:12,939-Baselog-INFO-com.dengta.date:id/tvCheck
2021-02-02 11:19:14,452-Baselog-INFO-com.dengta.date:id/picture_send
2021-02-02 11:19:15,640-Baselog-INFO-com.dengta.date:id/img_bg_three
2021-02-02 11:19:16,862-Baselog-INFO-com.dengta.date:id/tv_select_avatar_select_from_album
2021-02-02 11:19:19,164-Baselog-INFO-com.dengta.date:id/tvCheck
2021-02-02 11:19:20,355-Baselog-INFO-com.dengta.date:id/picture_send
2021-02-02 11:19:21,673-Baselog-INFO-com.dengta.date:id/btn_submit
2021-02-02 11:19:22,913-Baselog-INFO-com.dengta.date:id/btn_back
2021-02-02 11:19:24,093-Baselog-INFO-com.dengta.date:id/et_ta_live_search
2021-02-02 11:19:26,062-Baselog-INFO-com.dengta.date:id/tv_user_search_search
2021-02-02 11:19:28,871-Baselog-INFO-com.dengta.date:id/fl_item_homepage_list_avatar
2021-02-02 11:19:32,546-Baselog-INFO-com.dengta.date:id/iv_user_search_back
2021-02-02 11:19:33,738-Baselog-INFO-com.dengta.date:id/banner_general_blind_date
2021-02-02 11:19:34,990-Baselog-INFO-com.dengta.date:id/top_bar_left_iv
2021-02-02 11:19:37,751-Baselog-INFO-com.dengta.date:id/iv_ta_live_all_net_list
2021-02-02 11:19:39,338-Baselog-INFO-xpath=>//androidx.appcompat.app.ActionBar.Tab[@content-desc="上周榜"]/android.widget.TextView
2021-02-02 11:19:43,384-Baselog-INFO-xpath=>//androidx.appcompat.app.ActionBar.Tab[@content-desc="PK榜"]/android.view.ViewGroup
2021-02-02 11:19:46,240-Baselog-INFO-xpath=>//androidx.appcompat.app.ActionBar.Tab[@content-desc="富豪榜"]/android.view.ViewGroup
2021-02-02 11:19:48,667-Baselog-INFO-xpath=>//androidx.appcompat.app.ActionBar.Tab[@content-desc="上月榜"]/android.widget.TextView
2021-02-02 11:19:52,327-Baselog-INFO-com.dengta.date:id/iv_item_personal_live_pic
2021-02-02 11:19:54,154-Baselog-INFO-com.dengta.date:id/tv_live_top_group_status
2021-02-02 11:19:58,131-Baselog-ERROR-Message: 

2021-02-02 11:20:00,632-Baselog-INFO-截图并保存至：F:\appium_jskj/screenshots/21020211021612235998.1312.png
2021-02-02 11:20:00,633-Baselog-INFO-com.dengta.date:id/iv_live_top_anchor_avatar
2021-02-02 11:20:04,404-Baselog-ERROR-Message: 

2021-02-02 11:20:14,722-Baselog-INFO-截图并保存至：F:\appium_jskj/screenshots/21020211021612236004.4042.png
2021-02-02 11:20:14,722-Baselog-INFO-com.dengta.date:id/tv_other_user_info_manager
2021-02-02 11:20:18,436-Baselog-ERROR-Message: 

2021-02-02 11:20:25,326-Baselog-INFO-截图并保存至：F:\appium_jskj/screenshots/21020211021612236018.4362001.png
2021-02-02 11:20:25,326-Baselog-INFO-com.dengta.date:id/frag_report_rv
2021-02-02 11:20:29,176-Baselog-ERROR-Message: 

2021-02-02 11:20:35,358-Baselog-INFO-截图并保存至：F:\appium_jskj/screenshots/21020211021612236029.1762002.png
2021-02-02 11:20:35,358-Baselog-INFO-com.dengta.date:id/item_src_iv
2021-02-02 11:20:38,895-Baselog-ERROR-Message: 

2021-02-02 11:20:45,308-Baselog-INFO-截图并保存至：F:\appium_jskj/screenshots/21020211021612236038.8952.png
2021-02-02 11:20:45,308-Baselog-INFO-com.dengta.date:id/tv_select_avatar_select_from_album
2021-02-02 11:20:49,577-Baselog-ERROR-Message: 

2021-02-02 11:20:55,965-Baselog-INFO-截图并保存至：F:\appium_jskj/screenshots/21020211021612236049.5772002.png
2021-02-02 11:20:55,965-Baselog-INFO-com.dengta.date:id/tvCheck
2021-02-02 11:20:59,809-Baselog-ERROR-Message: 

2021-02-02 11:21:05,042-Baselog-INFO-截图并保存至：F:\appium_jskj/screenshots/21020211021612236059.8092.png
2021-02-02 11:21:05,042-Baselog-INFO-com.dengta.date:id/picture_send
2021-02-02 11:21:08,839-Baselog-ERROR-Message: 

2021-02-02 11:21:13,671-Baselog-INFO-截图并保存至：F:\appium_jskj/screenshots/21020211021612236068.8392.png
2021-02-02 11:21:13,671-Baselog-INFO-com.dengta.date:id/frag_report_content_commit_tv
2021-02-02 11:21:17,213-Baselog-ERROR-Message: 

2021-02-02 11:21:23,305-Baselog-INFO-截图并保存至：F:\appium_jskj/screenshots/21020211021612236077.2132.png
2021-02-02 11:21:28,732-Baselog-INFO-关闭app
