2021-02-03 18:40:23,760-Baselog-INFO-com.android.permissioncontroller:id/permission_allow_button
2021-02-03 18:40:24,410-Baselog-INFO-com.dengta.date:id/btn_user_privacy_policy_summary_agree
2021-02-03 18:40:25,346-Baselog-INFO-com.dengta.date:id/ll_login_select_cellphone_login_register
2021-02-03 18:40:27,946-Baselog-INFO-com.dengta.date:id/btn_login_sure
2021-02-03 18:40:29,738-Baselog-INFO-com.dengta.date:id/btn_inviteCode_cancel
2021-02-03 18:40:30,379-Baselog-INFO-com.dengta.date:id/iv_register_sex_girl
2021-02-03 18:40:31,778-Baselog-INFO-com.android.packageinstaller:id/permission_allow_button
2021-02-03 18:40:35,468-Baselog-INFO-com.dengta.date:id/btn_user_privacy_policy_summary_agree
2021-02-03 18:40:36,730-Baselog-INFO-com.dengta.date:id/btn_register_sex_sure
2021-02-03 18:40:38,426-Baselog-INFO-com.dengta.date:id/ll_register_info_nickname
2021-02-03 18:40:39,666-Baselog-INFO-com.dengta.date:id/iv_register_avatar_set_avatar
2021-02-03 18:40:40,338-Baselog-INFO-com.dengta.date:id/tv_select_avatar_select_from_album
2021-02-03 18:40:41,101-Baselog-INFO-com.android.permissioncontroller:id/permission_allow_button
2021-02-03 18:40:41,835-Baselog-INFO-com.android.permissioncontroller:id/permission_allow_button
2021-02-03 18:40:42,739-Baselog-INFO-com.dengta.date:id/tvCheck
2021-02-03 18:40:43,745-Baselog-INFO-com.dengta.date:id/picture_send
2021-02-03 18:40:44,882-Baselog-INFO-com.dengta.date:id/menu_crop
2021-02-03 18:40:45,698-Baselog-INFO-com.dengta.date:id/btn_register_info_next_step
2021-02-03 18:40:46,860-Baselog-INFO-com.dengta.date:id/btn_sign_in
2021-02-03 18:40:48,877-Baselog-INFO-com.dengta.date:id/btn_confirm
2021-02-03 18:40:49,645-Baselog-INFO-com.dengta.date:id/ll_login_select_cellphone_login_register
2021-02-03 18:40:52,197-Baselog-INFO-com.dengta.date:id/btn_login_sure
2021-02-03 18:40:53,379-Baselog-INFO-com.dengta.date:id/item_short_video_avatar_civ
2021-02-03 18:40:54,061-Baselog-INFO-com.dengta.date:id/simpleDraweeView_user_info_avatar
2021-02-03 18:40:56,527-Baselog-INFO-com.dengta.date:id/frag_user_info_guardian_tv
2021-02-03 18:40:57,271-Baselog-INFO-com.dengta.date:id/iv_title_common_back
2021-02-03 18:40:58,201-Baselog-INFO-com.dengta.date:id/frag_detail_bottom_attention_ll
2021-02-03 18:40:59,766-Baselog-INFO-com.dengta.date:id/tv_commit
2021-02-03 18:41:01,117-Baselog-INFO-com.dengta.date:id/tv_commit
2021-02-03 18:41:03,531-Baselog-INFO-com.dengta.date:id/tv_commit
2021-02-03 18:41:04,736-Baselog-INFO-com.dengta.date:id/tv_commit
2021-02-03 18:41:06,145-Baselog-INFO-com.dengta.date:id/tv_commit
2021-02-03 18:41:06,759-Baselog-INFO-com.dengta.date:id/frag_user_info_guardian_tv
2021-02-03 18:41:07,465-Baselog-INFO-com.dengta.date:id/iv_title_common_back
2021-02-03 18:41:08,298-Baselog-INFO-com.dengta.date:id/frag_user_detail_followed_iv
2021-02-03 18:41:09,388-Baselog-INFO-com.dengta.date:id/dialog_comm_confirm_tv
2021-02-03 18:41:10,844-Baselog-INFO-com.dengta.date:id/home_page_video_search_iv
2021-02-03 18:41:12,288-Baselog-INFO-com.dengta.date:id/tv_video_search_search
2021-02-03 18:41:13,465-Baselog-INFO-com.android.packageinstaller:id/permission_allow_button
2021-02-03 18:41:15,983-Baselog-INFO-com.dengta.date:id/btn_youth_mode_i_know
2021-02-03 18:41:17,963-Baselog-INFO-com.dengta.date:id/btn_open
2021-02-03 18:41:18,786-Baselog-INFO-com.android.packageinstaller:id/permission_allow_button
2021-02-03 18:41:19,692-Baselog-INFO-com.dengta.date:id/frag_short_video_video_back_iv
2021-02-03 18:41:21,911-Baselog-INFO-com.dengta.date:id/tv_video_search_type
2021-02-03 18:41:23,663-Baselog-INFO-com.dengta.date:id/tv_video_search_title
2021-02-03 18:41:24,281-Baselog-INFO-com.dengta.date:id/tv_video_search_search
2021-02-03 18:41:26,179-Baselog-INFO-com.dengta.date:id/iv_item_user_detail_short_video_pic
2021-02-03 18:41:26,826-Baselog-INFO-com.dengta.date:id/frag_short_video_video_back_iv
2021-02-03 18:41:28,346-Baselog-INFO-com.dengta.date:id/iv_video_search_back
2021-02-03 18:41:29,499-Baselog-INFO-com.dengta.date:id/tem_short_video_like_svgiv
2021-02-03 18:41:30,565-Baselog-INFO-com.dengta.date:id/item_short_video_comment_tv
2021-02-03 18:41:31,267-Baselog-INFO-com.dengta.date:id/layout_comment_input_tv
2021-02-03 18:41:33,249-Baselog-INFO-com.dengta.date:id/layout_edit_comment_submit_tv
2021-02-03 18:41:35,087-Baselog-INFO-com.dengta.date:id/item_video_comment_like_iv
2021-02-03 18:41:37,630-Baselog-INFO-com.dengta.date:id/item_short_video_forward_tv
2021-02-03 18:41:38,287-Baselog-INFO-com.dengta.date:id/item_share_item_icon_iv
2021-02-03 18:41:42,023-Baselog-INFO-com.dengta.date:id/dialog_share_confirm_text_tv
2021-02-03 18:41:44,407-Baselog-INFO-com.dengta.date:id/btn_youth_mode_i_know
2021-02-03 18:41:46,060-Baselog-INFO-com.dengta.date:id/btn_open
2021-02-03 18:41:46,816-Baselog-INFO-com.android.permissioncontroller:id/permission_allow_foreground_only_button
2021-02-03 18:41:47,545-Baselog-INFO-com.dengta.date:id/iv_ta_live_live_like
2021-02-03 18:41:50,078-Baselog-INFO-com.dengta.date:id/iv_ta_live_start_live
2021-02-03 18:41:51,090-Baselog-INFO-com.android.packageinstaller:id/permission_allow_button
2021-02-03 18:41:51,910-Baselog-INFO-com.android.packageinstaller:id/permission_allow_button
2021-02-03 18:41:52,873-Baselog-INFO-com.android.packageinstaller:id/permission_allow_button
2021-02-03 18:41:53,728-Baselog-INFO-com.dengta.date:id/iv_ta_live_start_live
2021-02-03 18:41:54,805-Baselog-INFO-com.android.permissioncontroller:id/permission_allow_button
2021-02-03 18:41:55,536-Baselog-INFO-com.dengta.date:id/btn_common_sure_no_bg_sure
2021-02-03 18:41:58,171-Baselog-INFO-com.dengta.date:id/img_bg_two
2021-02-03 18:41:59,268-Baselog-INFO-com.dengta.date:id/tv_select_avatar_select_from_album
2021-02-03 18:41:59,904-Baselog-INFO-com.dengta.date:id/tvCheck
2021-02-03 18:42:00,690-Baselog-INFO-com.dengta.date:id/picture_send
2021-02-03 18:42:01,806-Baselog-INFO-com.dengta.date:id/img_bg_three
2021-02-03 18:42:03,030-Baselog-INFO-com.dengta.date:id/tv_select_avatar_select_from_album
2021-02-03 18:42:03,649-Baselog-INFO-com.dengta.date:id/tvCheck
2021-02-03 18:42:04,415-Baselog-INFO-com.dengta.date:id/picture_send
2021-02-03 18:42:06,650-Baselog-INFO-com.dengta.date:id/btn_submit
2021-02-03 18:42:07,256-Baselog-INFO-com.dengta.date:id/btn_back
2021-02-03 18:42:08,242-Baselog-INFO-com.dengta.date:id/et_ta_live_search
2021-02-03 18:42:09,507-Baselog-INFO-com.dengta.date:id/tv_user_search_search
2021-02-03 18:42:11,700-Baselog-INFO-com.dengta.date:id/fl_item_homepage_list_avatar
2021-02-03 18:42:14,017-Baselog-INFO-com.dengta.date:id/iv_user_search_back
2021-02-03 18:42:14,648-Baselog-INFO-com.dengta.date:id/banner_general_blind_date
2021-02-03 18:42:15,783-Baselog-INFO-com.dengta.date:id/top_bar_left_iv
2021-02-03 18:42:17,236-Baselog-INFO-com.dengta.date:id/iv_ta_live_all_net_list
2021-02-03 18:42:18,393-Baselog-INFO-xpath=>//androidx.appcompat.app.ActionBar.Tab[@content-desc="上周榜"]/android.widget.TextView
2021-02-03 18:42:21,783-Baselog-INFO-xpath=>//androidx.appcompat.app.ActionBar.Tab[@content-desc="PK榜"]/android.view.ViewGroup
2021-02-03 18:42:23,360-Baselog-INFO-xpath=>//androidx.appcompat.app.ActionBar.Tab[@content-desc="富豪榜"]/android.view.ViewGroup
2021-02-03 18:42:25,367-Baselog-INFO-xpath=>//androidx.appcompat.app.ActionBar.Tab[@content-desc="上月榜"]/android.widget.TextView
2021-02-03 18:42:29,049-Baselog-INFO-com.dengta.date:id/btn_i_know
2021-02-03 18:42:29,757-Baselog-INFO-com.dengta.date:id/et_start_live_title
2021-02-03 18:42:32,208-Baselog-INFO-com.dengta.date:id/tv_start_live_theme
2021-02-03 18:42:33,337-Baselog-INFO-com.dengta.date:id/tv_theme_content
2021-02-03 18:42:34,151-Baselog-INFO-com.dengta.date:id/btn_commit
2021-02-03 18:42:35,105-Baselog-INFO-com.dengta.date:id/btn_start_live_open_live
2021-02-03 18:42:35,771-Baselog-INFO-com.dengta.date:id/iv_live_bottom_more
2021-02-03 18:42:39,202-Baselog-INFO-com.dengta.date:id/tv_personal_live_tool_box_beauty
2021-02-03 18:42:41,357-Baselog-INFO-com.dengta.date:id/iv_live_bottom_more
2021-02-03 18:42:42,088-Baselog-INFO-com.dengta.date:id/iv_personal_live_tool_box_fee_setting_anim
2021-02-03 18:42:42,774-Baselog-INFO-com.dengta.date:id/iv_personal_live_fee_setting_apply_seat_arrow
2021-02-03 18:42:43,512-Baselog-INFO-com.dengta.date:id/btn_confirm
2021-02-03 18:42:44,283-Baselog-INFO-com.dengta.date:id/tv_personal_live_base_alert_dialog_positive
2021-02-03 18:42:44,981-Baselog-INFO-com.dengta.date:id/title_img
2021-02-03 18:42:46,618-Baselog-INFO-com.dengta.date:id/iv_item_personal_live_pic
2021-02-03 18:42:47,385-Baselog-INFO-com.dengta.date:id/tv_live_top_group_status
2021-02-03 18:42:49,339-Baselog-INFO-com.dengta.date:id/iv_live_top_anchor_avatar
2021-02-03 18:42:50,413-Baselog-INFO-com.dengta.date:id/tv_other_user_info_manager
2021-02-03 18:42:51,189-Baselog-INFO-com.dengta.date:id/frag_report_rv
2021-02-03 18:42:51,969-Baselog-INFO-com.dengta.date:id/item_src_iv
2021-02-03 18:42:52,703-Baselog-INFO-com.dengta.date:id/tv_select_avatar_select_from_album
2021-02-03 18:42:53,322-Baselog-INFO-com.dengta.date:id/tvCheck
2021-02-03 18:42:54,123-Baselog-INFO-com.dengta.date:id/picture_send
2021-02-03 18:42:55,235-Baselog-INFO-com.dengta.date:id/frag_report_content_commit_tv
2021-02-03 18:42:57,561-Baselog-INFO-com.dengta.date:id/iv_other_user_info_noble_avatar
2021-02-03 18:43:00,416-Baselog-INFO-com.dengta.date:id/iv_live_top_anchor_avatar
2021-02-03 18:43:01,065-Baselog-INFO-com.dengta.date:id/iv_other_user_info_guard_avatar
2021-02-03 18:43:03,912-Baselog-INFO-com.dengta.date:id/tv_other_user_info_ait_ta
2021-02-03 18:43:05,066-Baselog-INFO-com.dengta.date:id/tv_dialog_live_edit_comment_send
2021-02-03 18:43:06,164-Baselog-INFO-com.dengta.date:id/tv_live_top_members_count
2021-02-03 18:43:07,048-Baselog-INFO-com.dengta.date:id/iv_live_room_online_user_close
2021-02-03 18:43:07,617-Baselog-INFO-com.dengta.date:id/iv_reward_top
2021-02-03 18:43:08,318-Baselog-INFO-xpath=>//androidx.appcompat.app.ActionBar.Tab[@content-desc="贡献总榜"]/android.widget.TextView
2021-02-03 18:43:10,730-Baselog-INFO-com.dengta.date:id/tv_live_bottom_say_something
2021-02-03 18:43:11,927-Baselog-INFO-com.dengta.date:id/tv_dialog_live_edit_comment_send
2021-02-03 18:43:13,034-Baselog-INFO-com.dengta.date:id/iv_live_bottom_audience_share
2021-02-03 18:43:14,303-Baselog-INFO-com.dengta.date:id/tv_personal_live_share_wechat_friends
2021-02-03 18:43:16,608-Baselog-INFO-com.dengta.date:id/iv_live_bottom_audience_share
2021-02-03 18:43:17,193-Baselog-INFO-com.dengta.date:id/tv_personal_live_share_date_friends
2021-02-03 18:43:17,849-Baselog-INFO-xpath=>//androidx.appcompat.app.ActionBar.Tab[@content-desc="关注 2"]/android.widget.TextView
2021-02-03 18:43:19,067-Baselog-INFO-com.dengta.date:id/item_friend_select_cb
2021-02-03 18:43:19,787-Baselog-INFO-com.dengta.date:id/frag_friend_main_toolbar_complete_tv
2021-02-03 18:43:20,808-Baselog-INFO-com.dengta.date:id/iv_live_bottom_call
2021-02-03 18:43:21,896-Baselog-INFO-com.dengta.date:id/tv_apply_unapply_seat
2021-02-03 18:43:23,220-Baselog-INFO-com.dengta.date:id/ll_live_audience_apply_call
2021-02-03 18:43:23,925-Baselog-INFO-com.dengta.date:id/tv_user_info_common_status
2021-02-03 18:43:25,681-Baselog-INFO-com.dengta.date:id/iv_switch_camera
2021-02-03 18:43:26,260-Baselog-INFO-com.dengta.date:id/iv_audience_close_video
2021-02-03 18:43:27,063-Baselog-INFO-com.dengta.date:id/tv_personal_live_base_alert_dialog_positive
2021-02-03 18:43:42,346-Baselog-INFO-关闭app
2021-02-03 18:43:42,742-Baselog-INFO-关闭app
