2021-02-03 18:07:47,084-Baselog-INFO-com.android.permissioncontroller:id/permission_allow_button
2021-02-03 18:07:47,714-Baselog-INFO-com.dengta.date:id/btn_user_privacy_policy_summary_agree
2021-02-03 18:07:48,635-Baselog-INFO-com.dengta.date:id/ll_login_select_cellphone_login_register
2021-02-03 18:07:50,656-Baselog-INFO-com.dengta.date:id/btn_login_sure
2021-02-03 18:07:51,747-Baselog-INFO-com.dengta.date:id/btn_inviteCode_cancel
2021-02-03 18:07:52,571-Baselog-INFO-com.dengta.date:id/iv_register_sex_girl
2021-02-03 18:07:53,741-Baselog-INFO-com.android.packageinstaller:id/permission_allow_button
2021-02-03 18:07:57,517-Baselog-INFO-com.dengta.date:id/btn_user_privacy_policy_summary_agree
2021-02-03 18:07:58,803-Baselog-INFO-com.dengta.date:id/btn_register_sex_sure
2021-02-03 18:08:00,526-Baselog-INFO-com.dengta.date:id/ll_register_info_nickname
2021-02-03 18:08:01,768-Baselog-INFO-com.dengta.date:id/iv_register_avatar_set_avatar
2021-02-03 18:08:02,737-Baselog-INFO-com.dengta.date:id/tv_select_avatar_select_from_album
2021-02-03 18:08:03,502-Baselog-INFO-com.android.permissioncontroller:id/permission_allow_button
2021-02-03 18:08:04,255-Baselog-INFO-com.android.permissioncontroller:id/permission_allow_button
2021-02-03 18:08:05,226-Baselog-INFO-com.dengta.date:id/tvCheck
2021-02-03 18:08:06,247-Baselog-INFO-com.dengta.date:id/picture_send
2021-02-03 18:08:07,383-Baselog-INFO-com.dengta.date:id/menu_crop
2021-02-03 18:08:08,187-Baselog-INFO-com.dengta.date:id/btn_register_info_next_step
2021-02-03 18:08:09,378-Baselog-INFO-com.dengta.date:id/btn_sign_in
2021-02-03 18:08:12,399-Baselog-INFO-com.dengta.date:id/btn_confirm
2021-02-03 18:08:13,118-Baselog-INFO-com.dengta.date:id/ll_login_select_cellphone_login_register
2021-02-03 18:08:16,993-Baselog-INFO-com.dengta.date:id/btn_login_sure
2021-02-03 18:08:18,169-Baselog-INFO-com.dengta.date:id/item_short_video_avatar_civ
2021-02-03 18:08:18,839-Baselog-INFO-com.dengta.date:id/simpleDraweeView_user_info_avatar
2021-02-03 18:08:21,378-Baselog-INFO-com.dengta.date:id/frag_user_info_guardian_tv
2021-02-03 18:08:22,134-Baselog-INFO-com.dengta.date:id/iv_title_common_back
2021-02-03 18:08:22,953-Baselog-INFO-com.dengta.date:id/frag_detail_bottom_attention_ll
2021-02-03 18:08:24,538-Baselog-INFO-com.dengta.date:id/tv_commit
2021-02-03 18:08:25,789-Baselog-INFO-com.dengta.date:id/tv_commit
2021-02-03 18:08:27,254-Baselog-INFO-com.dengta.date:id/tv_commit
2021-02-03 18:08:28,470-Baselog-INFO-com.dengta.date:id/tv_commit
2021-02-03 18:08:29,255-Baselog-INFO-com.dengta.date:id/tv_commit
2021-02-03 18:08:29,979-Baselog-INFO-com.dengta.date:id/frag_user_info_guardian_tv
2021-02-03 18:08:30,695-Baselog-INFO-com.dengta.date:id/iv_title_common_back
2021-02-03 18:08:31,510-Baselog-INFO-com.dengta.date:id/frag_user_detail_followed_iv
2021-02-03 18:08:32,664-Baselog-INFO-com.dengta.date:id/dialog_comm_confirm_tv
2021-02-03 18:08:35,017-Baselog-INFO-com.dengta.date:id/home_page_video_search_iv
2021-02-03 18:08:35,901-Baselog-INFO-com.dengta.date:id/tv_video_search_search
2021-02-03 18:08:37,095-Baselog-INFO-com.android.packageinstaller:id/permission_allow_button
2021-02-03 18:08:38,958-Baselog-INFO-com.dengta.date:id/btn_youth_mode_i_know
2021-02-03 18:08:40,436-Baselog-INFO-com.dengta.date:id/btn_open
2021-02-03 18:08:41,282-Baselog-INFO-com.android.packageinstaller:id/permission_allow_button
2021-02-03 18:08:42,214-Baselog-INFO-com.dengta.date:id/frag_short_video_video_back_iv
2021-02-03 18:08:44,080-Baselog-INFO-com.dengta.date:id/tv_video_search_type
2021-02-03 18:08:45,720-Baselog-INFO-com.dengta.date:id/tv_video_search_title
2021-02-03 18:08:46,354-Baselog-INFO-com.dengta.date:id/tv_video_search_search
2021-02-03 18:08:47,460-Baselog-INFO-com.dengta.date:id/iv_item_user_detail_short_video_pic
2021-02-03 18:08:48,326-Baselog-INFO-com.dengta.date:id/frag_short_video_video_back_iv
2021-02-03 18:08:49,825-Baselog-INFO-com.dengta.date:id/iv_video_search_back
2021-02-03 18:08:50,966-Baselog-INFO-com.dengta.date:id/tem_short_video_like_svgiv
2021-02-03 18:08:52,031-Baselog-INFO-com.dengta.date:id/item_short_video_comment_tv
2021-02-03 18:08:52,740-Baselog-INFO-com.dengta.date:id/layout_comment_input_tv
2021-02-03 18:08:54,197-Baselog-INFO-com.dengta.date:id/layout_edit_comment_submit_tv
2021-02-03 18:08:56,190-Baselog-INFO-com.dengta.date:id/item_video_comment_like_iv
2021-02-03 18:08:58,608-Baselog-INFO-com.dengta.date:id/item_short_video_forward_tv
2021-02-03 18:08:59,339-Baselog-INFO-com.dengta.date:id/item_share_item_icon_iv
2021-02-03 18:09:03,072-Baselog-INFO-com.dengta.date:id/dialog_share_confirm_text_tv
2021-02-03 18:09:05,522-Baselog-INFO-com.dengta.date:id/btn_youth_mode_i_know
2021-02-03 18:09:07,210-Baselog-INFO-com.dengta.date:id/btn_open
2021-02-03 18:09:07,963-Baselog-INFO-com.android.permissioncontroller:id/permission_allow_foreground_only_button
2021-02-03 18:09:08,713-Baselog-INFO-com.dengta.date:id/iv_ta_live_live_like
2021-02-03 18:09:11,249-Baselog-INFO-com.dengta.date:id/iv_ta_live_start_live
2021-02-03 18:09:12,236-Baselog-INFO-com.android.packageinstaller:id/permission_allow_button
2021-02-03 18:09:13,054-Baselog-INFO-com.android.packageinstaller:id/permission_allow_button
2021-02-03 18:09:14,030-Baselog-INFO-com.android.packageinstaller:id/permission_allow_button
2021-02-03 18:09:14,879-Baselog-INFO-com.dengta.date:id/iv_ta_live_start_live
2021-02-03 18:09:16,123-Baselog-INFO-com.android.permissioncontroller:id/permission_allow_button
2021-02-03 18:09:16,870-Baselog-INFO-com.dengta.date:id/btn_common_sure_no_bg_sure
2021-02-03 18:09:19,658-Baselog-INFO-com.dengta.date:id/img_bg_two
2021-02-03 18:09:20,770-Baselog-INFO-com.dengta.date:id/tv_select_avatar_select_from_album
2021-02-03 18:09:21,388-Baselog-INFO-com.dengta.date:id/tvCheck
2021-02-03 18:09:22,207-Baselog-INFO-com.dengta.date:id/picture_send
2021-02-03 18:09:23,331-Baselog-INFO-com.dengta.date:id/img_bg_three
2021-02-03 18:09:24,567-Baselog-INFO-com.dengta.date:id/tv_select_avatar_select_from_album
2021-02-03 18:09:25,300-Baselog-INFO-com.dengta.date:id/tvCheck
2021-02-03 18:09:26,084-Baselog-INFO-com.dengta.date:id/picture_send
2021-02-03 18:09:27,206-Baselog-INFO-com.dengta.date:id/btn_submit
2021-02-03 18:09:28,408-Baselog-INFO-com.dengta.date:id/btn_back
2021-02-03 18:09:29,396-Baselog-INFO-com.dengta.date:id/et_ta_live_search
2021-02-03 18:09:30,874-Baselog-INFO-com.dengta.date:id/tv_user_search_search
2021-02-03 18:09:32,562-Baselog-INFO-com.dengta.date:id/fl_item_homepage_list_avatar
2021-02-03 18:09:34,891-Baselog-INFO-com.dengta.date:id/iv_user_search_back
2021-02-03 18:09:35,551-Baselog-INFO-com.dengta.date:id/banner_general_blind_date
2021-02-03 18:09:36,928-Baselog-INFO-com.dengta.date:id/top_bar_left_iv
2021-02-03 18:09:39,357-Baselog-INFO-com.dengta.date:id/iv_ta_live_all_net_list
2021-02-03 18:09:40,628-Baselog-INFO-xpath=>//androidx.appcompat.app.ActionBar.Tab[@content-desc="上周榜"]/android.widget.TextView
2021-02-03 18:09:44,049-Baselog-INFO-xpath=>//androidx.appcompat.app.ActionBar.Tab[@content-desc="PK榜"]/android.view.ViewGroup
2021-02-03 18:09:45,681-Baselog-INFO-xpath=>//androidx.appcompat.app.ActionBar.Tab[@content-desc="富豪榜"]/android.view.ViewGroup
2021-02-03 18:09:47,584-Baselog-INFO-xpath=>//androidx.appcompat.app.ActionBar.Tab[@content-desc="上月榜"]/android.widget.TextView
2021-02-03 18:09:51,709-Baselog-INFO-com.dengta.date:id/btn_i_know
2021-02-03 18:09:52,438-Baselog-INFO-com.dengta.date:id/et_start_live_title
2021-02-03 18:09:55,331-Baselog-INFO-com.dengta.date:id/tv_start_live_theme
2021-02-03 18:09:56,481-Baselog-INFO-com.dengta.date:id/tv_theme_content
2021-02-03 18:09:57,314-Baselog-INFO-com.dengta.date:id/btn_commit
2021-02-03 18:09:58,281-Baselog-INFO-com.dengta.date:id/btn_start_live_open_live
2021-02-03 18:09:58,924-Baselog-INFO-com.dengta.date:id/iv_live_bottom_more
2021-02-03 18:10:02,477-Baselog-INFO-com.dengta.date:id/tv_personal_live_tool_box_beauty
2021-02-03 18:10:04,836-Baselog-INFO-com.dengta.date:id/iv_live_bottom_more
2021-02-03 18:10:05,560-Baselog-INFO-com.dengta.date:id/iv_personal_live_tool_box_fee_setting_anim
2021-02-03 18:10:06,229-Baselog-INFO-com.dengta.date:id/iv_personal_live_fee_setting_apply_seat_arrow
2021-02-03 18:10:06,929-Baselog-INFO-com.dengta.date:id/btn_confirm
2021-02-03 18:10:07,684-Baselog-INFO-com.dengta.date:id/tv_personal_live_base_alert_dialog_positive
2021-02-03 18:10:08,408-Baselog-INFO-com.dengta.date:id/iv_item_personal_live_pic
2021-02-03 18:10:10,382-Baselog-INFO-com.dengta.date:id/tv_live_top_group_status
2021-02-03 18:10:12,694-Baselog-INFO-com.dengta.date:id/iv_live_top_anchor_avatar
2021-02-03 18:10:13,643-Baselog-INFO-com.dengta.date:id/tv_other_user_info_manager
2021-02-03 18:10:14,646-Baselog-INFO-com.dengta.date:id/frag_report_rv
2021-02-03 18:10:15,447-Baselog-INFO-com.dengta.date:id/item_src_iv
2021-02-03 18:10:16,182-Baselog-INFO-com.dengta.date:id/tv_select_avatar_select_from_album
2021-02-03 18:10:16,768-Baselog-INFO-com.dengta.date:id/tvCheck
2021-02-03 18:10:17,590-Baselog-INFO-com.dengta.date:id/picture_send
2021-02-03 18:10:18,709-Baselog-INFO-com.dengta.date:id/frag_report_content_commit_tv
2021-02-03 18:10:20,717-Baselog-INFO-com.dengta.date:id/iv_other_user_info_noble_avatar
2021-02-03 18:10:22,969-Baselog-INFO-com.dengta.date:id/iv_live_top_anchor_avatar
2021-02-03 18:10:24,093-Baselog-INFO-com.dengta.date:id/iv_other_user_info_guard_avatar
2021-02-03 18:10:26,889-Baselog-INFO-com.dengta.date:id/tv_other_user_info_ait_ta
2021-02-03 18:10:28,543-Baselog-INFO-com.dengta.date:id/tv_dialog_live_edit_comment_send
2021-02-03 18:10:29,669-Baselog-INFO-com.dengta.date:id/tv_live_top_members_count
2021-02-03 18:10:30,889-Baselog-INFO-com.dengta.date:id/iv_live_room_online_user_close
2021-02-03 18:10:31,466-Baselog-INFO-com.dengta.date:id/iv_reward_top
2021-02-03 18:10:32,084-Baselog-INFO-xpath=>//androidx.appcompat.app.ActionBar.Tab[@content-desc="贡献总榜"]/android.widget.TextView
2021-02-03 18:10:34,475-Baselog-INFO-com.dengta.date:id/tv_live_bottom_say_something
2021-02-03 18:10:35,592-Baselog-INFO-com.dengta.date:id/tv_dialog_live_edit_comment_send
2021-02-03 18:10:36,682-Baselog-INFO-com.dengta.date:id/iv_live_bottom_audience_share
2021-02-03 18:10:37,463-Baselog-INFO-com.dengta.date:id/tv_personal_live_share_wechat_friends
2021-02-03 18:10:40,330-Baselog-INFO-com.dengta.date:id/iv_live_bottom_audience_share
2021-02-03 18:10:40,948-Baselog-INFO-com.dengta.date:id/tv_personal_live_share_date_friends
2021-02-03 18:10:41,653-Baselog-INFO-xpath=>//androidx.appcompat.app.ActionBar.Tab[@content-desc="关注 2"]/android.widget.TextView
2021-02-03 18:10:42,571-Baselog-INFO-com.dengta.date:id/item_friend_select_cb
2021-02-03 18:10:43,275-Baselog-INFO-com.dengta.date:id/frag_friend_main_toolbar_complete_tv
2021-02-03 18:10:44,296-Baselog-INFO-com.dengta.date:id/iv_live_bottom_call
2021-02-03 18:10:45,414-Baselog-INFO-com.dengta.date:id/tv_apply_unapply_seat
2021-02-03 18:10:58,048-Baselog-INFO-关闭app
2021-02-03 18:10:58,491-Baselog-INFO-关闭app
