2021-02-03 16:36:32,774-Baselog-INFO-com.android.permissioncontroller:id/permission_allow_button
2021-02-03 16:36:33,844-Baselog-INFO-com.dengta.date:id/btn_user_privacy_policy_summary_agree
2021-02-03 16:36:34,732-Baselog-INFO-com.dengta.date:id/ll_login_select_cellphone_login_register
2021-02-03 16:36:36,373-Baselog-INFO-com.dengta.date:id/btn_login_sure
2021-02-03 16:36:37,463-Baselog-INFO-com.dengta.date:id/btn_inviteCode_cancel
2021-02-03 16:36:38,251-Baselog-INFO-com.dengta.date:id/iv_register_sex_girl
2021-02-03 16:36:39,426-Baselog-INFO-com.dengta.date:id/btn_register_sex_sure
2021-02-03 16:36:41,169-Baselog-INFO-com.dengta.date:id/ll_register_info_nickname
2021-02-03 16:36:42,403-Baselog-INFO-com.dengta.date:id/iv_register_avatar_set_avatar
2021-02-03 16:36:43,078-Baselog-INFO-com.dengta.date:id/tv_select_avatar_select_from_album
2021-02-03 16:36:43,862-Baselog-INFO-com.android.permissioncontroller:id/permission_allow_button
2021-02-03 16:36:44,613-Baselog-INFO-com.android.permissioncontroller:id/permission_allow_button
2021-02-03 16:36:45,535-Baselog-INFO-com.dengta.date:id/tvCheck
2021-02-03 16:36:46,594-Baselog-INFO-com.dengta.date:id/picture_send
2021-02-03 16:36:47,714-Baselog-INFO-com.dengta.date:id/menu_crop
2021-02-03 16:36:48,519-Baselog-INFO-com.dengta.date:id/btn_register_info_next_step
2021-02-03 16:36:49,676-Baselog-INFO-com.dengta.date:id/btn_sign_in
2021-02-03 16:36:51,574-Baselog-INFO-com.dengta.date:id/btn_confirm
2021-02-03 16:36:52,308-Baselog-INFO-com.dengta.date:id/item_short_video_avatar_civ
2021-02-03 16:36:52,957-Baselog-INFO-com.dengta.date:id/simpleDraweeView_user_info_avatar
2021-02-03 16:37:19,715-Baselog-INFO-¹Ø±Õapp
