2021-02-01 17:22:16,788-Baselog-INFO-com.android.permissioncontroller:id/permission_allow_button
2021-02-01 17:22:17,401-Baselog-INFO-com.dengta.date:id/btn_user_privacy_policy_summary_agree
2021-02-01 17:22:18,809-Baselog-INFO-com.dengta.date:id/ll_login_select_cellphone_login_register
2021-02-01 17:22:21,395-Baselog-INFO-com.dengta.date:id/btn_login_sure
2021-02-01 17:22:22,686-Baselog-INFO-com.dengta.date:id/btn_inviteCode_cancel
2021-02-01 17:22:22,865-Baselog-INFO-com.dengta.date:id/iv_register_sex_girl
2021-02-01 17:22:24,654-Baselog-INFO-com.dengta.date:id/btn_register_sex_sure
2021-02-01 17:22:25,787-Baselog-INFO-com.dengta.date:id/ll_register_info_nickname
2021-02-01 17:22:26,496-Baselog-INFO-com.dengta.date:id/iv_register_avatar_set_avatar
2021-02-01 17:22:27,184-Baselog-INFO-com.dengta.date:id/tv_select_avatar_select_from_album
2021-02-01 17:22:27,968-Baselog-INFO-com.android.permissioncontroller:id/permission_allow_button
2021-02-01 17:22:29,223-Baselog-INFO-com.android.permissioncontroller:id/permission_allow_button
2021-02-01 17:22:30,151-Baselog-INFO-com.dengta.date:id/tvCheck
2021-02-01 17:22:31,654-Baselog-INFO-com.dengta.date:id/picture_send
2021-02-01 17:22:32,791-Baselog-INFO-com.dengta.date:id/menu_crop
2021-02-01 17:22:34,212-Baselog-INFO-com.dengta.date:id/btn_register_info_next_step
2021-02-01 17:22:35,382-Baselog-INFO-com.dengta.date:id/btn_sign_in
2021-02-01 17:22:37,013-Baselog-INFO-com.dengta.date:id/btn_confirm
2021-02-01 17:22:37,745-Baselog-INFO-com.dengta.date:id/item_short_video_avatar_civ
2021-02-01 17:22:38,718-Baselog-INFO-com.dengta.date:id/simpleDraweeView_user_info_avatar
2021-02-01 17:22:42,129-Baselog-INFO-com.dengta.date:id/frag_user_info_guardian_tv
2021-02-01 17:22:42,352-Baselog-INFO-com.dengta.date:id/iv_title_common_back
2021-02-01 17:22:43,125-Baselog-INFO-com.dengta.date:id/frag_detail_bottom_attention_ll
2021-02-01 17:22:45,206-Baselog-INFO-com.dengta.date:id/tv_commit
2021-02-01 17:22:46,559-Baselog-INFO-com.dengta.date:id/tv_commit
2021-02-01 17:22:48,036-Baselog-INFO-com.dengta.date:id/tv_commit
2021-02-01 17:22:48,732-Baselog-INFO-com.dengta.date:id/tv_commit
2021-02-01 17:22:49,953-Baselog-INFO-com.dengta.date:id/tv_commit
2021-02-01 17:22:50,054-Baselog-INFO-com.dengta.date:id/frag_user_info_guardian_tv
2021-02-01 17:22:50,775-Baselog-INFO-com.dengta.date:id/iv_title_common_back
2021-02-01 17:22:51,543-Baselog-INFO-com.dengta.date:id/frag_user_detail_followed_iv
2021-02-01 17:22:52,667-Baselog-INFO-com.dengta.date:id/dialog_comm_confirm_tv
2021-02-01 17:22:54,739-Baselog-INFO-com.dengta.date:id/home_page_video_search_iv
2021-02-01 17:22:56,832-Baselog-INFO-com.dengta.date:id/tv_video_search_search
2021-02-01 17:23:00,235-Baselog-INFO-com.dengta.date:id/frag_short_video_video_back_iv
2021-02-01 17:23:00,340-Baselog-INFO-com.dengta.date:id/tv_video_search_type
2021-02-01 17:23:01,506-Baselog-INFO-com.dengta.date:id/tv_video_search_title
2021-02-01 17:23:02,246-Baselog-INFO-com.dengta.date:id/tv_video_search_search
2021-02-01 17:23:03,350-Baselog-INFO-com.dengta.date:id/iv_item_user_detail_short_video_pic
2021-02-01 17:23:04,772-Baselog-INFO-com.dengta.date:id/frag_short_video_video_back_iv
2021-02-01 17:23:06,332-Baselog-INFO-com.dengta.date:id/iv_video_search_back
2021-02-01 17:23:07,506-Baselog-INFO-com.dengta.date:id/tem_short_video_like_svgiv
2021-02-01 17:23:08,572-Baselog-INFO-com.dengta.date:id/item_short_video_comment_tv
2021-02-01 17:23:09,259-Baselog-INFO-com.dengta.date:id/layout_comment_input_tv
2021-02-01 17:23:11,228-Baselog-INFO-com.dengta.date:id/layout_edit_comment_submit_tv
2021-02-01 17:23:13,648-Baselog-INFO-com.dengta.date:id/item_video_comment_like_iv
2021-02-01 17:23:16,084-Baselog-INFO-com.dengta.date:id/item_short_video_forward_tv
2021-02-01 17:23:16,267-Baselog-INFO-com.dengta.date:id/item_share_item_icon_iv
2021-02-01 17:23:20,016-Baselog-INFO-com.dengta.date:id/dialog_share_confirm_text_tv
2021-02-01 17:23:22,203-Baselog-INFO-com.dengta.date:id/btn_youth_mode_i_know
2021-02-01 17:23:22,939-Baselog-INFO-com.dengta.date:id/btn_open
2021-02-01 17:23:23,710-Baselog-INFO-com.android.permissioncontroller:id/permission_allow_foreground_only_button
2021-02-01 17:23:24,480-Baselog-INFO-com.dengta.date:id/iv_ta_live_live_like
2021-02-01 17:23:27,520-Baselog-INFO-com.dengta.date:id/iv_ta_live_start_live
2021-02-01 17:23:28,855-Baselog-INFO-com.android.permissioncontroller:id/permission_allow_button
2021-02-01 17:23:30,104-Baselog-INFO-com.dengta.date:id/btn_common_sure_no_bg_sure
2021-02-01 17:23:32,793-Baselog-INFO-com.dengta.date:id/img_bg_two
2021-02-01 17:23:33,388-Baselog-INFO-com.dengta.date:id/tv_select_avatar_select_from_album
2021-02-01 17:23:34,024-Baselog-INFO-com.dengta.date:id/tvCheck
2021-02-01 17:23:35,328-Baselog-INFO-com.dengta.date:id/picture_send
2021-02-01 17:23:36,471-Baselog-INFO-com.dengta.date:id/img_bg_three
2021-02-01 17:23:37,672-Baselog-INFO-com.dengta.date:id/tv_select_avatar_select_from_album
2021-02-01 17:23:38,271-Baselog-INFO-com.dengta.date:id/tvCheck
2021-02-01 17:23:39,627-Baselog-INFO-com.dengta.date:id/picture_send
2021-02-01 17:23:41,841-Baselog-INFO-com.dengta.date:id/btn_submit
2021-02-01 17:23:41,993-Baselog-INFO-com.dengta.date:id/btn_back
2021-02-01 17:23:42,980-Baselog-INFO-com.dengta.date:id/et_ta_live_search
2021-02-01 17:23:45,040-Baselog-INFO-com.dengta.date:id/tv_user_search_search
2021-02-01 17:23:46,615-Baselog-INFO-com.dengta.date:id/fl_item_homepage_list_avatar
2021-02-01 17:23:49,196-Baselog-INFO-com.dengta.date:id/iv_user_search_back
2021-02-01 17:23:49,336-Baselog-INFO-com.dengta.date:id/banner_general_blind_date
2021-02-01 17:23:50,678-Baselog-INFO-com.dengta.date:id/top_bar_left_iv
2021-02-01 17:23:52,753-Baselog-INFO-com.dengta.date:id/iv_ta_live_all_net_list
2021-02-01 17:23:54,012-Baselog-INFO-xpath=>//androidx.appcompat.app.ActionBar.Tab[@content-desc="上周榜"]/android.widget.TextView
2021-02-01 17:23:57,239-Baselog-INFO-xpath=>//androidx.appcompat.app.ActionBar.Tab[@content-desc="PK榜"]/android.view.ViewGroup
2021-02-01 17:23:59,022-Baselog-INFO-xpath=>//androidx.appcompat.app.ActionBar.Tab[@content-desc="富豪榜"]/android.view.ViewGroup
2021-02-01 17:24:01,560-Baselog-INFO-xpath=>//androidx.appcompat.app.ActionBar.Tab[@content-desc="上月榜"]/android.widget.TextView
2021-02-01 17:24:04,612-Baselog-INFO-com.dengta.date:id/iv_item_personal_live_pic
2021-02-01 17:24:04,976-Baselog-INFO-com.dengta.date:id/tv_live_top_group_status
2021-02-01 17:24:07,483-Baselog-INFO-com.dengta.date:id/iv_live_top_anchor_avatar
2021-02-01 17:24:08,424-Baselog-INFO-com.dengta.date:id/tv_other_user_info_manager
2021-02-01 17:24:09,697-Baselog-INFO-com.dengta.date:id/frag_report_rv
2021-02-01 17:24:11,052-Baselog-INFO-com.dengta.date:id/item_src_iv
2021-02-01 17:24:11,825-Baselog-INFO-com.dengta.date:id/tv_select_avatar_select_from_album
2021-02-01 17:24:12,441-Baselog-INFO-com.dengta.date:id/tvCheck
2021-02-01 17:24:13,729-Baselog-INFO-com.dengta.date:id/picture_send
2021-02-01 17:24:14,878-Baselog-INFO-com.dengta.date:id/frag_report_content_commit_tv
2021-02-01 17:24:17,332-Baselog-INFO-com.dengta.date:id/iv_other_user_info_noble_avatar
2021-02-01 17:24:20,971-Baselog-INFO-com.dengta.date:id/iv_live_top_anchor_avatar
2021-02-01 17:24:21,115-Baselog-INFO-com.dengta.date:id/iv_other_user_info_guard_avatar
2021-02-01 17:24:25,131-Baselog-INFO-com.dengta.date:id/tv_other_user_info_ait_ta
2021-02-01 17:24:26,338-Baselog-INFO-com.dengta.date:id/tv_dialog_live_edit_comment_send
2021-02-01 17:24:26,937-Baselog-INFO-com.dengta.date:id/tv_live_top_members_count
2021-02-01 17:24:28,321-Baselog-INFO-com.dengta.date:id/iv_live_room_online_user_close
2021-02-01 17:24:28,393-Baselog-INFO-com.dengta.date:id/iv_reward_top
2021-02-01 17:24:28,996-Baselog-INFO-xpath=>//androidx.appcompat.app.ActionBar.Tab[@content-desc="贡献总榜"]/android.widget.TextView
2021-02-01 17:24:31,745-Baselog-INFO-com.dengta.date:id/tv_live_bottom_say_something
2021-02-01 17:24:33,299-Baselog-INFO-关闭app
