2021-02-03 15:35:53,094-Baselog-INFO-com.android.permissioncontroller:id/permission_allow_button
2021-02-03 15:35:54,170-Baselog-INFO-com.dengta.date:id/btn_user_privacy_policy_summary_agree
2021-02-03 15:35:55,189-Baselog-INFO-com.dengta.date:id/ll_login_select_cellphone_login_register
2021-02-03 15:35:56,844-Baselog-INFO-com.dengta.date:id/btn_login_sure
2021-02-03 15:35:58,606-Baselog-INFO-com.dengta.date:id/btn_inviteCode_cancel
2021-02-03 15:35:59,261-Baselog-INFO-com.dengta.date:id/iv_register_sex_girl
2021-02-03 15:36:00,913-Baselog-INFO-com.dengta.date:id/btn_register_sex_sure
2021-02-03 15:36:02,828-Baselog-INFO-com.dengta.date:id/ll_register_info_nickname
2021-02-03 15:36:04,056-Baselog-INFO-com.dengta.date:id/iv_register_avatar_set_avatar
2021-02-03 15:36:04,743-Baselog-INFO-com.dengta.date:id/tv_select_avatar_select_from_album
2021-02-03 15:36:05,505-Baselog-INFO-com.android.permissioncontroller:id/permission_allow_button
2021-02-03 15:36:06,322-Baselog-INFO-com.android.permissioncontroller:id/permission_allow_button
2021-02-03 15:36:07,735-Baselog-INFO-com.dengta.date:id/tvCheck
2021-02-03 15:36:08,680-Baselog-INFO-com.dengta.date:id/picture_send
2021-02-03 15:36:09,820-Baselog-INFO-com.dengta.date:id/menu_crop
2021-02-03 15:36:10,637-Baselog-INFO-com.dengta.date:id/btn_register_info_next_step
2021-02-03 15:36:11,805-Baselog-INFO-com.dengta.date:id/btn_sign_in
2021-02-03 15:36:13,762-Baselog-INFO-com.dengta.date:id/btn_confirm
2021-02-03 15:36:14,480-Baselog-INFO-com.dengta.date:id/item_short_video_avatar_civ
2021-02-03 15:36:15,097-Baselog-INFO-com.dengta.date:id/simpleDraweeView_user_info_avatar
2021-02-03 15:36:17,700-Baselog-INFO-com.dengta.date:id/frag_user_info_guardian_tv
2021-02-03 15:36:18,393-Baselog-INFO-com.dengta.date:id/iv_title_common_back
2021-02-03 15:36:19,236-Baselog-INFO-com.dengta.date:id/frag_detail_bottom_attention_ll
2021-02-03 15:36:20,760-Baselog-INFO-com.dengta.date:id/tv_commit
2021-02-03 15:36:21,674-Baselog-INFO-com.dengta.date:id/tv_commit
2021-02-03 15:36:23,012-Baselog-INFO-com.dengta.date:id/tv_commit
2021-02-03 15:36:24,228-Baselog-INFO-com.dengta.date:id/tv_commit
2021-02-03 15:36:25,450-Baselog-INFO-com.dengta.date:id/tv_commit
2021-02-03 15:36:26,082-Baselog-INFO-com.dengta.date:id/frag_user_info_guardian_tv
2021-02-03 15:36:26,872-Baselog-INFO-com.dengta.date:id/iv_title_common_back
2021-02-03 15:36:27,705-Baselog-INFO-com.dengta.date:id/frag_user_detail_followed_iv
2021-02-03 15:36:28,858-Baselog-INFO-com.dengta.date:id/dialog_comm_confirm_tv
2021-02-03 15:36:30,049-Baselog-INFO-com.dengta.date:id/home_page_video_search_iv
2021-02-03 15:36:31,692-Baselog-INFO-com.dengta.date:id/tv_video_search_search
2021-02-03 15:36:33,904-Baselog-INFO-com.dengta.date:id/frag_short_video_video_back_iv
2021-02-03 15:36:36,595-Baselog-INFO-com.dengta.date:id/tv_video_search_type
2021-02-03 15:36:37,731-Baselog-INFO-com.dengta.date:id/tv_video_search_title
2021-02-03 15:36:38,467-Baselog-INFO-com.dengta.date:id/tv_video_search_search
2021-02-03 15:36:40,358-Baselog-INFO-com.dengta.date:id/iv_item_user_detail_short_video_pic
2021-02-03 15:36:41,029-Baselog-INFO-com.dengta.date:id/frag_short_video_video_back_iv
2021-02-03 15:36:42,546-Baselog-INFO-com.dengta.date:id/iv_video_search_back
2021-02-03 15:36:43,702-Baselog-INFO-com.dengta.date:id/tem_short_video_like_svgiv
2021-02-03 15:36:45,375-Baselog-INFO-com.dengta.date:id/item_short_video_comment_tv
2021-02-03 15:36:46,628-Baselog-INFO-com.dengta.date:id/layout_comment_input_tv
2021-02-03 15:36:48,069-Baselog-INFO-com.dengta.date:id/layout_edit_comment_submit_tv
2021-02-03 15:36:49,955-Baselog-INFO-com.dengta.date:id/item_video_comment_like_iv
2021-02-03 15:36:52,491-Baselog-INFO-com.dengta.date:id/item_short_video_forward_tv
2021-02-03 15:36:53,186-Baselog-INFO-com.dengta.date:id/item_share_item_icon_iv
2021-02-03 15:36:56,914-Baselog-INFO-com.dengta.date:id/dialog_share_confirm_text_tv
2021-02-03 15:36:59,330-Baselog-INFO-com.dengta.date:id/btn_youth_mode_i_know
2021-02-03 15:37:00,583-Baselog-INFO-com.dengta.date:id/btn_open
2021-02-03 15:37:01,255-Baselog-INFO-com.android.permissioncontroller:id/permission_allow_foreground_only_button
2021-02-03 15:37:02,020-Baselog-INFO-com.dengta.date:id/iv_ta_live_live_like
2021-02-03 15:37:03,766-Baselog-INFO-com.dengta.date:id/iv_ta_live_start_live
2021-02-03 15:37:04,579-Baselog-INFO-com.android.permissioncontroller:id/permission_allow_button
2021-02-03 15:37:05,345-Baselog-INFO-com.dengta.date:id/btn_common_sure_no_bg_sure
2021-02-03 15:37:08,199-Baselog-INFO-com.dengta.date:id/img_bg_two
2021-02-03 15:37:09,309-Baselog-INFO-com.dengta.date:id/tv_select_avatar_select_from_album
2021-02-03 15:37:10,029-Baselog-INFO-com.dengta.date:id/tvCheck
2021-02-03 15:37:10,831-Baselog-INFO-com.dengta.date:id/picture_send
2021-02-03 15:37:11,937-Baselog-INFO-com.dengta.date:id/img_bg_three
2021-02-03 15:37:13,155-Baselog-INFO-com.dengta.date:id/tv_select_avatar_select_from_album
2021-02-03 15:37:13,772-Baselog-INFO-com.dengta.date:id/tvCheck
2021-02-03 15:37:14,554-Baselog-INFO-com.dengta.date:id/picture_send
2021-02-03 15:37:16,786-Baselog-INFO-com.dengta.date:id/btn_submit
2021-02-03 15:37:17,413-Baselog-INFO-com.dengta.date:id/btn_back
2021-02-03 15:37:18,434-Baselog-INFO-com.dengta.date:id/et_ta_live_search
2021-02-03 15:37:20,310-Baselog-INFO-com.dengta.date:id/tv_user_search_search
2021-02-03 15:37:22,046-Baselog-INFO-com.dengta.date:id/fl_item_homepage_list_avatar
2021-02-03 15:37:23,354-Baselog-INFO-com.dengta.date:id/iv_user_search_back
2021-02-03 15:37:24,637-Baselog-INFO-com.dengta.date:id/banner_general_blind_date
2021-02-03 15:37:25,890-Baselog-INFO-com.dengta.date:id/top_bar_left_iv
2021-02-03 15:37:27,769-Baselog-INFO-com.dengta.date:id/iv_ta_live_all_net_list
2021-02-03 15:37:28,967-Baselog-INFO-xpath=>//androidx.appcompat.app.ActionBar.Tab[@content-desc="上周榜"]/android.widget.TextView
2021-02-03 15:37:32,141-Baselog-INFO-xpath=>//androidx.appcompat.app.ActionBar.Tab[@content-desc="PK榜"]/android.view.ViewGroup
2021-02-03 15:37:33,750-Baselog-INFO-xpath=>//androidx.appcompat.app.ActionBar.Tab[@content-desc="富豪榜"]/android.view.ViewGroup
2021-02-03 15:37:35,416-Baselog-INFO-xpath=>//androidx.appcompat.app.ActionBar.Tab[@content-desc="上月榜"]/android.widget.TextView
2021-02-03 15:37:38,948-Baselog-INFO-com.dengta.date:id/iv_item_personal_live_pic
2021-02-03 15:37:39,811-Baselog-INFO-com.dengta.date:id/tv_live_top_group_status
2021-02-03 15:37:42,564-Baselog-INFO-com.dengta.date:id/iv_live_top_anchor_avatar
2021-02-03 15:37:43,189-Baselog-INFO-com.dengta.date:id/tv_other_user_info_manager
2021-02-03 15:37:43,921-Baselog-INFO-com.dengta.date:id/frag_report_rv
2021-02-03 15:37:44,688-Baselog-INFO-com.dengta.date:id/item_src_iv
2021-02-03 15:37:45,442-Baselog-INFO-com.dengta.date:id/tv_select_avatar_select_from_album
2021-02-03 15:37:46,077-Baselog-INFO-com.dengta.date:id/tvCheck
2021-02-03 15:37:46,842-Baselog-INFO-com.dengta.date:id/picture_send
2021-02-03 15:37:49,040-Baselog-INFO-com.dengta.date:id/frag_report_content_commit_tv
2021-02-03 15:37:50,473-Baselog-INFO-com.dengta.date:id/iv_other_user_info_noble_avatar
2021-02-03 15:37:52,884-Baselog-INFO-com.dengta.date:id/iv_live_top_anchor_avatar
2021-02-03 15:37:53,563-Baselog-INFO-com.dengta.date:id/iv_other_user_info_guard_avatar
2021-02-03 15:37:57,384-Baselog-ERROR-Message: 

2021-02-03 15:37:58,356-Baselog-INFO-截图并保存至：F:\appium_jskj/screenshots/21020315021612337877.3848.png
2021-02-03 15:38:02,592-Baselog-INFO-com.dengta.date:id/tv_other_user_info_ait_ta
2021-02-03 15:38:04,234-Baselog-INFO-com.dengta.date:id/tv_dialog_live_edit_comment_send
2021-02-03 15:38:05,344-Baselog-INFO-com.dengta.date:id/tv_live_top_members_count
2021-02-03 15:38:06,230-Baselog-INFO-com.dengta.date:id/iv_live_room_online_user_close
2021-02-03 15:38:06,834-Baselog-INFO-com.dengta.date:id/iv_reward_top
2021-02-03 15:38:07,538-Baselog-INFO-xpath=>//androidx.appcompat.app.ActionBar.Tab[@content-desc="贡献总榜"]/android.widget.TextView
2021-02-03 15:38:10,932-Baselog-INFO-com.dengta.date:id/tv_live_bottom_say_something
2021-02-03 15:38:15,447-Baselog-ERROR-Message: 

2021-02-03 15:38:17,461-Baselog-INFO-截图并保存至：F:\appium_jskj/screenshots/21020315021612337895.4478002.png
2021-02-03 15:38:21,595-Baselog-INFO-关闭app
