2021-02-03 11:09:25,402-Baselog-INFO-com.android.permissioncontroller:id/permission_allow_button
2021-02-03 11:09:26,485-Baselog-INFO-com.dengta.date:id/btn_user_privacy_policy_summary_agree
2021-02-03 11:09:27,616-Baselog-INFO-com.dengta.date:id/ll_login_select_cellphone_login_register
2021-02-03 11:09:30,231-Baselog-INFO-com.dengta.date:id/btn_login_sure
2021-02-03 11:09:32,673-Baselog-INFO-com.dengta.date:id/btn_inviteCode_cancel
2021-02-03 11:09:33,815-Baselog-INFO-com.dengta.date:id/iv_register_sex_girl
2021-02-03 11:09:34,987-Baselog-INFO-com.dengta.date:id/btn_register_sex_sure
2021-02-03 11:09:36,858-Baselog-INFO-com.dengta.date:id/ll_register_info_nickname
2021-02-03 11:09:38,570-Baselog-INFO-com.dengta.date:id/iv_register_avatar_set_avatar
2021-02-03 11:09:39,689-Baselog-INFO-com.dengta.date:id/tv_select_avatar_select_from_album
2021-02-03 11:09:40,832-Baselog-INFO-com.android.permissioncontroller:id/permission_allow_button
2021-02-03 11:09:41,893-Baselog-INFO-com.android.permissioncontroller:id/permission_allow_button
2021-02-03 11:09:43,037-Baselog-INFO-com.dengta.date:id/tvCheck
2021-02-03 11:09:44,225-Baselog-INFO-com.dengta.date:id/picture_send
2021-02-03 11:09:45,394-Baselog-INFO-com.dengta.date:id/menu_crop
2021-02-03 11:09:46,543-Baselog-INFO-com.dengta.date:id/btn_register_info_next_step
2021-02-03 11:09:47,720-Baselog-INFO-com.dengta.date:id/btn_sign_in
2021-02-03 11:09:49,640-Baselog-INFO-com.dengta.date:id/btn_confirm
2021-02-03 11:09:50,743-Baselog-INFO-com.dengta.date:id/item_short_video_avatar_civ
2021-02-03 11:09:52,752-Baselog-INFO-com.dengta.date:id/simpleDraweeView_user_info_avatar
2021-02-03 11:09:56,215-Baselog-INFO-com.dengta.date:id/frag_user_info_guardian_tv
2021-02-03 11:09:57,417-Baselog-INFO-com.dengta.date:id/iv_title_common_back
2021-02-03 11:09:58,559-Baselog-INFO-com.dengta.date:id/frag_detail_bottom_attention_ll
2021-02-03 11:09:59,817-Baselog-INFO-com.dengta.date:id/tv_commit
2021-02-03 11:10:01,971-Baselog-INFO-com.dengta.date:id/tv_commit
2021-02-03 11:10:03,856-Baselog-INFO-com.dengta.date:id/tv_commit
2021-02-03 11:10:05,549-Baselog-INFO-com.dengta.date:id/tv_commit
2021-02-03 11:10:06,704-Baselog-INFO-com.dengta.date:id/tv_commit
2021-02-03 11:10:07,859-Baselog-INFO-com.dengta.date:id/frag_user_info_guardian_tv
2021-02-03 11:10:09,069-Baselog-INFO-com.dengta.date:id/iv_title_common_back
2021-02-03 11:10:11,209-Baselog-INFO-com.dengta.date:id/frag_user_detail_followed_iv
2021-02-03 11:10:12,390-Baselog-INFO-com.dengta.date:id/dialog_comm_confirm_tv
2021-02-03 11:10:16,010-Baselog-INFO-com.dengta.date:id/home_page_video_search_iv
2021-02-03 11:10:17,856-Baselog-INFO-com.dengta.date:id/tv_video_search_search
2021-02-03 11:10:20,487-Baselog-INFO-com.dengta.date:id/frag_short_video_video_back_iv
2021-02-03 11:10:23,269-Baselog-INFO-com.dengta.date:id/tv_video_search_type
2021-02-03 11:10:24,400-Baselog-INFO-com.dengta.date:id/tv_video_search_title
2021-02-03 11:10:25,541-Baselog-INFO-com.dengta.date:id/tv_video_search_search
2021-02-03 11:10:26,711-Baselog-INFO-com.dengta.date:id/iv_item_user_detail_short_video_pic
2021-02-03 11:10:27,884-Baselog-INFO-com.dengta.date:id/frag_short_video_video_back_iv
2021-02-03 11:10:29,386-Baselog-INFO-com.dengta.date:id/iv_video_search_back
2021-02-03 11:10:30,513-Baselog-INFO-com.dengta.date:id/tem_short_video_like_svgiv
2021-02-03 11:10:31,710-Baselog-INFO-com.dengta.date:id/item_short_video_comment_tv
2021-02-03 11:10:33,451-Baselog-INFO-com.dengta.date:id/layout_comment_input_tv
2021-02-03 11:10:35,283-Baselog-INFO-com.dengta.date:id/layout_edit_comment_submit_tv
2021-02-03 11:10:37,259-Baselog-INFO-com.dengta.date:id/item_video_comment_like_iv
2021-02-03 11:10:41,268-Baselog-INFO-com.dengta.date:id/item_short_video_forward_tv
2021-02-03 11:10:42,449-Baselog-INFO-com.dengta.date:id/item_share_item_icon_iv
2021-02-03 11:10:46,569-Baselog-INFO-com.dengta.date:id/dialog_share_confirm_text_tv
2021-02-03 11:10:50,175-Baselog-INFO-com.dengta.date:id/btn_youth_mode_i_know
2021-02-03 11:10:51,798-Baselog-INFO-com.dengta.date:id/btn_open
2021-02-03 11:10:52,900-Baselog-INFO-com.android.permissioncontroller:id/permission_allow_foreground_only_button
2021-02-03 11:10:53,968-Baselog-INFO-com.dengta.date:id/iv_ta_live_live_like
2021-02-03 11:10:56,636-Baselog-INFO-com.dengta.date:id/iv_ta_live_start_live
2021-02-03 11:10:58,307-Baselog-INFO-com.android.permissioncontroller:id/permission_allow_button
2021-02-03 11:10:59,420-Baselog-INFO-com.dengta.date:id/btn_common_sure_no_bg_sure
2021-02-03 11:11:02,580-Baselog-INFO-com.dengta.date:id/img_bg_two
2021-02-03 11:11:04,206-Baselog-INFO-com.dengta.date:id/tv_select_avatar_select_from_album
2021-02-03 11:11:05,364-Baselog-INFO-com.dengta.date:id/tvCheck
2021-02-03 11:11:06,514-Baselog-INFO-com.dengta.date:id/picture_send
2021-02-03 11:11:07,674-Baselog-INFO-com.dengta.date:id/img_bg_three
2021-02-03 11:11:08,894-Baselog-INFO-com.dengta.date:id/tv_select_avatar_select_from_album
2021-02-03 11:11:10,031-Baselog-INFO-com.dengta.date:id/tvCheck
2021-02-03 11:11:11,181-Baselog-INFO-com.dengta.date:id/picture_send
2021-02-03 11:11:12,354-Baselog-INFO-com.dengta.date:id/btn_submit
2021-02-03 11:11:13,555-Baselog-INFO-com.dengta.date:id/btn_back
2021-02-03 11:11:14,695-Baselog-INFO-com.dengta.date:id/et_ta_live_search
2021-02-03 11:11:16,039-Baselog-INFO-com.dengta.date:id/tv_user_search_search
2021-02-03 11:11:17,861-Baselog-INFO-com.dengta.date:id/fl_item_homepage_list_avatar
2021-02-03 11:11:21,482-Baselog-INFO-com.dengta.date:id/iv_user_search_back
2021-02-03 11:11:22,643-Baselog-INFO-com.dengta.date:id/banner_general_blind_date
2021-02-03 11:11:23,927-Baselog-INFO-com.dengta.date:id/top_bar_left_iv
2021-02-03 11:11:25,968-Baselog-INFO-com.dengta.date:id/iv_ta_live_all_net_list
2021-02-03 11:11:27,222-Baselog-INFO-xpath=>//androidx.appcompat.app.ActionBar.Tab[@content-desc="上周榜"]/android.widget.TextView
2021-02-03 11:11:30,291-Baselog-INFO-xpath=>//androidx.appcompat.app.ActionBar.Tab[@content-desc="PK榜"]/android.view.ViewGroup
2021-02-03 11:11:32,323-Baselog-INFO-xpath=>//androidx.appcompat.app.ActionBar.Tab[@content-desc="富豪榜"]/android.view.ViewGroup
2021-02-03 11:11:34,431-Baselog-INFO-xpath=>//androidx.appcompat.app.ActionBar.Tab[@content-desc="上月榜"]/android.widget.TextView
2021-02-03 11:11:38,859-Baselog-INFO-com.dengta.date:id/iv_item_personal_live_pic
2021-02-03 11:11:40,218-Baselog-INFO-com.dengta.date:id/tv_live_top_group_status
2021-02-03 11:11:43,263-Baselog-INFO-com.dengta.date:id/iv_live_top_anchor_avatar
2021-02-03 11:11:44,420-Baselog-INFO-com.dengta.date:id/tv_other_user_info_manager
2021-02-03 11:11:45,554-Baselog-INFO-com.dengta.date:id/frag_report_rv
2021-02-03 11:11:46,674-Baselog-INFO-com.dengta.date:id/item_src_iv
2021-02-03 11:11:47,798-Baselog-INFO-com.dengta.date:id/tv_select_avatar_select_from_album
2021-02-03 11:11:48,933-Baselog-INFO-com.dengta.date:id/tvCheck
2021-02-03 11:11:50,094-Baselog-INFO-com.dengta.date:id/picture_send
2021-02-03 11:11:52,374-Baselog-INFO-com.dengta.date:id/frag_report_content_commit_tv
2021-02-03 11:11:54,648-Baselog-INFO-com.dengta.date:id/iv_other_user_info_noble_avatar
2021-02-03 11:11:58,367-Baselog-INFO-com.dengta.date:id/iv_live_top_anchor_avatar
2021-02-03 11:11:59,530-Baselog-INFO-com.dengta.date:id/iv_other_user_info_guard_avatar
2021-02-03 11:12:03,527-Baselog-ERROR-Message: 

2021-02-03 11:12:04,624-Baselog-INFO-截图并保存至：F:\appium_jskj/screenshots/21020311021612321923.5278.png
2021-02-03 11:12:10,863-Baselog-INFO-com.dengta.date:id/tv_other_user_info_ait_ta
2021-02-03 11:12:14,787-Baselog-ERROR-Message: 

2021-02-03 11:12:16,226-Baselog-INFO-截图并保存至：F:\appium_jskj/screenshots/21020311021612321934.7878.png
2021-02-03 11:12:20,290-Baselog-INFO-关闭app
