2021-02-01 14:40:18,168-Baselog-INFO-com.android.permissioncontroller:id/permission_allow_button
2021-02-01 14:40:18,774-Baselog-INFO-com.dengta.date:id/btn_user_privacy_policy_summary_agree
2021-02-01 14:40:19,641-Baselog-INFO-com.dengta.date:id/ll_login_select_cellphone_login_register
2021-02-01 14:40:22,276-Baselog-INFO-com.dengta.date:id/btn_login_sure
2021-02-01 14:40:22,886-Baselog-INFO-com.dengta.date:id/btn_inviteCode_cancel
2021-02-01 14:40:23,790-Baselog-INFO-com.dengta.date:id/iv_register_sex_girl
2021-02-01 14:40:25,040-Baselog-INFO-com.dengta.date:id/btn_register_sex_sure
2021-02-01 14:40:27,263-Baselog-INFO-com.dengta.date:id/ll_register_info_nickname
2021-02-01 14:40:28,009-Baselog-INFO-com.dengta.date:id/iv_register_avatar_set_avatar
2021-02-01 14:40:28,699-Baselog-INFO-com.dengta.date:id/tv_select_avatar_select_from_album
2021-02-01 14:40:29,479-Baselog-INFO-com.android.permissioncontroller:id/permission_allow_button
2021-02-01 14:40:30,747-Baselog-INFO-com.android.permissioncontroller:id/permission_allow_button
2021-02-01 14:40:31,667-Baselog-INFO-com.dengta.date:id/tvCheck
2021-02-01 14:40:33,217-Baselog-INFO-com.dengta.date:id/picture_send
2021-02-01 14:40:34,371-Baselog-INFO-com.dengta.date:id/menu_crop
2021-02-01 14:40:35,839-Baselog-INFO-com.dengta.date:id/btn_register_info_next_step
2021-02-01 14:40:37,035-Baselog-INFO-com.dengta.date:id/btn_sign_in
2021-02-01 14:40:39,414-Baselog-INFO-com.dengta.date:id/btn_confirm
2021-02-01 14:40:40,118-Baselog-INFO-com.dengta.date:id/item_short_video_avatar_civ
2021-02-01 14:40:40,771-Baselog-INFO-com.dengta.date:id/simpleDraweeView_user_info_avatar
2021-02-01 14:40:42,224-Baselog-INFO-com.dengta.date:id/frag_user_info_guardian_tv
2021-02-01 14:40:45,827-Baselog-ERROR-Message: 

2021-02-01 14:40:46,707-Baselog-INFO-截图并保存至：F:\appium_jskj/screenshots/21020114021612161645.8270001.png
2021-02-01 14:40:46,708-Baselog-INFO-com.dengta.date:id/iv_title_common_back
2021-02-01 14:40:50,755-Baselog-ERROR-Message: 

2021-02-01 14:40:51,734-Baselog-INFO-截图并保存至：F:\appium_jskj/screenshots/21020114021612161650.755.png
2021-02-01 14:40:51,734-Baselog-INFO-com.dengta.date:id/frag_detail_bottom_attention_ll
2021-02-01 14:40:52,827-Baselog-INFO-com.dengta.date:id/tv_commit
2021-02-01 14:40:54,095-Baselog-INFO-com.dengta.date:id/tv_commit
2021-02-01 14:40:56,059-Baselog-INFO-com.dengta.date:id/tv_commit
2021-02-01 14:40:56,771-Baselog-INFO-com.dengta.date:id/tv_commit
2021-02-01 14:40:57,542-Baselog-INFO-com.dengta.date:id/tv_commit
2021-02-01 14:40:58,125-Baselog-INFO-com.dengta.date:id/frag_user_info_guardian_tv
2021-02-01 14:40:58,814-Baselog-INFO-com.dengta.date:id/iv_title_common_back
2021-02-01 14:40:59,595-Baselog-INFO-com.dengta.date:id/frag_user_detail_followed_iv
2021-02-01 14:41:00,718-Baselog-INFO-com.dengta.date:id/dialog_comm_confirm_tv
2021-02-01 14:41:01,667-Baselog-INFO-com.dengta.date:id/home_page_video_search_iv
2021-02-01 14:41:04,094-Baselog-INFO-com.dengta.date:id/tv_video_search_search
2021-02-01 14:41:05,851-Baselog-INFO-com.dengta.date:id/frag_short_video_video_back_iv
2021-02-01 14:41:07,462-Baselog-INFO-com.dengta.date:id/tv_video_search_type
2021-02-01 14:41:08,647-Baselog-INFO-com.dengta.date:id/tv_video_search_title
2021-02-01 14:41:09,249-Baselog-INFO-com.dengta.date:id/tv_video_search_search
2021-02-01 14:41:10,366-Baselog-INFO-com.dengta.date:id/iv_item_user_detail_short_video_pic
2021-02-01 14:41:11,256-Baselog-INFO-com.dengta.date:id/tem_short_video_like_svgiv
2021-02-01 14:41:15,483-Baselog-ERROR-Message: 

2021-02-01 14:41:17,289-Baselog-INFO-截图并保存至：F:\appium_jskj/screenshots/21020114021612161675.483.png
2021-02-01 14:41:17,289-Baselog-INFO-com.dengta.date:id/item_short_video_comment_tv
2021-02-01 14:41:17,467-Baselog-INFO-com.dengta.date:id/layout_comment_input_tv
2021-02-01 14:41:19,348-Baselog-INFO-com.dengta.date:id/layout_edit_comment_submit_tv
2021-02-01 14:41:21,563-Baselog-INFO-com.dengta.date:id/item_video_comment_like_iv
2021-02-01 14:41:22,686-Baselog-INFO-com.dengta.date:id/item_short_video_forward_tv
2021-02-01 14:41:23,302-Baselog-INFO-com.dengta.date:id/item_share_item_icon_iv
2021-02-01 14:41:24,059-Baselog-INFO-com.dengta.date:id/dialog_share_confirm_text_tv
2021-02-01 14:41:28,888-Baselog-INFO-关闭app
