2021-02-02 14:35:30,390-Baselog-INFO-com.android.permissioncontroller:id/permission_allow_button
2021-02-02 14:35:31,486-Baselog-INFO-com.dengta.date:id/btn_user_privacy_policy_summary_agree
2021-02-02 14:35:32,635-Baselog-INFO-com.dengta.date:id/ll_login_select_cellphone_login_register
2021-02-02 14:35:35,746-Baselog-INFO-com.dengta.date:id/btn_login_sure
2021-02-02 14:35:38,033-Baselog-INFO-com.dengta.date:id/btn_inviteCode_cancel
2021-02-02 14:35:39,193-Baselog-INFO-com.dengta.date:id/iv_register_sex_girl
2021-02-02 14:35:41,081-Baselog-INFO-com.dengta.date:id/btn_register_sex_sure
2021-02-02 14:35:42,946-Baselog-INFO-com.dengta.date:id/ll_register_info_nickname
2021-02-02 14:35:44,675-Baselog-INFO-com.dengta.date:id/iv_register_avatar_set_avatar
2021-02-02 14:35:45,810-Baselog-INFO-com.dengta.date:id/tv_select_avatar_select_from_album
2021-02-02 14:35:46,945-Baselog-INFO-com.android.permissioncontroller:id/permission_allow_button
2021-02-02 14:35:48,014-Baselog-INFO-com.android.permissioncontroller:id/permission_allow_button
2021-02-02 14:35:49,153-Baselog-INFO-com.dengta.date:id/tvCheck
2021-02-02 14:35:50,326-Baselog-INFO-com.dengta.date:id/picture_send
2021-02-02 14:35:51,492-Baselog-INFO-com.dengta.date:id/menu_crop
2021-02-02 14:35:52,644-Baselog-INFO-com.dengta.date:id/btn_register_info_next_step
2021-02-02 14:35:53,823-Baselog-INFO-com.dengta.date:id/btn_sign_in
2021-02-02 14:35:56,510-Baselog-INFO-com.dengta.date:id/btn_confirm
2021-02-02 14:35:57,659-Baselog-INFO-com.dengta.date:id/item_short_video_avatar_civ
2021-02-02 14:35:58,813-Baselog-INFO-com.dengta.date:id/simpleDraweeView_user_info_avatar
2021-02-02 14:36:02,345-Baselog-INFO-com.dengta.date:id/frag_user_info_guardian_tv
2021-02-02 14:36:03,583-Baselog-INFO-com.dengta.date:id/iv_title_common_back
2021-02-02 14:36:04,740-Baselog-INFO-com.dengta.date:id/frag_detail_bottom_attention_ll
2021-02-02 14:36:05,985-Baselog-INFO-com.dengta.date:id/tv_commit
2021-02-02 14:36:07,719-Baselog-INFO-com.dengta.date:id/tv_commit
2021-02-02 14:36:10,092-Baselog-INFO-com.dengta.date:id/tv_commit
2021-02-02 14:36:11,800-Baselog-INFO-com.dengta.date:id/tv_commit
2021-02-02 14:36:12,950-Baselog-INFO-com.dengta.date:id/tv_commit
2021-02-02 14:36:14,118-Baselog-INFO-com.dengta.date:id/frag_user_info_guardian_tv
2021-02-02 14:36:15,330-Baselog-INFO-com.dengta.date:id/iv_title_common_back
2021-02-02 14:36:16,496-Baselog-INFO-com.dengta.date:id/frag_user_detail_followed_iv
2021-02-02 14:36:17,697-Baselog-INFO-com.dengta.date:id/dialog_comm_confirm_tv
2021-02-02 14:36:20,310-Baselog-INFO-com.dengta.date:id/home_page_video_search_iv
2021-02-02 14:36:22,256-Baselog-INFO-com.dengta.date:id/tv_video_search_search
2021-02-02 14:36:24,110-Baselog-INFO-com.dengta.date:id/frag_short_video_video_back_iv
2021-02-02 14:36:26,882-Baselog-INFO-com.dengta.date:id/tv_video_search_type
2021-02-02 14:36:28,031-Baselog-INFO-com.dengta.date:id/tv_video_search_title
2021-02-02 14:36:29,170-Baselog-INFO-com.dengta.date:id/tv_video_search_search
2021-02-02 14:36:30,342-Baselog-INFO-com.dengta.date:id/iv_item_user_detail_short_video_pic
2021-02-02 14:36:31,511-Baselog-INFO-com.dengta.date:id/frag_short_video_video_back_iv
2021-02-02 14:36:34,067-Baselog-INFO-com.dengta.date:id/iv_video_search_back
2021-02-02 14:36:35,169-Baselog-INFO-com.dengta.date:id/tem_short_video_like_svgiv
2021-02-02 14:36:36,394-Baselog-INFO-com.dengta.date:id/item_short_video_comment_tv
2021-02-02 14:36:38,111-Baselog-INFO-com.dengta.date:id/layout_comment_input_tv
2021-02-02 14:36:39,908-Baselog-INFO-com.dengta.date:id/layout_edit_comment_submit_tv
2021-02-02 14:36:41,798-Baselog-INFO-com.dengta.date:id/item_video_comment_like_iv
2021-02-02 14:36:45,806-Baselog-INFO-com.dengta.date:id/item_short_video_forward_tv
2021-02-02 14:36:46,989-Baselog-INFO-com.dengta.date:id/item_share_item_icon_iv
2021-02-02 14:36:51,089-Baselog-INFO-com.dengta.date:id/dialog_share_confirm_text_tv
2021-02-02 14:36:54,678-Baselog-INFO-com.dengta.date:id/btn_youth_mode_i_know
2021-02-02 14:36:56,449-Baselog-INFO-com.dengta.date:id/btn_open
2021-02-02 14:37:48,221-Baselog-INFO-com.android.permissioncontroller:id/permission_allow_button
2021-02-02 14:37:52,006-Baselog-ERROR-Message: 

2021-02-02 14:37:53,634-Baselog-INFO-截图并保存至：F:\appium_jskj/screenshots/21020214021612247872.0062.png
2021-02-02 14:37:53,634-Baselog-INFO-com.dengta.date:id/iv_ta_live_live_like
2021-02-02 14:38:00,390-Baselog-INFO-com.dengta.date:id/iv_ta_live_start_live
2021-02-02 14:38:02,258-Baselog-INFO-com.android.permissioncontroller:id/permission_allow_button
2021-02-02 14:38:03,341-Baselog-INFO-com.dengta.date:id/btn_common_sure_no_bg_sure
2021-02-02 14:38:05,177-Baselog-INFO-com.dengta.date:id/img_bg_two
2021-02-02 14:38:06,785-Baselog-INFO-com.dengta.date:id/tv_select_avatar_select_from_album
2021-02-02 14:38:07,940-Baselog-INFO-com.dengta.date:id/tvCheck
2021-02-02 14:38:09,207-Baselog-INFO-com.dengta.date:id/picture_send
2021-02-02 14:38:11,471-Baselog-INFO-com.dengta.date:id/img_bg_three
2021-02-02 14:38:12,637-Baselog-INFO-com.dengta.date:id/tv_select_avatar_select_from_album
2021-02-02 14:38:13,789-Baselog-INFO-com.dengta.date:id/tvCheck
2021-02-02 14:38:14,923-Baselog-INFO-com.dengta.date:id/picture_send
2021-02-02 14:38:16,082-Baselog-INFO-com.dengta.date:id/btn_submit
2021-02-02 14:38:17,297-Baselog-INFO-com.dengta.date:id/btn_back
2021-02-02 14:38:18,431-Baselog-INFO-com.dengta.date:id/et_ta_live_search
2021-02-02 14:38:20,347-Baselog-INFO-com.dengta.date:id/tv_user_search_search
2021-02-02 14:38:22,171-Baselog-INFO-com.dengta.date:id/fl_item_homepage_list_avatar
2021-02-02 14:38:25,793-Baselog-INFO-com.dengta.date:id/iv_user_search_back
2021-02-02 14:38:26,919-Baselog-INFO-com.dengta.date:id/banner_general_blind_date
2021-02-02 14:38:28,205-Baselog-INFO-com.dengta.date:id/top_bar_left_iv
2021-02-02 14:38:30,432-Baselog-INFO-com.dengta.date:id/iv_ta_live_all_net_list
2021-02-02 14:38:31,730-Baselog-INFO-xpath=>//androidx.appcompat.app.ActionBar.Tab[@content-desc="上周榜"]/android.widget.TextView
2021-02-02 14:38:35,371-Baselog-INFO-xpath=>//androidx.appcompat.app.ActionBar.Tab[@content-desc="PK榜"]/android.view.ViewGroup
2021-02-02 14:38:38,070-Baselog-INFO-xpath=>//androidx.appcompat.app.ActionBar.Tab[@content-desc="富豪榜"]/android.view.ViewGroup
2021-02-02 14:38:40,122-Baselog-INFO-xpath=>//androidx.appcompat.app.ActionBar.Tab[@content-desc="上月榜"]/android.widget.TextView
2021-02-02 14:38:45,294-Baselog-INFO-com.dengta.date:id/iv_item_personal_live_pic
2021-02-02 14:38:46,673-Baselog-INFO-com.dengta.date:id/tv_live_top_group_status
2021-02-02 14:38:49,735-Baselog-INFO-com.dengta.date:id/iv_live_top_anchor_avatar
2021-02-02 14:38:50,891-Baselog-INFO-com.dengta.date:id/tv_other_user_info_manager
2021-02-02 14:38:52,007-Baselog-INFO-com.dengta.date:id/frag_report_rv
2021-02-02 14:38:53,125-Baselog-INFO-com.dengta.date:id/item_src_iv
2021-02-02 14:38:54,281-Baselog-INFO-com.dengta.date:id/tv_select_avatar_select_from_album
2021-02-02 14:38:55,423-Baselog-INFO-com.dengta.date:id/tvCheck
2021-02-02 14:38:56,571-Baselog-INFO-com.dengta.date:id/picture_send
2021-02-02 14:38:57,721-Baselog-INFO-com.dengta.date:id/frag_report_content_commit_tv
2021-02-02 14:39:00,015-Baselog-INFO-com.dengta.date:id/iv_other_user_info_noble_avatar
2021-02-02 14:39:03,656-Baselog-INFO-com.dengta.date:id/iv_live_top_anchor_avatar
2021-02-02 14:39:04,840-Baselog-INFO-com.dengta.date:id/iv_other_user_info_guard_avatar
2021-02-02 14:39:08,507-Baselog-INFO-com.dengta.date:id/tv_other_user_info_ait_ta
2021-02-02 14:39:09,794-Baselog-INFO-com.dengta.date:id/tv_dialog_live_edit_comment_send
2021-02-02 14:39:11,405-Baselog-INFO-com.dengta.date:id/tv_live_top_members_count
2021-02-02 14:39:12,522-Baselog-INFO-com.dengta.date:id/iv_live_room_online_user_close
2021-02-02 14:39:13,643-Baselog-INFO-com.dengta.date:id/iv_reward_top
2021-02-02 14:39:14,829-Baselog-INFO-xpath=>//androidx.appcompat.app.ActionBar.Tab[@content-desc="贡献总榜"]/android.widget.TextView
2021-02-02 14:39:18,469-Baselog-INFO-com.dengta.date:id/tv_live_bottom_say_something
2021-02-02 14:39:22,950-Baselog-ERROR-Message: 

2021-02-02 14:39:24,718-Baselog-INFO-截图并保存至：F:\appium_jskj/screenshots/21020214021612247962.9502.png
2021-02-02 14:39:29,142-Baselog-INFO-关闭app
