2021-02-01 15:18:35,984-Baselog-INFO-com.android.permissioncontroller:id/permission_allow_button
2021-02-01 15:18:36,609-Baselog-INFO-com.dengta.date:id/btn_user_privacy_policy_summary_agree
2021-02-01 15:18:37,497-Baselog-INFO-com.dengta.date:id/ll_login_select_cellphone_login_register
2021-02-01 15:18:40,515-Baselog-INFO-com.dengta.date:id/btn_login_sure
2021-02-01 15:18:41,107-Baselog-INFO-com.dengta.date:id/btn_inviteCode_cancel
2021-02-01 15:18:41,950-Baselog-INFO-com.dengta.date:id/iv_register_sex_girl
2021-02-01 15:18:43,134-Baselog-INFO-com.dengta.date:id/btn_register_sex_sure
2021-02-01 15:18:44,787-Baselog-INFO-com.dengta.date:id/ll_register_info_nickname
2021-02-01 15:18:45,532-Baselog-INFO-com.dengta.date:id/iv_register_avatar_set_avatar
2021-02-01 15:18:46,249-Baselog-INFO-com.dengta.date:id/tv_select_avatar_select_from_album
2021-02-01 15:18:46,985-Baselog-INFO-com.android.permissioncontroller:id/permission_allow_button
2021-02-01 15:18:48,235-Baselog-INFO-com.android.permissioncontroller:id/permission_allow_button
2021-02-01 15:18:49,161-Baselog-INFO-com.dengta.date:id/tvCheck
2021-02-01 15:18:50,692-Baselog-INFO-com.dengta.date:id/picture_send
2021-02-01 15:18:51,812-Baselog-INFO-com.dengta.date:id/menu_crop
2021-02-01 15:18:53,263-Baselog-INFO-com.dengta.date:id/btn_register_info_next_step
2021-02-01 15:18:54,457-Baselog-INFO-com.dengta.date:id/btn_sign_in
2021-02-01 15:18:57,976-Baselog-INFO-com.dengta.date:id/btn_confirm
2021-02-01 15:18:58,730-Baselog-INFO-com.dengta.date:id/item_short_video_avatar_civ
2021-02-01 15:18:59,366-Baselog-INFO-com.dengta.date:id/simpleDraweeView_user_info_avatar
2021-02-01 15:19:02,467-Baselog-INFO-com.dengta.date:id/frag_user_info_guardian_tv
2021-02-01 15:19:02,690-Baselog-INFO-com.dengta.date:id/iv_title_common_back
2021-02-01 15:19:03,457-Baselog-INFO-com.dengta.date:id/frag_detail_bottom_attention_ll
2021-02-01 15:19:05,531-Baselog-INFO-com.dengta.date:id/tv_commit
2021-02-01 15:19:06,295-Baselog-INFO-com.dengta.date:id/tv_commit
2021-02-01 15:19:08,148-Baselog-INFO-com.dengta.date:id/tv_commit
2021-02-01 15:19:08,884-Baselog-INFO-com.dengta.date:id/tv_commit
2021-02-01 15:19:10,116-Baselog-INFO-com.dengta.date:id/tv_commit
2021-02-01 15:19:17,028-Baselog-INFO-com.dengta.date:id/frag_user_info_guardian_tv
2021-02-01 15:19:28,128-Baselog-INFO-com.dengta.date:id/iv_title_common_back
2021-02-01 15:19:35,588-Baselog-INFO-com.dengta.date:id/frag_user_detail_followed_iv
2021-02-01 15:19:48,235-Baselog-INFO-com.dengta.date:id/dialog_comm_confirm_tv
2021-02-01 15:20:04,926-Baselog-INFO-com.dengta.date:id/home_page_video_search_iv
2021-02-01 15:20:25,322-Baselog-INFO-com.dengta.date:id/tv_video_search_search
2021-02-01 15:20:48,967-Baselog-INFO-com.dengta.date:id/frag_short_video_video_back_iv
2021-02-01 15:21:07,889-Baselog-INFO-com.dengta.date:id/tv_video_search_type
2021-02-01 15:21:11,446-Baselog-ERROR-Message: 

2021-02-01 15:21:13,518-Baselog-INFO-截图并保存至：F:\appium_jskj/screenshots/21020115021612164071.447.png
2021-02-01 15:21:38,674-Baselog-INFO-com.dengta.date:id/tv_video_search_title
2021-02-01 15:21:42,480-Baselog-ERROR-Message: 

2021-02-01 15:21:42,848-Baselog-INFO-截图并保存至：F:\appium_jskj/screenshots/21020115021612164102.481.png
