2021-02-03 17:56:05,927-Baselog-INFO-com.android.permissioncontroller:id/permission_allow_button
2021-02-03 17:56:06,588-Baselog-INFO-com.dengta.date:id/btn_user_privacy_policy_summary_agree
2021-02-03 17:56:07,518-Baselog-INFO-com.dengta.date:id/ll_login_select_cellphone_login_register
2021-02-03 17:56:09,206-Baselog-INFO-com.dengta.date:id/btn_login_sure
2021-02-03 17:56:10,299-Baselog-INFO-com.dengta.date:id/btn_inviteCode_cancel
2021-02-03 17:56:11,122-Baselog-INFO-com.dengta.date:id/iv_register_sex_girl
2021-02-03 17:56:12,897-Baselog-INFO-com.android.packageinstaller:id/permission_allow_button
2021-02-03 17:56:13,634-Baselog-INFO-com.dengta.date:id/btn_user_privacy_policy_summary_agree
2021-02-03 17:56:17,932-Baselog-INFO-com.dengta.date:id/btn_register_sex_sure
2021-02-03 17:56:19,664-Baselog-INFO-com.dengta.date:id/ll_register_info_nickname
2021-02-03 17:56:20,875-Baselog-INFO-com.dengta.date:id/iv_register_avatar_set_avatar
2021-02-03 17:56:21,564-Baselog-INFO-com.dengta.date:id/tv_select_avatar_select_from_album
2021-02-03 17:56:22,313-Baselog-INFO-com.android.permissioncontroller:id/permission_allow_button
2021-02-03 17:56:23,082-Baselog-INFO-com.android.permissioncontroller:id/permission_allow_button
2021-02-03 17:56:24,005-Baselog-INFO-com.dengta.date:id/tvCheck
2021-02-03 17:56:25,076-Baselog-INFO-com.dengta.date:id/picture_send
2021-02-03 17:56:26,232-Baselog-INFO-com.dengta.date:id/menu_crop
2021-02-03 17:56:27,038-Baselog-INFO-com.dengta.date:id/btn_register_info_next_step
2021-02-03 17:56:28,188-Baselog-INFO-com.dengta.date:id/btn_sign_in
2021-02-03 17:56:30,932-Baselog-INFO-com.dengta.date:id/btn_confirm
2021-02-03 17:56:31,789-Baselog-INFO-com.dengta.date:id/ll_login_select_cellphone_login_register
2021-02-03 17:56:34,812-Baselog-INFO-com.dengta.date:id/btn_login_sure
2021-02-03 17:56:35,978-Baselog-INFO-com.dengta.date:id/item_short_video_avatar_civ
2021-02-03 17:56:36,655-Baselog-INFO-com.dengta.date:id/simpleDraweeView_user_info_avatar
2021-02-03 17:56:39,128-Baselog-INFO-com.dengta.date:id/frag_user_info_guardian_tv
2021-02-03 17:56:39,854-Baselog-INFO-com.dengta.date:id/iv_title_common_back
2021-02-03 17:56:40,691-Baselog-INFO-com.dengta.date:id/frag_detail_bottom_attention_ll
2021-02-03 17:56:42,282-Baselog-INFO-com.dengta.date:id/tv_commit
2021-02-03 17:56:43,538-Baselog-INFO-com.dengta.date:id/tv_commit
2021-02-03 17:56:45,501-Baselog-INFO-com.dengta.date:id/tv_commit
2021-02-03 17:56:46,696-Baselog-INFO-com.dengta.date:id/tv_commit
2021-02-03 17:56:47,464-Baselog-INFO-com.dengta.date:id/tv_commit
2021-02-03 17:56:48,166-Baselog-INFO-com.dengta.date:id/frag_user_info_guardian_tv
2021-02-03 17:56:48,853-Baselog-INFO-com.dengta.date:id/iv_title_common_back
2021-02-03 17:56:49,672-Baselog-INFO-com.dengta.date:id/frag_user_detail_followed_iv
2021-02-03 17:56:50,791-Baselog-INFO-com.dengta.date:id/dialog_comm_confirm_tv
2021-02-03 17:56:51,999-Baselog-INFO-com.dengta.date:id/home_page_video_search_iv
2021-02-03 17:56:53,362-Baselog-INFO-com.dengta.date:id/tv_video_search_search
2021-02-03 17:56:55,467-Baselog-INFO-com.android.packageinstaller:id/permission_allow_button
2021-02-03 17:56:57,890-Baselog-INFO-com.dengta.date:id/btn_youth_mode_i_know
2021-02-03 17:56:59,313-Baselog-INFO-com.dengta.date:id/btn_open
2021-02-03 17:57:00,173-Baselog-INFO-com.android.packageinstaller:id/permission_allow_button
2021-02-03 17:57:01,088-Baselog-INFO-com.dengta.date:id/frag_short_video_video_back_iv
2021-02-03 17:57:03,009-Baselog-INFO-com.dengta.date:id/tv_video_search_type
2021-02-03 17:57:04,148-Baselog-INFO-com.dengta.date:id/tv_video_search_title
2021-02-03 17:57:04,766-Baselog-INFO-com.dengta.date:id/tv_video_search_search
2021-02-03 17:57:06,843-Baselog-INFO-com.dengta.date:id/iv_item_user_detail_short_video_pic
2021-02-03 17:57:07,497-Baselog-INFO-com.dengta.date:id/frag_short_video_video_back_iv
2021-02-03 17:57:10,236-Baselog-INFO-com.dengta.date:id/iv_video_search_back
2021-02-03 17:57:10,825-Baselog-INFO-com.dengta.date:id/tem_short_video_like_svgiv
2021-02-03 17:57:11,975-Baselog-INFO-com.dengta.date:id/item_short_video_comment_tv
2021-02-03 17:57:12,660-Baselog-INFO-com.dengta.date:id/layout_comment_input_tv
2021-02-03 17:57:14,513-Baselog-INFO-com.dengta.date:id/layout_edit_comment_submit_tv
2021-02-03 17:57:16,364-Baselog-INFO-com.dengta.date:id/item_video_comment_like_iv
2021-02-03 17:57:18,880-Baselog-INFO-com.dengta.date:id/item_short_video_forward_tv
2021-02-03 17:57:19,591-Baselog-INFO-com.dengta.date:id/item_share_item_icon_iv
2021-02-03 17:57:23,342-Baselog-INFO-com.dengta.date:id/dialog_share_confirm_text_tv
2021-02-03 17:57:25,797-Baselog-INFO-com.dengta.date:id/btn_youth_mode_i_know
2021-02-03 17:57:27,053-Baselog-INFO-com.dengta.date:id/btn_open
2021-02-03 17:57:27,790-Baselog-INFO-com.android.permissioncontroller:id/permission_allow_foreground_only_button
2021-02-03 17:57:28,541-Baselog-INFO-com.dengta.date:id/iv_ta_live_live_like
2021-02-03 17:57:31,080-Baselog-INFO-com.dengta.date:id/iv_ta_live_start_live
2021-02-03 17:57:32,467-Baselog-INFO-com.android.packageinstaller:id/permission_allow_button
2021-02-03 17:57:33,271-Baselog-INFO-com.android.packageinstaller:id/permission_allow_button
2021-02-03 17:57:34,219-Baselog-INFO-com.android.packageinstaller:id/permission_allow_button
2021-02-03 17:57:35,067-Baselog-INFO-com.dengta.date:id/iv_ta_live_start_live
2021-02-03 17:57:35,942-Baselog-INFO-com.android.permissioncontroller:id/permission_allow_button
2021-02-03 17:57:36,691-Baselog-INFO-com.dengta.date:id/btn_common_sure_no_bg_sure
2021-02-03 17:57:39,005-Baselog-INFO-com.dengta.date:id/img_bg_two
2021-02-03 17:57:40,130-Baselog-INFO-com.dengta.date:id/tv_select_avatar_select_from_album
2021-02-03 17:57:40,724-Baselog-INFO-com.dengta.date:id/tvCheck
2021-02-03 17:57:41,529-Baselog-INFO-com.dengta.date:id/picture_send
2021-02-03 17:57:43,757-Baselog-INFO-com.dengta.date:id/img_bg_three
2021-02-03 17:57:44,390-Baselog-INFO-com.dengta.date:id/tv_select_avatar_select_from_album
2021-02-03 17:57:45,010-Baselog-INFO-com.dengta.date:id/tvCheck
2021-02-03 17:57:45,793-Baselog-INFO-com.dengta.date:id/picture_send
2021-02-03 17:57:46,932-Baselog-INFO-com.dengta.date:id/btn_submit
2021-02-03 17:57:48,151-Baselog-INFO-com.dengta.date:id/btn_back
2021-02-03 17:57:49,426-Baselog-INFO-com.dengta.date:id/et_ta_live_search
2021-02-03 17:57:50,788-Baselog-INFO-com.dengta.date:id/tv_user_search_search
2021-02-03 17:57:52,455-Baselog-INFO-com.dengta.date:id/fl_item_homepage_list_avatar
2021-02-03 17:57:53,780-Baselog-INFO-com.dengta.date:id/iv_user_search_back
2021-02-03 17:57:55,085-Baselog-INFO-com.dengta.date:id/banner_general_blind_date
2021-02-03 17:57:56,370-Baselog-INFO-com.dengta.date:id/top_bar_left_iv
2021-02-03 17:57:58,529-Baselog-INFO-com.dengta.date:id/iv_ta_live_all_net_list
2021-02-03 17:57:59,803-Baselog-INFO-xpath=>//androidx.appcompat.app.ActionBar.Tab[@content-desc="上周榜"]/android.widget.TextView
2021-02-03 17:58:03,081-Baselog-INFO-xpath=>//androidx.appcompat.app.ActionBar.Tab[@content-desc="PK榜"]/android.view.ViewGroup
2021-02-03 17:58:04,669-Baselog-INFO-xpath=>//androidx.appcompat.app.ActionBar.Tab[@content-desc="富豪榜"]/android.view.ViewGroup
2021-02-03 17:58:06,359-Baselog-INFO-xpath=>//androidx.appcompat.app.ActionBar.Tab[@content-desc="上月榜"]/android.widget.TextView
2021-02-03 17:58:10,483-Baselog-INFO-com.dengta.date:id/btn_i_know
2021-02-03 17:58:11,232-Baselog-INFO-com.dengta.date:id/et_start_live_title
2021-02-03 17:58:13,494-Baselog-INFO-com.dengta.date:id/tv_start_live_theme
2021-02-03 17:58:14,657-Baselog-INFO-com.dengta.date:id/tv_theme_content
2021-02-03 17:58:15,506-Baselog-INFO-com.dengta.date:id/btn_commit
2021-02-03 17:58:20,115-Baselog-INFO-关闭app
2021-02-03 17:58:20,561-Baselog-INFO-关闭app
