2021-02-01 15:10:11,894-Baselog-INFO-com.android.permissioncontroller:id/permission_allow_button
2021-02-01 15:10:12,473-Baselog-INFO-com.dengta.date:id/btn_user_privacy_policy_summary_agree
2021-02-01 15:10:13,841-Baselog-INFO-com.dengta.date:id/ll_login_select_cellphone_login_register
2021-02-01 15:10:16,977-Baselog-INFO-com.dengta.date:id/btn_login_sure
2021-02-01 15:10:18,257-Baselog-INFO-com.dengta.date:id/btn_inviteCode_cancel
2021-02-01 15:10:18,427-Baselog-INFO-com.dengta.date:id/iv_register_sex_girl
2021-02-01 15:10:20,097-Baselog-INFO-com.dengta.date:id/btn_register_sex_sure
2021-02-01 15:10:21,302-Baselog-INFO-com.dengta.date:id/ll_register_info_nickname
2021-02-01 15:10:22,019-Baselog-INFO-com.dengta.date:id/iv_register_avatar_set_avatar
2021-02-01 15:10:22,697-Baselog-INFO-com.dengta.date:id/tv_select_avatar_select_from_album
2021-02-01 15:10:23,447-Baselog-INFO-com.android.permissioncontroller:id/permission_allow_button
2021-02-01 15:10:24,697-Baselog-INFO-com.android.permissioncontroller:id/permission_allow_button
2021-02-01 15:10:25,621-Baselog-INFO-com.dengta.date:id/tvCheck
2021-02-01 15:10:26,585-Baselog-INFO-com.dengta.date:id/picture_send
2021-02-01 15:10:27,740-Baselog-INFO-com.dengta.date:id/menu_crop
2021-02-01 15:10:29,176-Baselog-INFO-com.dengta.date:id/btn_register_info_next_step
2021-02-01 15:10:30,371-Baselog-INFO-com.dengta.date:id/btn_sign_in
2021-02-01 15:10:32,054-Baselog-INFO-com.dengta.date:id/btn_confirm
2021-02-01 15:10:32,753-Baselog-INFO-com.dengta.date:id/item_short_video_avatar_civ
2021-02-01 15:10:33,703-Baselog-INFO-com.dengta.date:id/simpleDraweeView_user_info_avatar
2021-02-01 15:10:37,126-Baselog-INFO-com.dengta.date:id/frag_user_info_guardian_tv
2021-02-01 15:10:37,343-Baselog-INFO-com.dengta.date:id/iv_title_common_back
2021-02-01 15:10:38,128-Baselog-INFO-com.dengta.date:id/frag_detail_bottom_attention_ll
2021-02-01 15:10:40,196-Baselog-INFO-com.dengta.date:id/tv_commit
2021-02-01 15:10:41,126-Baselog-INFO-com.dengta.date:id/tv_commit
2021-02-01 15:10:43,006-Baselog-INFO-com.dengta.date:id/tv_commit
2021-02-01 15:10:43,740-Baselog-INFO-com.dengta.date:id/tv_commit
2021-02-01 15:10:44,976-Baselog-INFO-com.dengta.date:id/tv_commit
2021-02-01 15:10:45,059-Baselog-INFO-com.dengta.date:id/frag_user_info_guardian_tv
2021-02-01 15:10:45,744-Baselog-INFO-com.dengta.date:id/iv_title_common_back
2021-02-01 15:10:47,048-Baselog-INFO-com.dengta.date:id/frag_user_detail_followed_iv
2021-02-01 15:10:48,188-Baselog-INFO-com.dengta.date:id/dialog_comm_confirm_tv
2021-02-01 15:10:50,902-Baselog-INFO-com.dengta.date:id/home_page_video_search_iv
2021-02-01 15:10:52,400-Baselog-INFO-com.dengta.date:id/tv_video_search_search
2021-02-01 15:10:54,190-Baselog-INFO-com.dengta.date:id/frag_short_video_video_back_iv
2021-02-01 15:10:55,859-Baselog-INFO-com.dengta.date:id/tv_video_search_type
2021-02-01 15:10:57,526-Baselog-INFO-com.dengta.date:id/tv_video_search_title
2021-02-01 15:10:57,646-Baselog-INFO-com.dengta.date:id/tv_video_search_search
2021-02-01 15:10:58,764-Baselog-INFO-com.dengta.date:id/iv_item_user_detail_short_video_pic
2021-02-01 15:10:59,776-Baselog-INFO-com.dengta.date:id/tem_short_video_like_svgiv
2021-02-01 15:11:03,348-Baselog-ERROR-Message: 

2021-02-01 15:11:05,491-Baselog-INFO-截图并保存至：F:\appium_jskj/screenshots/21020115021612163463.349.png
2021-02-01 15:11:05,491-Baselog-INFO-com.dengta.date:id/item_short_video_comment_tv
2021-02-01 15:11:09,187-Baselog-ERROR-Message: 

2021-02-01 15:11:10,956-Baselog-INFO-截图并保存至：F:\appium_jskj/screenshots/21020115021612163469.187.png
2021-02-01 15:11:10,956-Baselog-INFO-com.dengta.date:id/layout_comment_input_tv
2021-02-01 15:11:14,923-Baselog-ERROR-Message: 

2021-02-01 15:11:16,697-Baselog-INFO-截图并保存至：F:\appium_jskj/screenshots/21020115021612163474.924.png
2021-02-01 15:11:20,766-Baselog-INFO-关闭app
