2021-02-01 15:23:08,664-Baselog-INFO-com.android.permissioncontroller:id/permission_allow_button
2021-02-01 15:23:09,264-Baselog-INFO-com.dengta.date:id/btn_user_privacy_policy_summary_agree
2021-02-01 15:23:10,651-Baselog-INFO-com.dengta.date:id/ll_login_select_cellphone_login_register
2021-02-01 15:23:13,304-Baselog-INFO-com.dengta.date:id/btn_login_sure
2021-02-01 15:23:14,588-Baselog-INFO-com.dengta.date:id/btn_inviteCode_cancel
2021-02-01 15:23:14,736-Baselog-INFO-com.dengta.date:id/iv_register_sex_girl
2021-02-01 15:23:16,523-Baselog-INFO-com.dengta.date:id/btn_register_sex_sure
2021-02-01 15:23:17,696-Baselog-INFO-com.dengta.date:id/ll_register_info_nickname
2021-02-01 15:23:18,427-Baselog-INFO-com.dengta.date:id/iv_register_avatar_set_avatar
2021-02-01 15:23:19,095-Baselog-INFO-com.dengta.date:id/tv_select_avatar_select_from_album
2021-02-01 15:23:20,412-Baselog-INFO-com.android.permissioncontroller:id/permission_allow_button
2021-02-01 15:23:21,680-Baselog-INFO-com.android.permissioncontroller:id/permission_allow_button
2021-02-01 15:23:22,603-Baselog-INFO-com.dengta.date:id/tvCheck
2021-02-01 15:23:24,140-Baselog-INFO-com.dengta.date:id/picture_send
2021-02-01 15:23:25,299-Baselog-INFO-com.dengta.date:id/menu_crop
2021-02-01 15:23:26,732-Baselog-INFO-com.dengta.date:id/btn_register_info_next_step
2021-02-01 15:23:27,940-Baselog-INFO-com.dengta.date:id/btn_sign_in
2021-02-01 15:23:30,358-Baselog-INFO-com.dengta.date:id/btn_confirm
2021-02-01 15:23:31,060-Baselog-INFO-com.dengta.date:id/item_short_video_avatar_civ
2021-02-01 15:23:31,695-Baselog-INFO-com.dengta.date:id/simpleDraweeView_user_info_avatar
2021-02-01 15:23:34,921-Baselog-INFO-com.dengta.date:id/frag_user_info_guardian_tv
2021-02-01 15:23:35,154-Baselog-INFO-com.dengta.date:id/iv_title_common_back
2021-02-01 15:23:35,924-Baselog-INFO-com.dengta.date:id/frag_detail_bottom_attention_ll
2021-02-01 15:23:38,023-Baselog-INFO-com.dengta.date:id/tv_commit
2021-02-01 15:23:39,385-Baselog-INFO-com.dengta.date:id/tv_commit
2021-02-01 15:23:41,243-Baselog-INFO-com.dengta.date:id/tv_commit
2021-02-01 15:23:41,958-Baselog-INFO-com.dengta.date:id/tv_commit
2021-02-01 15:23:43,196-Baselog-INFO-com.dengta.date:id/tv_commit
2021-02-01 15:23:43,279-Baselog-INFO-com.dengta.date:id/frag_user_info_guardian_tv
2021-02-01 15:23:43,996-Baselog-INFO-com.dengta.date:id/iv_title_common_back
2021-02-01 15:23:46,305-Baselog-INFO-com.dengta.date:id/frag_user_detail_followed_iv
2021-02-01 15:23:46,500-Baselog-INFO-com.dengta.date:id/dialog_comm_confirm_tv
2021-02-01 15:23:49,217-Baselog-INFO-com.dengta.date:id/home_page_video_search_iv
2021-02-01 15:23:51,279-Baselog-INFO-com.dengta.date:id/tv_video_search_search
2021-02-01 15:23:53,052-Baselog-INFO-com.dengta.date:id/frag_short_video_video_back_iv
2021-02-01 15:23:54,755-Baselog-INFO-com.dengta.date:id/tv_video_search_type
2021-02-01 15:23:56,441-Baselog-INFO-com.dengta.date:id/tv_video_search_title
2021-02-01 15:23:57,197-Baselog-INFO-com.dengta.date:id/tv_video_search_search
2021-02-01 15:23:58,334-Baselog-INFO-com.dengta.date:id/iv_item_user_detail_short_video_pic
2021-02-01 15:23:59,635-Baselog-INFO-com.dengta.date:id/tem_short_video_like_svgiv
2021-02-01 15:24:03,374-Baselog-ERROR-Message: 

2021-02-01 15:24:05,966-Baselog-INFO-截图并保存至：F:\appium_jskj/screenshots/21020115021612164243.374.png
2021-02-01 15:24:05,967-Baselog-INFO-com.dengta.date:id/item_short_video_comment_tv
2021-02-01 15:24:09,769-Baselog-ERROR-Message: 

2021-02-01 15:24:12,105-Baselog-INFO-截图并保存至：F:\appium_jskj/screenshots/21020115021612164249.77.png
2021-02-01 15:24:12,105-Baselog-INFO-com.dengta.date:id/layout_comment_input_tv
2021-02-01 15:24:15,899-Baselog-ERROR-Message: 

2021-02-01 15:24:17,654-Baselog-INFO-截图并保存至：F:\appium_jskj/screenshots/21020115021612164255.8990002.png
2021-02-01 15:24:21,524-Baselog-INFO-关闭app
