2021-02-01 15:33:14,143-Baselog-INFO-com.android.permissioncontroller:id/permission_allow_button
2021-02-01 15:33:14,736-Baselog-INFO-com.dengta.date:id/btn_user_privacy_policy_summary_agree
2021-02-01 15:33:16,123-Baselog-INFO-com.dengta.date:id/ll_login_select_cellphone_login_register
2021-02-01 15:33:19,327-Baselog-INFO-com.dengta.date:id/btn_login_sure
2021-02-01 15:33:20,510-Baselog-INFO-com.dengta.date:id/btn_inviteCode_cancel
2021-02-01 15:33:20,623-Baselog-INFO-com.dengta.date:id/iv_register_sex_girl
2021-02-01 15:33:21,760-Baselog-INFO-com.dengta.date:id/btn_register_sex_sure
2021-02-01 15:33:23,355-Baselog-INFO-com.dengta.date:id/ll_register_info_nickname
2021-02-01 15:33:24,083-Baselog-INFO-com.dengta.date:id/iv_register_avatar_set_avatar
2021-02-01 15:33:24,737-Baselog-INFO-com.dengta.date:id/tv_select_avatar_select_from_album
2021-02-01 15:33:25,502-Baselog-INFO-com.android.permissioncontroller:id/permission_allow_button
2021-02-01 15:33:26,751-Baselog-INFO-com.android.permissioncontroller:id/permission_allow_button
2021-02-01 15:33:27,674-Baselog-INFO-com.dengta.date:id/tvCheck
2021-02-01 15:33:29,196-Baselog-INFO-com.dengta.date:id/picture_send
2021-02-01 15:33:30,384-Baselog-INFO-com.dengta.date:id/menu_crop
2021-02-01 15:33:31,835-Baselog-INFO-com.dengta.date:id/btn_register_info_next_step
2021-02-01 15:33:33,003-Baselog-INFO-com.dengta.date:id/btn_sign_in
2021-02-01 15:33:36,006-Baselog-INFO-com.dengta.date:id/btn_confirm
2021-02-01 15:33:36,099-Baselog-INFO-com.dengta.date:id/item_short_video_avatar_civ
2021-02-01 15:33:36,730-Baselog-INFO-com.dengta.date:id/simpleDraweeView_user_info_avatar
2021-02-01 15:33:39,865-Baselog-INFO-com.dengta.date:id/frag_user_info_guardian_tv
2021-02-01 15:33:40,079-Baselog-INFO-com.dengta.date:id/iv_title_common_back
2021-02-01 15:33:40,860-Baselog-INFO-com.dengta.date:id/frag_detail_bottom_attention_ll
2021-02-01 15:33:42,915-Baselog-INFO-com.dengta.date:id/tv_commit
2021-02-01 15:33:44,303-Baselog-INFO-com.dengta.date:id/tv_commit
2021-02-01 15:33:46,168-Baselog-INFO-com.dengta.date:id/tv_commit
2021-02-01 15:33:46,891-Baselog-INFO-com.dengta.date:id/tv_commit
2021-02-01 15:33:47,694-Baselog-INFO-com.dengta.date:id/tv_commit
2021-02-01 15:33:48,409-Baselog-INFO-com.dengta.date:id/frag_user_info_guardian_tv
2021-02-01 15:33:49,116-Baselog-INFO-com.dengta.date:id/iv_title_common_back
2021-02-01 15:33:49,864-Baselog-INFO-com.dengta.date:id/frag_user_detail_followed_iv
2021-02-01 15:33:50,983-Baselog-INFO-com.dengta.date:id/dialog_comm_confirm_tv
2021-02-01 15:33:53,799-Baselog-INFO-com.dengta.date:id/home_page_video_search_iv
2021-02-01 15:33:55,476-Baselog-INFO-com.dengta.date:id/tv_video_search_search
2021-02-01 15:33:57,227-Baselog-INFO-com.dengta.date:id/frag_short_video_video_back_iv
2021-02-01 15:34:00,521-Baselog-INFO-com.dengta.date:id/tv_video_search_type
2021-02-01 15:34:00,651-Baselog-INFO-com.dengta.date:id/tv_video_search_title
2021-02-01 15:34:01,358-Baselog-INFO-com.dengta.date:id/tv_video_search_search
2021-02-01 15:34:02,463-Baselog-INFO-com.dengta.date:id/iv_item_user_detail_short_video_pic
2021-02-01 15:34:03,334-Baselog-INFO-com.dengta.date:id/frag_short_video_video_back_iv
2021-02-01 15:34:04,830-Baselog-INFO-com.dengta.date:id/iv_video_search_back
2021-02-01 15:34:05,985-Baselog-INFO-com.dengta.date:id/tem_short_video_like_svgiv
2021-02-01 15:34:07,069-Baselog-INFO-com.dengta.date:id/item_short_video_comment_tv
2021-02-01 15:34:07,769-Baselog-INFO-com.dengta.date:id/layout_comment_input_tv
2021-02-01 15:34:10,177-Baselog-INFO-com.dengta.date:id/layout_edit_comment_submit_tv
2021-02-01 15:34:12,499-Baselog-INFO-com.dengta.date:id/item_video_comment_like_iv
2021-02-01 15:34:15,443-Baselog-INFO-com.dengta.date:id/item_short_video_forward_tv
2021-02-01 15:34:15,655-Baselog-INFO-com.dengta.date:id/item_share_item_icon_iv
2021-02-01 15:34:19,388-Baselog-INFO-com.dengta.date:id/dialog_share_confirm_text_tv
2021-02-01 15:34:22,118-Baselog-INFO-com.dengta.date:id/iv_ta_live_live_like
2021-02-01 15:34:25,839-Baselog-ERROR-Message: 

2021-02-01 15:34:26,724-Baselog-INFO-截图并保存至：F:\appium_jskj/screenshots/21020115021612164865.84.png
2021-02-01 15:34:28,825-Baselog-INFO-com.dengta.date:id/iv_ta_live_start_live
2021-02-01 15:34:29,638-Baselog-INFO-com.dengta.date:id/btn_open
2021-02-01 15:34:33,479-Baselog-ERROR-Message: 

2021-02-01 15:34:35,312-Baselog-INFO-截图并保存至：F:\appium_jskj/screenshots/21020115021612164873.479.png
2021-02-01 15:34:35,312-Baselog-INFO-com.android.permissioncontroller:id/permission_allow_foreground_only_button
2021-02-01 15:34:39,055-Baselog-ERROR-Message: 

2021-02-01 15:34:40,930-Baselog-INFO-截图并保存至：F:\appium_jskj/screenshots/21020115021612164879.055.png
2021-02-01 15:34:40,930-Baselog-INFO-com.dengta.date:id/btn_start_live_open_live
2021-02-01 15:34:44,953-Baselog-ERROR-Message: 

2021-02-01 15:34:46,295-Baselog-INFO-截图并保存至：F:\appium_jskj/screenshots/21020115021612164884.9539998.png
2021-02-01 15:34:46,440-Baselog-INFO-关闭app
