2021-02-01 15:27:53,566-Baselog-INFO-com.android.permissioncontroller:id/permission_allow_button
2021-02-01 15:27:54,176-Baselog-INFO-com.dengta.date:id/btn_user_privacy_policy_summary_agree
2021-02-01 15:27:55,582-Baselog-INFO-com.dengta.date:id/ll_login_select_cellphone_login_register
2021-02-01 15:27:59,299-Baselog-INFO-com.dengta.date:id/btn_login_sure
2021-02-01 15:28:00,593-Baselog-INFO-com.dengta.date:id/btn_inviteCode_cancel
2021-02-01 15:28:01,267-Baselog-INFO-com.dengta.date:id/iv_register_sex_girl
2021-02-01 15:28:02,952-Baselog-INFO-com.dengta.date:id/btn_register_sex_sure
2021-02-01 15:28:04,075-Baselog-INFO-com.dengta.date:id/ll_register_info_nickname
2021-02-01 15:28:04,793-Baselog-INFO-com.dengta.date:id/iv_register_avatar_set_avatar
2021-02-01 15:28:05,440-Baselog-INFO-com.dengta.date:id/tv_select_avatar_select_from_album
2021-02-01 15:28:06,210-Baselog-INFO-com.android.permissioncontroller:id/permission_allow_button
2021-02-01 15:28:07,476-Baselog-INFO-com.android.permissioncontroller:id/permission_allow_button
2021-02-01 15:28:08,400-Baselog-INFO-com.dengta.date:id/tvCheck
2021-02-01 15:28:09,915-Baselog-INFO-com.dengta.date:id/picture_send
2021-02-01 15:28:11,108-Baselog-INFO-com.dengta.date:id/menu_crop
2021-02-01 15:28:12,543-Baselog-INFO-com.dengta.date:id/btn_register_info_next_step
2021-02-01 15:28:13,716-Baselog-INFO-com.dengta.date:id/btn_sign_in
2021-02-01 15:28:15,819-Baselog-INFO-com.dengta.date:id/btn_confirm
2021-02-01 15:28:16,500-Baselog-INFO-com.dengta.date:id/item_short_video_avatar_civ
2021-02-01 15:28:17,171-Baselog-INFO-com.dengta.date:id/simpleDraweeView_user_info_avatar
2021-02-01 15:28:20,529-Baselog-INFO-com.dengta.date:id/frag_user_info_guardian_tv
2021-02-01 15:28:20,712-Baselog-INFO-com.dengta.date:id/iv_title_common_back
2021-02-01 15:28:21,483-Baselog-INFO-com.dengta.date:id/frag_detail_bottom_attention_ll
2021-02-01 15:28:23,550-Baselog-INFO-com.dengta.date:id/tv_commit
2021-02-01 15:28:24,443-Baselog-INFO-com.dengta.date:id/tv_commit
2021-02-01 15:28:25,830-Baselog-INFO-com.dengta.date:id/tv_commit
2021-02-01 15:28:26,547-Baselog-INFO-com.dengta.date:id/tv_commit
2021-02-01 15:28:27,785-Baselog-INFO-com.dengta.date:id/tv_commit
2021-02-01 15:28:27,865-Baselog-INFO-com.dengta.date:id/frag_user_info_guardian_tv
2021-02-01 15:28:28,588-Baselog-INFO-com.dengta.date:id/iv_title_common_back
2021-02-01 15:28:29,352-Baselog-INFO-com.dengta.date:id/frag_user_detail_followed_iv
2021-02-01 15:28:30,489-Baselog-INFO-com.dengta.date:id/dialog_comm_confirm_tv
2021-02-01 15:28:33,219-Baselog-INFO-com.dengta.date:id/home_page_video_search_iv
2021-02-01 15:28:34,185-Baselog-INFO-com.dengta.date:id/tv_video_search_search
2021-02-01 15:28:35,838-Baselog-INFO-com.dengta.date:id/frag_short_video_video_back_iv
2021-02-01 15:28:37,627-Baselog-INFO-com.dengta.date:id/tv_video_search_type
2021-02-01 15:28:39,288-Baselog-INFO-com.dengta.date:id/tv_video_search_title
2021-02-01 15:28:39,428-Baselog-INFO-com.dengta.date:id/tv_video_search_search
2021-02-01 15:28:41,335-Baselog-INFO-com.dengta.date:id/iv_item_user_detail_short_video_pic
2021-02-01 15:28:41,470-Baselog-INFO-com.dengta.date:id/frag_short_video_video_back_iv
2021-02-01 15:28:44,046-Baselog-INFO-com.dengta.date:id/tem_short_video_like_svgiv
2021-02-01 15:28:47,806-Baselog-ERROR-Message: 

2021-02-01 15:28:49,491-Baselog-INFO-截图并保存至：F:\appium_jskj/screenshots/21020115021612164527.8060002.png
2021-02-01 15:28:49,491-Baselog-INFO-com.dengta.date:id/item_short_video_comment_tv
2021-02-01 15:28:53,396-Baselog-ERROR-Message: 

2021-02-01 15:28:55,207-Baselog-INFO-截图并保存至：F:\appium_jskj/screenshots/21020115021612164533.3969998.png
2021-02-01 15:28:55,207-Baselog-INFO-com.dengta.date:id/layout_comment_input_tv
2021-02-01 15:28:59,355-Baselog-ERROR-Message: 

2021-02-01 15:29:01,098-Baselog-INFO-截图并保存至：F:\appium_jskj/screenshots/21020115021612164539.355.png
2021-02-01 15:29:04,776-Baselog-INFO-关闭app
