2021-02-03 10:55:54,096-Baselog-INFO-com.android.permissioncontroller:id/permission_allow_button
2021-02-03 10:55:55,210-Baselog-INFO-com.dengta.date:id/btn_user_privacy_policy_summary_agree
2021-02-03 10:55:56,361-Baselog-INFO-com.dengta.date:id/ll_login_select_cellphone_login_register
2021-02-03 10:55:58,381-Baselog-INFO-com.dengta.date:id/btn_login_sure
2021-02-03 10:56:00,599-Baselog-INFO-com.dengta.date:id/btn_inviteCode_cancel
2021-02-03 10:56:01,769-Baselog-INFO-com.dengta.date:id/iv_register_sex_girl
2021-02-03 10:56:03,049-Baselog-INFO-com.dengta.date:id/btn_register_sex_sure
2021-02-03 10:56:04,986-Baselog-INFO-com.dengta.date:id/ll_register_info_nickname
2021-02-03 10:56:06,715-Baselog-INFO-com.dengta.date:id/iv_register_avatar_set_avatar
2021-02-03 10:56:07,867-Baselog-INFO-com.dengta.date:id/tv_select_avatar_select_from_album
2021-02-03 10:56:09,041-Baselog-INFO-com.android.permissioncontroller:id/permission_allow_button
2021-02-03 10:56:10,135-Baselog-INFO-com.android.permissioncontroller:id/permission_allow_button
2021-02-03 10:56:11,259-Baselog-INFO-com.dengta.date:id/tvCheck
2021-02-03 10:56:12,429-Baselog-INFO-com.dengta.date:id/picture_send
2021-02-03 10:56:13,598-Baselog-INFO-com.dengta.date:id/menu_crop
2021-02-03 10:56:14,753-Baselog-INFO-com.dengta.date:id/btn_register_info_next_step
2021-02-03 10:56:15,942-Baselog-INFO-com.dengta.date:id/btn_sign_in
2021-02-03 10:56:18,831-Baselog-INFO-com.dengta.date:id/btn_confirm
2021-02-03 10:56:19,973-Baselog-INFO-com.dengta.date:id/item_short_video_avatar_civ
2021-02-03 10:56:21,103-Baselog-INFO-com.dengta.date:id/simpleDraweeView_user_info_avatar
2021-02-03 10:56:24,592-Baselog-INFO-com.dengta.date:id/frag_user_info_guardian_tv
2021-02-03 10:56:25,805-Baselog-INFO-com.dengta.date:id/iv_title_common_back
2021-02-03 10:56:26,996-Baselog-INFO-com.dengta.date:id/frag_detail_bottom_attention_ll
2021-02-03 10:56:28,292-Baselog-INFO-com.dengta.date:id/tv_commit
2021-02-03 10:56:29,548-Baselog-INFO-com.dengta.date:id/tv_commit
2021-02-03 10:56:31,401-Baselog-INFO-com.dengta.date:id/tv_commit
2021-02-03 10:56:33,130-Baselog-INFO-com.dengta.date:id/tv_commit
2021-02-03 10:56:34,251-Baselog-INFO-com.dengta.date:id/tv_commit
2021-02-03 10:56:35,387-Baselog-INFO-com.dengta.date:id/frag_user_info_guardian_tv
2021-02-03 10:56:36,609-Baselog-INFO-com.dengta.date:id/iv_title_common_back
2021-02-03 10:56:37,798-Baselog-INFO-com.dengta.date:id/frag_user_detail_followed_iv
2021-02-03 10:56:38,966-Baselog-INFO-com.dengta.date:id/dialog_comm_confirm_tv
2021-02-03 10:56:41,596-Baselog-INFO-com.dengta.date:id/home_page_video_search_iv
2021-02-03 10:56:43,516-Baselog-INFO-com.dengta.date:id/tv_video_search_search
2021-02-03 10:56:45,410-Baselog-INFO-com.dengta.date:id/frag_short_video_video_back_iv
2021-02-03 10:56:48,082-Baselog-INFO-com.dengta.date:id/tv_video_search_type
2021-02-03 10:56:49,222-Baselog-INFO-com.dengta.date:id/tv_video_search_title
2021-02-03 10:56:50,339-Baselog-INFO-com.dengta.date:id/tv_video_search_search
2021-02-03 10:56:51,528-Baselog-INFO-com.dengta.date:id/iv_item_user_detail_short_video_pic
2021-02-03 10:56:52,682-Baselog-INFO-com.dengta.date:id/frag_short_video_video_back_iv
2021-02-03 10:56:54,186-Baselog-INFO-com.dengta.date:id/iv_video_search_back
2021-02-03 10:56:56,244-Baselog-INFO-com.dengta.date:id/tem_short_video_like_svgiv
2021-02-03 10:56:57,432-Baselog-INFO-com.dengta.date:id/item_short_video_comment_tv
2021-02-03 10:56:59,189-Baselog-INFO-com.dengta.date:id/layout_comment_input_tv
2021-02-03 10:57:01,014-Baselog-INFO-com.dengta.date:id/layout_edit_comment_submit_tv
2021-02-03 10:57:03,393-Baselog-INFO-com.dengta.date:id/item_video_comment_like_iv
2021-02-03 10:57:07,432-Baselog-INFO-com.dengta.date:id/item_short_video_forward_tv
2021-02-03 10:57:08,681-Baselog-INFO-com.dengta.date:id/item_share_item_icon_iv
2021-02-03 10:57:12,802-Baselog-INFO-com.dengta.date:id/dialog_share_confirm_text_tv
2021-02-03 10:57:16,442-Baselog-INFO-com.dengta.date:id/btn_youth_mode_i_know
2021-02-03 10:57:18,195-Baselog-INFO-com.dengta.date:id/btn_open
2021-02-03 10:57:19,368-Baselog-INFO-com.android.permissioncontroller:id/permission_allow_button
2021-02-03 10:57:23,741-Baselog-ERROR-Message: 

2021-02-03 10:57:25,890-Baselog-INFO-截图并保存至：F:\appium_jskj/screenshots/21020310021612321043.7417998.png
2021-02-03 10:57:25,890-Baselog-INFO-com.android.permissioncontroller:id/permission_allow_button
2021-02-03 10:57:30,034-Baselog-ERROR-Message: 

2021-02-03 10:57:31,989-Baselog-INFO-截图并保存至：F:\appium_jskj/screenshots/21020310021612321050.0348.png
2021-02-03 10:57:31,989-Baselog-INFO-com.dengta.date:id/iv_ta_live_live_like
2021-02-03 10:57:35,094-Baselog-INFO-com.dengta.date:id/iv_ta_live_start_live
2021-02-03 10:57:36,622-Baselog-INFO-com.android.permissioncontroller:id/permission_allow_button
2021-02-03 10:57:37,706-Baselog-INFO-com.dengta.date:id/btn_common_sure_no_bg_sure
2021-02-03 10:57:39,564-Baselog-INFO-com.dengta.date:id/img_bg_two
2021-02-03 10:57:41,187-Baselog-INFO-com.dengta.date:id/tv_select_avatar_select_from_album
2021-02-03 10:57:42,335-Baselog-INFO-com.dengta.date:id/tvCheck
2021-02-03 10:57:43,478-Baselog-INFO-com.dengta.date:id/picture_send
2021-02-03 10:57:44,616-Baselog-INFO-com.dengta.date:id/img_bg_three
2021-02-03 10:57:45,856-Baselog-INFO-com.dengta.date:id/tv_select_avatar_select_from_album
2021-02-03 10:57:46,970-Baselog-INFO-com.dengta.date:id/tvCheck
2021-02-03 10:57:48,106-Baselog-INFO-com.dengta.date:id/picture_send
2021-02-03 10:57:50,390-Baselog-INFO-com.dengta.date:id/btn_submit
2021-02-03 10:57:51,588-Baselog-INFO-com.dengta.date:id/btn_back
2021-02-03 10:57:52,758-Baselog-INFO-com.dengta.date:id/et_ta_live_search
2021-02-03 10:57:54,666-Baselog-INFO-com.dengta.date:id/tv_user_search_search
2021-02-03 10:57:56,562-Baselog-INFO-com.dengta.date:id/fl_item_homepage_list_avatar
2021-02-03 10:58:00,158-Baselog-INFO-com.dengta.date:id/iv_user_search_back
2021-02-03 10:58:01,318-Baselog-INFO-com.dengta.date:id/banner_general_blind_date
2021-02-03 10:58:03,007-Baselog-INFO-com.dengta.date:id/top_bar_left_iv
2021-02-03 10:58:05,679-Baselog-INFO-com.dengta.date:id/iv_ta_live_all_net_list
2021-02-03 10:58:06,933-Baselog-INFO-xpath=>//androidx.appcompat.app.ActionBar.Tab[@content-desc="上周榜"]/android.widget.TextView
2021-02-03 10:58:10,124-Baselog-INFO-xpath=>//androidx.appcompat.app.ActionBar.Tab[@content-desc="PK榜"]/android.view.ViewGroup
2021-02-03 10:58:12,250-Baselog-INFO-xpath=>//androidx.appcompat.app.ActionBar.Tab[@content-desc="富豪榜"]/android.view.ViewGroup
2021-02-03 10:58:14,206-Baselog-INFO-xpath=>//androidx.appcompat.app.ActionBar.Tab[@content-desc="上月榜"]/android.widget.TextView
2021-02-03 10:58:19,040-Baselog-INFO-com.dengta.date:id/iv_item_personal_live_pic
2021-02-03 10:58:20,360-Baselog-INFO-com.dengta.date:id/tv_live_top_group_status
2021-02-03 10:58:23,236-Baselog-INFO-com.dengta.date:id/iv_live_top_anchor_avatar
2021-02-03 10:58:24,410-Baselog-INFO-com.dengta.date:id/tv_other_user_info_manager
2021-02-03 10:58:25,510-Baselog-INFO-com.dengta.date:id/frag_report_rv
2021-02-03 10:58:26,631-Baselog-INFO-com.dengta.date:id/item_src_iv
2021-02-03 10:58:27,769-Baselog-INFO-com.dengta.date:id/tv_select_avatar_select_from_album
2021-02-03 10:58:28,906-Baselog-INFO-com.dengta.date:id/tvCheck
2021-02-03 10:58:30,047-Baselog-INFO-com.dengta.date:id/picture_send
2021-02-03 10:58:31,167-Baselog-INFO-com.dengta.date:id/frag_report_content_commit_tv
2021-02-03 10:58:33,414-Baselog-INFO-com.dengta.date:id/iv_other_user_info_noble_avatar
2021-02-03 10:58:37,104-Baselog-INFO-com.dengta.date:id/iv_live_top_anchor_avatar
2021-02-03 10:58:38,257-Baselog-INFO-com.dengta.date:id/iv_other_user_info_guard_avatar
2021-02-03 10:58:41,951-Baselog-ERROR-Message: 

2021-02-03 10:58:42,933-Baselog-INFO-截图并保存至：F:\appium_jskj/screenshots/21020310021612321121.9518.png
2021-02-03 10:58:46,821-Baselog-INFO-关闭app
