2021-02-03 18:47:35,914-Baselog-INFO-com.android.permissioncontroller:id/permission_allow_button
2021-02-03 18:47:36,558-Baselog-INFO-com.dengta.date:id/btn_user_privacy_policy_summary_agree
2021-02-03 18:47:37,494-Baselog-INFO-com.dengta.date:id/ll_login_select_cellphone_login_register
2021-02-03 18:47:39,645-Baselog-INFO-com.dengta.date:id/btn_login_sure
2021-02-03 18:47:41,416-Baselog-INFO-com.dengta.date:id/btn_inviteCode_cancel
2021-02-03 18:47:42,067-Baselog-INFO-com.dengta.date:id/iv_register_sex_girl
2021-02-03 18:47:43,233-Baselog-INFO-com.android.packageinstaller:id/permission_allow_button
2021-02-03 18:47:46,979-Baselog-INFO-com.dengta.date:id/btn_user_privacy_policy_summary_agree
2021-02-03 18:47:48,265-Baselog-INFO-com.dengta.date:id/btn_register_sex_sure
2021-02-03 18:47:49,952-Baselog-INFO-com.dengta.date:id/ll_register_info_nickname
2021-02-03 18:47:51,190-Baselog-INFO-com.dengta.date:id/iv_register_avatar_set_avatar
2021-02-03 18:47:51,860-Baselog-INFO-com.dengta.date:id/tv_select_avatar_select_from_album
2021-02-03 18:47:52,643-Baselog-INFO-com.android.permissioncontroller:id/permission_allow_button
2021-02-03 18:47:53,393-Baselog-INFO-com.android.permissioncontroller:id/permission_allow_button
2021-02-03 18:47:54,333-Baselog-INFO-com.dengta.date:id/tvCheck
2021-02-03 18:47:55,373-Baselog-INFO-com.dengta.date:id/picture_send
2021-02-03 18:47:56,489-Baselog-INFO-com.dengta.date:id/menu_crop
2021-02-03 18:47:57,292-Baselog-INFO-com.dengta.date:id/btn_register_info_next_step
2021-02-03 18:47:58,468-Baselog-INFO-com.dengta.date:id/btn_sign_in
2021-02-03 18:48:00,305-Baselog-INFO-com.dengta.date:id/btn_confirm
2021-02-03 18:48:01,056-Baselog-INFO-com.dengta.date:id/ll_login_select_cellphone_login_register
2021-02-03 18:48:04,379-Baselog-INFO-com.dengta.date:id/btn_login_sure
2021-02-03 18:48:05,595-Baselog-INFO-com.dengta.date:id/item_short_video_avatar_civ
2021-02-03 18:48:06,288-Baselog-INFO-com.dengta.date:id/simpleDraweeView_user_info_avatar
2021-02-03 18:48:08,777-Baselog-INFO-com.dengta.date:id/frag_user_info_guardian_tv
2021-02-03 18:48:09,498-Baselog-INFO-com.dengta.date:id/iv_title_common_back
2021-02-03 18:48:10,317-Baselog-INFO-com.dengta.date:id/frag_detail_bottom_attention_ll
2021-02-03 18:48:11,855-Baselog-INFO-com.dengta.date:id/tv_commit
2021-02-03 18:48:12,597-Baselog-INFO-com.dengta.date:id/tv_commit
2021-02-03 18:48:13,954-Baselog-INFO-com.dengta.date:id/tv_commit
2021-02-03 18:48:15,167-Baselog-INFO-com.dengta.date:id/tv_commit
2021-02-03 18:48:16,387-Baselog-INFO-com.dengta.date:id/tv_commit
2021-02-03 18:48:17,007-Baselog-INFO-com.dengta.date:id/frag_user_info_guardian_tv
2021-02-03 18:48:17,723-Baselog-INFO-com.dengta.date:id/iv_title_common_back
2021-02-03 18:48:18,528-Baselog-INFO-com.dengta.date:id/frag_user_detail_followed_iv
2021-02-03 18:48:19,647-Baselog-INFO-com.dengta.date:id/dialog_comm_confirm_tv
2021-02-03 18:48:21,829-Baselog-INFO-com.dengta.date:id/home_page_video_search_iv
2021-02-03 18:48:22,698-Baselog-INFO-com.dengta.date:id/tv_video_search_search
2021-02-03 18:48:23,895-Baselog-INFO-com.android.packageinstaller:id/permission_allow_button
2021-02-03 18:48:25,693-Baselog-INFO-com.dengta.date:id/btn_youth_mode_i_know
2021-02-03 18:48:27,066-Baselog-INFO-com.dengta.date:id/btn_open
2021-02-03 18:48:27,985-Baselog-INFO-com.android.packageinstaller:id/permission_allow_button
2021-02-03 18:48:28,878-Baselog-INFO-com.dengta.date:id/frag_short_video_video_back_iv
2021-02-03 18:48:31,723-Baselog-INFO-com.dengta.date:id/tv_video_search_type
2021-02-03 18:48:32,871-Baselog-INFO-com.dengta.date:id/tv_video_search_title
2021-02-03 18:48:33,625-Baselog-INFO-com.dengta.date:id/tv_video_search_search
2021-02-03 18:48:34,715-Baselog-INFO-com.dengta.date:id/iv_item_user_detail_short_video_pic
2021-02-03 18:48:37,341-Baselog-INFO-com.dengta.date:id/frag_short_video_video_back_iv
2021-02-03 18:48:38,895-Baselog-INFO-com.dengta.date:id/iv_video_search_back
2021-02-03 18:48:40,012-Baselog-INFO-com.dengta.date:id/tem_short_video_like_svgiv
2021-02-03 18:48:41,065-Baselog-INFO-com.dengta.date:id/item_short_video_comment_tv
2021-02-03 18:48:41,769-Baselog-INFO-com.dengta.date:id/layout_comment_input_tv
2021-02-03 18:48:43,768-Baselog-INFO-com.dengta.date:id/layout_edit_comment_submit_tv
2021-02-03 18:48:45,712-Baselog-INFO-com.dengta.date:id/item_video_comment_like_iv
2021-02-03 18:48:47,682-Baselog-INFO-com.dengta.date:id/item_short_video_forward_tv
2021-02-03 18:48:48,381-Baselog-INFO-com.dengta.date:id/item_share_item_icon_iv
2021-02-03 18:48:52,093-Baselog-INFO-com.dengta.date:id/dialog_share_confirm_text_tv
2021-02-03 18:48:54,548-Baselog-INFO-com.dengta.date:id/btn_youth_mode_i_know
2021-02-03 18:48:55,819-Baselog-INFO-com.dengta.date:id/btn_open
2021-02-03 18:48:56,464-Baselog-INFO-com.android.permissioncontroller:id/permission_allow_foreground_only_button
2021-02-03 18:48:57,200-Baselog-INFO-com.dengta.date:id/iv_ta_live_live_like
2021-02-03 18:48:58,765-Baselog-INFO-com.dengta.date:id/iv_ta_live_start_live
2021-02-03 18:49:00,211-Baselog-INFO-com.android.packageinstaller:id/permission_allow_button
2021-02-03 18:49:01,008-Baselog-INFO-com.android.packageinstaller:id/permission_allow_button
2021-02-03 18:49:01,950-Baselog-INFO-com.android.packageinstaller:id/permission_allow_button
2021-02-03 18:49:03,432-Baselog-INFO-com.dengta.date:id/iv_ta_live_start_live
2021-02-03 18:49:04,445-Baselog-INFO-com.android.permissioncontroller:id/permission_allow_button
2021-02-03 18:49:05,227-Baselog-INFO-com.dengta.date:id/btn_common_sure_no_bg_sure
2021-02-03 18:49:08,935-Baselog-INFO-com.dengta.date:id/img_bg_two
2021-02-03 18:49:10,030-Baselog-INFO-com.dengta.date:id/tv_select_avatar_select_from_album
2021-02-03 18:49:10,666-Baselog-INFO-com.dengta.date:id/tvCheck
2021-02-03 18:49:11,452-Baselog-INFO-com.dengta.date:id/picture_send
2021-02-03 18:49:12,588-Baselog-INFO-com.dengta.date:id/img_bg_three
2021-02-03 18:49:13,829-Baselog-INFO-com.dengta.date:id/tv_select_avatar_select_from_album
2021-02-03 18:49:14,464-Baselog-INFO-com.dengta.date:id/tvCheck
2021-02-03 18:49:15,261-Baselog-INFO-com.dengta.date:id/picture_send
2021-02-03 18:49:16,370-Baselog-INFO-com.dengta.date:id/btn_submit
2021-02-03 18:49:17,570-Baselog-INFO-com.dengta.date:id/btn_back
2021-02-03 18:49:18,525-Baselog-INFO-com.dengta.date:id/et_ta_live_search
2021-02-03 18:49:19,936-Baselog-INFO-com.dengta.date:id/tv_user_search_search
2021-02-03 18:49:21,661-Baselog-INFO-com.dengta.date:id/fl_item_homepage_list_avatar
2021-02-03 18:49:23,957-Baselog-INFO-com.dengta.date:id/iv_user_search_back
2021-02-03 18:49:24,598-Baselog-INFO-com.dengta.date:id/banner_general_blind_date
2021-02-03 18:49:25,737-Baselog-INFO-com.dengta.date:id/top_bar_left_iv
2021-02-03 18:49:27,773-Baselog-INFO-com.dengta.date:id/iv_ta_live_all_net_list
2021-02-03 18:49:28,897-Baselog-INFO-xpath=>//androidx.appcompat.app.ActionBar.Tab[@content-desc="上周榜"]/android.widget.TextView
2021-02-03 18:49:32,175-Baselog-INFO-xpath=>//androidx.appcompat.app.ActionBar.Tab[@content-desc="PK榜"]/android.view.ViewGroup
2021-02-03 18:49:33,801-Baselog-INFO-xpath=>//androidx.appcompat.app.ActionBar.Tab[@content-desc="富豪榜"]/android.view.ViewGroup
2021-02-03 18:49:35,465-Baselog-INFO-xpath=>//androidx.appcompat.app.ActionBar.Tab[@content-desc="上月榜"]/android.widget.TextView
2021-02-03 18:49:39,020-Baselog-INFO-com.dengta.date:id/btn_i_know
2021-02-03 18:49:39,794-Baselog-INFO-com.dengta.date:id/et_start_live_title
2021-02-03 18:49:42,290-Baselog-INFO-com.dengta.date:id/tv_start_live_theme
2021-02-03 18:49:43,469-Baselog-INFO-com.dengta.date:id/tv_theme_content
2021-02-03 18:49:44,302-Baselog-INFO-com.dengta.date:id/btn_commit
2021-02-03 18:49:45,323-Baselog-INFO-com.dengta.date:id/btn_start_live_open_live
2021-02-03 18:49:46,029-Baselog-INFO-com.dengta.date:id/iv_live_bottom_more
2021-02-03 18:49:49,653-Baselog-INFO-com.dengta.date:id/tv_personal_live_tool_box_beauty
2021-02-03 18:49:51,789-Baselog-INFO-com.dengta.date:id/iv_live_bottom_more
2021-02-03 18:49:52,506-Baselog-INFO-com.dengta.date:id/iv_personal_live_tool_box_fee_setting_anim
2021-02-03 18:49:53,163-Baselog-INFO-com.dengta.date:id/iv_personal_live_fee_setting_apply_seat_arrow
2021-02-03 18:49:53,893-Baselog-INFO-com.dengta.date:id/btn_confirm
2021-02-03 18:49:54,631-Baselog-INFO-com.dengta.date:id/tv_personal_live_base_alert_dialog_positive
2021-02-03 18:49:55,356-Baselog-INFO-com.dengta.date:id/title_img
2021-02-03 18:49:56,958-Baselog-INFO-com.dengta.date:id/iv_item_personal_live_pic
2021-02-03 18:49:57,788-Baselog-INFO-com.dengta.date:id/tv_live_top_group_status
2021-02-03 18:49:59,779-Baselog-INFO-com.dengta.date:id/iv_live_top_anchor_avatar
2021-02-03 18:50:01,120-Baselog-INFO-com.dengta.date:id/tv_other_user_info_manager
2021-02-03 18:50:01,835-Baselog-INFO-com.dengta.date:id/frag_report_rv
2021-02-03 18:50:02,804-Baselog-INFO-com.dengta.date:id/item_src_iv
2021-02-03 18:50:03,555-Baselog-INFO-com.dengta.date:id/tv_select_avatar_select_from_album
2021-02-03 18:50:04,158-Baselog-INFO-com.dengta.date:id/tvCheck
2021-02-03 18:50:04,927-Baselog-INFO-com.dengta.date:id/picture_send
2021-02-03 18:50:06,015-Baselog-INFO-com.dengta.date:id/frag_report_content_commit_tv
2021-02-03 18:50:08,395-Baselog-INFO-com.dengta.date:id/iv_other_user_info_noble_avatar
2021-02-03 18:50:10,821-Baselog-INFO-com.dengta.date:id/iv_live_top_anchor_avatar
2021-02-03 18:50:11,483-Baselog-INFO-com.dengta.date:id/iv_other_user_info_guard_avatar
2021-02-03 18:50:14,029-Baselog-INFO-com.dengta.date:id/tv_other_user_info_ait_ta
2021-02-03 18:50:15,754-Baselog-INFO-com.dengta.date:id/tv_dialog_live_edit_comment_send
2021-02-03 18:50:16,848-Baselog-INFO-com.dengta.date:id/tv_live_top_members_count
2021-02-03 18:50:17,728-Baselog-INFO-com.dengta.date:id/iv_live_room_online_user_close
2021-02-03 18:50:18,319-Baselog-INFO-com.dengta.date:id/iv_reward_top
2021-02-03 18:50:19,036-Baselog-INFO-xpath=>//androidx.appcompat.app.ActionBar.Tab[@content-desc="贡献总榜"]/android.widget.TextView
2021-02-03 18:50:21,712-Baselog-INFO-com.dengta.date:id/tv_live_bottom_say_something
2021-02-03 18:50:22,852-Baselog-INFO-com.dengta.date:id/tv_dialog_live_edit_comment_send
2021-02-03 18:50:23,969-Baselog-INFO-com.dengta.date:id/iv_live_bottom_audience_share
2021-02-03 18:50:24,821-Baselog-INFO-com.dengta.date:id/tv_personal_live_share_wechat_friends
2021-02-03 18:50:27,660-Baselog-INFO-com.dengta.date:id/iv_live_bottom_audience_share
2021-02-03 18:50:28,244-Baselog-INFO-com.dengta.date:id/tv_personal_live_share_date_friends
2021-02-03 18:50:28,930-Baselog-INFO-xpath=>//androidx.appcompat.app.ActionBar.Tab[@content-desc="关注 2"]/android.widget.TextView
2021-02-03 18:50:30,081-Baselog-INFO-com.dengta.date:id/item_friend_select_cb
2021-02-03 18:50:30,785-Baselog-INFO-com.dengta.date:id/frag_friend_main_toolbar_complete_tv
2021-02-03 18:50:31,807-Baselog-INFO-com.dengta.date:id/iv_live_bottom_call
2021-02-03 18:50:32,925-Baselog-INFO-com.dengta.date:id/tv_apply_unapply_seat
2021-02-03 18:50:34,148-Baselog-INFO-com.dengta.date:id/ll_live_audience_apply_call
2021-02-03 18:50:34,834-Baselog-INFO-com.dengta.date:id/tv_user_info_common_status
2021-02-03 18:50:36,473-Baselog-INFO-com.dengta.date:id/iv_switch_camera
2021-02-03 18:50:37,952-Baselog-INFO-com.dengta.date:id/iv_audience_close_video
2021-02-03 18:50:38,660-Baselog-INFO-com.dengta.date:id/tv_personal_live_base_alert_dialog_positive
2021-02-03 18:50:52,970-Baselog-INFO-com.dengta.date:id/iv_live_bottom_flower
2021-02-03 18:50:53,661-Baselog-INFO-com.dengta.date:id/btn_send_flower_handsel
2021-02-03 18:50:56,141-Baselog-INFO-com.dengta.date:id/iv_live_bottom_audience_gift
2021-02-03 18:50:56,783-Baselog-INFO-com.dengta.date:id/iv_send_personal_live_gift_item_icon
2021-02-03 18:50:58,662-Baselog-INFO-com.dengta.date:id/iv_live_bottom_private_room
2021-02-03 18:51:02,091-Baselog-INFO-com.dengta.date:id/tv_apply_private_room_confirm_dialog_sure
2021-02-03 18:51:03,881-Baselog-INFO-com.dengta.date:id/ll_live_audience_apply_private_room
2021-02-03 18:51:05,129-Baselog-INFO-com.dengta.date:id/tv_user_info_common_status
2021-02-03 18:51:06,112-Baselog-INFO-com.dengta.date:id/tv_apply_private_room_confirm_dialog_sure
2021-02-03 18:51:09,907-Baselog-INFO-com.dengta.date:id/tv_personal_room_settlement_close
2021-02-03 18:51:10,577-Baselog-INFO-com.dengta.date:id/rl_open_live_income
2021-02-03 18:51:12,201-Baselog-INFO-com.dengta.date:id/iv_live_top_close
2021-02-03 18:51:12,852-Baselog-INFO-com.dengta.date:id/tv_personal_live_base_alert_dialog_positive
2021-02-03 18:51:13,454-Baselog-INFO-com.dengta.date:id/tv_anchor_live_end_click_exit
2021-02-03 18:51:17,827-Baselog-INFO-com.dengta.date:id/iv_ta_live_start_live
2021-02-03 18:51:18,532-Baselog-INFO-com.dengta.date:id/iv_ta_live_start_live
2021-02-03 18:51:19,248-Baselog-INFO-com.dengta.date:id/btn_i_know
2021-02-03 18:51:33,501-Baselog-INFO-截图并保存至：F:\appium_jskj/screenshots/21020318021612349491.5458.png
2021-02-03 18:51:33,501-Baselog-ERROR-Message: None

2021-02-03 18:51:35,461-Baselog-INFO-截图并保存至：F:\appium_jskj/screenshots/21020318021612349493.5028.png
2021-02-03 18:51:35,461-Baselog-INFO-com.dengta.date:id/btn_start_live_open_live
2021-02-03 18:51:49,952-Baselog-INFO-截图并保存至：F:\appium_jskj/screenshots/21020318021612349507.9817998.png
2021-02-03 18:51:49,952-Baselog-ERROR-Message: None

2021-02-03 18:51:51,910-Baselog-INFO-截图并保存至：F:\appium_jskj/screenshots/21020318021612349509.9528.png
2021-02-03 18:51:51,910-Baselog-INFO-com.dengta.date:id/btn_start_live_open_live
2021-02-03 18:51:52,576-Baselog-INFO-com.dengta.date:id/iv_live_bottom_pk
2021-02-03 18:52:06,453-Baselog-INFO-截图并保存至：F:\appium_jskj/screenshots/21020318021612349524.6108.png
2021-02-03 18:52:06,454-Baselog-ERROR-Message: None

2021-02-03 18:52:08,333-Baselog-INFO-截图并保存至：F:\appium_jskj/screenshots/21020318021612349526.4548.png
2021-02-03 18:52:08,333-Baselog-INFO-com.dengta.date:id/iv_live_bottom_pk
2021-02-03 18:52:09,048-Baselog-INFO-com.dengta.date:id/iv_personal_live_create_pk_reward
2021-02-03 18:52:23,044-Baselog-INFO-截图并保存至：F:\appium_jskj/screenshots/21020318021612349541.0808.png
2021-02-03 18:52:23,044-Baselog-ERROR-Message: None

2021-02-03 18:52:24,875-Baselog-INFO-截图并保存至：F:\appium_jskj/screenshots/21020318021612349543.0448.png
2021-02-03 18:52:24,875-Baselog-INFO-com.dengta.date:id/iv_personal_live_create_pk_reward
2021-02-03 18:52:25,501-Baselog-INFO-com.dengta.date:id/iv_personal_live_reward_pk_random_match
2021-02-03 18:52:39,601-Baselog-INFO-截图并保存至：F:\appium_jskj/screenshots/21020318021612349557.6787999.png
2021-02-03 18:52:39,601-Baselog-ERROR-Message: None

2021-02-03 18:52:41,512-Baselog-INFO-截图并保存至：F:\appium_jskj/screenshots/21020318021612349559.6018.png
2021-02-03 18:52:41,513-Baselog-INFO-com.dengta.date:id/iv_personal_live_reward_pk_random_match
2021-02-03 18:52:54,742-Baselog-INFO-关闭app
2021-02-03 18:52:55,241-Baselog-INFO-关闭app
