2021-02-04 19:33:20,630-Baselog-INFO-com.android.permissioncontroller:id/permission_allow_button
2021-02-04 19:33:21,274-Baselog-INFO-com.dengta.date:id/btn_user_privacy_policy_summary_agree
2021-02-04 19:33:22,193-Baselog-INFO-com.dengta.date:id/ll_login_select_cellphone_login_register
2021-02-04 19:33:24,850-Baselog-INFO-com.dengta.date:id/btn_login_sure
2021-02-04 19:33:26,655-Baselog-INFO-com.dengta.date:id/btn_inviteCode_cancel
2021-02-04 19:33:27,282-Baselog-INFO-com.dengta.date:id/iv_register_sex_girl
2021-02-04 19:33:29,153-Baselog-INFO-com.android.packageinstaller:id/permission_allow_button
2021-02-04 19:33:32,836-Baselog-INFO-com.dengta.date:id/btn_user_privacy_policy_summary_agree
2021-02-04 19:33:46,353-Baselog-INFO-截图并保存至：F:\appium_jskj/screenshots/21020419021612438424.4794002.png
2021-02-04 19:33:46,353-Baselog-ERROR-Message: None

2021-02-04 19:33:48,181-Baselog-INFO-截图并保存至：F:\appium_jskj/screenshots/21020419021612438426.3534.png
2021-02-04 19:33:48,181-Baselog-INFO-com.dengta.date:id/btn_register_sex_sure
2021-02-04 19:33:50,238-Baselog-INFO-com.dengta.date:id/ll_register_info_nickname
2021-02-04 19:33:51,487-Baselog-INFO-com.dengta.date:id/iv_register_avatar_set_avatar
2021-02-04 19:33:52,173-Baselog-INFO-com.dengta.date:id/tv_select_avatar_select_from_album
2021-02-04 19:33:52,956-Baselog-INFO-com.android.permissioncontroller:id/permission_allow_button
2021-02-04 19:33:53,723-Baselog-INFO-com.android.permissioncontroller:id/permission_allow_button
2021-02-04 19:33:54,662-Baselog-INFO-com.dengta.date:id/tvCheck
2021-02-04 19:33:55,614-Baselog-INFO-com.dengta.date:id/picture_send
2021-02-04 19:33:56,735-Baselog-INFO-com.dengta.date:id/menu_crop
2021-02-04 19:33:57,536-Baselog-INFO-com.dengta.date:id/btn_register_info_next_step
2021-02-04 19:33:58,732-Baselog-INFO-com.dengta.date:id/btn_sign_in
2021-02-04 19:34:00,582-Baselog-INFO-com.dengta.date:id/btn_confirm
2021-02-04 19:34:01,301-Baselog-INFO-com.dengta.date:id/ll_login_select_cellphone_login_register
2021-02-04 19:34:14,435-Baselog-INFO-截图并保存至：F:\appium_jskj/screenshots/21020419021612438452.6114001.png
2021-02-04 19:34:14,435-Baselog-ERROR-Message: None

2021-02-04 19:34:16,321-Baselog-INFO-截图并保存至：F:\appium_jskj/screenshots/21020419021612438454.4364002.png
2021-02-04 19:34:31,042-Baselog-INFO-关闭app
2021-02-04 19:34:31,607-Baselog-INFO-关闭app
