2021-02-01 15:29:30,400-Baselog-INFO-com.android.permissioncontroller:id/permission_allow_button
2021-02-01 15:29:31,008-Baselog-INFO-com.dengta.date:id/btn_user_privacy_policy_summary_agree
2021-02-01 15:29:32,398-Baselog-INFO-com.dengta.date:id/ll_login_select_cellphone_login_register
2021-02-01 15:29:35,415-Baselog-INFO-com.dengta.date:id/btn_login_sure
2021-02-01 15:29:36,687-Baselog-INFO-com.dengta.date:id/btn_inviteCode_cancel
2021-02-01 15:29:36,848-Baselog-INFO-com.dengta.date:id/iv_register_sex_girl
2021-02-01 15:29:38,000-Baselog-INFO-com.dengta.date:id/btn_register_sex_sure
2021-02-01 15:29:40,155-Baselog-INFO-com.dengta.date:id/ll_register_info_nickname
2021-02-01 15:29:40,872-Baselog-INFO-com.dengta.date:id/iv_register_avatar_set_avatar
2021-02-01 15:29:41,526-Baselog-INFO-com.dengta.date:id/tv_select_avatar_select_from_album
2021-02-01 15:29:42,724-Baselog-INFO-com.android.permissioncontroller:id/permission_allow_button
2021-02-01 15:29:43,476-Baselog-INFO-com.android.permissioncontroller:id/permission_allow_button
2021-02-01 15:29:44,412-Baselog-INFO-com.dengta.date:id/tvCheck
2021-02-01 15:29:45,934-Baselog-INFO-com.dengta.date:id/picture_send
2021-02-01 15:29:47,075-Baselog-INFO-com.dengta.date:id/menu_crop
2021-02-01 15:29:48,411-Baselog-INFO-com.dengta.date:id/btn_register_info_next_step
2021-02-01 15:29:49,582-Baselog-INFO-com.dengta.date:id/btn_sign_in
2021-02-01 15:29:51,430-Baselog-INFO-com.dengta.date:id/btn_confirm
2021-02-01 15:29:52,774-Baselog-INFO-com.dengta.date:id/item_short_video_avatar_civ
2021-02-01 15:29:53,403-Baselog-INFO-com.dengta.date:id/simpleDraweeView_user_info_avatar
2021-02-01 15:29:56,459-Baselog-INFO-com.dengta.date:id/frag_user_info_guardian_tv
2021-02-01 15:29:56,664-Baselog-INFO-com.dengta.date:id/iv_title_common_back
2021-02-01 15:29:57,447-Baselog-INFO-com.dengta.date:id/frag_detail_bottom_attention_ll
2021-02-01 15:29:59,534-Baselog-INFO-com.dengta.date:id/tv_commit
2021-02-01 15:30:00,328-Baselog-INFO-com.dengta.date:id/tv_commit
2021-02-01 15:30:02,000-Baselog-INFO-com.dengta.date:id/tv_commit
2021-02-01 15:30:02,728-Baselog-INFO-com.dengta.date:id/tv_commit
2021-02-01 15:30:04,148-Baselog-INFO-com.dengta.date:id/tv_commit
2021-02-01 15:30:04,732-Baselog-INFO-com.dengta.date:id/frag_user_info_guardian_tv
2021-02-01 15:30:05,436-Baselog-INFO-com.dengta.date:id/iv_title_common_back
2021-02-01 15:30:06,759-Baselog-INFO-com.dengta.date:id/frag_user_detail_followed_iv
2021-02-01 15:30:07,862-Baselog-INFO-com.dengta.date:id/dialog_comm_confirm_tv
2021-02-01 15:30:10,552-Baselog-INFO-com.dengta.date:id/home_page_video_search_iv
2021-02-01 15:30:12,177-Baselog-INFO-com.dengta.date:id/tv_video_search_search
2021-02-01 15:30:13,779-Baselog-INFO-com.dengta.date:id/frag_short_video_video_back_iv
2021-02-01 15:30:15,927-Baselog-INFO-com.dengta.date:id/tv_video_search_type
2021-02-01 15:30:17,118-Baselog-INFO-com.dengta.date:id/tv_video_search_title
2021-02-01 15:30:17,887-Baselog-INFO-com.dengta.date:id/tv_video_search_search
2021-02-01 15:30:19,873-Baselog-INFO-com.dengta.date:id/iv_item_user_detail_short_video_pic
2021-02-01 15:30:19,998-Baselog-INFO-com.dengta.date:id/frag_short_video_video_back_iv
2021-02-01 15:30:23,049-Baselog-INFO-com.dengta.date:id/iv_video_search_back
2021-02-01 15:30:23,199-Baselog-INFO-com.dengta.date:id/tem_short_video_like_svgiv
2021-02-01 15:30:24,269-Baselog-INFO-com.dengta.date:id/item_short_video_comment_tv
2021-02-01 15:30:24,953-Baselog-INFO-com.dengta.date:id/layout_comment_input_tv
2021-02-01 15:30:27,339-Baselog-INFO-com.dengta.date:id/layout_edit_comment_submit_tv
2021-02-01 15:30:29,123-Baselog-INFO-com.dengta.date:id/item_video_comment_like_iv
2021-02-01 15:30:31,326-Baselog-INFO-com.dengta.date:id/item_short_video_forward_tv
2021-02-01 15:30:31,487-Baselog-INFO-com.dengta.date:id/item_share_item_icon_iv
2021-02-01 15:30:32,292-Baselog-INFO-com.dengta.date:id/dialog_share_confirm_text_tv
2021-02-01 15:30:36,118-Baselog-ERROR-Message: 

2021-02-01 15:30:37,617-Baselog-INFO-截图并保存至：F:\appium_jskj/screenshots/21020115021612164636.118.png
2021-02-01 15:30:41,612-Baselog-INFO-com.dengta.date:id/iv_ta_live_live_like
2021-02-01 15:30:45,424-Baselog-ERROR-Message: 

2021-02-01 15:30:46,289-Baselog-INFO-截图并保存至：F:\appium_jskj/screenshots/21020115021612164645.425.png
2021-02-01 15:30:48,388-Baselog-INFO-com.dengta.date:id/iv_ta_live_start_live
2021-02-01 15:30:49,131-Baselog-INFO-com.dengta.date:id/btn_open
2021-02-01 15:30:52,980-Baselog-ERROR-Message: 

2021-02-01 15:30:54,817-Baselog-INFO-截图并保存至：F:\appium_jskj/screenshots/21020115021612164652.981.png
2021-02-01 15:30:54,817-Baselog-INFO-com.android.permissioncontroller:id/permission_allow_foreground_only_button
2021-02-01 15:30:58,539-Baselog-ERROR-Message: 

2021-02-01 15:31:00,328-Baselog-INFO-截图并保存至：F:\appium_jskj/screenshots/21020115021612164658.54.png
2021-02-01 15:31:00,328-Baselog-INFO-com.dengta.date:id/btn_start_live_open_live
2021-02-01 15:31:03,904-Baselog-ERROR-Message: 

2021-02-01 15:31:05,695-Baselog-INFO-截图并保存至：F:\appium_jskj/screenshots/21020115021612164663.904.png
2021-02-01 15:31:05,822-Baselog-INFO-关闭app
