2021-02-03 15:12:20,838-Baselog-INFO-com.android.permissioncontroller:id/permission_allow_button
2021-02-03 15:12:22,246-Baselog-INFO-com.dengta.date:id/btn_user_privacy_policy_summary_agree
2021-02-03 15:12:23,367-Baselog-INFO-com.dengta.date:id/ll_login_select_cellphone_login_register
2021-02-03 15:12:25,964-Baselog-INFO-com.dengta.date:id/btn_login_sure
2021-02-03 15:12:28,319-Baselog-INFO-com.dengta.date:id/btn_inviteCode_cancel
2021-02-03 15:12:29,488-Baselog-INFO-com.dengta.date:id/iv_register_sex_girl
2021-02-03 15:12:30,637-Baselog-INFO-com.dengta.date:id/btn_register_sex_sure
2021-02-03 15:12:32,532-Baselog-INFO-com.dengta.date:id/ll_register_info_nickname
2021-02-03 15:12:34,265-Baselog-INFO-com.dengta.date:id/iv_register_avatar_set_avatar
2021-02-03 15:12:35,425-Baselog-INFO-com.dengta.date:id/tv_select_avatar_select_from_album
2021-02-03 15:12:36,573-Baselog-INFO-com.android.permissioncontroller:id/permission_allow_button
2021-02-03 15:12:37,658-Baselog-INFO-com.android.permissioncontroller:id/permission_allow_button
2021-02-03 15:12:38,829-Baselog-INFO-com.dengta.date:id/tvCheck
2021-02-03 15:12:40,018-Baselog-INFO-com.dengta.date:id/picture_send
2021-02-03 15:12:41,191-Baselog-INFO-com.dengta.date:id/menu_crop
2021-02-03 15:12:42,325-Baselog-INFO-com.dengta.date:id/btn_register_info_next_step
2021-02-03 15:12:43,517-Baselog-INFO-com.dengta.date:id/btn_sign_in
2021-02-03 15:12:45,452-Baselog-INFO-com.dengta.date:id/btn_confirm
2021-02-03 15:12:46,585-Baselog-INFO-com.dengta.date:id/item_short_video_avatar_civ
2021-02-03 15:12:47,720-Baselog-INFO-com.dengta.date:id/simpleDraweeView_user_info_avatar
2021-02-03 15:12:50,380-Baselog-INFO-com.dengta.date:id/frag_user_info_guardian_tv
2021-02-03 15:12:51,567-Baselog-INFO-com.dengta.date:id/iv_title_common_back
2021-02-03 15:12:52,723-Baselog-INFO-com.dengta.date:id/frag_detail_bottom_attention_ll
2021-02-03 15:12:53,978-Baselog-INFO-com.dengta.date:id/tv_commit
2021-02-03 15:12:55,735-Baselog-INFO-com.dengta.date:id/tv_commit
2021-02-03 15:12:58,081-Baselog-INFO-com.dengta.date:id/tv_commit
2021-02-03 15:12:59,792-Baselog-INFO-com.dengta.date:id/tv_commit
2021-02-03 15:13:00,928-Baselog-INFO-com.dengta.date:id/tv_commit
2021-02-03 15:13:02,080-Baselog-INFO-com.dengta.date:id/frag_user_info_guardian_tv
2021-02-03 15:13:03,284-Baselog-INFO-com.dengta.date:id/iv_title_common_back
2021-02-03 15:13:04,439-Baselog-INFO-com.dengta.date:id/frag_user_detail_followed_iv
2021-02-03 15:13:05,607-Baselog-INFO-com.dengta.date:id/dialog_comm_confirm_tv
2021-02-03 15:13:08,211-Baselog-INFO-com.dengta.date:id/home_page_video_search_iv
2021-02-03 15:13:10,040-Baselog-INFO-com.dengta.date:id/tv_video_search_search
2021-02-03 15:13:12,118-Baselog-INFO-com.dengta.date:id/frag_short_video_video_back_iv
2021-02-03 15:13:15,017-Baselog-INFO-com.dengta.date:id/tv_video_search_type
2021-02-03 15:13:16,170-Baselog-INFO-com.dengta.date:id/tv_video_search_title
2021-02-03 15:13:17,309-Baselog-INFO-com.dengta.date:id/tv_video_search_search
2021-02-03 15:13:18,482-Baselog-INFO-com.dengta.date:id/iv_item_user_detail_short_video_pic
2021-02-03 15:13:19,653-Baselog-INFO-com.dengta.date:id/frag_short_video_video_back_iv
2021-02-03 15:13:21,443-Baselog-INFO-com.dengta.date:id/iv_video_search_back
2021-02-03 15:13:22,557-Baselog-INFO-com.dengta.date:id/tem_short_video_like_svgiv
2021-02-03 15:13:23,781-Baselog-INFO-com.dengta.date:id/item_short_video_comment_tv
2021-02-03 15:13:25,504-Baselog-INFO-com.dengta.date:id/layout_comment_input_tv
2021-02-03 15:13:26,788-Baselog-INFO-com.dengta.date:id/layout_edit_comment_submit_tv
2021-02-03 15:13:28,762-Baselog-INFO-com.dengta.date:id/item_video_comment_like_iv
2021-02-03 15:13:31,761-Baselog-INFO-com.dengta.date:id/item_short_video_forward_tv
2021-02-03 15:13:32,940-Baselog-INFO-com.dengta.date:id/item_share_item_icon_iv
2021-02-03 15:13:37,058-Baselog-INFO-com.dengta.date:id/dialog_share_confirm_text_tv
2021-02-03 15:13:38,894-Baselog-INFO-com.dengta.date:id/btn_youth_mode_i_know
2021-02-03 15:13:41,126-Baselog-INFO-com.dengta.date:id/btn_open
2021-02-03 15:13:42,285-Baselog-INFO-com.android.permissioncontroller:id/permission_allow_foreground_only_button
2021-02-03 15:13:43,372-Baselog-INFO-com.dengta.date:id/iv_ta_live_live_like
2021-02-03 15:13:45,404-Baselog-INFO-com.dengta.date:id/iv_ta_live_start_live
2021-02-03 15:13:47,652-Baselog-INFO-com.android.permissioncontroller:id/permission_allow_button
2021-02-03 15:13:48,736-Baselog-INFO-com.dengta.date:id/btn_common_sure_no_bg_sure
2021-02-03 15:13:52,833-Baselog-INFO-com.dengta.date:id/img_bg_two
2021-02-03 15:13:54,444-Baselog-INFO-com.dengta.date:id/tv_select_avatar_select_from_album
2021-02-03 15:13:55,563-Baselog-INFO-com.dengta.date:id/tvCheck
2021-02-03 15:13:56,698-Baselog-INFO-com.dengta.date:id/picture_send
2021-02-03 15:13:57,803-Baselog-INFO-com.dengta.date:id/img_bg_three
2021-02-03 15:13:59,037-Baselog-INFO-com.dengta.date:id/tv_select_avatar_select_from_album
2021-02-03 15:14:00,174-Baselog-INFO-com.dengta.date:id/tvCheck
2021-02-03 15:14:01,310-Baselog-INFO-com.dengta.date:id/picture_send
2021-02-03 15:14:02,451-Baselog-INFO-com.dengta.date:id/btn_submit
2021-02-03 15:14:03,663-Baselog-INFO-com.dengta.date:id/btn_back
2021-02-03 15:14:04,848-Baselog-INFO-com.dengta.date:id/et_ta_live_search
2021-02-03 15:14:07,100-Baselog-INFO-com.dengta.date:id/tv_user_search_search
2021-02-03 15:14:09,987-Baselog-INFO-com.dengta.date:id/fl_item_homepage_list_avatar
2021-02-03 15:14:12,618-Baselog-INFO-com.dengta.date:id/iv_user_search_back
2021-02-03 15:14:13,758-Baselog-INFO-com.dengta.date:id/banner_general_blind_date
2021-02-03 15:14:14,928-Baselog-INFO-com.dengta.date:id/top_bar_left_iv
2021-02-03 15:14:16,864-Baselog-INFO-com.dengta.date:id/iv_ta_live_all_net_list
2021-02-03 15:14:18,043-Baselog-INFO-xpath=>//androidx.appcompat.app.ActionBar.Tab[@content-desc="上周榜"]/android.widget.TextView
2021-02-03 15:14:21,609-Baselog-INFO-xpath=>//androidx.appcompat.app.ActionBar.Tab[@content-desc="PK榜"]/android.view.ViewGroup
2021-02-03 15:14:23,650-Baselog-INFO-xpath=>//androidx.appcompat.app.ActionBar.Tab[@content-desc="富豪榜"]/android.view.ViewGroup
2021-02-03 15:14:25,842-Baselog-INFO-xpath=>//androidx.appcompat.app.ActionBar.Tab[@content-desc="上月榜"]/android.widget.TextView
2021-02-03 15:14:29,548-Baselog-INFO-com.dengta.date:id/iv_item_personal_live_pic
2021-02-03 15:14:30,790-Baselog-INFO-com.dengta.date:id/tv_live_top_group_status
2021-02-03 15:14:34,749-Baselog-ERROR-Message: 

2021-02-03 15:14:36,223-Baselog-INFO-截图并保存至：F:\appium_jskj/screenshots/21020315021612336474.7498.png
2021-02-03 15:14:36,223-Baselog-INFO-com.dengta.date:id/iv_live_top_anchor_avatar
2021-02-03 15:14:40,226-Baselog-ERROR-Message: 

2021-02-03 15:14:41,689-Baselog-INFO-截图并保存至：F:\appium_jskj/screenshots/21020315021612336480.2268002.png
2021-02-03 15:14:41,690-Baselog-INFO-com.dengta.date:id/tv_other_user_info_manager
2021-02-03 15:14:45,648-Baselog-ERROR-Message: 

2021-02-03 15:14:47,051-Baselog-INFO-截图并保存至：F:\appium_jskj/screenshots/21020315021612336485.6488.png
2021-02-03 15:14:47,051-Baselog-INFO-com.dengta.date:id/frag_report_rv
2021-02-03 15:14:50,694-Baselog-ERROR-Message: 

2021-02-03 15:14:52,119-Baselog-INFO-截图并保存至：F:\appium_jskj/screenshots/21020315021612336490.6958.png
2021-02-03 15:14:52,119-Baselog-INFO-com.dengta.date:id/item_src_iv
2021-02-03 15:14:56,150-Baselog-ERROR-Message: 

2021-02-03 15:14:57,544-Baselog-INFO-截图并保存至：F:\appium_jskj/screenshots/21020315021612336496.1508.png
2021-02-03 15:14:57,544-Baselog-INFO-com.dengta.date:id/tv_select_avatar_select_from_album
2021-02-03 15:15:01,379-Baselog-ERROR-Message: 

2021-02-03 15:15:02,823-Baselog-INFO-截图并保存至：F:\appium_jskj/screenshots/21020315021612336501.3798.png
2021-02-03 15:15:02,824-Baselog-INFO-com.dengta.date:id/tvCheck
2021-02-03 15:15:06,800-Baselog-ERROR-Message: 

2021-02-03 15:15:08,198-Baselog-INFO-截图并保存至：F:\appium_jskj/screenshots/21020315021612336506.8008.png
2021-02-03 15:15:08,199-Baselog-INFO-com.dengta.date:id/picture_send
2021-02-03 15:15:12,209-Baselog-ERROR-Message: 

2021-02-03 15:15:13,638-Baselog-INFO-截图并保存至：F:\appium_jskj/screenshots/21020315021612336512.2098.png
2021-02-03 15:15:13,638-Baselog-INFO-com.dengta.date:id/frag_report_content_commit_tv
2021-02-03 15:15:17,594-Baselog-ERROR-Message: 

2021-02-03 15:15:19,100-Baselog-INFO-截图并保存至：F:\appium_jskj/screenshots/21020315021612336517.5948002.png
2021-02-03 15:15:23,366-Baselog-INFO-关闭app
