2021-02-01 11:42:33,590-Baselog-INFO-com.android.permissioncontroller:id/permission_allow_button
2021-02-01 11:42:34,191-Baselog-INFO-com.dengta.date:id/btn_user_privacy_policy_summary_agree
2021-02-01 11:42:35,593-Baselog-INFO-com.dengta.date:id/ll_login_select_cellphone_login_register
2021-02-01 11:42:38,164-Baselog-INFO-com.dengta.date:id/btn_login_sure
2021-02-01 11:42:39,467-Baselog-INFO-com.dengta.date:id/btn_inviteCode_cancel
2021-02-01 11:42:39,628-Baselog-INFO-com.dengta.date:id/iv_register_sex_girl
2021-02-01 11:42:41,363-Baselog-INFO-com.dengta.date:id/btn_register_sex_sure
2021-02-01 11:42:43,124-Baselog-INFO-com.dengta.date:id/ll_register_info_nickname
2021-02-01 11:42:43,855-Baselog-INFO-com.dengta.date:id/iv_register_avatar_set_avatar
2021-02-01 11:42:44,540-Baselog-INFO-com.dengta.date:id/tv_select_avatar_select_from_album
2021-02-01 11:42:45,839-Baselog-INFO-com.android.permissioncontroller:id/permission_allow_button
2021-02-01 11:42:47,091-Baselog-INFO-com.android.permissioncontroller:id/permission_allow_button
2021-02-01 11:42:47,993-Baselog-INFO-com.dengta.date:id/tvCheck
2021-02-01 11:42:49,513-Baselog-INFO-com.dengta.date:id/picture_send
2021-02-01 11:42:50,703-Baselog-INFO-com.dengta.date:id/menu_crop
2021-02-01 11:42:51,621-Baselog-INFO-com.dengta.date:id/btn_register_info_next_step
2021-02-01 11:42:52,806-Baselog-INFO-com.dengta.date:id/btn_sign_in
2021-02-01 11:42:55,043-Baselog-INFO-com.dengta.date:id/btn_confirm
2021-02-01 11:42:56,315-Baselog-INFO-com.dengta.date:id/item_short_video_avatar_civ
2021-02-01 11:42:56,969-Baselog-INFO-com.dengta.date:id/simpleDraweeView_user_info_avatar
2021-02-01 11:42:58,940-Baselog-INFO-com.dengta.date:id/frag_user_info_guardian_tv
2021-02-01 11:42:59,656-Baselog-INFO-com.dengta.date:id/iv_title_common_back
2021-02-01 11:43:00,475-Baselog-INFO-com.dengta.date:id/frag_detail_bottom_attention_ll
2021-02-01 11:43:02,513-Baselog-INFO-com.dengta.date:id/tv_commit
2021-02-01 11:43:03,817-Baselog-INFO-com.dengta.date:id/tv_commit
2021-02-01 11:43:05,207-Baselog-INFO-com.dengta.date:id/tv_commit
2021-02-01 11:43:05,901-Baselog-INFO-com.dengta.date:id/tv_commit
2021-02-01 11:43:06,752-Baselog-INFO-com.dengta.date:id/tv_commit
2021-02-01 11:43:07,339-Baselog-INFO-com.dengta.date:id/frag_user_info_guardian_tv
2021-02-01 11:43:08,060-Baselog-INFO-com.dengta.date:id/iv_title_common_back
2021-02-01 11:43:09,799-Baselog-INFO-com.dengta.date:id/frag_user_detail_followed_iv
2021-02-01 11:43:09,999-Baselog-INFO-com.dengta.date:id/dialog_comm_confirm_tv
2021-02-01 11:43:11,479-Baselog-INFO-¹Ø±Õapp
