2021-02-02 14:19:40,784-Baselog-INFO-com.android.packageinstaller:id/permission_allow_button
2021-02-02 14:19:41,951-Baselog-INFO-com.dengta.date:id/btn_user_privacy_policy_summary_agree
2021-02-02 14:19:46,226-Baselog-INFO-com.dengta.date:id/ll_login_select_cellphone_login_register
2021-02-02 14:19:49,164-Baselog-INFO-com.dengta.date:id/btn_login_sure
2021-02-02 14:19:50,818-Baselog-INFO-com.dengta.date:id/btn_inviteCode_cancel
2021-02-02 14:19:52,006-Baselog-INFO-com.dengta.date:id/iv_register_sex_girl
2021-02-02 14:19:53,252-Baselog-INFO-com.dengta.date:id/btn_register_sex_sure
2021-02-02 14:19:55,810-Baselog-INFO-com.dengta.date:id/ll_register_info_nickname
2021-02-02 14:19:57,534-Baselog-INFO-com.dengta.date:id/iv_register_avatar_set_avatar
2021-02-02 14:19:58,713-Baselog-INFO-com.dengta.date:id/tv_select_avatar_select_from_album
2021-02-02 14:19:59,895-Baselog-INFO-com.android.permissioncontroller:id/permission_allow_button
2021-02-02 14:20:03,718-Baselog-ERROR-Message: 

2021-02-02 14:20:04,682-Baselog-INFO-截图并保存至：F:\appium_jskj/screenshots/21020214021612246803.7182.png
2021-02-02 14:20:04,682-Baselog-INFO-com.android.permissioncontroller:id/permission_allow_button
2021-02-02 14:20:08,607-Baselog-ERROR-Message: 

2021-02-02 14:20:09,547-Baselog-INFO-截图并保存至：F:\appium_jskj/screenshots/21020214021612246808.6072.png
2021-02-02 14:20:09,547-Baselog-INFO-com.dengta.date:id/tvCheck
2021-02-02 14:20:13,502-Baselog-ERROR-Message: 

2021-02-02 14:20:14,461-Baselog-INFO-截图并保存至：F:\appium_jskj/screenshots/21020214021612246813.5022001.png
2021-02-02 14:20:14,461-Baselog-INFO-com.dengta.date:id/picture_send
2021-02-02 14:20:18,411-Baselog-ERROR-Message: 

2021-02-02 14:20:19,431-Baselog-INFO-截图并保存至：F:\appium_jskj/screenshots/21020214021612246818.4112.png
2021-02-02 14:20:19,431-Baselog-INFO-com.dengta.date:id/menu_crop
2021-02-02 14:20:23,387-Baselog-ERROR-Message: 

2021-02-02 14:20:24,364-Baselog-INFO-截图并保存至：F:\appium_jskj/screenshots/21020214021612246823.3872.png
2021-02-02 14:20:24,364-Baselog-INFO-com.dengta.date:id/btn_register_info_next_step
2021-02-02 14:20:28,315-Baselog-ERROR-Message: 

2021-02-02 14:20:29,538-Baselog-INFO-截图并保存至：F:\appium_jskj/screenshots/21020214021612246828.3152.png
2021-02-02 14:20:29,538-Baselog-INFO-com.dengta.date:id/btn_sign_in
2021-02-02 14:20:33,543-Baselog-ERROR-Message: 

2021-02-02 14:20:34,511-Baselog-INFO-截图并保存至：F:\appium_jskj/screenshots/21020214021612246833.5432.png
2021-02-02 14:20:34,511-Baselog-INFO-com.dengta.date:id/btn_confirm
2021-02-02 14:20:38,431-Baselog-ERROR-Message: 

2021-02-02 14:20:39,427-Baselog-INFO-截图并保存至：F:\appium_jskj/screenshots/21020214021612246838.4312.png
2021-02-02 14:20:39,427-Baselog-INFO-com.dengta.date:id/item_short_video_avatar_civ
2021-02-02 14:20:43,372-Baselog-ERROR-Message: 

2021-02-02 14:20:44,328-Baselog-INFO-截图并保存至：F:\appium_jskj/screenshots/21020214021612246843.3722003.png
2021-02-02 14:20:44,328-Baselog-INFO-com.dengta.date:id/simpleDraweeView_user_info_avatar
2021-02-02 14:20:48,227-Baselog-ERROR-Message: 

2021-02-02 14:20:49,241-Baselog-INFO-截图并保存至：F:\appium_jskj/screenshots/21020214021612246848.2272.png
2021-02-02 14:20:51,332-Baselog-INFO-com.dengta.date:id/frag_user_info_guardian_tv
2021-02-02 14:20:55,256-Baselog-ERROR-Message: 

2021-02-02 14:20:56,224-Baselog-INFO-截图并保存至：F:\appium_jskj/screenshots/21020214021612246855.2562.png
2021-02-02 14:20:56,224-Baselog-INFO-com.dengta.date:id/iv_title_common_back
2021-02-02 14:21:00,135-Baselog-ERROR-Message: 

2021-02-02 14:21:01,118-Baselog-INFO-截图并保存至：F:\appium_jskj/screenshots/21020214021612246860.1352.png
2021-02-02 14:21:01,119-Baselog-INFO-com.dengta.date:id/frag_detail_bottom_attention_ll
2021-02-02 14:21:04,983-Baselog-ERROR-Message: 

2021-02-02 14:21:05,949-Baselog-INFO-截图并保存至：F:\appium_jskj/screenshots/21020214021612246864.9832.png
2021-02-02 14:21:09,709-Baselog-INFO-关闭app
