2021-02-03 15:20:42,581-Baselog-INFO-com.android.permissioncontroller:id/permission_allow_button
2021-02-03 15:20:44,135-Baselog-INFO-com.dengta.date:id/btn_user_privacy_policy_summary_agree
2021-02-03 15:20:45,254-Baselog-INFO-com.dengta.date:id/ll_login_select_cellphone_login_register
2021-02-03 15:20:47,729-Baselog-INFO-com.dengta.date:id/btn_login_sure
2021-02-03 15:20:50,292-Baselog-INFO-com.dengta.date:id/btn_inviteCode_cancel
2021-02-03 15:20:51,407-Baselog-INFO-com.dengta.date:id/iv_register_sex_girl
2021-02-03 15:20:52,694-Baselog-INFO-com.dengta.date:id/btn_register_sex_sure
2021-02-03 15:21:07,981-Baselog-INFO-com.android.permissioncontroller:id/permission_allow_button
2021-02-03 15:21:08,534-Baselog-INFO-com.dengta.date:id/btn_user_privacy_policy_summary_agree
2021-02-03 15:21:09,423-Baselog-INFO-com.dengta.date:id/ll_login_select_cellphone_login_register
2021-02-03 15:21:12,622-Baselog-INFO-com.dengta.date:id/btn_login_sure
2021-02-03 15:21:13,902-Baselog-INFO-com.dengta.date:id/btn_inviteCode_cancel
2021-02-03 15:21:14,055-Baselog-INFO-com.dengta.date:id/iv_register_sex_girl
2021-02-03 15:21:15,181-Baselog-INFO-com.dengta.date:id/btn_register_sex_sure
2021-02-03 15:21:17,898-Baselog-INFO-com.dengta.date:id/ll_register_info_nickname
2021-02-03 15:21:18,619-Baselog-INFO-com.dengta.date:id/iv_register_avatar_set_avatar
2021-02-03 15:21:19,304-Baselog-INFO-com.dengta.date:id/tv_select_avatar_select_from_album
2021-02-03 15:21:20,602-Baselog-INFO-com.android.permissioncontroller:id/permission_allow_button
2021-02-03 15:21:21,869-Baselog-INFO-com.android.permissioncontroller:id/permission_allow_button
2021-02-03 15:21:22,795-Baselog-INFO-com.dengta.date:id/tvCheck
2021-02-03 15:21:24,361-Baselog-INFO-com.dengta.date:id/picture_send
2021-02-03 15:21:25,468-Baselog-INFO-com.dengta.date:id/menu_crop
2021-02-03 15:21:26,917-Baselog-INFO-com.dengta.date:id/btn_register_info_next_step
2021-02-03 15:21:28,089-Baselog-INFO-com.dengta.date:id/btn_sign_in
2021-02-03 15:21:29,943-Baselog-INFO-com.dengta.date:id/btn_confirm
2021-02-03 15:21:31,315-Baselog-INFO-com.dengta.date:id/item_short_video_avatar_civ
2021-02-03 15:21:31,945-Baselog-INFO-com.dengta.date:id/simpleDraweeView_user_info_avatar
2021-02-03 15:21:34,935-Baselog-INFO-com.dengta.date:id/frag_user_info_guardian_tv
2021-02-03 15:21:35,124-Baselog-INFO-com.dengta.date:id/iv_title_common_back
2021-02-03 15:21:36,611-Baselog-INFO-com.dengta.date:id/frag_detail_bottom_attention_ll
2021-02-03 15:21:38,642-Baselog-INFO-com.dengta.date:id/tv_commit
2021-02-03 15:21:39,406-Baselog-INFO-com.dengta.date:id/tv_commit
2021-02-03 15:21:40,759-Baselog-INFO-com.dengta.date:id/tv_commit
2021-02-03 15:21:41,475-Baselog-INFO-com.dengta.date:id/tv_commit
2021-02-03 15:21:42,394-Baselog-INFO-com.dengta.date:id/tv_commit
2021-02-03 15:21:43,095-Baselog-INFO-com.dengta.date:id/frag_user_info_guardian_tv
2021-02-03 15:21:43,799-Baselog-INFO-com.dengta.date:id/iv_title_common_back
2021-02-03 15:21:44,632-Baselog-INFO-com.dengta.date:id/frag_user_detail_followed_iv
2021-02-03 15:21:45,769-Baselog-INFO-com.dengta.date:id/dialog_comm_confirm_tv
2021-02-03 15:21:47,108-Baselog-INFO-com.dengta.date:id/home_page_video_search_iv
2021-02-03 15:21:49,014-Baselog-INFO-com.dengta.date:id/tv_video_search_search
2021-02-03 15:21:50,815-Baselog-INFO-com.dengta.date:id/frag_short_video_video_back_iv
2021-02-03 15:21:53,084-Baselog-INFO-com.dengta.date:id/tv_video_search_type
2021-02-03 15:21:54,235-Baselog-INFO-com.dengta.date:id/tv_video_search_title
2021-02-03 15:21:55,880-Baselog-ERROR-Message: An unknown server-side error occurred while processing the command. Original error: Could not proxy command to remote server. Original error: Error: read ECONNRESET

2021-02-03 15:21:55,973-Baselog-INFO-¹Ø±Õapp
