2021-02-01 17:41:00,550-Baselog-INFO-com.android.permissioncontroller:id/permission_allow_button
2021-02-01 17:41:01,167-Baselog-INFO-com.dengta.date:id/btn_user_privacy_policy_summary_agree
2021-02-01 17:41:02,575-Baselog-INFO-com.dengta.date:id/ll_login_select_cellphone_login_register
2021-02-01 17:41:04,760-Baselog-INFO-com.dengta.date:id/btn_login_sure
2021-02-01 17:41:06,069-Baselog-INFO-com.dengta.date:id/btn_inviteCode_cancel
2021-02-01 17:41:06,230-Baselog-INFO-com.dengta.date:id/iv_register_sex_girl
2021-02-01 17:41:07,531-Baselog-INFO-com.dengta.date:id/btn_register_sex_sure
2021-02-01 17:41:09,727-Baselog-INFO-com.dengta.date:id/ll_register_info_nickname
2021-02-01 17:41:10,422-Baselog-INFO-com.dengta.date:id/iv_register_avatar_set_avatar
2021-02-01 17:41:11,128-Baselog-INFO-com.dengta.date:id/tv_select_avatar_select_from_album
2021-02-01 17:41:12,450-Baselog-INFO-com.android.permissioncontroller:id/permission_allow_button
2021-02-01 17:41:13,700-Baselog-INFO-com.android.permissioncontroller:id/permission_allow_button
2021-02-01 17:41:14,641-Baselog-INFO-com.dengta.date:id/tvCheck
2021-02-01 17:41:16,131-Baselog-INFO-com.dengta.date:id/picture_send
2021-02-01 17:41:17,267-Baselog-INFO-com.dengta.date:id/menu_crop
2021-02-01 17:41:18,606-Baselog-INFO-com.dengta.date:id/btn_register_info_next_step
2021-02-01 17:41:19,796-Baselog-INFO-com.dengta.date:id/btn_sign_in
2021-02-01 17:41:21,601-Baselog-INFO-com.dengta.date:id/btn_confirm
2021-02-01 17:41:22,340-Baselog-INFO-com.dengta.date:id/item_short_video_avatar_civ
2021-02-01 17:41:22,976-Baselog-INFO-com.dengta.date:id/simpleDraweeView_user_info_avatar
2021-02-01 17:41:26,481-Baselog-INFO-com.dengta.date:id/frag_user_info_guardian_tv
2021-02-01 17:41:26,708-Baselog-INFO-com.dengta.date:id/iv_title_common_back
2021-02-01 17:41:27,478-Baselog-INFO-com.dengta.date:id/frag_detail_bottom_attention_ll
2021-02-01 17:41:29,529-Baselog-INFO-com.dengta.date:id/tv_commit
2021-02-01 17:41:30,388-Baselog-INFO-com.dengta.date:id/tv_commit
2021-02-01 17:41:31,927-Baselog-INFO-com.dengta.date:id/tv_commit
2021-02-01 17:41:32,644-Baselog-INFO-com.dengta.date:id/tv_commit
2021-02-01 17:41:33,884-Baselog-INFO-com.dengta.date:id/tv_commit
2021-02-01 17:41:33,966-Baselog-INFO-com.dengta.date:id/frag_user_info_guardian_tv
2021-02-01 17:41:34,684-Baselog-INFO-com.dengta.date:id/iv_title_common_back
2021-02-01 17:41:35,975-Baselog-INFO-com.dengta.date:id/frag_user_detail_followed_iv
2021-02-01 17:41:37,096-Baselog-INFO-com.dengta.date:id/dialog_comm_confirm_tv
2021-02-01 17:41:39,201-Baselog-INFO-com.dengta.date:id/home_page_video_search_iv
2021-02-01 17:41:41,260-Baselog-INFO-com.dengta.date:id/tv_video_search_search
2021-02-01 17:41:42,953-Baselog-INFO-com.dengta.date:id/frag_short_video_video_back_iv
2021-02-01 17:41:44,625-Baselog-INFO-com.dengta.date:id/tv_video_search_type
2021-02-01 17:41:45,779-Baselog-INFO-com.dengta.date:id/tv_video_search_title
2021-02-01 17:41:46,534-Baselog-INFO-com.dengta.date:id/tv_video_search_search
2021-02-01 17:41:48,543-Baselog-INFO-com.dengta.date:id/iv_item_user_detail_short_video_pic
2021-02-01 17:41:48,707-Baselog-INFO-com.dengta.date:id/frag_short_video_video_back_iv
2021-02-01 17:41:50,212-Baselog-INFO-com.dengta.date:id/iv_video_search_back
2021-02-01 17:41:51,437-Baselog-INFO-com.dengta.date:id/tem_short_video_like_svgiv
2021-02-01 17:41:52,506-Baselog-INFO-com.dengta.date:id/item_short_video_comment_tv
2021-02-01 17:41:53,207-Baselog-INFO-com.dengta.date:id/layout_comment_input_tv
2021-02-01 17:41:55,171-Baselog-INFO-com.dengta.date:id/layout_edit_comment_submit_tv
2021-02-01 17:41:57,622-Baselog-INFO-com.dengta.date:id/item_video_comment_like_iv
2021-02-01 17:42:00,677-Baselog-INFO-com.dengta.date:id/item_short_video_forward_tv
2021-02-01 17:42:01,367-Baselog-INFO-com.dengta.date:id/item_share_item_icon_iv
2021-02-01 17:42:05,111-Baselog-INFO-com.dengta.date:id/dialog_share_confirm_text_tv
2021-02-01 17:42:07,292-Baselog-INFO-com.dengta.date:id/btn_youth_mode_i_know
2021-02-01 17:42:08,031-Baselog-INFO-com.dengta.date:id/btn_open
2021-02-01 17:42:08,799-Baselog-INFO-com.android.permissioncontroller:id/permission_allow_foreground_only_button
2021-02-01 17:42:09,569-Baselog-INFO-com.dengta.date:id/iv_ta_live_live_like
2021-02-01 17:42:12,307-Baselog-INFO-com.dengta.date:id/iv_ta_live_start_live
2021-02-01 17:42:13,976-Baselog-INFO-com.android.permissioncontroller:id/permission_allow_button
2021-02-01 17:42:14,724-Baselog-INFO-com.dengta.date:id/btn_common_sure_no_bg_sure
2021-02-01 17:42:17,891-Baselog-INFO-com.dengta.date:id/img_bg_two
2021-02-01 17:42:18,492-Baselog-INFO-com.dengta.date:id/tv_select_avatar_select_from_album
2021-02-01 17:42:19,177-Baselog-INFO-com.dengta.date:id/tvCheck
2021-02-01 17:42:20,496-Baselog-INFO-com.dengta.date:id/picture_send
2021-02-01 17:42:22,796-Baselog-INFO-com.dengta.date:id/img_bg_three
2021-02-01 17:42:22,940-Baselog-INFO-com.dengta.date:id/tv_select_avatar_select_from_album
2021-02-01 17:42:23,555-Baselog-INFO-com.dengta.date:id/tvCheck
2021-02-01 17:42:24,894-Baselog-INFO-com.dengta.date:id/picture_send
2021-02-01 17:42:26,052-Baselog-INFO-com.dengta.date:id/btn_submit
2021-02-01 17:42:27,275-Baselog-INFO-com.dengta.date:id/btn_back
2021-02-01 17:42:28,276-Baselog-INFO-com.dengta.date:id/et_ta_live_search
2021-02-01 17:42:30,758-Baselog-INFO-com.dengta.date:id/tv_user_search_search
2021-02-01 17:42:32,456-Baselog-INFO-com.dengta.date:id/fl_item_homepage_list_avatar
2021-02-01 17:42:35,081-Baselog-INFO-com.dengta.date:id/iv_user_search_back
2021-02-01 17:42:35,241-Baselog-INFO-com.dengta.date:id/banner_general_blind_date
2021-02-01 17:42:36,494-Baselog-INFO-com.dengta.date:id/top_bar_left_iv
2021-02-01 17:42:38,347-Baselog-INFO-com.dengta.date:id/iv_ta_live_all_net_list
2021-02-01 17:42:40,036-Baselog-INFO-xpath=>//androidx.appcompat.app.ActionBar.Tab[@content-desc="上周榜"]/android.widget.TextView
2021-02-01 17:42:42,430-Baselog-INFO-xpath=>//androidx.appcompat.app.ActionBar.Tab[@content-desc="PK榜"]/android.view.ViewGroup
2021-02-01 17:42:44,523-Baselog-INFO-xpath=>//androidx.appcompat.app.ActionBar.Tab[@content-desc="富豪榜"]/android.view.ViewGroup
2021-02-01 17:42:45,792-Baselog-INFO-xpath=>//androidx.appcompat.app.ActionBar.Tab[@content-desc="上月榜"]/android.widget.TextView
2021-02-01 17:42:49,240-Baselog-INFO-com.dengta.date:id/iv_item_personal_live_pic
2021-02-01 17:42:49,542-Baselog-INFO-com.dengta.date:id/tv_live_top_group_status
2021-02-01 17:42:52,920-Baselog-INFO-com.dengta.date:id/iv_live_top_anchor_avatar
2021-02-01 17:42:53,052-Baselog-INFO-com.dengta.date:id/tv_other_user_info_manager
2021-02-01 17:42:54,322-Baselog-INFO-com.dengta.date:id/frag_report_rv
2021-02-01 17:42:55,644-Baselog-INFO-com.dengta.date:id/item_src_iv
2021-02-01 17:42:56,419-Baselog-INFO-com.dengta.date:id/tv_select_avatar_select_from_album
2021-02-01 17:42:57,035-Baselog-INFO-com.dengta.date:id/tvCheck
2021-02-01 17:42:58,353-Baselog-INFO-com.dengta.date:id/picture_send
2021-02-01 17:42:59,495-Baselog-INFO-com.dengta.date:id/frag_report_content_commit_tv
2021-02-01 17:43:02,543-Baselog-INFO-com.dengta.date:id/iv_other_user_info_noble_avatar
2021-02-01 17:43:06,052-Baselog-INFO-com.dengta.date:id/iv_live_top_anchor_avatar
2021-02-01 17:43:06,201-Baselog-INFO-com.dengta.date:id/iv_other_user_info_guard_avatar
2021-02-01 17:43:10,782-Baselog-INFO-com.dengta.date:id/tv_other_user_info_ait_ta
2021-02-01 17:43:11,961-Baselog-INFO-com.dengta.date:id/tv_dialog_live_edit_comment_send
2021-02-01 17:43:12,555-Baselog-INFO-com.dengta.date:id/tv_live_top_members_count
2021-02-01 17:43:14,009-Baselog-INFO-com.dengta.date:id/iv_live_room_online_user_close
2021-02-01 17:43:14,112-Baselog-INFO-com.dengta.date:id/iv_reward_top
2021-02-01 17:43:14,799-Baselog-INFO-xpath=>//androidx.appcompat.app.ActionBar.Tab[@content-desc="贡献总榜"]/android.widget.TextView
2021-02-01 17:43:17,559-Baselog-INFO-com.dengta.date:id/tv_live_bottom_say_something
2021-02-01 17:43:18,976-Baselog-INFO-com.dengta.date:id/tv_dialog_live_edit_comment_send
2021-02-01 17:43:19,564-Baselog-INFO-com.dengta.date:id/iv_live_bottom_audience_share
2021-02-01 17:43:20,403-Baselog-INFO-com.dengta.date:id/tv_personal_live_share_wechat_friends
2021-02-01 17:43:23,894-Baselog-INFO-com.dengta.date:id/iv_live_bottom_audience_share
2021-02-01 17:43:23,998-Baselog-INFO-com.dengta.date:id/tv_personal_live_share_date_friends
2021-02-01 17:43:24,700-Baselog-INFO-xpath=>//androidx.appcompat.app.ActionBar.Tab[@content-desc="关注 2"]/android.widget.TextView
2021-02-01 17:43:25,601-Baselog-INFO-com.dengta.date:id/item_friend_select_cb
2021-02-01 17:43:26,321-Baselog-INFO-com.dengta.date:id/frag_friend_main_toolbar_complete_tv
2021-02-01 17:43:27,343-Baselog-INFO-com.dengta.date:id/iv_live_bottom_private_room
2021-02-01 17:43:29,016-Baselog-INFO-com.dengta.date:id/tv_apply_private_room_confirm_dialog_sure
2021-02-01 17:43:29,720-Baselog-INFO-com.dengta.date:id/iv_live_bottom_call
2021-02-01 17:43:30,723-Baselog-INFO-com.dengta.date:id/tv_apply_unapply_seat
2021-02-01 17:43:31,528-Baselog-INFO-com.dengta.date:id/iv_live_bottom_flower
2021-02-01 17:43:33,012-Baselog-INFO-com.dengta.date:id/btn_send_flower_handsel
2021-02-01 17:43:35,907-Baselog-INFO-com.dengta.date:id/iv_live_bottom_audience_gift
2021-02-01 17:43:37,151-Baselog-INFO-com.dengta.date:id/iv_send_personal_live_gift_item_icon
2021-02-01 17:43:38,944-Baselog-INFO-com.dengta.date:id/iv_live_top_close
2021-02-01 17:43:42,908-Baselog-INFO-com.dengta.date:id/tv_other_user_info_close
2021-02-01 17:43:46,763-Baselog-ERROR-Message: 

2021-02-01 17:43:48,812-Baselog-INFO-截图并保存至：F:\appium_jskj/screenshots/21020117021612172626.764.png
2021-02-01 17:43:48,812-Baselog-INFO-com.dengta.date:id/btn_start_live_open_live
2021-02-01 17:43:52,773-Baselog-ERROR-Message: 

2021-02-01 17:43:54,733-Baselog-INFO-截图并保存至：F:\appium_jskj/screenshots/21020117021612172632.773.png
2021-02-01 17:43:54,881-Baselog-INFO-关闭app
