2021-02-03 18:56:31,636-Baselog-INFO-com.android.permissioncontroller:id/permission_allow_button
2021-02-03 18:56:32,267-Baselog-INFO-com.dengta.date:id/btn_user_privacy_policy_summary_agree
2021-02-03 18:56:33,203-Baselog-INFO-com.dengta.date:id/ll_login_select_cellphone_login_register
2021-02-03 18:56:34,749-Baselog-INFO-com.dengta.date:id/btn_login_sure
2021-02-03 18:56:36,435-Baselog-INFO-com.dengta.date:id/btn_inviteCode_cancel
2021-02-03 18:56:37,068-Baselog-INFO-com.dengta.date:id/iv_register_sex_girl
2021-02-03 18:56:38,825-Baselog-INFO-com.android.packageinstaller:id/permission_allow_button
2021-02-03 18:56:42,609-Baselog-INFO-com.dengta.date:id/btn_user_privacy_policy_summary_agree
2021-02-03 18:56:43,833-Baselog-INFO-com.dengta.date:id/btn_register_sex_sure
2021-02-03 18:56:44,968-Baselog-INFO-com.dengta.date:id/ll_register_info_nickname
2021-02-03 18:56:46,161-Baselog-INFO-com.dengta.date:id/iv_register_avatar_set_avatar
2021-02-03 18:56:46,812-Baselog-INFO-com.dengta.date:id/tv_select_avatar_select_from_album
2021-02-03 18:56:47,562-Baselog-INFO-com.android.permissioncontroller:id/permission_allow_button
2021-02-03 18:56:48,313-Baselog-INFO-com.android.permissioncontroller:id/permission_allow_button
2021-02-03 18:56:49,234-Baselog-INFO-com.dengta.date:id/tvCheck
2021-02-03 18:56:50,273-Baselog-INFO-com.dengta.date:id/picture_send
2021-02-03 18:56:51,394-Baselog-INFO-com.dengta.date:id/menu_crop
2021-02-03 18:56:52,177-Baselog-INFO-com.dengta.date:id/btn_register_info_next_step
2021-02-03 18:56:53,352-Baselog-INFO-com.dengta.date:id/btn_sign_in
2021-02-03 18:56:55,086-Baselog-INFO-com.dengta.date:id/btn_confirm
2021-02-03 18:56:55,803-Baselog-INFO-com.dengta.date:id/ll_login_select_cellphone_login_register
2021-02-03 18:56:59,141-Baselog-INFO-com.dengta.date:id/btn_login_sure
2021-02-03 18:57:00,313-Baselog-INFO-com.dengta.date:id/item_short_video_avatar_civ
2021-02-03 18:57:00,988-Baselog-INFO-com.dengta.date:id/simpleDraweeView_user_info_avatar
2021-02-03 18:57:03,474-Baselog-INFO-com.dengta.date:id/frag_user_info_guardian_tv
2021-02-03 18:57:04,180-Baselog-INFO-com.dengta.date:id/iv_title_common_back
2021-02-03 18:57:05,083-Baselog-INFO-com.dengta.date:id/frag_detail_bottom_attention_ll
2021-02-03 18:57:06,646-Baselog-INFO-com.dengta.date:id/tv_commit
2021-02-03 18:57:07,898-Baselog-INFO-com.dengta.date:id/tv_commit
2021-02-03 18:57:09,349-Baselog-INFO-com.dengta.date:id/tv_commit
2021-02-03 18:57:10,550-Baselog-INFO-com.dengta.date:id/tv_commit
2021-02-03 18:57:11,315-Baselog-INFO-com.dengta.date:id/tv_commit
2021-02-03 18:57:12,020-Baselog-INFO-com.dengta.date:id/frag_user_info_guardian_tv
2021-02-03 18:57:12,722-Baselog-INFO-com.dengta.date:id/iv_title_common_back
2021-02-03 18:57:13,540-Baselog-INFO-com.dengta.date:id/frag_user_detail_followed_iv
2021-02-03 18:57:14,668-Baselog-INFO-com.dengta.date:id/dialog_comm_confirm_tv
2021-02-03 18:57:15,901-Baselog-INFO-com.dengta.date:id/home_page_video_search_iv
2021-02-03 18:57:17,931-Baselog-INFO-com.dengta.date:id/tv_video_search_search
2021-02-03 18:57:19,108-Baselog-INFO-com.android.packageinstaller:id/permission_allow_button
2021-02-03 18:57:21,834-Baselog-INFO-com.dengta.date:id/btn_youth_mode_i_know
2021-02-03 18:57:23,822-Baselog-INFO-com.dengta.date:id/btn_open
2021-02-03 18:57:24,767-Baselog-INFO-com.android.packageinstaller:id/permission_allow_button
2021-02-03 18:57:25,693-Baselog-INFO-com.dengta.date:id/frag_short_video_video_back_iv
2021-02-03 18:57:28,667-Baselog-INFO-com.dengta.date:id/tv_video_search_type
2021-02-03 18:57:29,819-Baselog-INFO-com.dengta.date:id/tv_video_search_title
2021-02-03 18:57:30,571-Baselog-INFO-com.dengta.date:id/tv_video_search_search
2021-02-03 18:57:32,464-Baselog-INFO-com.dengta.date:id/iv_item_user_detail_short_video_pic
2021-02-03 18:57:33,119-Baselog-INFO-com.dengta.date:id/frag_short_video_video_back_iv
2021-02-03 18:57:34,639-Baselog-INFO-com.dengta.date:id/iv_video_search_back
2021-02-03 18:57:35,791-Baselog-INFO-com.dengta.date:id/tem_short_video_like_svgiv
2021-02-03 18:57:36,842-Baselog-INFO-com.dengta.date:id/item_short_video_comment_tv
2021-02-03 18:57:37,544-Baselog-INFO-com.dengta.date:id/layout_comment_input_tv
2021-02-03 18:57:39,663-Baselog-INFO-com.dengta.date:id/layout_edit_comment_submit_tv
2021-02-03 18:57:41,567-Baselog-INFO-com.dengta.date:id/item_video_comment_like_iv
2021-02-03 18:57:43,571-Baselog-INFO-com.dengta.date:id/item_short_video_forward_tv
2021-02-03 18:57:44,239-Baselog-INFO-com.dengta.date:id/item_share_item_icon_iv
2021-02-03 18:57:47,986-Baselog-INFO-com.dengta.date:id/dialog_share_confirm_text_tv
2021-02-03 18:57:50,505-Baselog-INFO-com.dengta.date:id/btn_youth_mode_i_know
2021-02-03 18:57:52,152-Baselog-INFO-com.dengta.date:id/btn_open
2021-02-03 18:57:52,774-Baselog-INFO-com.android.permissioncontroller:id/permission_allow_foreground_only_button
2021-02-03 18:57:53,509-Baselog-INFO-com.dengta.date:id/iv_ta_live_live_like
2021-02-03 18:57:56,039-Baselog-INFO-com.dengta.date:id/iv_ta_live_start_live
2021-02-03 18:57:57,058-Baselog-INFO-com.android.packageinstaller:id/permission_allow_button
2021-02-03 18:57:57,888-Baselog-INFO-com.android.packageinstaller:id/permission_allow_button
2021-02-03 18:57:58,838-Baselog-INFO-com.android.packageinstaller:id/permission_allow_button
2021-02-03 18:57:59,718-Baselog-INFO-com.dengta.date:id/iv_ta_live_start_live
2021-02-03 18:58:00,768-Baselog-INFO-com.android.permissioncontroller:id/permission_allow_button
2021-02-03 18:58:01,519-Baselog-INFO-com.dengta.date:id/btn_common_sure_no_bg_sure
2021-02-03 18:58:04,747-Baselog-INFO-com.dengta.date:id/img_bg_two
2021-02-03 18:58:05,868-Baselog-INFO-com.dengta.date:id/tv_select_avatar_select_from_album
2021-02-03 18:58:06,486-Baselog-INFO-com.dengta.date:id/tvCheck
2021-02-03 18:58:07,276-Baselog-INFO-com.dengta.date:id/picture_send
2021-02-03 18:58:08,412-Baselog-INFO-com.dengta.date:id/img_bg_three
2021-02-03 18:58:09,635-Baselog-INFO-com.dengta.date:id/tv_select_avatar_select_from_album
2021-02-03 18:58:10,264-Baselog-INFO-com.dengta.date:id/tvCheck
2021-02-03 18:58:11,049-Baselog-INFO-com.dengta.date:id/picture_send
2021-02-03 18:58:13,263-Baselog-INFO-com.dengta.date:id/btn_submit
2021-02-03 18:58:13,911-Baselog-INFO-com.dengta.date:id/btn_back
2021-02-03 18:58:15,219-Baselog-INFO-com.dengta.date:id/et_ta_live_search
2021-02-03 18:58:16,511-Baselog-INFO-com.dengta.date:id/tv_user_search_search
2021-02-03 18:58:18,602-Baselog-INFO-com.dengta.date:id/fl_item_homepage_list_avatar
2021-02-03 18:58:20,880-Baselog-INFO-com.dengta.date:id/iv_user_search_back
2021-02-03 18:58:21,543-Baselog-INFO-com.dengta.date:id/banner_general_blind_date
2021-02-03 18:58:22,695-Baselog-INFO-com.dengta.date:id/top_bar_left_iv
2021-02-03 18:58:24,851-Baselog-INFO-com.dengta.date:id/iv_ta_live_all_net_list
2021-02-03 18:58:25,990-Baselog-INFO-xpath=>//androidx.appcompat.app.ActionBar.Tab[@content-desc="上周榜"]/android.widget.TextView
2021-02-03 18:58:29,204-Baselog-INFO-xpath=>//androidx.appcompat.app.ActionBar.Tab[@content-desc="PK榜"]/android.view.ViewGroup
2021-02-03 18:58:30,873-Baselog-INFO-xpath=>//androidx.appcompat.app.ActionBar.Tab[@content-desc="富豪榜"]/android.view.ViewGroup
2021-02-03 18:58:32,692-Baselog-INFO-xpath=>//androidx.appcompat.app.ActionBar.Tab[@content-desc="上月榜"]/android.widget.TextView
2021-02-03 18:58:35,390-Baselog-INFO-com.dengta.date:id/btn_i_know
2021-02-03 18:58:36,101-Baselog-INFO-com.dengta.date:id/et_start_live_title
2021-02-03 18:58:38,357-Baselog-INFO-com.dengta.date:id/tv_start_live_theme
2021-02-03 18:58:39,510-Baselog-INFO-com.dengta.date:id/tv_theme_content
2021-02-03 18:58:40,410-Baselog-INFO-com.dengta.date:id/btn_commit
2021-02-03 18:58:41,342-Baselog-INFO-com.dengta.date:id/btn_start_live_open_live
2021-02-03 18:58:42,067-Baselog-INFO-com.dengta.date:id/iv_live_bottom_more
2021-02-03 18:58:45,608-Baselog-INFO-com.dengta.date:id/tv_personal_live_tool_box_beauty
2021-02-03 18:58:47,931-Baselog-INFO-com.dengta.date:id/iv_live_bottom_more
2021-02-03 18:58:48,688-Baselog-INFO-com.dengta.date:id/iv_personal_live_tool_box_fee_setting_anim
2021-02-03 18:58:49,393-Baselog-INFO-com.dengta.date:id/iv_personal_live_fee_setting_apply_seat_arrow
2021-02-03 18:58:50,131-Baselog-INFO-com.dengta.date:id/btn_confirm
2021-02-03 18:58:50,867-Baselog-INFO-com.dengta.date:id/tv_personal_live_base_alert_dialog_positive
2021-02-03 18:58:51,584-Baselog-INFO-com.dengta.date:id/title_img
2021-02-03 18:58:53,311-Baselog-INFO-com.dengta.date:id/iv_item_personal_live_pic
2021-02-03 18:58:54,176-Baselog-INFO-com.dengta.date:id/tv_live_top_group_status
2021-02-03 18:58:57,057-Baselog-INFO-com.dengta.date:id/iv_live_top_anchor_avatar
2021-02-03 18:58:57,686-Baselog-INFO-com.dengta.date:id/tv_other_user_info_manager
2021-02-03 18:58:58,426-Baselog-INFO-com.dengta.date:id/frag_report_rv
2021-02-03 18:58:59,260-Baselog-INFO-com.dengta.date:id/item_src_iv
2021-02-03 18:59:00,012-Baselog-INFO-com.dengta.date:id/tv_select_avatar_select_from_album
2021-02-03 18:59:00,634-Baselog-INFO-com.dengta.date:id/tvCheck
2021-02-03 18:59:01,399-Baselog-INFO-com.dengta.date:id/picture_send
2021-02-03 18:59:03,928-Baselog-INFO-com.dengta.date:id/frag_report_content_commit_tv
2021-02-03 18:59:05,200-Baselog-INFO-com.dengta.date:id/iv_other_user_info_noble_avatar
2021-02-03 18:59:07,661-Baselog-INFO-com.dengta.date:id/iv_live_top_anchor_avatar
2021-02-03 18:59:08,310-Baselog-INFO-com.dengta.date:id/iv_other_user_info_guard_avatar
2021-02-03 18:59:10,838-Baselog-INFO-com.dengta.date:id/tv_other_user_info_ait_ta
2021-02-03 18:59:11,938-Baselog-INFO-com.dengta.date:id/tv_dialog_live_edit_comment_send
2021-02-03 18:59:13,043-Baselog-INFO-com.dengta.date:id/tv_live_top_members_count
2021-02-03 18:59:13,947-Baselog-INFO-com.dengta.date:id/iv_live_room_online_user_close
2021-02-03 18:59:14,511-Baselog-INFO-com.dengta.date:id/iv_reward_top
2021-02-03 18:59:15,111-Baselog-INFO-xpath=>//androidx.appcompat.app.ActionBar.Tab[@content-desc="贡献总榜"]/android.widget.TextView
2021-02-03 18:59:17,491-Baselog-INFO-com.dengta.date:id/tv_live_bottom_say_something
2021-02-03 18:59:18,639-Baselog-INFO-com.dengta.date:id/tv_dialog_live_edit_comment_send
2021-02-03 18:59:19,726-Baselog-INFO-com.dengta.date:id/iv_live_bottom_audience_share
2021-02-03 18:59:20,549-Baselog-INFO-com.dengta.date:id/tv_personal_live_share_wechat_friends
2021-02-03 18:59:23,474-Baselog-INFO-com.dengta.date:id/iv_live_bottom_audience_share
2021-02-03 18:59:24,073-Baselog-INFO-com.dengta.date:id/tv_personal_live_share_date_friends
2021-02-03 18:59:24,678-Baselog-INFO-xpath=>//androidx.appcompat.app.ActionBar.Tab[@content-desc="关注 2"]/android.widget.TextView
2021-02-03 18:59:25,678-Baselog-INFO-com.dengta.date:id/item_friend_select_cb
2021-02-03 18:59:26,399-Baselog-INFO-com.dengta.date:id/frag_friend_main_toolbar_complete_tv
2021-02-03 18:59:27,402-Baselog-INFO-com.dengta.date:id/iv_live_bottom_call
2021-02-03 18:59:28,489-Baselog-INFO-com.dengta.date:id/tv_apply_unapply_seat
2021-02-03 18:59:29,735-Baselog-INFO-com.dengta.date:id/ll_live_audience_apply_call
2021-02-03 18:59:30,515-Baselog-INFO-com.dengta.date:id/tv_user_info_common_status
2021-02-03 18:59:43,413-Baselog-INFO-关闭app
2021-02-03 18:59:43,867-Baselog-INFO-关闭app
