2021-02-04 19:31:23,944-Baselog-INFO-com.android.permissioncontroller:id/permission_allow_button
2021-02-04 19:31:24,600-Baselog-INFO-com.dengta.date:id/btn_user_privacy_policy_summary_agree
2021-02-04 19:31:25,528-Baselog-INFO-com.dengta.date:id/ll_login_select_cellphone_login_register
2021-02-04 19:31:28,249-Baselog-INFO-com.dengta.date:id/btn_login_sure
2021-02-04 19:31:30,041-Baselog-INFO-com.dengta.date:id/btn_inviteCode_cancel
2021-02-04 19:31:30,686-Baselog-INFO-com.dengta.date:id/iv_register_sex_girl
2021-02-04 19:31:31,885-Baselog-INFO-com.android.packageinstaller:id/permission_allow_button
2021-02-04 19:31:35,658-Baselog-INFO-com.dengta.date:id/btn_user_privacy_policy_summary_agree
2021-02-04 19:31:49,241-Baselog-INFO-截图并保存至：F:\appium_jskj/screenshots/21020419021612438307.5424.png
2021-02-04 19:31:49,241-Baselog-ERROR-Message: None

2021-02-04 19:31:50,862-Baselog-INFO-截图并保存至：F:\appium_jskj/screenshots/21020419021612438309.2414.png
2021-02-04 19:31:50,862-Baselog-INFO-com.dengta.date:id/btn_register_sex_sure
2021-02-04 19:31:52,595-Baselog-INFO-com.dengta.date:id/ll_register_info_nickname
2021-02-04 19:31:53,832-Baselog-INFO-com.dengta.date:id/iv_register_avatar_set_avatar
2021-02-04 19:31:54,498-Baselog-INFO-com.dengta.date:id/tv_select_avatar_select_from_album
2021-02-04 19:31:55,129-Baselog-INFO-com.android.permissioncontroller:id/permission_allow_button
2021-02-04 19:31:55,865-Baselog-INFO-com.android.permissioncontroller:id/permission_allow_button
2021-02-04 19:31:56,930-Baselog-INFO-com.dengta.date:id/tvCheck
2021-02-04 19:31:57,989-Baselog-INFO-com.dengta.date:id/picture_send
2021-02-04 19:31:59,143-Baselog-INFO-com.dengta.date:id/menu_crop
2021-02-04 19:32:00,049-Baselog-INFO-com.dengta.date:id/btn_register_info_next_step
2021-02-04 19:32:01,236-Baselog-INFO-com.dengta.date:id/btn_sign_in
2021-02-04 19:32:03,442-Baselog-INFO-com.dengta.date:id/btn_confirm
2021-02-04 19:32:04,162-Baselog-INFO-com.dengta.date:id/ll_login_select_cellphone_login_register
2021-02-04 19:32:17,619-Baselog-INFO-截图并保存至：F:\appium_jskj/screenshots/21020419021612438335.7094002.png
2021-02-04 19:32:17,619-Baselog-ERROR-Message: None

2021-02-04 19:32:19,472-Baselog-INFO-截图并保存至：F:\appium_jskj/screenshots/21020419021612438337.6204002.png
2021-02-04 19:32:33,925-Baselog-INFO-关闭app
2021-02-04 19:32:34,273-Baselog-INFO-关闭app
