2021-02-01 16:57:05,787-Baselog-INFO-com.android.permissioncontroller:id/permission_allow_button
2021-02-01 16:57:06,392-Baselog-INFO-com.dengta.date:id/btn_user_privacy_policy_summary_agree
2021-02-01 16:57:07,780-Baselog-INFO-com.dengta.date:id/ll_login_select_cellphone_login_register
2021-02-01 16:57:10,420-Baselog-INFO-com.dengta.date:id/btn_login_sure
2021-02-01 16:57:11,697-Baselog-INFO-com.dengta.date:id/btn_inviteCode_cancel
2021-02-01 16:57:11,832-Baselog-INFO-com.dengta.date:id/iv_register_sex_girl
2021-02-01 16:57:13,492-Baselog-INFO-com.dengta.date:id/btn_register_sex_sure
2021-02-01 16:57:15,236-Baselog-INFO-com.dengta.date:id/ll_register_info_nickname
2021-02-01 16:57:15,964-Baselog-INFO-com.dengta.date:id/iv_register_avatar_set_avatar
2021-02-01 16:57:16,618-Baselog-INFO-com.dengta.date:id/tv_select_avatar_select_from_album
2021-02-01 16:57:17,419-Baselog-INFO-com.android.permissioncontroller:id/permission_allow_button
2021-02-01 16:57:18,667-Baselog-INFO-com.android.permissioncontroller:id/permission_allow_button
2021-02-01 16:57:19,592-Baselog-INFO-com.dengta.date:id/tvCheck
2021-02-01 16:57:21,131-Baselog-INFO-com.dengta.date:id/picture_send
2021-02-01 16:57:22,255-Baselog-INFO-com.dengta.date:id/menu_crop
2021-02-01 16:57:23,655-Baselog-INFO-com.dengta.date:id/btn_register_info_next_step
2021-02-01 16:57:24,803-Baselog-INFO-com.dengta.date:id/btn_sign_in
2021-02-01 16:57:26,950-Baselog-INFO-com.dengta.date:id/btn_confirm
2021-02-01 16:57:28,240-Baselog-INFO-com.dengta.date:id/item_short_video_avatar_civ
2021-02-01 16:57:28,889-Baselog-INFO-com.dengta.date:id/simpleDraweeView_user_info_avatar
2021-02-01 16:57:32,247-Baselog-INFO-com.dengta.date:id/frag_user_info_guardian_tv
2021-02-01 16:57:32,473-Baselog-INFO-com.dengta.date:id/iv_title_common_back
2021-02-01 16:57:33,259-Baselog-INFO-com.dengta.date:id/frag_detail_bottom_attention_ll
2021-02-01 16:57:35,335-Baselog-INFO-com.dengta.date:id/tv_commit
2021-02-01 16:57:36,206-Baselog-INFO-com.dengta.date:id/tv_commit
2021-02-01 16:57:38,224-Baselog-INFO-com.dengta.date:id/tv_commit
2021-02-01 16:57:38,947-Baselog-INFO-com.dengta.date:id/tv_commit
2021-02-01 16:57:40,171-Baselog-INFO-com.dengta.date:id/tv_commit
2021-02-01 16:57:40,269-Baselog-INFO-com.dengta.date:id/frag_user_info_guardian_tv
2021-02-01 16:57:40,985-Baselog-INFO-com.dengta.date:id/iv_title_common_back
2021-02-01 16:57:42,276-Baselog-INFO-com.dengta.date:id/frag_user_detail_followed_iv
2021-02-01 16:57:43,444-Baselog-INFO-com.dengta.date:id/dialog_comm_confirm_tv
2021-02-01 16:57:45,572-Baselog-INFO-com.dengta.date:id/home_page_video_search_iv
2021-02-01 16:57:47,001-Baselog-INFO-com.dengta.date:id/tv_video_search_search
2021-02-01 16:57:48,736-Baselog-INFO-com.dengta.date:id/frag_short_video_video_back_iv
2021-02-01 16:57:50,512-Baselog-INFO-com.dengta.date:id/tv_video_search_type
2021-02-01 16:57:52,188-Baselog-INFO-com.dengta.date:id/tv_video_search_title
2021-02-01 16:57:52,334-Baselog-INFO-com.dengta.date:id/tv_video_search_search
2021-02-01 16:57:54,233-Baselog-INFO-com.dengta.date:id/iv_item_user_detail_short_video_pic
2021-02-01 16:57:54,342-Baselog-INFO-com.dengta.date:id/frag_short_video_video_back_iv
2021-02-01 16:57:56,899-Baselog-INFO-com.dengta.date:id/iv_video_search_back
2021-02-01 16:57:57,019-Baselog-INFO-com.dengta.date:id/tem_short_video_like_svgiv
2021-02-01 16:57:58,158-Baselog-INFO-com.dengta.date:id/item_short_video_comment_tv
2021-02-01 16:57:58,862-Baselog-INFO-com.dengta.date:id/layout_comment_input_tv
2021-02-01 16:58:01,328-Baselog-INFO-com.dengta.date:id/layout_edit_comment_submit_tv
2021-02-01 16:58:03,819-Baselog-INFO-com.dengta.date:id/item_video_comment_like_iv
2021-02-01 16:58:06,878-Baselog-INFO-com.dengta.date:id/item_short_video_forward_tv
2021-02-01 16:58:07,062-Baselog-INFO-com.dengta.date:id/item_share_item_icon_iv
2021-02-01 16:58:10,796-Baselog-INFO-com.dengta.date:id/dialog_share_confirm_text_tv
2021-02-01 16:58:13,683-Baselog-INFO-com.dengta.date:id/btn_youth_mode_i_know
2021-02-01 16:58:15,008-Baselog-INFO-com.dengta.date:id/btn_open
2021-02-01 16:58:15,777-Baselog-INFO-com.android.permissioncontroller:id/permission_allow_foreground_only_button
2021-02-01 16:58:16,543-Baselog-INFO-com.dengta.date:id/iv_ta_live_live_like
2021-02-01 16:58:19,578-Baselog-INFO-com.dengta.date:id/iv_ta_live_start_live
2021-02-01 16:58:20,897-Baselog-INFO-com.android.permissioncontroller:id/permission_allow_button
2021-02-01 16:58:22,145-Baselog-INFO-com.dengta.date:id/btn_common_sure_no_bg_sure
2021-02-01 16:58:25,433-Baselog-INFO-com.dengta.date:id/img_bg_two
2021-02-01 16:58:26,049-Baselog-INFO-com.dengta.date:id/tv_select_avatar_select_from_album
2021-02-01 16:58:26,683-Baselog-INFO-com.dengta.date:id/tvCheck
2021-02-01 16:58:28,424-Baselog-INFO-com.dengta.date:id/picture_send
2021-02-01 16:58:29,550-Baselog-INFO-com.dengta.date:id/img_bg_three
2021-02-01 16:58:30,772-Baselog-INFO-com.dengta.date:id/tv_select_avatar_select_from_album
2021-02-01 16:58:31,401-Baselog-INFO-com.dengta.date:id/tvCheck
2021-02-01 16:58:32,721-Baselog-INFO-com.dengta.date:id/picture_send
2021-02-01 16:58:33,880-Baselog-INFO-com.dengta.date:id/btn_submit
2021-02-01 16:58:35,085-Baselog-INFO-com.dengta.date:id/btn_back
2021-02-01 16:58:36,604-Baselog-INFO-com.dengta.date:id/et_ta_live_search
2021-02-01 16:58:39,625-Baselog-INFO-com.dengta.date:id/tv_user_search_search
2021-02-01 16:58:41,200-Baselog-INFO-com.dengta.date:id/fl_item_homepage_list_avatar
2021-02-01 16:58:43,819-Baselog-INFO-com.dengta.date:id/iv_user_search_back
2021-02-01 16:58:43,996-Baselog-INFO-com.dengta.date:id/banner_general_blind_date
2021-02-01 16:58:45,219-Baselog-INFO-com.dengta.date:id/top_bar_left_iv
2021-02-01 16:58:47,299-Baselog-INFO-com.dengta.date:id/iv_ta_live_all_net_list
2021-02-01 16:58:49,019-Baselog-INFO-xpath=>//androidx.appcompat.app.ActionBar.Tab[@content-desc="上周榜"]/android.widget.TextView
2021-02-01 16:58:51,360-Baselog-INFO-xpath=>//androidx.appcompat.app.ActionBar.Tab[@content-desc="PK榜"]/android.view.ViewGroup
2021-02-01 16:58:53,391-Baselog-INFO-xpath=>//androidx.appcompat.app.ActionBar.Tab[@content-desc="富豪榜"]/android.view.ViewGroup
2021-02-01 16:58:55,042-Baselog-INFO-xpath=>//androidx.appcompat.app.ActionBar.Tab[@content-desc="上月榜"]/android.widget.TextView
2021-02-01 16:58:58,559-Baselog-INFO-com.dengta.date:id/iv_item_personal_live_pic
2021-02-01 16:58:58,907-Baselog-INFO-com.dengta.date:id/tv_live_top_group_status
2021-02-01 16:59:01,421-Baselog-INFO-com.dengta.date:id/iv_live_top_anchor_avatar
2021-02-01 16:59:02,340-Baselog-INFO-com.dengta.date:id/tv_other_user_info_manager
2021-02-01 16:59:03,073-Baselog-INFO-com.dengta.date:id/frag_report_rv
2021-02-01 16:59:03,895-Baselog-INFO-	com.dengta.date:id/item_src_iv
2021-02-01 16:59:07,808-Baselog-ERROR-Message: 

2021-02-01 16:59:08,201-Baselog-INFO-截图并保存至：F:\appium_jskj/screenshots/21020116021612169947.808.png
2021-02-01 16:59:08,201-Baselog-INFO-	com.dengta.date:id/tv_select_avatar_select_from_album
2021-02-01 16:59:12,052-Baselog-ERROR-Message: 

2021-02-01 16:59:12,437-Baselog-INFO-截图并保存至：F:\appium_jskj/screenshots/21020116021612169952.052.png
2021-02-01 16:59:12,437-Baselog-INFO-com.dengta.date:id/tvCheck
2021-02-01 16:59:16,263-Baselog-ERROR-Message: 

2021-02-01 16:59:16,656-Baselog-INFO-截图并保存至：F:\appium_jskj/screenshots/21020116021612169956.263.png
2021-02-01 16:59:16,656-Baselog-INFO-com.dengta.date:id/picture_send
2021-02-01 16:59:20,537-Baselog-ERROR-Message: 

2021-02-01 16:59:20,937-Baselog-INFO-截图并保存至：F:\appium_jskj/screenshots/21020116021612169960.5379999.png
2021-02-01 16:59:20,937-Baselog-INFO-	com.dengta.date:id/frag_report_content_commit_tv
2021-02-01 16:59:24,736-Baselog-ERROR-Message: 

2021-02-01 16:59:25,098-Baselog-INFO-截图并保存至：F:\appium_jskj/screenshots/21020116021612169964.737.png
2021-02-01 16:59:30,064-Baselog-INFO-关闭app
